[1.012s] Invoking command in '/home/argo/argo-test/src/slam_pkg': DEBUGINFOD_URLS=https://debuginfod.ubuntu.com PYTHONPATH=/home/argo/argo-test/build/slam_pkg/prefix_override:/usr/lib/python3/dist-packages/colcon_core/task/python/colcon_distutils_commands:/home/argo/argo-test/install/slam_pkg/lib/python3.12/site-packages:${PYTHONPATH} /usr/bin/python3 -W ignore:setup.py install is deprecated -W ignore:easy_install command is deprecated setup.py egg_info --egg-base ../../build/slam_pkg build --build-base /home/argo/argo-test/build/slam_pkg/build install --record /home/argo/argo-test/build/slam_pkg/install.log --single-version-externally-managed install_data
[1.343s] running egg_info
[1.343s] creating ../../build/slam_pkg/slam_pkg.egg-info
[1.361s] writing ../../build/slam_pkg/slam_pkg.egg-info/PKG-INFO
[1.363s] writing dependency_links to ../../build/slam_pkg/slam_pkg.egg-info/dependency_links.txt
[1.363s] writing requirements to ../../build/slam_pkg/slam_pkg.egg-info/requires.txt
[1.363s] writing top-level names to ../../build/slam_pkg/slam_pkg.egg-info/top_level.txt
[1.363s] writing manifest file '../../build/slam_pkg/slam_pkg.egg-info/SOURCES.txt'
[1.407s] reading manifest file '../../build/slam_pkg/slam_pkg.egg-info/SOURCES.txt'
[1.407s] writing manifest file '../../build/slam_pkg/slam_pkg.egg-info/SOURCES.txt'
[1.407s] running build
[1.407s] running build_py
[1.407s] creating /home/argo/argo-test/build/slam_pkg/build
[1.407s] creating /home/argo/argo-test/build/slam_pkg/build/lib
[1.407s] creating /home/argo/argo-test/build/slam_pkg/build/lib/slam_pkg
[1.407s] copying slam_pkg/__init__.py -> /home/argo/argo-test/build/slam_pkg/build/lib/slam_pkg
[1.407s] running install
[1.413s] running install_lib
[1.434s] creating /home/argo/argo-test/install/slam_pkg/lib/python3.12/site-packages/slam_pkg
[1.434s] copying /home/argo/argo-test/build/slam_pkg/build/lib/slam_pkg/__init__.py -> /home/argo/argo-test/install/slam_pkg/lib/python3.12/site-packages/slam_pkg
[1.434s] byte-compiling /home/argo/argo-test/install/slam_pkg/lib/python3.12/site-packages/slam_pkg/__init__.py to __init__.cpython-312.pyc
[1.434s] running install_data
[1.434s] creating /home/argo/argo-test/install/slam_pkg/share/ament_index
[1.435s] creating /home/argo/argo-test/install/slam_pkg/share/ament_index/resource_index
[1.435s] creating /home/argo/argo-test/install/slam_pkg/share/ament_index/resource_index/packages
[1.435s] copying resource/slam_pkg -> /home/argo/argo-test/install/slam_pkg/share/ament_index/resource_index/packages
[1.435s] copying package.xml -> /home/argo/argo-test/install/slam_pkg/share/slam_pkg
[1.435s] creating /home/argo/argo-test/install/slam_pkg/share/slam_pkg/launch
[1.435s] copying launch/slam_sim.launch.py -> /home/argo/argo-test/install/slam_pkg/share/slam_pkg/launch
[1.435s] copying launch/localization_launch.py -> /home/argo/argo-test/install/slam_pkg/share/slam_pkg/launch
[1.435s] copying launch/slam_real.launch.py -> /home/argo/argo-test/install/slam_pkg/share/slam_pkg/launch
[1.435s] creating /home/argo/argo-test/install/slam_pkg/share/slam_pkg/config
[1.435s] copying config/mapper_params_online_async.yaml -> /home/argo/argo-test/install/slam_pkg/share/slam_pkg/config
[1.435s] copying config/mapper_params_localization.yaml -> /home/argo/argo-test/install/slam_pkg/share/slam_pkg/config
[1.436s] running install_egg_info
[1.458s] Copying ../../build/slam_pkg/slam_pkg.egg-info to /home/argo/argo-test/install/slam_pkg/lib/python3.12/site-packages/slam_pkg-1.0.0-py3.12.egg-info
[1.459s] running install_scripts
[1.611s] writing list of installed files to '/home/argo/argo-test/build/slam_pkg/install.log'
[1.657s] Invoked command in '/home/argo/argo-test/src/slam_pkg' returned '0': DEBUGINFOD_URLS=https://debuginfod.ubuntu.com PYTHONPATH=/home/argo/argo-test/build/slam_pkg/prefix_override:/usr/lib/python3/dist-packages/colcon_core/task/python/colcon_distutils_commands:/home/argo/argo-test/install/slam_pkg/lib/python3.12/site-packages:${PYTHONPATH} /usr/bin/python3 -W ignore:setup.py install is deprecated -W ignore:easy_install command is deprecated setup.py egg_info --egg-base ../../build/slam_pkg build --build-base /home/argo/argo-test/build/slam_pkg/build install --record /home/argo/argo-test/build/slam_pkg/install.log --single-version-externally-managed install_data
