[0.215s] Invoking command in '/home/argo/Downloads/robot_wss/build/robot_control_pkg': CMAKE_PREFIX_PATH=${CMAKE_PREFIX_PATH}:/opt/ros/jazzy DEBUGINFOD_URLS=https://debuginfod.ubuntu.com /usr/bin/cmake --build /home/argo/Downloads/robot_wss/build/robot_control_pkg -- -j4 -l4
[0.276s] [100%] Built target robot_control_pkg
[0.440s] Invoked command in '/home/argo/Downloads/robot_wss/build/robot_control_pkg' returned '0': CMAKE_PREFIX_PATH=${CMAKE_PREFIX_PATH}:/opt/ros/jazzy DEBUGINFOD_URLS=https://debuginfod.ubuntu.com /usr/bin/cmake --build /home/argo/Downloads/robot_wss/build/robot_control_pkg -- -j4 -l4
[0.441s] Invoking command in '/home/argo/Downloads/robot_wss/build/robot_control_pkg': CMAKE_PREFIX_PATH=${CMAKE_PREFIX_PATH}:/opt/ros/jazzy DEBUGINFOD_URLS=https://debuginfod.ubuntu.com /usr/bin/cmake --install /home/argo/Downloads/robot_wss/build/robot_control_pkg
[0.452s] -- Install configuration: ""
[0.452s] -- Up-to-date: /home/argo/Downloads/robot_wss/install/robot_control_pkg/share/robot_control_pkg/robot_control_pkg.xml
[0.452s] -- Up-to-date: /home/argo/Downloads/robot_wss/install/robot_control_pkg/include/robot_control_pkg
[0.452s] -- Up-to-date: /home/argo/Downloads/robot_wss/install/robot_control_pkg/include/robot_control_pkg/robot_control_pkg
[0.453s] -- Up-to-date: /home/argo/Downloads/robot_wss/install/robot_control_pkg/include/robot_control_pkg/robot_control_pkg/wheel.hpp
[0.453s] -- Up-to-date: /home/argo/Downloads/robot_wss/install/robot_control_pkg/include/robot_control_pkg/robot_control_pkg/diffbot_system.hpp
[0.453s] -- Up-to-date: /home/argo/Downloads/robot_wss/install/robot_control_pkg/include/robot_control_pkg/robot_control_pkg/arduino_comms.hpp
[0.453s] -- Up-to-date: /home/argo/Downloads/robot_wss/install/robot_control_pkg/include/robot_control_pkg/robot_control_pkg/visibility_control.h
[0.453s] -- Up-to-date: /home/argo/Downloads/robot_wss/install/robot_control_pkg/share/robot_control_pkg/urdf
[0.453s] -- Up-to-date: /home/argo/Downloads/robot_wss/install/robot_control_pkg/share/robot_control_pkg/urdf/diffbot_description.urdf.xacro
[0.453s] -- Up-to-date: /home/argo/Downloads/robot_wss/install/robot_control_pkg/share/robot_control_pkg/urdf/diffbot.urdf.xacro
[0.453s] -- Up-to-date: /home/argo/Downloads/robot_wss/install/robot_control_pkg/share/robot_control_pkg/models
[0.453s] -- Up-to-date: /home/argo/Downloads/robot_wss/install/robot_control_pkg/share/robot_control_pkg/models/rear_caster_link.STL
[0.453s] -- Up-to-date: /home/argo/Downloads/robot_wss/install/robot_control_pkg/share/robot_control_pkg/models/lidar_link.STL
[0.453s] -- Up-to-date: /home/argo/Downloads/robot_wss/install/robot_control_pkg/share/robot_control_pkg/models/right_wheel_link.STL
[0.453s] -- Up-to-date: /home/argo/Downloads/robot_wss/install/robot_control_pkg/share/robot_control_pkg/models/base_link.STL
[0.453s] -- Up-to-date: /home/argo/Downloads/robot_wss/install/robot_control_pkg/share/robot_control_pkg/models/front_caster_link.STL
[0.453s] -- Up-to-date: /home/argo/Downloads/robot_wss/install/robot_control_pkg/share/robot_control_pkg/models/left_wheel_link.STL
[0.454s] -- Up-to-date: /home/argo/Downloads/robot_wss/install/robot_control_pkg/share/robot_control_pkg/ros2_control
[0.454s] -- Up-to-date: /home/argo/Downloads/robot_wss/install/robot_control_pkg/share/robot_control_pkg/ros2_control/diffbot.ros2_control.xacro
[0.454s] -- Up-to-date: /home/argo/Downloads/robot_wss/install/robot_control_pkg/share/robot_control_pkg/launch
[0.454s] -- Up-to-date: /home/argo/Downloads/robot_wss/install/robot_control_pkg/share/robot_control_pkg/launch/real_robot_launch.py
[0.454s] -- Up-to-date: /home/argo/Downloads/robot_wss/install/robot_control_pkg/share/robot_control_pkg/launch/diffbot.launch.py
[0.454s] -- Up-to-date: /home/argo/Downloads/robot_wss/install/robot_control_pkg/share/robot_control_pkg/launch/joystick.launch.py
[0.454s] -- Up-to-date: /home/argo/Downloads/robot_wss/install/robot_control_pkg/share/robot_control_pkg/config
[0.454s] -- Up-to-date: /home/argo/Downloads/robot_wss/install/robot_control_pkg/share/robot_control_pkg/config/joystick.yaml
[0.455s] -- Up-to-date: /home/argo/Downloads/robot_wss/install/robot_control_pkg/share/robot_control_pkg/config/diffbot_controllers.yaml
[0.455s] -- Up-to-date: /home/argo/Downloads/robot_wss/install/robot_control_pkg/share/robot_control_pkg/config/twist_mux.yaml
[0.455s] -- Up-to-date: /home/argo/Downloads/robot_wss/install/robot_control_pkg/share/robot_control_pkg/description
[0.455s] -- Up-to-date: /home/argo/Downloads/robot_wss/install/robot_control_pkg/share/robot_control_pkg/description/urdf
[0.455s] -- Up-to-date: /home/argo/Downloads/robot_wss/install/robot_control_pkg/share/robot_control_pkg/description/urdf/diffbot_description.urdf.xacro
[0.457s] -- Up-to-date: /home/argo/Downloads/robot_wss/install/robot_control_pkg/share/robot_control_pkg/description/urdf/diffbot.urdf.xacro
[0.457s] -- Up-to-date: /home/argo/Downloads/robot_wss/install/robot_control_pkg/share/robot_control_pkg/description/ros2_control
[0.457s] -- Up-to-date: /home/argo/Downloads/robot_wss/install/robot_control_pkg/share/robot_control_pkg/description/ros2_control/diffbot.ros2_control.xacro
[0.457s] -- Up-to-date: /home/argo/Downloads/robot_wss/install/robot_control_pkg/share/robot_control_pkg/description/models
[0.457s] -- Up-to-date: /home/argo/Downloads/robot_wss/install/robot_control_pkg/share/robot_control_pkg/description/models/rear_caster_link.STL
[0.457s] -- Up-to-date: /home/argo/Downloads/robot_wss/install/robot_control_pkg/share/robot_control_pkg/description/models/lidar_link.STL
[0.458s] -- Up-to-date: /home/argo/Downloads/robot_wss/install/robot_control_pkg/share/robot_control_pkg/description/models/right_wheel_link.STL
[0.458s] -- Up-to-date: /home/argo/Downloads/robot_wss/install/robot_control_pkg/share/robot_control_pkg/description/models/base_link.STL
[0.458s] -- Up-to-date: /home/argo/Downloads/robot_wss/install/robot_control_pkg/share/robot_control_pkg/description/models/front_caster_link.STL
[0.458s] -- Up-to-date: /home/argo/Downloads/robot_wss/install/robot_control_pkg/share/robot_control_pkg/description/models/left_wheel_link.STL
[0.458s] -- Up-to-date: /home/argo/Downloads/robot_wss/install/robot_control_pkg/lib/librobot_control_pkg.so
[0.458s] -- Up-to-date: /home/argo/Downloads/robot_wss/install/robot_control_pkg/share/robot_control_pkg/environment/library_path.sh
[0.458s] -- Up-to-date: /home/argo/Downloads/robot_wss/install/robot_control_pkg/share/robot_control_pkg/environment/library_path.dsv
[0.458s] -- Up-to-date: /home/argo/Downloads/robot_wss/install/robot_control_pkg/share/ament_index/resource_index/package_run_dependencies/robot_control_pkg
[0.458s] -- Up-to-date: /home/argo/Downloads/robot_wss/install/robot_control_pkg/share/ament_index/resource_index/parent_prefix_path/robot_control_pkg
[0.458s] -- Up-to-date: /home/argo/Downloads/robot_wss/install/robot_control_pkg/share/robot_control_pkg/environment/ament_prefix_path.sh
[0.458s] -- Up-to-date: /home/argo/Downloads/robot_wss/install/robot_control_pkg/share/robot_control_pkg/environment/ament_prefix_path.dsv
[0.459s] -- Up-to-date: /home/argo/Downloads/robot_wss/install/robot_control_pkg/share/robot_control_pkg/environment/path.sh
[0.459s] -- Up-to-date: /home/argo/Downloads/robot_wss/install/robot_control_pkg/share/robot_control_pkg/environment/path.dsv
[0.459s] -- Up-to-date: /home/argo/Downloads/robot_wss/install/robot_control_pkg/share/robot_control_pkg/local_setup.bash
[0.459s] -- Up-to-date: /home/argo/Downloads/robot_wss/install/robot_control_pkg/share/robot_control_pkg/local_setup.sh
[0.459s] -- Up-to-date: /home/argo/Downloads/robot_wss/install/robot_control_pkg/share/robot_control_pkg/local_setup.zsh
[0.459s] -- Up-to-date: /home/argo/Downloads/robot_wss/install/robot_control_pkg/share/robot_control_pkg/local_setup.dsv
[0.459s] -- Installing: /home/argo/Downloads/robot_wss/install/robot_control_pkg/share/robot_control_pkg/package.dsv
[0.459s] -- Up-to-date: /home/argo/Downloads/robot_wss/install/robot_control_pkg/share/ament_index/resource_index/packages/robot_control_pkg
[0.459s] -- Up-to-date: /home/argo/Downloads/robot_wss/install/robot_control_pkg/share/ament_index/resource_index/hardware_interface__pluginlib__plugin/robot_control_pkg
[0.459s] -- Up-to-date: /home/argo/Downloads/robot_wss/install/robot_control_pkg/share/robot_control_pkg/cmake/export_robot_control_pkgExport.cmake
[0.459s] -- Up-to-date: /home/argo/Downloads/robot_wss/install/robot_control_pkg/share/robot_control_pkg/cmake/export_robot_control_pkgExport-noconfig.cmake
[0.459s] -- Up-to-date: /home/argo/Downloads/robot_wss/install/robot_control_pkg/share/robot_control_pkg/cmake/ament_cmake_export_targets-extras.cmake
[0.459s] -- Up-to-date: /home/argo/Downloads/robot_wss/install/robot_control_pkg/share/robot_control_pkg/cmake/ament_cmake_export_dependencies-extras.cmake
[0.459s] -- Up-to-date: /home/argo/Downloads/robot_wss/install/robot_control_pkg/share/robot_control_pkg/cmake/robot_control_pkgConfig.cmake
[0.459s] -- Up-to-date: /home/argo/Downloads/robot_wss/install/robot_control_pkg/share/robot_control_pkg/cmake/robot_control_pkgConfig-version.cmake
[0.460s] -- Up-to-date: /home/argo/Downloads/robot_wss/install/robot_control_pkg/share/robot_control_pkg/package.xml
[0.475s] Invoked command in '/home/argo/Downloads/robot_wss/build/robot_control_pkg' returned '0': CMAKE_PREFIX_PATH=${CMAKE_PREFIX_PATH}:/opt/ros/jazzy DEBUGINFOD_URLS=https://debuginfod.ubuntu.com /usr/bin/cmake --install /home/argo/Downloads/robot_wss/build/robot_control_pkg
