[1.172s] Invoking command in '/home/argo/Downloads/robot_wss/src/nav_pkg': DEBUGINFOD_URLS=https://debuginfod.ubuntu.com PYTHONPATH=/home/argo/Downloads/robot_wss/build/nav_pkg/prefix_override:/usr/lib/python3/dist-packages/colcon_core/task/python/colcon_distutils_commands:/home/argo/Downloads/robot_wss/install/nav_pkg/lib/python3.12/site-packages:${PYTHONPATH} /usr/bin/python3 -W ignore:setup.py install is deprecated -W ignore:easy_install command is deprecated setup.py egg_info --egg-base ../../build/nav_pkg build --build-base /home/argo/Downloads/robot_wss/build/nav_pkg/build install --record /home/argo/Downloads/robot_wss/build/nav_pkg/install.log --single-version-externally-managed install_data
[1.478s] running egg_info
[1.478s] creating ../../build/nav_pkg/nav_pkg.egg-info
[1.501s] writing ../../build/nav_pkg/nav_pkg.egg-info/PKG-INFO
[1.501s] writing dependency_links to ../../build/nav_pkg/nav_pkg.egg-info/dependency_links.txt
[1.501s] writing requirements to ../../build/nav_pkg/nav_pkg.egg-info/requires.txt
[1.501s] writing top-level names to ../../build/nav_pkg/nav_pkg.egg-info/top_level.txt
[1.502s] writing manifest file '../../build/nav_pkg/nav_pkg.egg-info/SOURCES.txt'
[1.547s] reading manifest file '../../build/nav_pkg/nav_pkg.egg-info/SOURCES.txt'
[1.548s] writing manifest file '../../build/nav_pkg/nav_pkg.egg-info/SOURCES.txt'
[1.548s] running build
[1.548s] running build_py
[1.548s] creating /home/argo/Downloads/robot_wss/build/nav_pkg/build
[1.549s] creating /home/argo/Downloads/robot_wss/build/nav_pkg/build/lib
[1.549s] creating /home/argo/Downloads/robot_wss/build/nav_pkg/build/lib/nav_pkg
[1.549s] copying nav_pkg/__init__.py -> /home/argo/Downloads/robot_wss/build/nav_pkg/build/lib/nav_pkg
[1.549s] running install
[1.555s] running install_lib
[1.577s] creating /home/argo/Downloads/robot_wss/install/nav_pkg/lib/python3.12/site-packages/nav_pkg
[1.577s] copying /home/argo/Downloads/robot_wss/build/nav_pkg/build/lib/nav_pkg/__init__.py -> /home/argo/Downloads/robot_wss/install/nav_pkg/lib/python3.12/site-packages/nav_pkg
[1.578s] byte-compiling /home/argo/Downloads/robot_wss/install/nav_pkg/lib/python3.12/site-packages/nav_pkg/__init__.py to __init__.cpython-312.pyc
[1.578s] running install_data
[1.578s] creating /home/argo/Downloads/robot_wss/install/nav_pkg/share/ament_index
[1.578s] creating /home/argo/Downloads/robot_wss/install/nav_pkg/share/ament_index/resource_index
[1.579s] creating /home/argo/Downloads/robot_wss/install/nav_pkg/share/ament_index/resource_index/packages
[1.579s] copying resource/nav_pkg -> /home/argo/Downloads/robot_wss/install/nav_pkg/share/ament_index/resource_index/packages
[1.579s] copying package.xml -> /home/argo/Downloads/robot_wss/install/nav_pkg/share/nav_pkg
[1.579s] creating /home/argo/Downloads/robot_wss/install/nav_pkg/share/nav_pkg/launch
[1.579s] copying launch/localization_launch_sim.py -> /home/argo/Downloads/robot_wss/install/nav_pkg/share/nav_pkg/launch
[1.580s] copying launch/navigation_launch_sim.py -> /home/argo/Downloads/robot_wss/install/nav_pkg/share/nav_pkg/launch
[1.580s] copying launch/localization_launch_real.py -> /home/argo/Downloads/robot_wss/install/nav_pkg/share/nav_pkg/launch
[1.580s] copying launch/navigation_launch_real.py -> /home/argo/Downloads/robot_wss/install/nav_pkg/share/nav_pkg/launch
[1.580s] creating /home/argo/Downloads/robot_wss/install/nav_pkg/share/nav_pkg/config
[1.580s] copying config/output.json -> /home/argo/Downloads/robot_wss/install/nav_pkg/share/nav_pkg/config
[1.581s] copying config/params that work on real robot.yaml -> /home/argo/Downloads/robot_wss/install/nav_pkg/share/nav_pkg/config
[1.581s] copying config/nav2_params_real.yaml -> /home/argo/Downloads/robot_wss/install/nav_pkg/share/nav_pkg/config
[1.582s] copying config/nav2_params_sim.yaml -> /home/argo/Downloads/robot_wss/install/nav_pkg/share/nav_pkg/config
[1.582s] running install_egg_info
[1.605s] Copying ../../build/nav_pkg/nav_pkg.egg-info to /home/argo/Downloads/robot_wss/install/nav_pkg/lib/python3.12/site-packages/nav_pkg-1.0.0-py3.12.egg-info
[1.606s] running install_scripts
[1.750s] writing list of installed files to '/home/argo/Downloads/robot_wss/build/nav_pkg/install.log'
[1.790s] Invoked command in '/home/argo/Downloads/robot_wss/src/nav_pkg' returned '0': DEBUGINFOD_URLS=https://debuginfod.ubuntu.com PYTHONPATH=/home/argo/Downloads/robot_wss/build/nav_pkg/prefix_override:/usr/lib/python3/dist-packages/colcon_core/task/python/colcon_distutils_commands:/home/argo/Downloads/robot_wss/install/nav_pkg/lib/python3.12/site-packages:${PYTHONPATH} /usr/bin/python3 -W ignore:setup.py install is deprecated -W ignore:easy_install command is deprecated setup.py egg_info --egg-base ../../build/nav_pkg build --build-base /home/argo/Downloads/robot_wss/build/nav_pkg/build install --record /home/argo/Downloads/robot_wss/build/nav_pkg/install.log --single-version-externally-managed install_data
