-- Found ament_cmake: 2.5.5 (/opt/ros/jazzy/share/ament_cmake/cmake)
-- Found hardware_interface: 4.42.2 (/opt/ros/jazzy/share/hardware_interface/cmake)
-- Found rosidl_generator_c: 4.6.7 (/opt/ros/jazzy/share/rosidl_generator_c/cmake)
-- Found rosidl_generator_cpp: 4.6.7 (/opt/ros/jazzy/share/rosidl_generator_cpp/cmake)
-- Using all available rosidl_typesupport_c: rosidl_typesupport_fastrtps_c;rosidl_typesupport_introspection_c
-- Using all available rosidl_typesupport_cpp: rosidl_typesupport_fastrtps_cpp;rosidl_typesupport_introspection_cpp
-- Found TinyXML2 via Config file: /usr/lib/x86_64-linux-gnu/cmake/tinyxml2
-- Found rmw_implementation_cmake: 7.3.3 (/opt/ros/jazzy/share/rmw_implementation_cmake/cmake)
-- Found rmw_fastrtps_cpp: 8.4.3 (/opt/ros/jazzy/share/rmw_fastrtps_cpp/cmake)
-- Found TinyXML2 via Config file: /usr/lib/x86_64-linux-gnu/cmake/tinyxml2
-- Found TinyXML2 via Config file: /usr/lib/x86_64-linux-gnu/cmake/tinyxml2
-- Found TinyXML2 via Config file: /usr/lib/x86_64-linux-gnu/cmake/tinyxml2
-- Found TinyXML2 via Config file: /usr/lib/x86_64-linux-gnu/cmake/tinyxml2
-- Using RMW implementation 'rmw_fastrtps_cpp' as default
-- Found ament_cmake_gtest: 2.5.5 (/opt/ros/jazzy/share/ament_cmake_gtest/cmake)
-- Configuring done (1.0s)
-- Generating done (0.0s)
-- Build files have been written to: /home/argo/argo-test/build/robot_control_pkg
[100%] Built target robot_control_pkg
-- Install configuration: ""
-- Up-to-date: /home/argo/argo-test/install/robot_control_pkg/share/robot_control_pkg/robot_control_pkg.xml
-- Up-to-date: /home/argo/argo-test/install/robot_control_pkg/include/robot_control_pkg
-- Up-to-date: /home/argo/argo-test/install/robot_control_pkg/include/robot_control_pkg/robot_control_pkg
-- Up-to-date: /home/argo/argo-test/install/robot_control_pkg/include/robot_control_pkg/robot_control_pkg/wheel.hpp
-- Up-to-date: /home/argo/argo-test/install/robot_control_pkg/include/robot_control_pkg/robot_control_pkg/diffbot_system.hpp
-- Up-to-date: /home/argo/argo-test/install/robot_control_pkg/include/robot_control_pkg/robot_control_pkg/arduino_comms.hpp
-- Up-to-date: /home/argo/argo-test/install/robot_control_pkg/include/robot_control_pkg/robot_control_pkg/visibility_control.h
-- Up-to-date: /home/argo/argo-test/install/robot_control_pkg/share/robot_control_pkg/urdf
-- Up-to-date: /home/argo/argo-test/install/robot_control_pkg/share/robot_control_pkg/urdf/diffbot_description.urdf.xacro
-- Up-to-date: /home/argo/argo-test/install/robot_control_pkg/share/robot_control_pkg/urdf/diffbot.urdf.xacro
-- Up-to-date: /home/argo/argo-test/install/robot_control_pkg/share/robot_control_pkg/models
-- Up-to-date: /home/argo/argo-test/install/robot_control_pkg/share/robot_control_pkg/models/rear_caster_link.STL
-- Up-to-date: /home/argo/argo-test/install/robot_control_pkg/share/robot_control_pkg/models/lidar_link.STL
-- Up-to-date: /home/argo/argo-test/install/robot_control_pkg/share/robot_control_pkg/models/right_wheel_link.STL
-- Up-to-date: /home/argo/argo-test/install/robot_control_pkg/share/robot_control_pkg/models/base_link.STL
-- Up-to-date: /home/argo/argo-test/install/robot_control_pkg/share/robot_control_pkg/models/front_caster_link.STL
-- Up-to-date: /home/argo/argo-test/install/robot_control_pkg/share/robot_control_pkg/models/left_wheel_link.STL
-- Up-to-date: /home/argo/argo-test/install/robot_control_pkg/share/robot_control_pkg/ros2_control
-- Up-to-date: /home/argo/argo-test/install/robot_control_pkg/share/robot_control_pkg/ros2_control/diffbot.ros2_control.xacro
-- Up-to-date: /home/argo/argo-test/install/robot_control_pkg/share/robot_control_pkg/launch
-- Up-to-date: /home/argo/argo-test/install/robot_control_pkg/share/robot_control_pkg/launch/real_robot_launch.py
-- Up-to-date: /home/argo/argo-test/install/robot_control_pkg/share/robot_control_pkg/launch/diffbot.launch.py
-- Up-to-date: /home/argo/argo-test/install/robot_control_pkg/share/robot_control_pkg/launch/joystick.launch.py
-- Up-to-date: /home/argo/argo-test/install/robot_control_pkg/share/robot_control_pkg/config
-- Up-to-date: /home/argo/argo-test/install/robot_control_pkg/share/robot_control_pkg/config/ekf.yaml
-- Up-to-date: /home/argo/argo-test/install/robot_control_pkg/share/robot_control_pkg/config/joystick.yaml
-- Up-to-date: /home/argo/argo-test/install/robot_control_pkg/share/robot_control_pkg/config/diffbot_controllers.yaml
-- Up-to-date: /home/argo/argo-test/install/robot_control_pkg/share/robot_control_pkg/config/twist_mux.yaml
-- Up-to-date: /home/argo/argo-test/install/robot_control_pkg/share/robot_control_pkg/description
-- Up-to-date: /home/argo/argo-test/install/robot_control_pkg/share/robot_control_pkg/description/urdf
-- Up-to-date: /home/argo/argo-test/install/robot_control_pkg/share/robot_control_pkg/description/urdf/diffbot_description.urdf.xacro
-- Up-to-date: /home/argo/argo-test/install/robot_control_pkg/share/robot_control_pkg/description/urdf/diffbot.urdf.xacro
-- Up-to-date: /home/argo/argo-test/install/robot_control_pkg/share/robot_control_pkg/description/ros2_control
-- Up-to-date: /home/argo/argo-test/install/robot_control_pkg/share/robot_control_pkg/description/ros2_control/diffbot.ros2_control.xacro
-- Up-to-date: /home/argo/argo-test/install/robot_control_pkg/share/robot_control_pkg/description/models
-- Up-to-date: /home/argo/argo-test/install/robot_control_pkg/share/robot_control_pkg/description/models/rear_caster_link.STL
-- Up-to-date: /home/argo/argo-test/install/robot_control_pkg/share/robot_control_pkg/description/models/lidar_link.STL
-- Up-to-date: /home/argo/argo-test/install/robot_control_pkg/share/robot_control_pkg/description/models/right_wheel_link.STL
-- Up-to-date: /home/argo/argo-test/install/robot_control_pkg/share/robot_control_pkg/description/models/base_link.STL
-- Up-to-date: /home/argo/argo-test/install/robot_control_pkg/share/robot_control_pkg/description/models/front_caster_link.STL
-- Up-to-date: /home/argo/argo-test/install/robot_control_pkg/share/robot_control_pkg/description/models/left_wheel_link.STL
-- Up-to-date: /home/argo/argo-test/install/robot_control_pkg/lib/robot_control_pkg/odom_publisher.py
-- Up-to-date: /home/argo/argo-test/install/robot_control_pkg/lib/robot_control_pkg/imu_publisher.py
-- Up-to-date: /home/argo/argo-test/install/robot_control_pkg/lib/librobot_control_pkg.so
-- Up-to-date: /home/argo/argo-test/install/robot_control_pkg/lib/robot_control_pkg/odom_publisher
-- Installing: /home/argo/argo-test/install/robot_control_pkg/lib/robot_control_pkg/teleop_keyboard
-- Installing: /home/argo/argo-test/install/robot_control_pkg/share/robot_control_pkg/environment/library_path.sh
-- Installing: /home/argo/argo-test/install/robot_control_pkg/share/robot_control_pkg/environment/library_path.dsv
-- Installing: /home/argo/argo-test/install/robot_control_pkg/share/ament_index/resource_index/package_run_dependencies/robot_control_pkg
-- Installing: /home/argo/argo-test/install/robot_control_pkg/share/ament_index/resource_index/parent_prefix_path/robot_control_pkg
-- Installing: /home/argo/argo-test/install/robot_control_pkg/share/robot_control_pkg/environment/ament_prefix_path.sh
-- Installing: /home/argo/argo-test/install/robot_control_pkg/share/robot_control_pkg/environment/ament_prefix_path.dsv
-- Installing: /home/argo/argo-test/install/robot_control_pkg/share/robot_control_pkg/environment/path.sh
-- Installing: /home/argo/argo-test/install/robot_control_pkg/share/robot_control_pkg/environment/path.dsv
-- Installing: /home/argo/argo-test/install/robot_control_pkg/share/robot_control_pkg/local_setup.bash
-- Installing: /home/argo/argo-test/install/robot_control_pkg/share/robot_control_pkg/local_setup.sh
-- Installing: /home/argo/argo-test/install/robot_control_pkg/share/robot_control_pkg/local_setup.zsh
-- Installing: /home/argo/argo-test/install/robot_control_pkg/share/robot_control_pkg/local_setup.dsv
-- Installing: /home/argo/argo-test/install/robot_control_pkg/share/robot_control_pkg/package.dsv
-- Installing: /home/argo/argo-test/install/robot_control_pkg/share/ament_index/resource_index/packages/robot_control_pkg
-- Installing: /home/argo/argo-test/install/robot_control_pkg/share/ament_index/resource_index/hardware_interface__pluginlib__plugin/robot_control_pkg
-- Installing: /home/argo/argo-test/install/robot_control_pkg/share/robot_control_pkg/cmake/export_robot_control_pkgExport.cmake
-- Installing: /home/argo/argo-test/install/robot_control_pkg/share/robot_control_pkg/cmake/export_robot_control_pkgExport-noconfig.cmake
-- Installing: /home/argo/argo-test/install/robot_control_pkg/share/robot_control_pkg/cmake/ament_cmake_export_targets-extras.cmake
-- Installing: /home/argo/argo-test/install/robot_control_pkg/share/robot_control_pkg/cmake/ament_cmake_export_dependencies-extras.cmake
-- Installing: /home/argo/argo-test/install/robot_control_pkg/share/robot_control_pkg/cmake/robot_control_pkgConfig.cmake
-- Installing: /home/argo/argo-test/install/robot_control_pkg/share/robot_control_pkg/cmake/robot_control_pkgConfig-version.cmake
-- Installing: /home/argo/argo-test/install/robot_control_pkg/share/robot_control_pkg/package.xml
