[0.239s] Invoking command in '/home/argo/argo-test/build/robot_control_pkg': CMAKE_PREFIX_PATH=${CMAKE_PREFIX_PATH}:/opt/ros/jazzy DEBUGINFOD_URLS=https://debuginfod.ubuntu.com /usr/bin/cmake --build /home/argo/argo-test/build/robot_control_pkg -- -j4 -l4
[0.265s] -- Found ament_cmake: 2.5.5 (/opt/ros/jazzy/share/ament_cmake/cmake)
[0.523s] -- Found hardware_interface: 4.42.2 (/opt/ros/jazzy/share/hardware_interface/cmake)
[0.592s] -- Found rosidl_generator_c: 4.6.7 (/opt/ros/jazzy/share/rosidl_generator_c/cmake)
[0.618s] -- Found rosidl_generator_cpp: 4.6.7 (/opt/ros/jazzy/share/rosidl_generator_cpp/cmake)
[0.634s] -- Using all available rosidl_typesupport_c: rosidl_typesupport_fastrtps_c;rosidl_typesupport_introspection_c
[0.658s] -- Using all available rosidl_typesupport_cpp: rosidl_typesupport_fastrtps_cpp;rosidl_typesupport_introspection_cpp
[0.907s] -- Found TinyXML2 via Config file: /usr/lib/x86_64-linux-gnu/cmake/tinyxml2
[0.958s] -- Found rmw_implementation_cmake: 7.3.3 (/opt/ros/jazzy/share/rmw_implementation_cmake/cmake)
[0.960s] -- Found rmw_fastrtps_cpp: 8.4.3 (/opt/ros/jazzy/share/rmw_fastrtps_cpp/cmake)
[0.985s] -- Found TinyXML2 via Config file: /usr/lib/x86_64-linux-gnu/cmake/tinyxml2
[0.996s] -- Found TinyXML2 via Config file: /usr/lib/x86_64-linux-gnu/cmake/tinyxml2
[1.016s] -- Found TinyXML2 via Config file: /usr/lib/x86_64-linux-gnu/cmake/tinyxml2
[1.026s] -- Found TinyXML2 via Config file: /usr/lib/x86_64-linux-gnu/cmake/tinyxml2
[1.038s] -- Using RMW implementation 'rmw_fastrtps_cpp' as default
[1.190s] -- Found ament_cmake_gtest: 2.5.5 (/opt/ros/jazzy/share/ament_cmake_gtest/cmake)
[1.300s] -- Configuring done (1.0s)
[1.336s] -- Generating done (0.0s)
[1.346s] -- Build files have been written to: /home/argo/argo-test/build/robot_control_pkg
[1.467s] [100%] Built target robot_control_pkg
[1.482s] Invoked command in '/home/argo/argo-test/build/robot_control_pkg' returned '0': CMAKE_PREFIX_PATH=${CMAKE_PREFIX_PATH}:/opt/ros/jazzy DEBUGINFOD_URLS=https://debuginfod.ubuntu.com /usr/bin/cmake --build /home/argo/argo-test/build/robot_control_pkg -- -j4 -l4
[1.484s] Invoking command in '/home/argo/argo-test/build/robot_control_pkg': CMAKE_PREFIX_PATH=${CMAKE_PREFIX_PATH}:/opt/ros/jazzy DEBUGINFOD_URLS=https://debuginfod.ubuntu.com /usr/bin/cmake --install /home/argo/argo-test/build/robot_control_pkg
[1.502s] -- Install configuration: ""
[1.502s] -- Up-to-date: /home/argo/argo-test/install/robot_control_pkg/share/robot_control_pkg/robot_control_pkg.xml
[1.502s] -- Up-to-date: /home/argo/argo-test/install/robot_control_pkg/include/robot_control_pkg
[1.503s] -- Up-to-date: /home/argo/argo-test/install/robot_control_pkg/include/robot_control_pkg/robot_control_pkg
[1.503s] -- Up-to-date: /home/argo/argo-test/install/robot_control_pkg/include/robot_control_pkg/robot_control_pkg/wheel.hpp
[1.504s] -- Up-to-date: /home/argo/argo-test/install/robot_control_pkg/include/robot_control_pkg/robot_control_pkg/diffbot_system.hpp
[1.504s] -- Up-to-date: /home/argo/argo-test/install/robot_control_pkg/include/robot_control_pkg/robot_control_pkg/arduino_comms.hpp
[1.504s] -- Up-to-date: /home/argo/argo-test/install/robot_control_pkg/include/robot_control_pkg/robot_control_pkg/visibility_control.h
[1.504s] -- Up-to-date: /home/argo/argo-test/install/robot_control_pkg/share/robot_control_pkg/urdf
[1.504s] -- Up-to-date: /home/argo/argo-test/install/robot_control_pkg/share/robot_control_pkg/urdf/diffbot_description.urdf.xacro
[1.504s] -- Up-to-date: /home/argo/argo-test/install/robot_control_pkg/share/robot_control_pkg/urdf/diffbot.urdf.xacro
[1.504s] -- Up-to-date: /home/argo/argo-test/install/robot_control_pkg/share/robot_control_pkg/models
[1.505s] -- Up-to-date: /home/argo/argo-test/install/robot_control_pkg/share/robot_control_pkg/models/rear_caster_link.STL
[1.505s] -- Up-to-date: /home/argo/argo-test/install/robot_control_pkg/share/robot_control_pkg/models/lidar_link.STL
[1.505s] -- Up-to-date: /home/argo/argo-test/install/robot_control_pkg/share/robot_control_pkg/models/right_wheel_link.STL
[1.506s] -- Up-to-date: /home/argo/argo-test/install/robot_control_pkg/share/robot_control_pkg/models/base_link.STL
[1.506s] -- Up-to-date: /home/argo/argo-test/install/robot_control_pkg/share/robot_control_pkg/models/front_caster_link.STL
[1.506s] -- Up-to-date: /home/argo/argo-test/install/robot_control_pkg/share/robot_control_pkg/models/left_wheel_link.STL
[1.506s] -- Up-to-date: /home/argo/argo-test/install/robot_control_pkg/share/robot_control_pkg/ros2_control
[1.506s] -- Up-to-date: /home/argo/argo-test/install/robot_control_pkg/share/robot_control_pkg/ros2_control/diffbot.ros2_control.xacro
[1.507s] -- Up-to-date: /home/argo/argo-test/install/robot_control_pkg/share/robot_control_pkg/launch
[1.507s] -- Up-to-date: /home/argo/argo-test/install/robot_control_pkg/share/robot_control_pkg/launch/real_robot_launch.py
[1.507s] -- Up-to-date: /home/argo/argo-test/install/robot_control_pkg/share/robot_control_pkg/launch/diffbot.launch.py
[1.507s] -- Up-to-date: /home/argo/argo-test/install/robot_control_pkg/share/robot_control_pkg/launch/joystick.launch.py
[1.507s] -- Up-to-date: /home/argo/argo-test/install/robot_control_pkg/share/robot_control_pkg/config
[1.507s] -- Up-to-date: /home/argo/argo-test/install/robot_control_pkg/share/robot_control_pkg/config/ekf.yaml
[1.507s] -- Up-to-date: /home/argo/argo-test/install/robot_control_pkg/share/robot_control_pkg/config/joystick.yaml
[1.507s] -- Up-to-date: /home/argo/argo-test/install/robot_control_pkg/share/robot_control_pkg/config/diffbot_controllers.yaml
[1.507s] -- Up-to-date: /home/argo/argo-test/install/robot_control_pkg/share/robot_control_pkg/config/twist_mux.yaml
[1.507s] -- Up-to-date: /home/argo/argo-test/install/robot_control_pkg/share/robot_control_pkg/description
[1.507s] -- Up-to-date: /home/argo/argo-test/install/robot_control_pkg/share/robot_control_pkg/description/urdf
[1.507s] -- Up-to-date: /home/argo/argo-test/install/robot_control_pkg/share/robot_control_pkg/description/urdf/diffbot_description.urdf.xacro
[1.507s] -- Up-to-date: /home/argo/argo-test/install/robot_control_pkg/share/robot_control_pkg/description/urdf/diffbot.urdf.xacro
[1.507s] -- Up-to-date: /home/argo/argo-test/install/robot_control_pkg/share/robot_control_pkg/description/ros2_control
[1.507s] -- Up-to-date: /home/argo/argo-test/install/robot_control_pkg/share/robot_control_pkg/description/ros2_control/diffbot.ros2_control.xacro
[1.508s] -- Up-to-date: /home/argo/argo-test/install/robot_control_pkg/share/robot_control_pkg/description/models
[1.515s] -- Up-to-date: /home/argo/argo-test/install/robot_control_pkg/share/robot_control_pkg/description/models/rear_caster_link.STL
[1.515s] -- Up-to-date: /home/argo/argo-test/install/robot_control_pkg/share/robot_control_pkg/description/models/lidar_link.STL
[1.515s] -- Up-to-date: /home/argo/argo-test/install/robot_control_pkg/share/robot_control_pkg/description/models/right_wheel_link.STL
[1.515s] -- Up-to-date: /home/argo/argo-test/install/robot_control_pkg/share/robot_control_pkg/description/models/base_link.STL
[1.516s] -- Up-to-date: /home/argo/argo-test/install/robot_control_pkg/share/robot_control_pkg/description/models/front_caster_link.STL
[1.516s] -- Up-to-date: /home/argo/argo-test/install/robot_control_pkg/share/robot_control_pkg/description/models/left_wheel_link.STL
[1.516s] -- Up-to-date: /home/argo/argo-test/install/robot_control_pkg/lib/robot_control_pkg/odom_publisher.py
[1.516s] -- Up-to-date: /home/argo/argo-test/install/robot_control_pkg/lib/robot_control_pkg/imu_publisher.py
[1.516s] -- Up-to-date: /home/argo/argo-test/install/robot_control_pkg/lib/librobot_control_pkg.so
[1.516s] -- Up-to-date: /home/argo/argo-test/install/robot_control_pkg/lib/robot_control_pkg/odom_publisher
[1.516s] -- Installing: /home/argo/argo-test/install/robot_control_pkg/lib/robot_control_pkg/teleop_keyboard
[1.516s] -- Installing: /home/argo/argo-test/install/robot_control_pkg/share/robot_control_pkg/environment/library_path.sh
[1.516s] -- Installing: /home/argo/argo-test/install/robot_control_pkg/share/robot_control_pkg/environment/library_path.dsv
[1.519s] -- Installing: /home/argo/argo-test/install/robot_control_pkg/share/ament_index/resource_index/package_run_dependencies/robot_control_pkg
[1.519s] -- Installing: /home/argo/argo-test/install/robot_control_pkg/share/ament_index/resource_index/parent_prefix_path/robot_control_pkg
[1.519s] -- Installing: /home/argo/argo-test/install/robot_control_pkg/share/robot_control_pkg/environment/ament_prefix_path.sh
[1.519s] -- Installing: /home/argo/argo-test/install/robot_control_pkg/share/robot_control_pkg/environment/ament_prefix_path.dsv
[1.519s] -- Installing: /home/argo/argo-test/install/robot_control_pkg/share/robot_control_pkg/environment/path.sh
[1.519s] -- Installing: /home/argo/argo-test/install/robot_control_pkg/share/robot_control_pkg/environment/path.dsv
[1.519s] -- Installing: /home/argo/argo-test/install/robot_control_pkg/share/robot_control_pkg/local_setup.bash
[1.519s] -- Installing: /home/argo/argo-test/install/robot_control_pkg/share/robot_control_pkg/local_setup.sh
[1.519s] -- Installing: /home/argo/argo-test/install/robot_control_pkg/share/robot_control_pkg/local_setup.zsh
[1.519s] -- Installing: /home/argo/argo-test/install/robot_control_pkg/share/robot_control_pkg/local_setup.dsv
[1.520s] -- Installing: /home/argo/argo-test/install/robot_control_pkg/share/robot_control_pkg/package.dsv
[1.523s] -- Installing: /home/argo/argo-test/install/robot_control_pkg/share/ament_index/resource_index/packages/robot_control_pkg
[1.523s] -- Installing: /home/argo/argo-test/install/robot_control_pkg/share/ament_index/resource_index/hardware_interface__pluginlib__plugin/robot_control_pkg
[1.523s] -- Installing: /home/argo/argo-test/install/robot_control_pkg/share/robot_control_pkg/cmake/export_robot_control_pkgExport.cmake
[1.523s] -- Installing: /home/argo/argo-test/install/robot_control_pkg/share/robot_control_pkg/cmake/export_robot_control_pkgExport-noconfig.cmake
[1.523s] -- Installing: /home/argo/argo-test/install/robot_control_pkg/share/robot_control_pkg/cmake/ament_cmake_export_targets-extras.cmake
[1.523s] -- Installing: /home/argo/argo-test/install/robot_control_pkg/share/robot_control_pkg/cmake/ament_cmake_export_dependencies-extras.cmake
[1.523s] -- Installing: /home/argo/argo-test/install/robot_control_pkg/share/robot_control_pkg/cmake/robot_control_pkgConfig.cmake
[1.523s] -- Installing: /home/argo/argo-test/install/robot_control_pkg/share/robot_control_pkg/cmake/robot_control_pkgConfig-version.cmake
[1.523s] -- Installing: /home/argo/argo-test/install/robot_control_pkg/share/robot_control_pkg/package.xml
[1.523s] Invoked command in '/home/argo/argo-test/build/robot_control_pkg' returned '0': CMAKE_PREFIX_PATH=${CMAKE_PREFIX_PATH}:/opt/ros/jazzy DEBUGINFOD_URLS=https://debuginfod.ubuntu.com /usr/bin/cmake --install /home/argo/argo-test/build/robot_control_pkg
