running develop
running egg_info
creating nav_pkg.egg-info
writing nav_pkg.egg-info/PKG-INFO
writing dependency_links to nav_pkg.egg-info/dependency_links.txt
writing requirements to nav_pkg.egg-info/requires.txt
writing top-level names to nav_pkg.egg-info/top_level.txt
writing manifest file 'nav_pkg.egg-info/SOURCES.txt'
reading manifest file 'nav_pkg.egg-info/SOURCES.txt'
writing manifest file 'nav_pkg.egg-info/SOURCES.txt'
running build_ext
Creating /home/dhruvil/argo-test/install/nav_pkg/lib/python3.12/site-packages/nav-pkg.egg-link (link to .)

Installed /home/dhruvil/argo-test/build/nav_pkg
running symlink_data
creating /home/dhruvil/argo-test/install/nav_pkg/share/ament_index
creating /home/dhruvil/argo-test/install/nav_pkg/share/ament_index/resource_index
creating /home/dhruvil/argo-test/install/nav_pkg/share/ament_index/resource_index/packages
symbolically linking /home/dhruvil/argo-test/build/nav_pkg/resource/nav_pkg -> /home/dhruvil/argo-test/install/nav_pkg/share/ament_index/resource_index/packages
symbolically linking /home/dhruvil/argo-test/build/nav_pkg/package.xml -> /home/dhruvil/argo-test/install/nav_pkg/share/nav_pkg
creating /home/dhruvil/argo-test/install/nav_pkg/share/nav_pkg/launch
symbolically linking /home/dhruvil/argo-test/build/nav_pkg/launch/navigation_launch_sim.py -> /home/dhruvil/argo-test/install/nav_pkg/share/nav_pkg/launch
symbolically linking /home/dhruvil/argo-test/build/nav_pkg/launch/localization_launch_real.py -> /home/dhruvil/argo-test/install/nav_pkg/share/nav_pkg/launch
symbolically linking /home/dhruvil/argo-test/build/nav_pkg/launch/navigation_launch_real.py -> /home/dhruvil/argo-test/install/nav_pkg/share/nav_pkg/launch
symbolically linking /home/dhruvil/argo-test/build/nav_pkg/launch/localization_launch_sim.py -> /home/dhruvil/argo-test/install/nav_pkg/share/nav_pkg/launch
creating /home/dhruvil/argo-test/install/nav_pkg/share/nav_pkg/config
symbolically linking /home/dhruvil/argo-test/build/nav_pkg/config/params that work on real robot.yaml -> /home/dhruvil/argo-test/install/nav_pkg/share/nav_pkg/config
symbolically linking /home/dhruvil/argo-test/build/nav_pkg/config/output.json -> /home/dhruvil/argo-test/install/nav_pkg/share/nav_pkg/config
symbolically linking /home/dhruvil/argo-test/build/nav_pkg/config/nav2_params_real.yaml -> /home/dhruvil/argo-test/install/nav_pkg/share/nav_pkg/config
symbolically linking /home/dhruvil/argo-test/build/nav_pkg/config/nav2_params_sim.yaml -> /home/dhruvil/argo-test/install/nav_pkg/share/nav_pkg/config
