[3.482s] Invoking command in '/home/dhruvil/argo-test/build/nav_pkg': DEBUGINFOD_URLS=https://debuginfod.ubuntu.com PYTHONPATH=/home/dhruvil/argo-test/build/nav_pkg/prefix_override:/usr/lib/python3/dist-packages/colcon_core/task/python/colcon_distutils_commands:/home/dhruvil/argo-test/install/nav_pkg/lib/python3.12/site-packages:${PYTHONPATH} /usr/bin/python3 -W ignore:setup.py install is deprecated -W ignore:easy_install command is deprecated setup.py develop --editable --build-directory /home/dhruvil/argo-test/build/nav_pkg/build --no-deps symlink_data
[4.237s] running develop
[6.780s] running egg_info
[6.785s] creating nav_pkg.egg-info
[6.988s] writing nav_pkg.egg-info/PKG-INFO
[6.992s] writing dependency_links to nav_pkg.egg-info/dependency_links.txt
[6.992s] writing requirements to nav_pkg.egg-info/requires.txt
[6.992s] writing top-level names to nav_pkg.egg-info/top_level.txt
[6.993s] writing manifest file 'nav_pkg.egg-info/SOURCES.txt'
[7.291s] reading manifest file 'nav_pkg.egg-info/SOURCES.txt'
[7.304s] writing manifest file 'nav_pkg.egg-info/SOURCES.txt'
[7.452s] running build_ext
[7.452s] Creating /home/dhruvil/argo-test/install/nav_pkg/lib/python3.12/site-packages/nav-pkg.egg-link (link to .)
[7.452s] 
[7.453s] Installed /home/dhruvil/argo-test/build/nav_pkg
[7.453s] running symlink_data
[7.453s] creating /home/dhruvil/argo-test/install/nav_pkg/share/ament_index
[7.453s] creating /home/dhruvil/argo-test/install/nav_pkg/share/ament_index/resource_index
[7.453s] creating /home/dhruvil/argo-test/install/nav_pkg/share/ament_index/resource_index/packages
[7.453s] symbolically linking /home/dhruvil/argo-test/build/nav_pkg/resource/nav_pkg -> /home/dhruvil/argo-test/install/nav_pkg/share/ament_index/resource_index/packages
[7.453s] symbolically linking /home/dhruvil/argo-test/build/nav_pkg/package.xml -> /home/dhruvil/argo-test/install/nav_pkg/share/nav_pkg
[7.454s] creating /home/dhruvil/argo-test/install/nav_pkg/share/nav_pkg/launch
[7.462s] symbolically linking /home/dhruvil/argo-test/build/nav_pkg/launch/navigation_launch_sim.py -> /home/dhruvil/argo-test/install/nav_pkg/share/nav_pkg/launch
[7.462s] symbolically linking /home/dhruvil/argo-test/build/nav_pkg/launch/localization_launch_real.py -> /home/dhruvil/argo-test/install/nav_pkg/share/nav_pkg/launch
[7.463s] symbolically linking /home/dhruvil/argo-test/build/nav_pkg/launch/navigation_launch_real.py -> /home/dhruvil/argo-test/install/nav_pkg/share/nav_pkg/launch
[7.467s] symbolically linking /home/dhruvil/argo-test/build/nav_pkg/launch/localization_launch_sim.py -> /home/dhruvil/argo-test/install/nav_pkg/share/nav_pkg/launch
[7.468s] creating /home/dhruvil/argo-test/install/nav_pkg/share/nav_pkg/config
[7.469s] symbolically linking /home/dhruvil/argo-test/build/nav_pkg/config/params that work on real robot.yaml -> /home/dhruvil/argo-test/install/nav_pkg/share/nav_pkg/config
[7.470s] symbolically linking /home/dhruvil/argo-test/build/nav_pkg/config/output.json -> /home/dhruvil/argo-test/install/nav_pkg/share/nav_pkg/config
[7.470s] symbolically linking /home/dhruvil/argo-test/build/nav_pkg/config/nav2_params_real.yaml -> /home/dhruvil/argo-test/install/nav_pkg/share/nav_pkg/config
[7.477s] symbolically linking /home/dhruvil/argo-test/build/nav_pkg/config/nav2_params_sim.yaml -> /home/dhruvil/argo-test/install/nav_pkg/share/nav_pkg/config
[7.857s] Invoked command in '/home/dhruvil/argo-test/build/nav_pkg' returned '0': DEBUGINFOD_URLS=https://debuginfod.ubuntu.com PYTHONPATH=/home/dhruvil/argo-test/build/nav_pkg/prefix_override:/usr/lib/python3/dist-packages/colcon_core/task/python/colcon_distutils_commands:/home/dhruvil/argo-test/install/nav_pkg/lib/python3.12/site-packages:${PYTHONPATH} /usr/bin/python3 -W ignore:setup.py install is deprecated -W ignore:easy_install command is deprecated setup.py develop --editable --build-directory /home/dhruvil/argo-test/build/nav_pkg/build --no-deps symlink_data
