[1.289s] Invoking command in '/home/argo/Downloads/robot_wss/src/simulation_pkg': DEBUGINFOD_URLS=https://debuginfod.ubuntu.com PYTHONPATH=/home/argo/Downloads/robot_wss/build/simulation_pkg/prefix_override:/usr/lib/python3/dist-packages/colcon_core/task/python/colcon_distutils_commands:/home/argo/Downloads/robot_wss/install/simulation_pkg/lib/python3.12/site-packages:${PYTHONPATH} /usr/bin/python3 -W ignore:setup.py install is deprecated -W ignore:easy_install command is deprecated setup.py egg_info --egg-base ../../build/simulation_pkg build --build-base /home/argo/Downloads/robot_wss/build/simulation_pkg/build install --record /home/argo/Downloads/robot_wss/build/simulation_pkg/install.log --single-version-externally-managed install_data
[1.619s] running egg_info
[1.620s] creating ../../build/simulation_pkg/simulation_pkg.egg-info
[1.641s] writing ../../build/simulation_pkg/simulation_pkg.egg-info/PKG-INFO
[1.642s] writing dependency_links to ../../build/simulation_pkg/simulation_pkg.egg-info/dependency_links.txt
[1.642s] writing requirements to ../../build/simulation_pkg/simulation_pkg.egg-info/requires.txt
[1.642s] writing top-level names to ../../build/simulation_pkg/simulation_pkg.egg-info/top_level.txt
[1.642s] writing manifest file '../../build/simulation_pkg/simulation_pkg.egg-info/SOURCES.txt'
[1.688s] reading manifest file '../../build/simulation_pkg/simulation_pkg.egg-info/SOURCES.txt'
[1.688s] writing manifest file '../../build/simulation_pkg/simulation_pkg.egg-info/SOURCES.txt'
[1.688s] running build
[1.688s] running build_py
[1.688s] creating /home/argo/Downloads/robot_wss/build/simulation_pkg/build
[1.689s] creating /home/argo/Downloads/robot_wss/build/simulation_pkg/build/lib
[1.689s] creating /home/argo/Downloads/robot_wss/build/simulation_pkg/build/lib/simulation_pkg
[1.689s] copying simulation_pkg/__init__.py -> /home/argo/Downloads/robot_wss/build/simulation_pkg/build/lib/simulation_pkg
[1.689s] running install
[1.697s] running install_lib
[1.720s] creating /home/argo/Downloads/robot_wss/install/simulation_pkg/lib/python3.12/site-packages/simulation_pkg
[1.720s] copying /home/argo/Downloads/robot_wss/build/simulation_pkg/build/lib/simulation_pkg/__init__.py -> /home/argo/Downloads/robot_wss/install/simulation_pkg/lib/python3.12/site-packages/simulation_pkg
[1.721s] byte-compiling /home/argo/Downloads/robot_wss/install/simulation_pkg/lib/python3.12/site-packages/simulation_pkg/__init__.py to __init__.cpython-312.pyc
[1.721s] running install_data
[1.721s] creating /home/argo/Downloads/robot_wss/install/simulation_pkg/share/ament_index
[1.722s] creating /home/argo/Downloads/robot_wss/install/simulation_pkg/share/ament_index/resource_index
[1.722s] creating /home/argo/Downloads/robot_wss/install/simulation_pkg/share/ament_index/resource_index/packages
[1.722s] copying resource/simulation_pkg -> /home/argo/Downloads/robot_wss/install/simulation_pkg/share/ament_index/resource_index/packages
[1.722s] copying package.xml -> /home/argo/Downloads/robot_wss/install/simulation_pkg/share/simulation_pkg
[1.723s] creating /home/argo/Downloads/robot_wss/install/simulation_pkg/share/simulation_pkg/launch
[1.723s] copying launch/rsp_launch.py -> /home/argo/Downloads/robot_wss/install/simulation_pkg/share/simulation_pkg/launch
[1.724s] copying launch/gaz_sim_launch.py -> /home/argo/Downloads/robot_wss/install/simulation_pkg/share/simulation_pkg/launch
[1.724s] creating /home/argo/Downloads/robot_wss/install/simulation_pkg/share/simulation_pkg/models
[1.724s] copying models/rear_caster_link.STL -> /home/argo/Downloads/robot_wss/install/simulation_pkg/share/simulation_pkg/models
[1.725s] copying models/lidar_link.STL -> /home/argo/Downloads/robot_wss/install/simulation_pkg/share/simulation_pkg/models
[1.726s] copying models/right_wheel_link.STL -> /home/argo/Downloads/robot_wss/install/simulation_pkg/share/simulation_pkg/models
[1.729s] copying models/base_link.STL -> /home/argo/Downloads/robot_wss/install/simulation_pkg/share/simulation_pkg/models
[1.743s] copying models/front_caster_link.STL -> /home/argo/Downloads/robot_wss/install/simulation_pkg/share/simulation_pkg/models
[1.744s] copying models/left_wheel_link.STL -> /home/argo/Downloads/robot_wss/install/simulation_pkg/share/simulation_pkg/models
[1.746s] creating /home/argo/Downloads/robot_wss/install/simulation_pkg/share/simulation_pkg/description
[1.747s] copying description/ros2_control.xacro -> /home/argo/Downloads/robot_wss/install/simulation_pkg/share/simulation_pkg/description
[1.748s] copying description/gazebo_references.xacro -> /home/argo/Downloads/robot_wss/install/simulation_pkg/share/simulation_pkg/description
[1.749s] copying description/robot_core.xacro -> /home/argo/Downloads/robot_wss/install/simulation_pkg/share/simulation_pkg/description
[1.749s] copying description/robot_urdf.xacro -> /home/argo/Downloads/robot_wss/install/simulation_pkg/share/simulation_pkg/description
[1.750s] copying description/lidar.xacro -> /home/argo/Downloads/robot_wss/install/simulation_pkg/share/simulation_pkg/description
[1.751s] copying description/gazebo_control.xacro -> /home/argo/Downloads/robot_wss/install/simulation_pkg/share/simulation_pkg/description
[1.752s] creating /home/argo/Downloads/robot_wss/install/simulation_pkg/share/simulation_pkg/worlds
[1.753s] copying worlds/simple_sim_world.sdf -> /home/argo/Downloads/robot_wss/install/simulation_pkg/share/simulation_pkg/worlds
[1.753s] copying worlds/sim_world.sdf -> /home/argo/Downloads/robot_wss/install/simulation_pkg/share/simulation_pkg/worlds
[1.754s] copying worlds/industrial-warehouse.sdf -> /home/argo/Downloads/robot_wss/install/simulation_pkg/share/simulation_pkg/worlds
[1.756s] creating /home/argo/Downloads/robot_wss/install/simulation_pkg/share/simulation_pkg/params
[1.756s] copying params/ros_gz_bridge.yaml -> /home/argo/Downloads/robot_wss/install/simulation_pkg/share/simulation_pkg/params
[1.756s] creating /home/argo/Downloads/robot_wss/install/simulation_pkg/share/simulation_pkg/config
[1.758s] copying config/view_bot.rviz -> /home/argo/Downloads/robot_wss/install/simulation_pkg/share/simulation_pkg/config
[1.758s] copying config/sim_view.rviz -> /home/argo/Downloads/robot_wss/install/simulation_pkg/share/simulation_pkg/config
[1.758s] copying config/twist_mux.yaml -> /home/argo/Downloads/robot_wss/install/simulation_pkg/share/simulation_pkg/config
[1.759s] copying config/robot_controllers.yaml -> /home/argo/Downloads/robot_wss/install/simulation_pkg/share/simulation_pkg/config
[1.760s] running install_egg_info
[1.799s] Copying ../../build/simulation_pkg/simulation_pkg.egg-info to /home/argo/Downloads/robot_wss/install/simulation_pkg/lib/python3.12/site-packages/simulation_pkg-1.0.0-py3.12.egg-info
[1.800s] running install_scripts
[1.973s] writing list of installed files to '/home/argo/Downloads/robot_wss/build/simulation_pkg/install.log'
[2.126s] Invoked command in '/home/argo/Downloads/robot_wss/src/simulation_pkg' returned '0': DEBUGINFOD_URLS=https://debuginfod.ubuntu.com PYTHONPATH=/home/argo/Downloads/robot_wss/build/simulation_pkg/prefix_override:/usr/lib/python3/dist-packages/colcon_core/task/python/colcon_distutils_commands:/home/argo/Downloads/robot_wss/install/simulation_pkg/lib/python3.12/site-packages:${PYTHONPATH} /usr/bin/python3 -W ignore:setup.py install is deprecated -W ignore:easy_install command is deprecated setup.py egg_info --egg-base ../../build/simulation_pkg build --build-base /home/argo/Downloads/robot_wss/build/simulation_pkg/build install --record /home/argo/Downloads/robot_wss/build/simulation_pkg/install.log --single-version-externally-managed install_data
