[3.481s] Invoking command in '/home/dhruvil/argo-test/build/twist_stamper': DEBUGINFOD_URLS=https://debuginfod.ubuntu.com PYTHONPATH=/home/dhruvil/argo-test/build/twist_stamper/prefix_override:/usr/lib/python3/dist-packages/colcon_core/task/python/colcon_distutils_commands:/home/dhruvil/argo-test/install/twist_stamper/lib/python3.12/site-packages:${PYTHONPATH} /usr/bin/python3 -W ignore:setup.py install is deprecated -W ignore:easy_install command is deprecated setup.py develop --editable --build-directory /home/dhruvil/argo-test/build/twist_stamper/build --no-deps symlink_data
[4.338s] running develop
[6.943s] running egg_info
[6.943s] creating twist_stamper.egg-info
[7.015s] writing twist_stamper.egg-info/PKG-INFO
[7.016s] writing dependency_links to twist_stamper.egg-info/dependency_links.txt
[7.017s] writing entry points to twist_stamper.egg-info/entry_points.txt
[7.019s] writing requirements to twist_stamper.egg-info/requires.txt
[7.020s] writing top-level names to twist_stamper.egg-info/top_level.txt
[7.020s] writing manifest file 'twist_stamper.egg-info/SOURCES.txt'
[7.141s] reading manifest file 'twist_stamper.egg-info/SOURCES.txt'
[7.142s] writing manifest file 'twist_stamper.egg-info/SOURCES.txt'
[7.202s] running build_ext
[7.202s] Creating /home/dhruvil/argo-test/install/twist_stamper/lib/python3.12/site-packages/twist-stamper.egg-link (link to .)
[7.206s] Installing twist_stamper script to /home/dhruvil/argo-test/install/twist_stamper/lib/twist_stamper
[7.207s] Installing twist_unstamper script to /home/dhruvil/argo-test/install/twist_stamper/lib/twist_stamper
[7.207s] 
[7.207s] Installed /home/dhruvil/argo-test/build/twist_stamper
[7.207s] running symlink_data
[7.207s] creating /home/dhruvil/argo-test/install/twist_stamper/share/ament_index
[7.207s] creating /home/dhruvil/argo-test/install/twist_stamper/share/ament_index/resource_index
[7.208s] creating /home/dhruvil/argo-test/install/twist_stamper/share/ament_index/resource_index/packages
[7.208s] symbolically linking /home/dhruvil/argo-test/build/twist_stamper/resource/twist_stamper -> /home/dhruvil/argo-test/install/twist_stamper/share/ament_index/resource_index/packages
[7.208s] symbolically linking /home/dhruvil/argo-test/build/twist_stamper/package.xml -> /home/dhruvil/argo-test/install/twist_stamper/share/twist_stamper
[7.354s] Invoked command in '/home/dhruvil/argo-test/build/twist_stamper' returned '0': DEBUGINFOD_URLS=https://debuginfod.ubuntu.com PYTHONPATH=/home/dhruvil/argo-test/build/twist_stamper/prefix_override:/usr/lib/python3/dist-packages/colcon_core/task/python/colcon_distutils_commands:/home/dhruvil/argo-test/install/twist_stamper/lib/python3.12/site-packages:${PYTHONPATH} /usr/bin/python3 -W ignore:setup.py install is deprecated -W ignore:easy_install command is deprecated setup.py develop --editable --build-directory /home/dhruvil/argo-test/build/twist_stamper/build --no-deps symlink_data
