[1.154s] Invoking command in '/home/argo/Downloads/robot_wss/src/twist_stamper-main': DEBUGINFOD_URLS=https://debuginfod.ubuntu.com PYTHONPATH=/home/argo/Downloads/robot_wss/build/twist_stamper/prefix_override:/usr/lib/python3/dist-packages/colcon_core/task/python/colcon_distutils_commands:/home/argo/Downloads/robot_wss/install/twist_stamper/lib/python3.12/site-packages:${PYTHONPATH} /usr/bin/python3 -W ignore:setup.py install is deprecated -W ignore:easy_install command is deprecated setup.py egg_info --egg-base ../../build/twist_stamper build --build-base /home/argo/Downloads/robot_wss/build/twist_stamper/build install --record /home/argo/Downloads/robot_wss/build/twist_stamper/install.log --single-version-externally-managed install_data
[1.426s] running egg_info
[1.447s] writing ../../build/twist_stamper/twist_stamper.egg-info/PKG-INFO
[1.447s] writing dependency_links to ../../build/twist_stamper/twist_stamper.egg-info/dependency_links.txt
[1.447s] writing entry points to ../../build/twist_stamper/twist_stamper.egg-info/entry_points.txt
[1.448s] writing requirements to ../../build/twist_stamper/twist_stamper.egg-info/requires.txt
[1.448s] writing top-level names to ../../build/twist_stamper/twist_stamper.egg-info/top_level.txt
[1.490s] reading manifest file '../../build/twist_stamper/twist_stamper.egg-info/SOURCES.txt'
[1.490s] adding license file 'LICENSE'
[1.491s] writing manifest file '../../build/twist_stamper/twist_stamper.egg-info/SOURCES.txt'
[1.491s] running build
[1.491s] running build_py
[1.491s] running install
[1.497s] running install_lib
[1.519s] running install_data
[1.519s] running install_egg_info
[1.541s] removing '/home/argo/Downloads/robot_wss/install/twist_stamper/lib/python3.12/site-packages/twist_stamper-0.0.5-py3.12.egg-info' (and everything under it)
[1.541s] Copying ../../build/twist_stamper/twist_stamper.egg-info to /home/argo/Downloads/robot_wss/install/twist_stamper/lib/python3.12/site-packages/twist_stamper-0.0.5-py3.12.egg-info
[1.542s] running install_scripts
[1.680s] Installing twist_stamper script to /home/argo/Downloads/robot_wss/install/twist_stamper/lib/twist_stamper
[1.680s] Installing twist_unstamper script to /home/argo/Downloads/robot_wss/install/twist_stamper/lib/twist_stamper
[1.680s] writing list of installed files to '/home/argo/Downloads/robot_wss/build/twist_stamper/install.log'
[1.707s] Invoked command in '/home/argo/Downloads/robot_wss/src/twist_stamper-main' returned '0': DEBUGINFOD_URLS=https://debuginfod.ubuntu.com PYTHONPATH=/home/argo/Downloads/robot_wss/build/twist_stamper/prefix_override:/usr/lib/python3/dist-packages/colcon_core/task/python/colcon_distutils_commands:/home/argo/Downloads/robot_wss/install/twist_stamper/lib/python3.12/site-packages:${PYTHONPATH} /usr/bin/python3 -W ignore:setup.py install is deprecated -W ignore:easy_install command is deprecated setup.py egg_info --egg-base ../../build/twist_stamper build --build-base /home/argo/Downloads/robot_wss/build/twist_stamper/build install --record /home/argo/Downloads/robot_wss/build/twist_stamper/install.log --single-version-externally-managed install_data
