[0.553s] DEBUG:colcon:Command line arguments: ['/usr/bin/colcon', 'build']
[0.553s] DEBUG:colcon:Parsed command line arguments: Namespace(log_base=None, log_level=None, verb_name='build', build_base='build', install_base='install', merge_install=False, symlink_install=False, test_result_base=None, continue_on_error=False, executor='parallel', parallel_workers=4, event_handlers=None, ignore_user_meta=False, metas=['./colcon.meta'], base_paths=['.'], packages_ignore=None, packages_ignore_regex=None, paths=None, packages_up_to=None, packages_up_to_regex=None, packages_above=None, packages_above_and_dependencies=None, packages_above_depth=None, packages_select_by_dep=None, packages_skip_by_dep=None, packages_skip_up_to=None, packages_select_build_failed=False, packages_skip_build_finished=False, packages_select_test_failures=False, packages_skip_test_passed=False, packages_select=None, packages_skip=None, packages_select_regex=None, packages_skip_regex=None, packages_start=None, packages_end=None, allow_overriding=[], cmake_args=None, cmake_target=None, cmake_target_skip_unavailable=False, cmake_clean_cache=False, cmake_clean_first=False, cmake_force_configure=False, ament_cmake_args=None, catkin_cmake_args=None, catkin_skip_building_tests=False, verb_parser=<colcon_defaults.argument_parser.defaults.DefaultArgumentsDecorator object at 0x764651979d60>, verb_extension=<colcon_core.verb.build.BuildVerb object at 0x764651a9e870>, main=<bound method BuildVerb.main of <colcon_core.verb.build.BuildVerb object at 0x764651a9e870>>)
[0.650s] Level 1:colcon.colcon_core.package_discovery:discover_packages(colcon_meta) check parameters
[0.650s] Level 1:colcon.colcon_core.package_discovery:discover_packages(recursive) check parameters
[0.650s] Level 1:colcon.colcon_core.package_discovery:discover_packages(ignore) check parameters
[0.651s] Level 1:colcon.colcon_core.package_discovery:discover_packages(path) check parameters
[0.651s] Level 1:colcon.colcon_core.package_discovery:discover_packages(colcon_meta) discover
[0.651s] Level 1:colcon.colcon_core.package_discovery:discover_packages(recursive) discover
[0.651s] INFO:colcon.colcon_core.package_discovery:Crawling recursively for packages in '/home/argo/Downloads/robot_wss'
[0.651s] Level 1:colcon.colcon_core.package_identification:_identify(.) by extensions ['ignore', 'ignore_ament_install']
[0.651s] Level 1:colcon.colcon_core.package_identification:_identify(.) by extension 'ignore'
[0.651s] Level 1:colcon.colcon_core.package_identification:_identify(.) by extension 'ignore_ament_install'
[0.651s] Level 1:colcon.colcon_core.package_identification:_identify(.) by extensions ['colcon_pkg']
[0.651s] Level 1:colcon.colcon_core.package_identification:_identify(.) by extension 'colcon_pkg'
[0.651s] Level 1:colcon.colcon_core.package_identification:_identify(.) by extensions ['colcon_meta']
[0.651s] Level 1:colcon.colcon_core.package_identification:_identify(.) by extension 'colcon_meta'
[0.651s] Level 1:colcon.colcon_core.package_identification:_identify(.) by extensions ['ros']
[0.651s] Level 1:colcon.colcon_core.package_identification:_identify(.) by extension 'ros'
[0.685s] Level 1:colcon.colcon_core.package_identification:_identify(.) by extensions ['cmake', 'python']
[0.685s] Level 1:colcon.colcon_core.package_identification:_identify(.) by extension 'cmake'
[0.685s] Level 1:colcon.colcon_core.package_identification:_identify(.) by extension 'python'
[0.685s] Level 1:colcon.colcon_core.package_identification:_identify(.) by extensions ['python_setup_py']
[0.685s] Level 1:colcon.colcon_core.package_identification:_identify(.) by extension 'python_setup_py'
[0.685s] Level 1:colcon.colcon_core.package_identification:_identify(build) by extensions ['ignore', 'ignore_ament_install']
[0.685s] Level 1:colcon.colcon_core.package_identification:_identify(build) by extension 'ignore'
[0.685s] Level 1:colcon.colcon_core.package_identification:_identify(build) ignored
[0.686s] Level 1:colcon.colcon_core.package_identification:_identify(install) by extensions ['ignore', 'ignore_ament_install']
[0.686s] Level 1:colcon.colcon_core.package_identification:_identify(install) by extension 'ignore'
[0.686s] Level 1:colcon.colcon_core.package_identification:_identify(install) ignored
[0.686s] Level 1:colcon.colcon_core.package_identification:_identify(log) by extensions ['ignore', 'ignore_ament_install']
[0.686s] Level 1:colcon.colcon_core.package_identification:_identify(log) by extension 'ignore'
[0.686s] Level 1:colcon.colcon_core.package_identification:_identify(log) ignored
[0.686s] Level 1:colcon.colcon_core.package_identification:_identify(src) by extensions ['ignore', 'ignore_ament_install']
[0.686s] Level 1:colcon.colcon_core.package_identification:_identify(src) by extension 'ignore'
[0.686s] Level 1:colcon.colcon_core.package_identification:_identify(src) by extension 'ignore_ament_install'
[0.687s] Level 1:colcon.colcon_core.package_identification:_identify(src) by extensions ['colcon_pkg']
[0.687s] Level 1:colcon.colcon_core.package_identification:_identify(src) by extension 'colcon_pkg'
[0.687s] Level 1:colcon.colcon_core.package_identification:_identify(src) by extensions ['colcon_meta']
[0.687s] Level 1:colcon.colcon_core.package_identification:_identify(src) by extension 'colcon_meta'
[0.687s] Level 1:colcon.colcon_core.package_identification:_identify(src) by extensions ['ros']
[0.687s] Level 1:colcon.colcon_core.package_identification:_identify(src) by extension 'ros'
[0.687s] Level 1:colcon.colcon_core.package_identification:_identify(src) by extensions ['cmake', 'python']
[0.687s] Level 1:colcon.colcon_core.package_identification:_identify(src) by extension 'cmake'
[0.687s] Level 1:colcon.colcon_core.package_identification:_identify(src) by extension 'python'
[0.687s] Level 1:colcon.colcon_core.package_identification:_identify(src) by extensions ['python_setup_py']
[0.687s] Level 1:colcon.colcon_core.package_identification:_identify(src) by extension 'python_setup_py'
[0.687s] Level 1:colcon.colcon_core.package_identification:_identify(src/nav_pkg) by extensions ['ignore', 'ignore_ament_install']
[0.687s] Level 1:colcon.colcon_core.package_identification:_identify(src/nav_pkg) by extension 'ignore'
[0.687s] Level 1:colcon.colcon_core.package_identification:_identify(src/nav_pkg) by extension 'ignore_ament_install'
[0.687s] Level 1:colcon.colcon_core.package_identification:_identify(src/nav_pkg) by extensions ['colcon_pkg']
[0.688s] Level 1:colcon.colcon_core.package_identification:_identify(src/nav_pkg) by extension 'colcon_pkg'
[0.688s] Level 1:colcon.colcon_core.package_identification:_identify(src/nav_pkg) by extensions ['colcon_meta']
[0.688s] Level 1:colcon.colcon_core.package_identification:_identify(src/nav_pkg) by extension 'colcon_meta'
[0.688s] Level 1:colcon.colcon_core.package_identification:_identify(src/nav_pkg) by extensions ['ros']
[0.688s] Level 1:colcon.colcon_core.package_identification:_identify(src/nav_pkg) by extension 'ros'
[0.692s] DEBUG:colcon.colcon_core.package_identification:Package 'src/nav_pkg' with type 'ros.ament_python' and name 'nav_pkg'
[0.693s] Level 1:colcon.colcon_core.package_identification:_identify(src/office_robot) by extensions ['ignore', 'ignore_ament_install']
[0.693s] Level 1:colcon.colcon_core.package_identification:_identify(src/office_robot) by extension 'ignore'
[0.693s] Level 1:colcon.colcon_core.package_identification:_identify(src/office_robot) by extension 'ignore_ament_install'
[0.693s] Level 1:colcon.colcon_core.package_identification:_identify(src/office_robot) by extensions ['colcon_pkg']
[0.693s] Level 1:colcon.colcon_core.package_identification:_identify(src/office_robot) by extension 'colcon_pkg'
[0.693s] Level 1:colcon.colcon_core.package_identification:_identify(src/office_robot) by extensions ['colcon_meta']
[0.693s] Level 1:colcon.colcon_core.package_identification:_identify(src/office_robot) by extension 'colcon_meta'
[0.693s] Level 1:colcon.colcon_core.package_identification:_identify(src/office_robot) by extensions ['ros']
[0.693s] Level 1:colcon.colcon_core.package_identification:_identify(src/office_robot) by extension 'ros'
[0.693s] Level 1:colcon.colcon_core.package_identification:_identify(src/office_robot) by extensions ['cmake', 'python']
[0.693s] Level 1:colcon.colcon_core.package_identification:_identify(src/office_robot) by extension 'cmake'
[0.693s] Level 1:colcon.colcon_core.package_identification:_identify(src/office_robot) by extension 'python'
[0.693s] Level 1:colcon.colcon_core.package_identification:_identify(src/office_robot) by extensions ['python_setup_py']
[0.693s] Level 1:colcon.colcon_core.package_identification:_identify(src/office_robot) by extension 'python_setup_py'
[0.694s] Level 1:colcon.colcon_core.package_identification:_identify(src/office_robot/maps) by extensions ['ignore', 'ignore_ament_install']
[0.694s] Level 1:colcon.colcon_core.package_identification:_identify(src/office_robot/maps) by extension 'ignore'
[0.694s] Level 1:colcon.colcon_core.package_identification:_identify(src/office_robot/maps) by extension 'ignore_ament_install'
[0.694s] Level 1:colcon.colcon_core.package_identification:_identify(src/office_robot/maps) by extensions ['colcon_pkg']
[0.694s] Level 1:colcon.colcon_core.package_identification:_identify(src/office_robot/maps) by extension 'colcon_pkg'
[0.694s] Level 1:colcon.colcon_core.package_identification:_identify(src/office_robot/maps) by extensions ['colcon_meta']
[0.694s] Level 1:colcon.colcon_core.package_identification:_identify(src/office_robot/maps) by extension 'colcon_meta'
[0.694s] Level 1:colcon.colcon_core.package_identification:_identify(src/office_robot/maps) by extensions ['ros']
[0.694s] Level 1:colcon.colcon_core.package_identification:_identify(src/office_robot/maps) by extension 'ros'
[0.694s] Level 1:colcon.colcon_core.package_identification:_identify(src/office_robot/maps) by extensions ['cmake', 'python']
[0.694s] Level 1:colcon.colcon_core.package_identification:_identify(src/office_robot/maps) by extension 'cmake'
[0.694s] Level 1:colcon.colcon_core.package_identification:_identify(src/office_robot/maps) by extension 'python'
[0.694s] Level 1:colcon.colcon_core.package_identification:_identify(src/office_robot/maps) by extensions ['python_setup_py']
[0.694s] Level 1:colcon.colcon_core.package_identification:_identify(src/office_robot/maps) by extension 'python_setup_py'
[0.695s] Level 1:colcon.colcon_core.package_identification:_identify(src/robot_control_pkg) by extensions ['ignore', 'ignore_ament_install']
[0.695s] Level 1:colcon.colcon_core.package_identification:_identify(src/robot_control_pkg) by extension 'ignore'
[0.695s] Level 1:colcon.colcon_core.package_identification:_identify(src/robot_control_pkg) by extension 'ignore_ament_install'
[0.695s] Level 1:colcon.colcon_core.package_identification:_identify(src/robot_control_pkg) by extensions ['colcon_pkg']
[0.695s] Level 1:colcon.colcon_core.package_identification:_identify(src/robot_control_pkg) by extension 'colcon_pkg'
[0.695s] Level 1:colcon.colcon_core.package_identification:_identify(src/robot_control_pkg) by extensions ['colcon_meta']
[0.695s] Level 1:colcon.colcon_core.package_identification:_identify(src/robot_control_pkg) by extension 'colcon_meta'
[0.695s] Level 1:colcon.colcon_core.package_identification:_identify(src/robot_control_pkg) by extensions ['ros']
[0.695s] Level 1:colcon.colcon_core.package_identification:_identify(src/robot_control_pkg) by extension 'ros'
[0.696s] DEBUG:colcon.colcon_core.package_identification:Package 'src/robot_control_pkg' with type 'ros.ament_cmake' and name 'robot_control_pkg'
[0.696s] Level 1:colcon.colcon_core.package_identification:_identify(src/rplidar_ros) by extensions ['ignore', 'ignore_ament_install']
[0.697s] Level 1:colcon.colcon_core.package_identification:_identify(src/rplidar_ros) by extension 'ignore'
[0.697s] Level 1:colcon.colcon_core.package_identification:_identify(src/rplidar_ros) by extension 'ignore_ament_install'
[0.697s] Level 1:colcon.colcon_core.package_identification:_identify(src/rplidar_ros) by extensions ['colcon_pkg']
[0.697s] Level 1:colcon.colcon_core.package_identification:_identify(src/rplidar_ros) by extension 'colcon_pkg'
[0.697s] Level 1:colcon.colcon_core.package_identification:_identify(src/rplidar_ros) by extensions ['colcon_meta']
[0.697s] Level 1:colcon.colcon_core.package_identification:_identify(src/rplidar_ros) by extension 'colcon_meta'
[0.697s] Level 1:colcon.colcon_core.package_identification:_identify(src/rplidar_ros) by extensions ['ros']
[0.697s] Level 1:colcon.colcon_core.package_identification:_identify(src/rplidar_ros) by extension 'ros'
[0.697s] DEBUG:colcon.colcon_core.package_identification:Package 'src/rplidar_ros' with type 'ros.ament_cmake' and name 'rplidar_ros'
[0.698s] Level 1:colcon.colcon_core.package_identification:_identify(src/serial_robot_control_arduino) by extensions ['ignore', 'ignore_ament_install']
[0.698s] Level 1:colcon.colcon_core.package_identification:_identify(src/serial_robot_control_arduino) by extension 'ignore'
[0.698s] Level 1:colcon.colcon_core.package_identification:_identify(src/serial_robot_control_arduino) by extension 'ignore_ament_install'
[0.698s] Level 1:colcon.colcon_core.package_identification:_identify(src/serial_robot_control_arduino) by extensions ['colcon_pkg']
[0.698s] Level 1:colcon.colcon_core.package_identification:_identify(src/serial_robot_control_arduino) by extension 'colcon_pkg'
[0.698s] Level 1:colcon.colcon_core.package_identification:_identify(src/serial_robot_control_arduino) by extensions ['colcon_meta']
[0.698s] Level 1:colcon.colcon_core.package_identification:_identify(src/serial_robot_control_arduino) by extension 'colcon_meta'
[0.698s] Level 1:colcon.colcon_core.package_identification:_identify(src/serial_robot_control_arduino) by extensions ['ros']
[0.698s] Level 1:colcon.colcon_core.package_identification:_identify(src/serial_robot_control_arduino) by extension 'ros'
[0.698s] Level 1:colcon.colcon_core.package_identification:_identify(src/serial_robot_control_arduino) by extensions ['cmake', 'python']
[0.698s] Level 1:colcon.colcon_core.package_identification:_identify(src/serial_robot_control_arduino) by extension 'cmake'
[0.699s] Level 1:colcon.colcon_core.package_identification:_identify(src/serial_robot_control_arduino) by extension 'python'
[0.699s] Level 1:colcon.colcon_core.package_identification:_identify(src/serial_robot_control_arduino) by extensions ['python_setup_py']
[0.699s] Level 1:colcon.colcon_core.package_identification:_identify(src/serial_robot_control_arduino) by extension 'python_setup_py'
[0.699s] Level 1:colcon.colcon_core.package_identification:_identify(src/simulation_pkg) by extensions ['ignore', 'ignore_ament_install']
[0.699s] Level 1:colcon.colcon_core.package_identification:_identify(src/simulation_pkg) by extension 'ignore'
[0.699s] Level 1:colcon.colcon_core.package_identification:_identify(src/simulation_pkg) by extension 'ignore_ament_install'
[0.699s] Level 1:colcon.colcon_core.package_identification:_identify(src/simulation_pkg) by extensions ['colcon_pkg']
[0.699s] Level 1:colcon.colcon_core.package_identification:_identify(src/simulation_pkg) by extension 'colcon_pkg'
[0.699s] Level 1:colcon.colcon_core.package_identification:_identify(src/simulation_pkg) by extensions ['colcon_meta']
[0.699s] Level 1:colcon.colcon_core.package_identification:_identify(src/simulation_pkg) by extension 'colcon_meta'
[0.699s] Level 1:colcon.colcon_core.package_identification:_identify(src/simulation_pkg) by extensions ['ros']
[0.699s] Level 1:colcon.colcon_core.package_identification:_identify(src/simulation_pkg) by extension 'ros'
[0.700s] DEBUG:colcon.colcon_core.package_identification:Package 'src/simulation_pkg' with type 'ros.ament_python' and name 'simulation_pkg'
[0.701s] Level 1:colcon.colcon_core.package_identification:_identify(src/slam_pkg) by extensions ['ignore', 'ignore_ament_install']
[0.701s] Level 1:colcon.colcon_core.package_identification:_identify(src/slam_pkg) by extension 'ignore'
[0.701s] Level 1:colcon.colcon_core.package_identification:_identify(src/slam_pkg) by extension 'ignore_ament_install'
[0.701s] Level 1:colcon.colcon_core.package_identification:_identify(src/slam_pkg) by extensions ['colcon_pkg']
[0.701s] Level 1:colcon.colcon_core.package_identification:_identify(src/slam_pkg) by extension 'colcon_pkg'
[0.701s] Level 1:colcon.colcon_core.package_identification:_identify(src/slam_pkg) by extensions ['colcon_meta']
[0.701s] Level 1:colcon.colcon_core.package_identification:_identify(src/slam_pkg) by extension 'colcon_meta'
[0.701s] Level 1:colcon.colcon_core.package_identification:_identify(src/slam_pkg) by extensions ['ros']
[0.701s] Level 1:colcon.colcon_core.package_identification:_identify(src/slam_pkg) by extension 'ros'
[0.702s] DEBUG:colcon.colcon_core.package_identification:Package 'src/slam_pkg' with type 'ros.ament_python' and name 'slam_pkg'
[0.702s] Level 1:colcon.colcon_core.package_identification:_identify(src/twist_stamper-main) by extensions ['ignore', 'ignore_ament_install']
[0.702s] Level 1:colcon.colcon_core.package_identification:_identify(src/twist_stamper-main) by extension 'ignore'
[0.703s] Level 1:colcon.colcon_core.package_identification:_identify(src/twist_stamper-main) by extension 'ignore_ament_install'
[0.703s] Level 1:colcon.colcon_core.package_identification:_identify(src/twist_stamper-main) by extensions ['colcon_pkg']
[0.703s] Level 1:colcon.colcon_core.package_identification:_identify(src/twist_stamper-main) by extension 'colcon_pkg'
[0.703s] Level 1:colcon.colcon_core.package_identification:_identify(src/twist_stamper-main) by extensions ['colcon_meta']
[0.703s] Level 1:colcon.colcon_core.package_identification:_identify(src/twist_stamper-main) by extension 'colcon_meta'
[0.703s] Level 1:colcon.colcon_core.package_identification:_identify(src/twist_stamper-main) by extensions ['ros']
[0.703s] Level 1:colcon.colcon_core.package_identification:_identify(src/twist_stamper-main) by extension 'ros'
[0.704s] DEBUG:colcon.colcon_core.package_identification:Package 'src/twist_stamper-main' with type 'ros.ament_python' and name 'twist_stamper'
[0.704s] Level 1:colcon.colcon_core.package_discovery:discover_packages(recursive) using defaults
[0.704s] Level 1:colcon.colcon_core.package_discovery:discover_packages(ignore) discover
[0.704s] Level 1:colcon.colcon_core.package_discovery:discover_packages(ignore) using defaults
[0.704s] Level 1:colcon.colcon_core.package_discovery:discover_packages(path) discover
[0.704s] Level 1:colcon.colcon_core.package_discovery:discover_packages(path) using defaults
[0.736s] Level 1:colcon.colcon_core.package_discovery:discover_packages(prefix_path) check parameters
[0.736s] Level 1:colcon.colcon_core.package_discovery:discover_packages(prefix_path) discover
[0.742s] DEBUG:colcon.colcon_installed_package_information.package_discovery:Found 426 installed packages in /opt/ros/jazzy
[0.744s] Level 1:colcon.colcon_core.package_discovery:discover_packages(prefix_path) using defaults
[0.799s] Level 5:colcon.colcon_core.verb:set package 'nav_pkg' build argument 'cmake_args' from command line to 'None'
[0.799s] Level 5:colcon.colcon_core.verb:set package 'nav_pkg' build argument 'cmake_target' from command line to 'None'
[0.799s] Level 5:colcon.colcon_core.verb:set package 'nav_pkg' build argument 'cmake_target_skip_unavailable' from command line to 'False'
[0.799s] Level 5:colcon.colcon_core.verb:set package 'nav_pkg' build argument 'cmake_clean_cache' from command line to 'False'
[0.799s] Level 5:colcon.colcon_core.verb:set package 'nav_pkg' build argument 'cmake_clean_first' from command line to 'False'
[0.799s] Level 5:colcon.colcon_core.verb:set package 'nav_pkg' build argument 'cmake_force_configure' from command line to 'False'
[0.799s] Level 5:colcon.colcon_core.verb:set package 'nav_pkg' build argument 'ament_cmake_args' from command line to 'None'
[0.799s] Level 5:colcon.colcon_core.verb:set package 'nav_pkg' build argument 'catkin_cmake_args' from command line to 'None'
[0.799s] Level 5:colcon.colcon_core.verb:set package 'nav_pkg' build argument 'catkin_skip_building_tests' from command line to 'False'
[0.799s] DEBUG:colcon.colcon_core.verb:Building package 'nav_pkg' with the following arguments: {'ament_cmake_args': None, 'build_base': '/home/argo/Downloads/robot_wss/build/nav_pkg', 'catkin_cmake_args': None, 'catkin_skip_building_tests': False, 'cmake_args': None, 'cmake_clean_cache': False, 'cmake_clean_first': False, 'cmake_force_configure': False, 'cmake_target': None, 'cmake_target_skip_unavailable': False, 'install_base': '/home/argo/Downloads/robot_wss/install/nav_pkg', 'merge_install': False, 'path': '/home/argo/Downloads/robot_wss/src/nav_pkg', 'symlink_install': False, 'test_result_base': None}
[0.799s] Level 5:colcon.colcon_core.verb:set package 'robot_control_pkg' build argument 'cmake_args' from command line to 'None'
[0.799s] Level 5:colcon.colcon_core.verb:set package 'robot_control_pkg' build argument 'cmake_target' from command line to 'None'
[0.799s] Level 5:colcon.colcon_core.verb:set package 'robot_control_pkg' build argument 'cmake_target_skip_unavailable' from command line to 'False'
[0.799s] Level 5:colcon.colcon_core.verb:set package 'robot_control_pkg' build argument 'cmake_clean_cache' from command line to 'False'
[0.799s] Level 5:colcon.colcon_core.verb:set package 'robot_control_pkg' build argument 'cmake_clean_first' from command line to 'False'
[0.799s] Level 5:colcon.colcon_core.verb:set package 'robot_control_pkg' build argument 'cmake_force_configure' from command line to 'False'
[0.799s] Level 5:colcon.colcon_core.verb:set package 'robot_control_pkg' build argument 'ament_cmake_args' from command line to 'None'
[0.799s] Level 5:colcon.colcon_core.verb:set package 'robot_control_pkg' build argument 'catkin_cmake_args' from command line to 'None'
[0.799s] Level 5:colcon.colcon_core.verb:set package 'robot_control_pkg' build argument 'catkin_skip_building_tests' from command line to 'False'
[0.799s] DEBUG:colcon.colcon_core.verb:Building package 'robot_control_pkg' with the following arguments: {'ament_cmake_args': None, 'build_base': '/home/argo/Downloads/robot_wss/build/robot_control_pkg', 'catkin_cmake_args': None, 'catkin_skip_building_tests': False, 'cmake_args': None, 'cmake_clean_cache': False, 'cmake_clean_first': False, 'cmake_force_configure': False, 'cmake_target': None, 'cmake_target_skip_unavailable': False, 'install_base': '/home/argo/Downloads/robot_wss/install/robot_control_pkg', 'merge_install': False, 'path': '/home/argo/Downloads/robot_wss/src/robot_control_pkg', 'symlink_install': False, 'test_result_base': None}
[0.799s] Level 5:colcon.colcon_core.verb:set package 'rplidar_ros' build argument 'cmake_args' from command line to 'None'
[0.799s] Level 5:colcon.colcon_core.verb:set package 'rplidar_ros' build argument 'cmake_target' from command line to 'None'
[0.799s] Level 5:colcon.colcon_core.verb:set package 'rplidar_ros' build argument 'cmake_target_skip_unavailable' from command line to 'False'
[0.799s] Level 5:colcon.colcon_core.verb:set package 'rplidar_ros' build argument 'cmake_clean_cache' from command line to 'False'
[0.799s] Level 5:colcon.colcon_core.verb:set package 'rplidar_ros' build argument 'cmake_clean_first' from command line to 'False'
[0.800s] Level 5:colcon.colcon_core.verb:set package 'rplidar_ros' build argument 'cmake_force_configure' from command line to 'False'
[0.800s] Level 5:colcon.colcon_core.verb:set package 'rplidar_ros' build argument 'ament_cmake_args' from command line to 'None'
[0.800s] Level 5:colcon.colcon_core.verb:set package 'rplidar_ros' build argument 'catkin_cmake_args' from command line to 'None'
[0.800s] Level 5:colcon.colcon_core.verb:set package 'rplidar_ros' build argument 'catkin_skip_building_tests' from command line to 'False'
[0.800s] DEBUG:colcon.colcon_core.verb:Building package 'rplidar_ros' with the following arguments: {'ament_cmake_args': None, 'build_base': '/home/argo/Downloads/robot_wss/build/rplidar_ros', 'catkin_cmake_args': None, 'catkin_skip_building_tests': False, 'cmake_args': None, 'cmake_clean_cache': False, 'cmake_clean_first': False, 'cmake_force_configure': False, 'cmake_target': None, 'cmake_target_skip_unavailable': False, 'install_base': '/home/argo/Downloads/robot_wss/install/rplidar_ros', 'merge_install': False, 'path': '/home/argo/Downloads/robot_wss/src/rplidar_ros', 'symlink_install': False, 'test_result_base': None}
[0.800s] Level 5:colcon.colcon_core.verb:set package 'simulation_pkg' build argument 'cmake_args' from command line to 'None'
[0.800s] Level 5:colcon.colcon_core.verb:set package 'simulation_pkg' build argument 'cmake_target' from command line to 'None'
[0.800s] Level 5:colcon.colcon_core.verb:set package 'simulation_pkg' build argument 'cmake_target_skip_unavailable' from command line to 'False'
[0.800s] Level 5:colcon.colcon_core.verb:set package 'simulation_pkg' build argument 'cmake_clean_cache' from command line to 'False'
[0.800s] Level 5:colcon.colcon_core.verb:set package 'simulation_pkg' build argument 'cmake_clean_first' from command line to 'False'
[0.800s] Level 5:colcon.colcon_core.verb:set package 'simulation_pkg' build argument 'cmake_force_configure' from command line to 'False'
[0.800s] Level 5:colcon.colcon_core.verb:set package 'simulation_pkg' build argument 'ament_cmake_args' from command line to 'None'
[0.800s] Level 5:colcon.colcon_core.verb:set package 'simulation_pkg' build argument 'catkin_cmake_args' from command line to 'None'
[0.800s] Level 5:colcon.colcon_core.verb:set package 'simulation_pkg' build argument 'catkin_skip_building_tests' from command line to 'False'
[0.800s] DEBUG:colcon.colcon_core.verb:Building package 'simulation_pkg' with the following arguments: {'ament_cmake_args': None, 'build_base': '/home/argo/Downloads/robot_wss/build/simulation_pkg', 'catkin_cmake_args': None, 'catkin_skip_building_tests': False, 'cmake_args': None, 'cmake_clean_cache': False, 'cmake_clean_first': False, 'cmake_force_configure': False, 'cmake_target': None, 'cmake_target_skip_unavailable': False, 'install_base': '/home/argo/Downloads/robot_wss/install/simulation_pkg', 'merge_install': False, 'path': '/home/argo/Downloads/robot_wss/src/simulation_pkg', 'symlink_install': False, 'test_result_base': None}
[0.800s] Level 5:colcon.colcon_core.verb:set package 'slam_pkg' build argument 'cmake_args' from command line to 'None'
[0.800s] Level 5:colcon.colcon_core.verb:set package 'slam_pkg' build argument 'cmake_target' from command line to 'None'
[0.800s] Level 5:colcon.colcon_core.verb:set package 'slam_pkg' build argument 'cmake_target_skip_unavailable' from command line to 'False'
[0.800s] Level 5:colcon.colcon_core.verb:set package 'slam_pkg' build argument 'cmake_clean_cache' from command line to 'False'
[0.800s] Level 5:colcon.colcon_core.verb:set package 'slam_pkg' build argument 'cmake_clean_first' from command line to 'False'
[0.800s] Level 5:colcon.colcon_core.verb:set package 'slam_pkg' build argument 'cmake_force_configure' from command line to 'False'
[0.800s] Level 5:colcon.colcon_core.verb:set package 'slam_pkg' build argument 'ament_cmake_args' from command line to 'None'
[0.800s] Level 5:colcon.colcon_core.verb:set package 'slam_pkg' build argument 'catkin_cmake_args' from command line to 'None'
[0.800s] Level 5:colcon.colcon_core.verb:set package 'slam_pkg' build argument 'catkin_skip_building_tests' from command line to 'False'
[0.800s] DEBUG:colcon.colcon_core.verb:Building package 'slam_pkg' with the following arguments: {'ament_cmake_args': None, 'build_base': '/home/argo/Downloads/robot_wss/build/slam_pkg', 'catkin_cmake_args': None, 'catkin_skip_building_tests': False, 'cmake_args': None, 'cmake_clean_cache': False, 'cmake_clean_first': False, 'cmake_force_configure': False, 'cmake_target': None, 'cmake_target_skip_unavailable': False, 'install_base': '/home/argo/Downloads/robot_wss/install/slam_pkg', 'merge_install': False, 'path': '/home/argo/Downloads/robot_wss/src/slam_pkg', 'symlink_install': False, 'test_result_base': None}
[0.801s] Level 5:colcon.colcon_core.verb:set package 'twist_stamper' build argument 'cmake_args' from command line to 'None'
[0.801s] Level 5:colcon.colcon_core.verb:set package 'twist_stamper' build argument 'cmake_target' from command line to 'None'
[0.801s] Level 5:colcon.colcon_core.verb:set package 'twist_stamper' build argument 'cmake_target_skip_unavailable' from command line to 'False'
[0.801s] Level 5:colcon.colcon_core.verb:set package 'twist_stamper' build argument 'cmake_clean_cache' from command line to 'False'
[0.801s] Level 5:colcon.colcon_core.verb:set package 'twist_stamper' build argument 'cmake_clean_first' from command line to 'False'
[0.801s] Level 5:colcon.colcon_core.verb:set package 'twist_stamper' build argument 'cmake_force_configure' from command line to 'False'
[0.801s] Level 5:colcon.colcon_core.verb:set package 'twist_stamper' build argument 'ament_cmake_args' from command line to 'None'
[0.801s] Level 5:colcon.colcon_core.verb:set package 'twist_stamper' build argument 'catkin_cmake_args' from command line to 'None'
[0.801s] Level 5:colcon.colcon_core.verb:set package 'twist_stamper' build argument 'catkin_skip_building_tests' from command line to 'False'
[0.801s] DEBUG:colcon.colcon_core.verb:Building package 'twist_stamper' with the following arguments: {'ament_cmake_args': None, 'build_base': '/home/argo/Downloads/robot_wss/build/twist_stamper', 'catkin_cmake_args': None, 'catkin_skip_building_tests': False, 'cmake_args': None, 'cmake_clean_cache': False, 'cmake_clean_first': False, 'cmake_force_configure': False, 'cmake_target': None, 'cmake_target_skip_unavailable': False, 'install_base': '/home/argo/Downloads/robot_wss/install/twist_stamper', 'merge_install': False, 'path': '/home/argo/Downloads/robot_wss/src/twist_stamper-main', 'symlink_install': False, 'test_result_base': None}
[0.801s] INFO:colcon.colcon_core.executor:Executing jobs using 'parallel' executor
[0.802s] DEBUG:colcon.colcon_parallel_executor.executor.parallel:run_until_complete
[0.802s] INFO:colcon.colcon_ros.task.ament_python.build:Building ROS package in '/home/argo/Downloads/robot_wss/src/nav_pkg' with build type 'ament_python'
[0.802s] Level 1:colcon.colcon_core.shell:create_environment_hook('nav_pkg', 'ament_prefix_path')
[0.808s] INFO:colcon.colcon_core.plugin_system:Skipping extension 'colcon_core.shell.bat': Not used on non-Windows systems
[0.808s] INFO:colcon.colcon_core.shell:Creating environment hook '/home/argo/Downloads/robot_wss/install/nav_pkg/share/nav_pkg/hook/ament_prefix_path.ps1'
[0.810s] INFO:colcon.colcon_core.shell:Creating environment descriptor '/home/argo/Downloads/robot_wss/install/nav_pkg/share/nav_pkg/hook/ament_prefix_path.dsv'
[0.811s] INFO:colcon.colcon_core.shell:Creating environment hook '/home/argo/Downloads/robot_wss/install/nav_pkg/share/nav_pkg/hook/ament_prefix_path.sh'
[0.812s] INFO:colcon.colcon_core.shell:Skip shell extension 'powershell' for command environment: Not usable outside of PowerShell
[0.812s] DEBUG:colcon.colcon_core.shell:Skip shell extension 'dsv' for command environment
[0.816s] INFO:colcon.colcon_ros.task.ament_cmake.build:Building ROS package in '/home/argo/Downloads/robot_wss/src/robot_control_pkg' with build type 'ament_cmake'
[0.816s] INFO:colcon.colcon_cmake.task.cmake.build:Building CMake package in '/home/argo/Downloads/robot_wss/src/robot_control_pkg'
[0.817s] INFO:colcon.colcon_core.shell:Skip shell extension 'powershell' for command environment: Not usable outside of PowerShell
[0.817s] DEBUG:colcon.colcon_core.shell:Skip shell extension 'dsv' for command environment
[0.820s] INFO:colcon.colcon_ros.task.ament_cmake.build:Building ROS package in '/home/argo/Downloads/robot_wss/src/rplidar_ros' with build type 'ament_cmake'
[0.820s] INFO:colcon.colcon_cmake.task.cmake.build:Building CMake package in '/home/argo/Downloads/robot_wss/src/rplidar_ros'
[0.820s] INFO:colcon.colcon_core.shell:Skip shell extension 'powershell' for command environment: Not usable outside of PowerShell
[0.820s] DEBUG:colcon.colcon_core.shell:Skip shell extension 'dsv' for command environment
[0.824s] INFO:colcon.colcon_ros.task.ament_python.build:Building ROS package in '/home/argo/Downloads/robot_wss/src/simulation_pkg' with build type 'ament_python'
[0.824s] Level 1:colcon.colcon_core.shell:create_environment_hook('simulation_pkg', 'ament_prefix_path')
[0.824s] INFO:colcon.colcon_core.shell:Creating environment hook '/home/argo/Downloads/robot_wss/install/simulation_pkg/share/simulation_pkg/hook/ament_prefix_path.ps1'
[0.825s] INFO:colcon.colcon_core.shell:Creating environment descriptor '/home/argo/Downloads/robot_wss/install/simulation_pkg/share/simulation_pkg/hook/ament_prefix_path.dsv'
[0.826s] INFO:colcon.colcon_core.shell:Creating environment hook '/home/argo/Downloads/robot_wss/install/simulation_pkg/share/simulation_pkg/hook/ament_prefix_path.sh'
[0.826s] INFO:colcon.colcon_core.shell:Skip shell extension 'powershell' for command environment: Not usable outside of PowerShell
[0.826s] DEBUG:colcon.colcon_core.shell:Skip shell extension 'dsv' for command environment
[1.030s] INFO:colcon.colcon_core.task.python.build:Building Python package in '/home/argo/Downloads/robot_wss/src/nav_pkg'
[1.030s] INFO:colcon.colcon_core.shell:Skip shell extension 'powershell' for command environment: Not usable outside of PowerShell
[1.030s] DEBUG:colcon.colcon_core.shell:Skip shell extension 'dsv' for command environment
[1.036s] DEBUG:colcon.colcon_core.event_handler.log_command:Invoking command in '/home/argo/Downloads/robot_wss/build/robot_control_pkg': CMAKE_PREFIX_PATH=${CMAKE_PREFIX_PATH}:/opt/ros/jazzy DEBUGINFOD_URLS=https://debuginfod.ubuntu.com /usr/bin/cmake --build /home/argo/Downloads/robot_wss/build/robot_control_pkg -- -j4 -l4
[1.041s] DEBUG:colcon.colcon_core.event_handler.log_command:Invoking command in '/home/argo/Downloads/robot_wss/build/rplidar_ros': CMAKE_PREFIX_PATH=${CMAKE_PREFIX_PATH}:/opt/ros/jazzy DEBUGINFOD_URLS=https://debuginfod.ubuntu.com /usr/bin/cmake --build /home/argo/Downloads/robot_wss/build/rplidar_ros -- -j4 -l4
[1.256s] INFO:colcon.colcon_core.task.python.build:Building Python package in '/home/argo/Downloads/robot_wss/src/simulation_pkg'
[1.256s] INFO:colcon.colcon_core.shell:Skip shell extension 'powershell' for command environment: Not usable outside of PowerShell
[1.256s] DEBUG:colcon.colcon_core.shell:Skip shell extension 'dsv' for command environment
[1.263s] DEBUG:colcon.colcon_core.event_handler.log_command:Invoked command in '/home/argo/Downloads/robot_wss/build/robot_control_pkg' returned '0': CMAKE_PREFIX_PATH=${CMAKE_PREFIX_PATH}:/opt/ros/jazzy DEBUGINFOD_URLS=https://debuginfod.ubuntu.com /usr/bin/cmake --build /home/argo/Downloads/robot_wss/build/robot_control_pkg -- -j4 -l4
[1.275s] DEBUG:colcon.colcon_core.event_handler.log_command:Invoking command in '/home/argo/Downloads/robot_wss/build/robot_control_pkg': CMAKE_PREFIX_PATH=${CMAKE_PREFIX_PATH}:/opt/ros/jazzy DEBUGINFOD_URLS=https://debuginfod.ubuntu.com /usr/bin/cmake --install /home/argo/Downloads/robot_wss/build/robot_control_pkg
[1.277s] DEBUG:colcon.colcon_core.event_handler.log_command:Invoked command in '/home/argo/Downloads/robot_wss/build/rplidar_ros' returned '0': CMAKE_PREFIX_PATH=${CMAKE_PREFIX_PATH}:/opt/ros/jazzy DEBUGINFOD_URLS=https://debuginfod.ubuntu.com /usr/bin/cmake --build /home/argo/Downloads/robot_wss/build/rplidar_ros -- -j4 -l4
[1.279s] DEBUG:colcon.colcon_core.event_handler.log_command:Invoking command in '/home/argo/Downloads/robot_wss/build/rplidar_ros': CMAKE_PREFIX_PATH=${CMAKE_PREFIX_PATH}:/opt/ros/jazzy DEBUGINFOD_URLS=https://debuginfod.ubuntu.com /usr/bin/cmake --install /home/argo/Downloads/robot_wss/build/rplidar_ros
[1.308s] Level 1:colcon.colcon_core.environment:create_environment_scripts_only(rplidar_ros)
[1.313s] DEBUG:colcon.colcon_core.event_handler.log_command:Invoked command in '/home/argo/Downloads/robot_wss/build/rplidar_ros' returned '0': CMAKE_PREFIX_PATH=${CMAKE_PREFIX_PATH}:/opt/ros/jazzy DEBUGINFOD_URLS=https://debuginfod.ubuntu.com /usr/bin/cmake --install /home/argo/Downloads/robot_wss/build/rplidar_ros
[1.318s] Level 1:colcon.colcon_core.environment:checking '/home/argo/Downloads/robot_wss/install/rplidar_ros' for CMake module files
[1.319s] Level 1:colcon.colcon_core.environment:checking '/home/argo/Downloads/robot_wss/install/rplidar_ros' for CMake config files
[1.320s] Level 1:colcon.colcon_core.shell:create_environment_hook('rplidar_ros', 'cmake_prefix_path')
[1.320s] INFO:colcon.colcon_core.shell:Creating environment hook '/home/argo/Downloads/robot_wss/install/rplidar_ros/share/rplidar_ros/hook/cmake_prefix_path.ps1'
[1.321s] INFO:colcon.colcon_core.shell:Creating environment descriptor '/home/argo/Downloads/robot_wss/install/rplidar_ros/share/rplidar_ros/hook/cmake_prefix_path.dsv'
[1.321s] INFO:colcon.colcon_core.shell:Creating environment hook '/home/argo/Downloads/robot_wss/install/rplidar_ros/share/rplidar_ros/hook/cmake_prefix_path.sh'
[1.322s] Level 1:colcon.colcon_core.environment:checking '/home/argo/Downloads/robot_wss/install/rplidar_ros/lib'
[1.322s] Level 1:colcon.colcon_core.environment:checking '/home/argo/Downloads/robot_wss/install/rplidar_ros/bin'
[1.322s] Level 1:colcon.colcon_core.environment:checking '/home/argo/Downloads/robot_wss/install/rplidar_ros/lib/pkgconfig/rplidar_ros.pc'
[1.322s] Level 1:colcon.colcon_core.environment:checking '/home/argo/Downloads/robot_wss/install/rplidar_ros/lib/python3.12/site-packages'
[1.322s] Level 1:colcon.colcon_core.environment:checking '/home/argo/Downloads/robot_wss/install/rplidar_ros/bin'
[1.323s] INFO:colcon.colcon_core.shell:Creating package script '/home/argo/Downloads/robot_wss/install/rplidar_ros/share/rplidar_ros/package.ps1'
[1.324s] INFO:colcon.colcon_core.shell:Creating package descriptor '/home/argo/Downloads/robot_wss/install/rplidar_ros/share/rplidar_ros/package.dsv'
[1.326s] INFO:colcon.colcon_core.shell:Creating package script '/home/argo/Downloads/robot_wss/install/rplidar_ros/share/rplidar_ros/package.sh'
[1.326s] INFO:colcon.colcon_core.shell:Creating package script '/home/argo/Downloads/robot_wss/install/rplidar_ros/share/rplidar_ros/package.bash'
[1.328s] INFO:colcon.colcon_core.shell:Creating package script '/home/argo/Downloads/robot_wss/install/rplidar_ros/share/rplidar_ros/package.zsh'
[1.330s] Level 1:colcon.colcon_core.environment:create_file_with_runtime_dependencies(/home/argo/Downloads/robot_wss/install/rplidar_ros/share/colcon-core/packages/rplidar_ros)
[1.330s] Level 1:colcon.colcon_core.environment:create_environment_scripts_only(rplidar_ros)
[1.330s] Level 1:colcon.colcon_core.environment:checking '/home/argo/Downloads/robot_wss/install/rplidar_ros' for CMake module files
[1.331s] Level 1:colcon.colcon_core.environment:checking '/home/argo/Downloads/robot_wss/install/rplidar_ros' for CMake config files
[1.331s] Level 1:colcon.colcon_core.shell:create_environment_hook('rplidar_ros', 'cmake_prefix_path')
[1.331s] INFO:colcon.colcon_core.shell:Creating environment hook '/home/argo/Downloads/robot_wss/install/rplidar_ros/share/rplidar_ros/hook/cmake_prefix_path.ps1'
[1.331s] INFO:colcon.colcon_core.shell:Creating environment descriptor '/home/argo/Downloads/robot_wss/install/rplidar_ros/share/rplidar_ros/hook/cmake_prefix_path.dsv'
[1.332s] INFO:colcon.colcon_core.shell:Creating environment hook '/home/argo/Downloads/robot_wss/install/rplidar_ros/share/rplidar_ros/hook/cmake_prefix_path.sh'
[1.333s] Level 1:colcon.colcon_core.environment:checking '/home/argo/Downloads/robot_wss/install/rplidar_ros/lib'
[1.333s] Level 1:colcon.colcon_core.environment:checking '/home/argo/Downloads/robot_wss/install/rplidar_ros/bin'
[1.333s] Level 1:colcon.colcon_core.environment:checking '/home/argo/Downloads/robot_wss/install/rplidar_ros/lib/pkgconfig/rplidar_ros.pc'
[1.333s] Level 1:colcon.colcon_core.environment:checking '/home/argo/Downloads/robot_wss/install/rplidar_ros/lib/python3.12/site-packages'
[1.333s] Level 1:colcon.colcon_core.environment:checking '/home/argo/Downloads/robot_wss/install/rplidar_ros/bin'
[1.333s] INFO:colcon.colcon_core.shell:Creating package script '/home/argo/Downloads/robot_wss/install/rplidar_ros/share/rplidar_ros/package.ps1'
[1.334s] INFO:colcon.colcon_core.shell:Creating package descriptor '/home/argo/Downloads/robot_wss/install/rplidar_ros/share/rplidar_ros/package.dsv'
[1.334s] INFO:colcon.colcon_core.shell:Creating package script '/home/argo/Downloads/robot_wss/install/rplidar_ros/share/rplidar_ros/package.sh'
[1.335s] INFO:colcon.colcon_core.shell:Creating package script '/home/argo/Downloads/robot_wss/install/rplidar_ros/share/rplidar_ros/package.bash'
[1.335s] INFO:colcon.colcon_core.shell:Creating package script '/home/argo/Downloads/robot_wss/install/rplidar_ros/share/rplidar_ros/package.zsh'
[1.335s] Level 1:colcon.colcon_core.environment:create_file_with_runtime_dependencies(/home/argo/Downloads/robot_wss/install/rplidar_ros/share/colcon-core/packages/rplidar_ros)
[1.336s] INFO:colcon.colcon_ros.task.ament_python.build:Building ROS package in '/home/argo/Downloads/robot_wss/src/slam_pkg' with build type 'ament_python'
[1.336s] Level 1:colcon.colcon_core.shell:create_environment_hook('slam_pkg', 'ament_prefix_path')
[1.336s] INFO:colcon.colcon_core.shell:Creating environment hook '/home/argo/Downloads/robot_wss/install/slam_pkg/share/slam_pkg/hook/ament_prefix_path.ps1'
[1.337s] INFO:colcon.colcon_core.shell:Creating environment descriptor '/home/argo/Downloads/robot_wss/install/slam_pkg/share/slam_pkg/hook/ament_prefix_path.dsv'
[1.338s] INFO:colcon.colcon_core.shell:Creating environment hook '/home/argo/Downloads/robot_wss/install/slam_pkg/share/slam_pkg/hook/ament_prefix_path.sh'
[1.338s] INFO:colcon.colcon_core.shell:Skip shell extension 'powershell' for command environment: Not usable outside of PowerShell
[1.338s] DEBUG:colcon.colcon_core.shell:Skip shell extension 'dsv' for command environment
[1.343s] Level 1:colcon.colcon_core.environment:create_environment_scripts_only(robot_control_pkg)
[1.344s] Level 1:colcon.colcon_core.environment:checking '/home/argo/Downloads/robot_wss/install/robot_control_pkg' for CMake module files
[1.344s] Level 1:colcon.colcon_core.environment:checking '/home/argo/Downloads/robot_wss/install/robot_control_pkg' for CMake config files
[1.344s] Level 1:colcon.colcon_core.shell:create_environment_hook('robot_control_pkg', 'cmake_prefix_path')
[1.345s] INFO:colcon.colcon_core.shell:Creating environment hook '/home/argo/Downloads/robot_wss/install/robot_control_pkg/share/robot_control_pkg/hook/cmake_prefix_path.ps1'
[1.345s] DEBUG:colcon.colcon_core.event_handler.log_command:Invoked command in '/home/argo/Downloads/robot_wss/build/robot_control_pkg' returned '0': CMAKE_PREFIX_PATH=${CMAKE_PREFIX_PATH}:/opt/ros/jazzy DEBUGINFOD_URLS=https://debuginfod.ubuntu.com /usr/bin/cmake --install /home/argo/Downloads/robot_wss/build/robot_control_pkg
[1.346s] INFO:colcon.colcon_core.shell:Creating environment descriptor '/home/argo/Downloads/robot_wss/install/robot_control_pkg/share/robot_control_pkg/hook/cmake_prefix_path.dsv'
[1.346s] INFO:colcon.colcon_core.shell:Creating environment hook '/home/argo/Downloads/robot_wss/install/robot_control_pkg/share/robot_control_pkg/hook/cmake_prefix_path.sh'
[1.348s] Level 1:colcon.colcon_core.environment:checking '/home/argo/Downloads/robot_wss/install/robot_control_pkg/lib'
[1.348s] Level 1:colcon.colcon_core.shell:create_environment_hook('robot_control_pkg', 'ld_library_path_lib')
[1.348s] INFO:colcon.colcon_core.shell:Creating environment hook '/home/argo/Downloads/robot_wss/install/robot_control_pkg/share/robot_control_pkg/hook/ld_library_path_lib.ps1'
[1.348s] INFO:colcon.colcon_core.shell:Creating environment descriptor '/home/argo/Downloads/robot_wss/install/robot_control_pkg/share/robot_control_pkg/hook/ld_library_path_lib.dsv'
[1.348s] INFO:colcon.colcon_core.shell:Creating environment hook '/home/argo/Downloads/robot_wss/install/robot_control_pkg/share/robot_control_pkg/hook/ld_library_path_lib.sh'
[1.349s] Level 1:colcon.colcon_core.environment:checking '/home/argo/Downloads/robot_wss/install/robot_control_pkg/bin'
[1.349s] Level 1:colcon.colcon_core.environment:checking '/home/argo/Downloads/robot_wss/install/robot_control_pkg/lib/pkgconfig/robot_control_pkg.pc'
[1.349s] Level 1:colcon.colcon_core.environment:checking '/home/argo/Downloads/robot_wss/install/robot_control_pkg/lib/python3.12/site-packages'
[1.350s] Level 1:colcon.colcon_core.environment:checking '/home/argo/Downloads/robot_wss/install/robot_control_pkg/bin'
[1.350s] INFO:colcon.colcon_core.shell:Creating package script '/home/argo/Downloads/robot_wss/install/robot_control_pkg/share/robot_control_pkg/package.ps1'
[1.350s] INFO:colcon.colcon_core.shell:Creating package descriptor '/home/argo/Downloads/robot_wss/install/robot_control_pkg/share/robot_control_pkg/package.dsv'
[1.351s] INFO:colcon.colcon_core.shell:Creating package script '/home/argo/Downloads/robot_wss/install/robot_control_pkg/share/robot_control_pkg/package.sh'
[1.351s] INFO:colcon.colcon_core.shell:Creating package script '/home/argo/Downloads/robot_wss/install/robot_control_pkg/share/robot_control_pkg/package.bash'
[1.351s] INFO:colcon.colcon_core.shell:Creating package script '/home/argo/Downloads/robot_wss/install/robot_control_pkg/share/robot_control_pkg/package.zsh'
[1.352s] Level 1:colcon.colcon_core.environment:create_file_with_runtime_dependencies(/home/argo/Downloads/robot_wss/install/robot_control_pkg/share/colcon-core/packages/robot_control_pkg)
[1.352s] Level 1:colcon.colcon_core.environment:create_environment_scripts_only(robot_control_pkg)
[1.353s] Level 1:colcon.colcon_core.environment:checking '/home/argo/Downloads/robot_wss/install/robot_control_pkg' for CMake module files
[1.353s] Level 1:colcon.colcon_core.environment:checking '/home/argo/Downloads/robot_wss/install/robot_control_pkg' for CMake config files
[1.353s] Level 1:colcon.colcon_core.shell:create_environment_hook('robot_control_pkg', 'cmake_prefix_path')
[1.353s] INFO:colcon.colcon_core.shell:Creating environment hook '/home/argo/Downloads/robot_wss/install/robot_control_pkg/share/robot_control_pkg/hook/cmake_prefix_path.ps1'
[1.354s] INFO:colcon.colcon_core.shell:Creating environment descriptor '/home/argo/Downloads/robot_wss/install/robot_control_pkg/share/robot_control_pkg/hook/cmake_prefix_path.dsv'
[1.354s] INFO:colcon.colcon_core.shell:Creating environment hook '/home/argo/Downloads/robot_wss/install/robot_control_pkg/share/robot_control_pkg/hook/cmake_prefix_path.sh'
[1.354s] Level 1:colcon.colcon_core.environment:checking '/home/argo/Downloads/robot_wss/install/robot_control_pkg/lib'
[1.355s] Level 1:colcon.colcon_core.shell:create_environment_hook('robot_control_pkg', 'ld_library_path_lib')
[1.355s] INFO:colcon.colcon_core.shell:Creating environment hook '/home/argo/Downloads/robot_wss/install/robot_control_pkg/share/robot_control_pkg/hook/ld_library_path_lib.ps1'
[1.355s] INFO:colcon.colcon_core.shell:Creating environment descriptor '/home/argo/Downloads/robot_wss/install/robot_control_pkg/share/robot_control_pkg/hook/ld_library_path_lib.dsv'
[1.355s] INFO:colcon.colcon_core.shell:Creating environment hook '/home/argo/Downloads/robot_wss/install/robot_control_pkg/share/robot_control_pkg/hook/ld_library_path_lib.sh'
[1.356s] Level 1:colcon.colcon_core.environment:checking '/home/argo/Downloads/robot_wss/install/robot_control_pkg/bin'
[1.356s] Level 1:colcon.colcon_core.environment:checking '/home/argo/Downloads/robot_wss/install/robot_control_pkg/lib/pkgconfig/robot_control_pkg.pc'
[1.356s] Level 1:colcon.colcon_core.environment:checking '/home/argo/Downloads/robot_wss/install/robot_control_pkg/lib/python3.12/site-packages'
[1.357s] Level 1:colcon.colcon_core.environment:checking '/home/argo/Downloads/robot_wss/install/robot_control_pkg/bin'
[1.357s] INFO:colcon.colcon_core.shell:Creating package script '/home/argo/Downloads/robot_wss/install/robot_control_pkg/share/robot_control_pkg/package.ps1'
[1.357s] INFO:colcon.colcon_core.shell:Creating package descriptor '/home/argo/Downloads/robot_wss/install/robot_control_pkg/share/robot_control_pkg/package.dsv'
[1.358s] INFO:colcon.colcon_core.shell:Creating package script '/home/argo/Downloads/robot_wss/install/robot_control_pkg/share/robot_control_pkg/package.sh'
[1.358s] INFO:colcon.colcon_core.shell:Creating package script '/home/argo/Downloads/robot_wss/install/robot_control_pkg/share/robot_control_pkg/package.bash'
[1.359s] INFO:colcon.colcon_core.shell:Creating package script '/home/argo/Downloads/robot_wss/install/robot_control_pkg/share/robot_control_pkg/package.zsh'
[1.359s] Level 1:colcon.colcon_core.environment:create_file_with_runtime_dependencies(/home/argo/Downloads/robot_wss/install/robot_control_pkg/share/colcon-core/packages/robot_control_pkg)
[1.360s] INFO:colcon.colcon_ros.task.ament_python.build:Building ROS package in '/home/argo/Downloads/robot_wss/src/twist_stamper-main' with build type 'ament_python'
[1.360s] Level 1:colcon.colcon_core.shell:create_environment_hook('twist_stamper', 'ament_prefix_path')
[1.360s] INFO:colcon.colcon_core.shell:Creating environment hook '/home/argo/Downloads/robot_wss/install/twist_stamper/share/twist_stamper/hook/ament_prefix_path.ps1'
[1.362s] INFO:colcon.colcon_core.shell:Creating environment descriptor '/home/argo/Downloads/robot_wss/install/twist_stamper/share/twist_stamper/hook/ament_prefix_path.dsv'
[1.362s] INFO:colcon.colcon_core.shell:Creating environment hook '/home/argo/Downloads/robot_wss/install/twist_stamper/share/twist_stamper/hook/ament_prefix_path.sh'
[1.363s] INFO:colcon.colcon_core.shell:Skip shell extension 'powershell' for command environment: Not usable outside of PowerShell
[1.363s] DEBUG:colcon.colcon_core.shell:Skip shell extension 'dsv' for command environment
[1.583s] INFO:colcon.colcon_core.task.python.build:Building Python package in '/home/argo/Downloads/robot_wss/src/slam_pkg'
[1.584s] INFO:colcon.colcon_core.shell:Skip shell extension 'powershell' for command environment: Not usable outside of PowerShell
[1.584s] DEBUG:colcon.colcon_core.shell:Skip shell extension 'dsv' for command environment
[1.803s] INFO:colcon.colcon_core.task.python.build:Building Python package in '/home/argo/Downloads/robot_wss/src/twist_stamper-main'
[1.803s] INFO:colcon.colcon_core.shell:Skip shell extension 'powershell' for command environment: Not usable outside of PowerShell
[1.803s] DEBUG:colcon.colcon_core.shell:Skip shell extension 'dsv' for command environment
[2.099s] DEBUG:colcon.colcon_core.event_handler.log_command:Invoking command in '/home/argo/Downloads/robot_wss/src/nav_pkg': DEBUGINFOD_URLS=https://debuginfod.ubuntu.com PYTHONPATH=/home/argo/Downloads/robot_wss/build/nav_pkg/prefix_override:/usr/lib/python3/dist-packages/colcon_core/task/python/colcon_distutils_commands:/home/argo/Downloads/robot_wss/install/nav_pkg/lib/python3.12/site-packages:${PYTHONPATH} /usr/bin/python3 -W ignore:setup.py install is deprecated -W ignore:easy_install command is deprecated setup.py egg_info --egg-base ../../build/nav_pkg build --build-base /home/argo/Downloads/robot_wss/build/nav_pkg/build install --record /home/argo/Downloads/robot_wss/build/nav_pkg/install.log --single-version-externally-managed install_data
[2.105s] DEBUG:colcon.colcon_core.event_handler.log_command:Invoking command in '/home/argo/Downloads/robot_wss/src/simulation_pkg': DEBUGINFOD_URLS=https://debuginfod.ubuntu.com PYTHONPATH=/home/argo/Downloads/robot_wss/build/simulation_pkg/prefix_override:/usr/lib/python3/dist-packages/colcon_core/task/python/colcon_distutils_commands:/home/argo/Downloads/robot_wss/install/simulation_pkg/lib/python3.12/site-packages:${PYTHONPATH} /usr/bin/python3 -W ignore:setup.py install is deprecated -W ignore:easy_install command is deprecated setup.py egg_info --egg-base ../../build/simulation_pkg build --build-base /home/argo/Downloads/robot_wss/build/simulation_pkg/build install --record /home/argo/Downloads/robot_wss/build/simulation_pkg/install.log --single-version-externally-managed install_data
[2.386s] DEBUG:colcon.colcon_core.event_handler.log_command:Invoking command in '/home/argo/Downloads/robot_wss/src/slam_pkg': DEBUGINFOD_URLS=https://debuginfod.ubuntu.com PYTHONPATH=/home/argo/Downloads/robot_wss/build/slam_pkg/prefix_override:/usr/lib/python3/dist-packages/colcon_core/task/python/colcon_distutils_commands:/home/argo/Downloads/robot_wss/install/slam_pkg/lib/python3.12/site-packages:${PYTHONPATH} /usr/bin/python3 -W ignore:setup.py install is deprecated -W ignore:easy_install command is deprecated setup.py egg_info --egg-base ../../build/slam_pkg build --build-base /home/argo/Downloads/robot_wss/build/slam_pkg/build install --record /home/argo/Downloads/robot_wss/build/slam_pkg/install.log --single-version-externally-managed install_data
[2.411s] DEBUG:colcon.colcon_core.event_handler.log_command:Invoking command in '/home/argo/Downloads/robot_wss/src/twist_stamper-main': DEBUGINFOD_URLS=https://debuginfod.ubuntu.com PYTHONPATH=/home/argo/Downloads/robot_wss/build/twist_stamper/prefix_override:/usr/lib/python3/dist-packages/colcon_core/task/python/colcon_distutils_commands:/home/argo/Downloads/robot_wss/install/twist_stamper/lib/python3.12/site-packages:${PYTHONPATH} /usr/bin/python3 -W ignore:setup.py install is deprecated -W ignore:easy_install command is deprecated setup.py egg_info --egg-base ../../build/twist_stamper build --build-base /home/argo/Downloads/robot_wss/build/twist_stamper/build install --record /home/argo/Downloads/robot_wss/build/twist_stamper/install.log --single-version-externally-managed install_data
[2.654s] Level 1:colcon.colcon_core.environment:checking '/home/argo/Downloads/robot_wss/install/nav_pkg' for CMake module files
[2.655s] DEBUG:colcon.colcon_core.event_handler.log_command:Invoked command in '/home/argo/Downloads/robot_wss/src/nav_pkg' returned '0': DEBUGINFOD_URLS=https://debuginfod.ubuntu.com PYTHONPATH=/home/argo/Downloads/robot_wss/build/nav_pkg/prefix_override:/usr/lib/python3/dist-packages/colcon_core/task/python/colcon_distutils_commands:/home/argo/Downloads/robot_wss/install/nav_pkg/lib/python3.12/site-packages:${PYTHONPATH} /usr/bin/python3 -W ignore:setup.py install is deprecated -W ignore:easy_install command is deprecated setup.py egg_info --egg-base ../../build/nav_pkg build --build-base /home/argo/Downloads/robot_wss/build/nav_pkg/build install --record /home/argo/Downloads/robot_wss/build/nav_pkg/install.log --single-version-externally-managed install_data
[2.655s] Level 1:colcon.colcon_core.environment:checking '/home/argo/Downloads/robot_wss/install/nav_pkg' for CMake config files
[2.656s] Level 1:colcon.colcon_core.environment:checking '/home/argo/Downloads/robot_wss/install/nav_pkg/lib'
[2.656s] Level 1:colcon.colcon_core.environment:checking '/home/argo/Downloads/robot_wss/install/nav_pkg/bin'
[2.656s] Level 1:colcon.colcon_core.environment:checking '/home/argo/Downloads/robot_wss/install/nav_pkg/lib/pkgconfig/nav_pkg.pc'
[2.656s] Level 1:colcon.colcon_core.environment:checking '/home/argo/Downloads/robot_wss/install/nav_pkg/lib/python3.12/site-packages'
[2.656s] Level 1:colcon.colcon_core.shell:create_environment_hook('nav_pkg', 'pythonpath')
[2.656s] INFO:colcon.colcon_core.shell:Creating environment hook '/home/argo/Downloads/robot_wss/install/nav_pkg/share/nav_pkg/hook/pythonpath.ps1'
[2.657s] INFO:colcon.colcon_core.shell:Creating environment descriptor '/home/argo/Downloads/robot_wss/install/nav_pkg/share/nav_pkg/hook/pythonpath.dsv'
[2.657s] INFO:colcon.colcon_core.shell:Creating environment hook '/home/argo/Downloads/robot_wss/install/nav_pkg/share/nav_pkg/hook/pythonpath.sh'
[2.658s] Level 1:colcon.colcon_core.environment:checking '/home/argo/Downloads/robot_wss/install/nav_pkg/bin'
[2.658s] Level 1:colcon.colcon_core.environment:create_environment_scripts_only(nav_pkg)
[2.658s] INFO:colcon.colcon_core.shell:Creating package script '/home/argo/Downloads/robot_wss/install/nav_pkg/share/nav_pkg/package.ps1'
[2.659s] INFO:colcon.colcon_core.shell:Creating package descriptor '/home/argo/Downloads/robot_wss/install/nav_pkg/share/nav_pkg/package.dsv'
[2.659s] INFO:colcon.colcon_core.shell:Creating package script '/home/argo/Downloads/robot_wss/install/nav_pkg/share/nav_pkg/package.sh'
[2.659s] INFO:colcon.colcon_core.shell:Creating package script '/home/argo/Downloads/robot_wss/install/nav_pkg/share/nav_pkg/package.bash'
[2.660s] INFO:colcon.colcon_core.shell:Creating package script '/home/argo/Downloads/robot_wss/install/nav_pkg/share/nav_pkg/package.zsh'
[2.660s] Level 1:colcon.colcon_core.environment:create_file_with_runtime_dependencies(/home/argo/Downloads/robot_wss/install/nav_pkg/share/colcon-core/packages/nav_pkg)
[2.682s] Level 1:colcon.colcon_core.environment:checking '/home/argo/Downloads/robot_wss/install/simulation_pkg' for CMake module files
[2.683s] Level 1:colcon.colcon_core.environment:checking '/home/argo/Downloads/robot_wss/install/simulation_pkg' for CMake config files
[2.683s] DEBUG:colcon.colcon_core.event_handler.log_command:Invoked command in '/home/argo/Downloads/robot_wss/src/simulation_pkg' returned '0': DEBUGINFOD_URLS=https://debuginfod.ubuntu.com PYTHONPATH=/home/argo/Downloads/robot_wss/build/simulation_pkg/prefix_override:/usr/lib/python3/dist-packages/colcon_core/task/python/colcon_distutils_commands:/home/argo/Downloads/robot_wss/install/simulation_pkg/lib/python3.12/site-packages:${PYTHONPATH} /usr/bin/python3 -W ignore:setup.py install is deprecated -W ignore:easy_install command is deprecated setup.py egg_info --egg-base ../../build/simulation_pkg build --build-base /home/argo/Downloads/robot_wss/build/simulation_pkg/build install --record /home/argo/Downloads/robot_wss/build/simulation_pkg/install.log --single-version-externally-managed install_data
[2.684s] Level 1:colcon.colcon_core.environment:checking '/home/argo/Downloads/robot_wss/install/simulation_pkg/lib'
[2.684s] Level 1:colcon.colcon_core.environment:checking '/home/argo/Downloads/robot_wss/install/simulation_pkg/bin'
[2.684s] Level 1:colcon.colcon_core.environment:checking '/home/argo/Downloads/robot_wss/install/simulation_pkg/lib/pkgconfig/simulation_pkg.pc'
[2.685s] Level 1:colcon.colcon_core.environment:checking '/home/argo/Downloads/robot_wss/install/simulation_pkg/lib/python3.12/site-packages'
[2.685s] Level 1:colcon.colcon_core.shell:create_environment_hook('simulation_pkg', 'pythonpath')
[2.685s] INFO:colcon.colcon_core.shell:Creating environment hook '/home/argo/Downloads/robot_wss/install/simulation_pkg/share/simulation_pkg/hook/pythonpath.ps1'
[2.685s] INFO:colcon.colcon_core.shell:Creating environment descriptor '/home/argo/Downloads/robot_wss/install/simulation_pkg/share/simulation_pkg/hook/pythonpath.dsv'
[2.686s] INFO:colcon.colcon_core.shell:Creating environment hook '/home/argo/Downloads/robot_wss/install/simulation_pkg/share/simulation_pkg/hook/pythonpath.sh'
[2.686s] Level 1:colcon.colcon_core.environment:checking '/home/argo/Downloads/robot_wss/install/simulation_pkg/bin'
[2.687s] Level 1:colcon.colcon_core.environment:create_environment_scripts_only(simulation_pkg)
[2.687s] INFO:colcon.colcon_core.shell:Creating package script '/home/argo/Downloads/robot_wss/install/simulation_pkg/share/simulation_pkg/package.ps1'
[2.687s] INFO:colcon.colcon_core.shell:Creating package descriptor '/home/argo/Downloads/robot_wss/install/simulation_pkg/share/simulation_pkg/package.dsv'
[2.687s] INFO:colcon.colcon_core.shell:Creating package script '/home/argo/Downloads/robot_wss/install/simulation_pkg/share/simulation_pkg/package.sh'
[2.688s] INFO:colcon.colcon_core.shell:Creating package script '/home/argo/Downloads/robot_wss/install/simulation_pkg/share/simulation_pkg/package.bash'
[2.688s] INFO:colcon.colcon_core.shell:Creating package script '/home/argo/Downloads/robot_wss/install/simulation_pkg/share/simulation_pkg/package.zsh'
[2.688s] Level 1:colcon.colcon_core.environment:create_file_with_runtime_dependencies(/home/argo/Downloads/robot_wss/install/simulation_pkg/share/colcon-core/packages/simulation_pkg)
[2.931s] Level 1:colcon.colcon_core.environment:checking '/home/argo/Downloads/robot_wss/install/slam_pkg' for CMake module files
[2.932s] DEBUG:colcon.colcon_core.event_handler.log_command:Invoked command in '/home/argo/Downloads/robot_wss/src/slam_pkg' returned '0': DEBUGINFOD_URLS=https://debuginfod.ubuntu.com PYTHONPATH=/home/argo/Downloads/robot_wss/build/slam_pkg/prefix_override:/usr/lib/python3/dist-packages/colcon_core/task/python/colcon_distutils_commands:/home/argo/Downloads/robot_wss/install/slam_pkg/lib/python3.12/site-packages:${PYTHONPATH} /usr/bin/python3 -W ignore:setup.py install is deprecated -W ignore:easy_install command is deprecated setup.py egg_info --egg-base ../../build/slam_pkg build --build-base /home/argo/Downloads/robot_wss/build/slam_pkg/build install --record /home/argo/Downloads/robot_wss/build/slam_pkg/install.log --single-version-externally-managed install_data
[2.932s] Level 1:colcon.colcon_core.environment:checking '/home/argo/Downloads/robot_wss/install/slam_pkg' for CMake config files
[2.933s] Level 1:colcon.colcon_core.environment:checking '/home/argo/Downloads/robot_wss/install/slam_pkg/lib'
[2.934s] Level 1:colcon.colcon_core.environment:checking '/home/argo/Downloads/robot_wss/install/slam_pkg/bin'
[2.934s] Level 1:colcon.colcon_core.environment:checking '/home/argo/Downloads/robot_wss/install/slam_pkg/lib/pkgconfig/slam_pkg.pc'
[2.934s] Level 1:colcon.colcon_core.environment:checking '/home/argo/Downloads/robot_wss/install/slam_pkg/lib/python3.12/site-packages'
[2.934s] Level 1:colcon.colcon_core.shell:create_environment_hook('slam_pkg', 'pythonpath')
[2.934s] INFO:colcon.colcon_core.shell:Creating environment hook '/home/argo/Downloads/robot_wss/install/slam_pkg/share/slam_pkg/hook/pythonpath.ps1'
[2.935s] INFO:colcon.colcon_core.shell:Creating environment descriptor '/home/argo/Downloads/robot_wss/install/slam_pkg/share/slam_pkg/hook/pythonpath.dsv'
[2.935s] INFO:colcon.colcon_core.shell:Creating environment hook '/home/argo/Downloads/robot_wss/install/slam_pkg/share/slam_pkg/hook/pythonpath.sh'
[2.936s] Level 1:colcon.colcon_core.environment:checking '/home/argo/Downloads/robot_wss/install/slam_pkg/bin'
[2.936s] Level 1:colcon.colcon_core.environment:create_environment_scripts_only(slam_pkg)
[2.936s] INFO:colcon.colcon_core.shell:Creating package script '/home/argo/Downloads/robot_wss/install/slam_pkg/share/slam_pkg/package.ps1'
[2.937s] INFO:colcon.colcon_core.shell:Creating package descriptor '/home/argo/Downloads/robot_wss/install/slam_pkg/share/slam_pkg/package.dsv'
[2.937s] INFO:colcon.colcon_core.shell:Creating package script '/home/argo/Downloads/robot_wss/install/slam_pkg/share/slam_pkg/package.sh'
[2.937s] INFO:colcon.colcon_core.shell:Creating package script '/home/argo/Downloads/robot_wss/install/slam_pkg/share/slam_pkg/package.bash'
[2.938s] INFO:colcon.colcon_core.shell:Creating package script '/home/argo/Downloads/robot_wss/install/slam_pkg/share/slam_pkg/package.zsh'
[2.938s] Level 1:colcon.colcon_core.environment:create_file_with_runtime_dependencies(/home/argo/Downloads/robot_wss/install/slam_pkg/share/colcon-core/packages/slam_pkg)
[2.961s] Level 1:colcon.colcon_core.environment:checking '/home/argo/Downloads/robot_wss/install/twist_stamper' for CMake module files
[2.962s] DEBUG:colcon.colcon_core.event_handler.log_command:Invoked command in '/home/argo/Downloads/robot_wss/src/twist_stamper-main' returned '0': DEBUGINFOD_URLS=https://debuginfod.ubuntu.com PYTHONPATH=/home/argo/Downloads/robot_wss/build/twist_stamper/prefix_override:/usr/lib/python3/dist-packages/colcon_core/task/python/colcon_distutils_commands:/home/argo/Downloads/robot_wss/install/twist_stamper/lib/python3.12/site-packages:${PYTHONPATH} /usr/bin/python3 -W ignore:setup.py install is deprecated -W ignore:easy_install command is deprecated setup.py egg_info --egg-base ../../build/twist_stamper build --build-base /home/argo/Downloads/robot_wss/build/twist_stamper/build install --record /home/argo/Downloads/robot_wss/build/twist_stamper/install.log --single-version-externally-managed install_data
[2.962s] Level 1:colcon.colcon_core.environment:checking '/home/argo/Downloads/robot_wss/install/twist_stamper' for CMake config files
[2.963s] Level 1:colcon.colcon_core.environment:checking '/home/argo/Downloads/robot_wss/install/twist_stamper/lib'
[2.963s] Level 1:colcon.colcon_core.environment:checking '/home/argo/Downloads/robot_wss/install/twist_stamper/bin'
[2.964s] Level 1:colcon.colcon_core.environment:checking '/home/argo/Downloads/robot_wss/install/twist_stamper/lib/pkgconfig/twist_stamper.pc'
[2.964s] Level 1:colcon.colcon_core.environment:checking '/home/argo/Downloads/robot_wss/install/twist_stamper/lib/python3.12/site-packages'
[2.964s] Level 1:colcon.colcon_core.shell:create_environment_hook('twist_stamper', 'pythonpath')
[2.964s] INFO:colcon.colcon_core.shell:Creating environment hook '/home/argo/Downloads/robot_wss/install/twist_stamper/share/twist_stamper/hook/pythonpath.ps1'
[2.964s] INFO:colcon.colcon_core.shell:Creating environment descriptor '/home/argo/Downloads/robot_wss/install/twist_stamper/share/twist_stamper/hook/pythonpath.dsv'
[2.965s] INFO:colcon.colcon_core.shell:Creating environment hook '/home/argo/Downloads/robot_wss/install/twist_stamper/share/twist_stamper/hook/pythonpath.sh'
[2.965s] Level 1:colcon.colcon_core.environment:checking '/home/argo/Downloads/robot_wss/install/twist_stamper/bin'
[2.965s] Level 1:colcon.colcon_core.environment:create_environment_scripts_only(twist_stamper)
[2.965s] INFO:colcon.colcon_core.shell:Creating package script '/home/argo/Downloads/robot_wss/install/twist_stamper/share/twist_stamper/package.ps1'
[2.966s] INFO:colcon.colcon_core.shell:Creating package descriptor '/home/argo/Downloads/robot_wss/install/twist_stamper/share/twist_stamper/package.dsv'
[2.966s] INFO:colcon.colcon_core.shell:Creating package script '/home/argo/Downloads/robot_wss/install/twist_stamper/share/twist_stamper/package.sh'
[2.967s] INFO:colcon.colcon_core.shell:Creating package script '/home/argo/Downloads/robot_wss/install/twist_stamper/share/twist_stamper/package.bash'
[2.967s] INFO:colcon.colcon_core.shell:Creating package script '/home/argo/Downloads/robot_wss/install/twist_stamper/share/twist_stamper/package.zsh'
[2.967s] Level 1:colcon.colcon_core.environment:create_file_with_runtime_dependencies(/home/argo/Downloads/robot_wss/install/twist_stamper/share/colcon-core/packages/twist_stamper)
[2.967s] DEBUG:colcon.colcon_parallel_executor.executor.parallel:closing loop
[2.968s] DEBUG:colcon.colcon_parallel_executor.executor.parallel:loop closed
[2.968s] DEBUG:colcon.colcon_parallel_executor.executor.parallel:run_until_complete finished with '0'
[2.968s] DEBUG:colcon.colcon_core.event_reactor:joining thread
[2.975s] INFO:colcon.colcon_core.plugin_system:Skipping extension 'colcon_notification.desktop_notification.terminal_notifier': Not used on non-Darwin systems
[2.975s] INFO:colcon.colcon_core.plugin_system:Skipping extension 'colcon_notification.desktop_notification.win32': Not used on non-Windows systems
[2.975s] INFO:colcon.colcon_notification.desktop_notification:Sending desktop notification using 'notify2'
[2.989s] DEBUG:colcon.colcon_core.event_reactor:joined thread
[2.989s] INFO:colcon.colcon_core.shell:Creating prefix script '/home/argo/Downloads/robot_wss/install/local_setup.ps1'
[2.990s] INFO:colcon.colcon_core.shell:Creating prefix util module '/home/argo/Downloads/robot_wss/install/_local_setup_util_ps1.py'
[2.991s] INFO:colcon.colcon_core.shell:Creating prefix chain script '/home/argo/Downloads/robot_wss/install/setup.ps1'
[2.992s] INFO:colcon.colcon_core.shell:Creating prefix script '/home/argo/Downloads/robot_wss/install/local_setup.sh'
[2.993s] INFO:colcon.colcon_core.shell:Creating prefix util module '/home/argo/Downloads/robot_wss/install/_local_setup_util_sh.py'
[2.994s] INFO:colcon.colcon_core.shell:Creating prefix chain script '/home/argo/Downloads/robot_wss/install/setup.sh'
[2.995s] INFO:colcon.colcon_core.shell:Creating prefix script '/home/argo/Downloads/robot_wss/install/local_setup.bash'
[2.995s] INFO:colcon.colcon_core.shell:Creating prefix chain script '/home/argo/Downloads/robot_wss/install/setup.bash'
[2.996s] INFO:colcon.colcon_core.shell:Creating prefix script '/home/argo/Downloads/robot_wss/install/local_setup.zsh'
[2.997s] INFO:colcon.colcon_core.shell:Creating prefix chain script '/home/argo/Downloads/robot_wss/install/setup.zsh'
