[0.012s] Invoking command in '/home/dhruvil/argo-test/build/robot_control_pkg': CMAKE_PREFIX_PATH=${CMAKE_PREFIX_PATH}:/opt/ros/jazzy DEBUGINFOD_URLS=https://debuginfod.ubuntu.com /usr/bin/cmake --build /home/dhruvil/argo-test/build/robot_control_pkg -- -j12 -l12
[0.099s] [100%] Built target robot_control_pkg
[0.123s] Invoked command in '/home/dhruvil/argo-test/build/robot_control_pkg' returned '0': CMAKE_PREFIX_PATH=${CMAKE_PREFIX_PATH}:/opt/ros/jazzy DEBUGINFOD_URLS=https://debuginfod.ubuntu.com /usr/bin/cmake --build /home/dhruvil/argo-test/build/robot_control_pkg -- -j12 -l12
[0.149s] Invoking command in '/home/dhruvil/argo-test/build/robot_control_pkg': CMAKE_PREFIX_PATH=${CMAKE_PREFIX_PATH}:/opt/ros/jazzy DEBUGINFOD_URLS=https://debuginfod.ubuntu.com /usr/bin/cmake --install /home/dhruvil/argo-test/build/robot_control_pkg
[0.189s] -- Install configuration: ""
[0.191s] -- Execute custom install script
[0.192s] -- Up-to-date symlink: /home/dhruvil/argo-test/install/robot_control_pkg/share/robot_control_pkg//robot_control_pkg.xml
[0.194s] -- Up-to-date symlink: /home/dhruvil/argo-test/install/robot_control_pkg/include/robot_control_pkg/robot_control_pkg/arduino_comms.hpp
[0.196s] -- Up-to-date symlink: /home/dhruvil/argo-test/install/robot_control_pkg/include/robot_control_pkg/robot_control_pkg/diffbot_system.hpp
[0.196s] -- Up-to-date symlink: /home/dhruvil/argo-test/install/robot_control_pkg/include/robot_control_pkg/robot_control_pkg/visibility_control.h
[0.197s] -- Up-to-date symlink: /home/dhruvil/argo-test/install/robot_control_pkg/include/robot_control_pkg/robot_control_pkg/wheel.hpp
[0.198s] -- Up-to-date symlink: /home/dhruvil/argo-test/install/robot_control_pkg/share/robot_control_pkg/urdf/diffbot.urdf.xacro
[0.198s] -- Up-to-date symlink: /home/dhruvil/argo-test/install/robot_control_pkg/share/robot_control_pkg/urdf/diffbot_description.urdf.xacro
[0.199s] -- Up-to-date symlink: /home/dhruvil/argo-test/install/robot_control_pkg/share/robot_control_pkg/models/base_link.STL
[0.200s] -- Up-to-date symlink: /home/dhruvil/argo-test/install/robot_control_pkg/share/robot_control_pkg/models/front_caster_link.STL
[0.201s] -- Up-to-date symlink: /home/dhruvil/argo-test/install/robot_control_pkg/share/robot_control_pkg/models/left_wheel_link.STL
[0.202s] -- Up-to-date symlink: /home/dhruvil/argo-test/install/robot_control_pkg/share/robot_control_pkg/models/lidar_link.STL
[0.202s] -- Up-to-date symlink: /home/dhruvil/argo-test/install/robot_control_pkg/share/robot_control_pkg/models/rear_caster_link.STL
[0.203s] -- Up-to-date symlink: /home/dhruvil/argo-test/install/robot_control_pkg/share/robot_control_pkg/models/right_wheel_link.STL
[0.203s] -- Up-to-date symlink: /home/dhruvil/argo-test/install/robot_control_pkg/share/robot_control_pkg/ros2_control/diffbot.ros2_control.xacro
[0.205s] -- Up-to-date symlink: /home/dhruvil/argo-test/install/robot_control_pkg/share/robot_control_pkg/launch/diffbot.launch.py
[0.205s] -- Up-to-date symlink: /home/dhruvil/argo-test/install/robot_control_pkg/share/robot_control_pkg/launch/joystick.launch.py
[0.208s] -- Up-to-date symlink: /home/dhruvil/argo-test/install/robot_control_pkg/share/robot_control_pkg/launch/mapping_keyboard.launch.py
[0.209s] -- Up-to-date symlink: /home/dhruvil/argo-test/install/robot_control_pkg/share/robot_control_pkg/launch/real_robot_launch.py
[0.209s] -- Up-to-date symlink: /home/dhruvil/argo-test/install/robot_control_pkg/share/robot_control_pkg/config/diffbot_controllers.yaml
[0.210s] -- Up-to-date symlink: /home/dhruvil/argo-test/install/robot_control_pkg/share/robot_control_pkg/config/ekf.yaml
[0.211s] -- Up-to-date symlink: /home/dhruvil/argo-test/install/robot_control_pkg/share/robot_control_pkg/config/joystick.yaml
[0.212s] -- Up-to-date symlink: /home/dhruvil/argo-test/install/robot_control_pkg/share/robot_control_pkg/config/twist_mux.yaml
[0.213s] -- Up-to-date symlink: /home/dhruvil/argo-test/install/robot_control_pkg/share/robot_control_pkg/description/models/base_link.STL
[0.214s] -- Up-to-date symlink: /home/dhruvil/argo-test/install/robot_control_pkg/share/robot_control_pkg/description/models/front_caster_link.STL
[0.215s] -- Up-to-date symlink: /home/dhruvil/argo-test/install/robot_control_pkg/share/robot_control_pkg/description/models/left_wheel_link.STL
[0.216s] -- Up-to-date symlink: /home/dhruvil/argo-test/install/robot_control_pkg/share/robot_control_pkg/description/models/lidar_link.STL
[0.217s] -- Up-to-date symlink: /home/dhruvil/argo-test/install/robot_control_pkg/share/robot_control_pkg/description/models/rear_caster_link.STL
[0.218s] -- Up-to-date symlink: /home/dhruvil/argo-test/install/robot_control_pkg/share/robot_control_pkg/description/models/right_wheel_link.STL
[0.219s] -- Up-to-date symlink: /home/dhruvil/argo-test/install/robot_control_pkg/share/robot_control_pkg/description/ros2_control/diffbot.ros2_control.xacro
[0.220s] -- Up-to-date symlink: /home/dhruvil/argo-test/install/robot_control_pkg/share/robot_control_pkg/description/urdf/diffbot.urdf.xacro
[0.221s] -- Up-to-date symlink: /home/dhruvil/argo-test/install/robot_control_pkg/share/robot_control_pkg/description/urdf/diffbot_description.urdf.xacro
[0.222s] -- Up-to-date symlink: /home/dhruvil/argo-test/install/robot_control_pkg/lib/robot_control_pkg/odom_publisher.py
[0.223s] -- Up-to-date symlink: /home/dhruvil/argo-test/install/robot_control_pkg/lib/robot_control_pkg/imu_publisher.py
[0.224s] -- Up-to-date symlink: /home/dhruvil/argo-test/install/robot_control_pkg/share/robot_control_pkg/environment/library_path.sh
[0.225s] -- Up-to-date symlink: /home/dhruvil/argo-test/install/robot_control_pkg/share/robot_control_pkg/environment/library_path.dsv
[0.225s] -- Up-to-date symlink: /home/dhruvil/argo-test/install/robot_control_pkg/share/ament_index/resource_index/package_run_dependencies/robot_control_pkg
[0.225s] -- Up-to-date symlink: /home/dhruvil/argo-test/install/robot_control_pkg/share/ament_index/resource_index/parent_prefix_path/robot_control_pkg
[0.226s] -- Up-to-date symlink: /home/dhruvil/argo-test/install/robot_control_pkg/share/robot_control_pkg/environment/ament_prefix_path.sh
[0.226s] -- Up-to-date symlink: /home/dhruvil/argo-test/install/robot_control_pkg/share/robot_control_pkg/environment/ament_prefix_path.dsv
[0.226s] -- Up-to-date symlink: /home/dhruvil/argo-test/install/robot_control_pkg/share/robot_control_pkg/environment/path.sh
[0.227s] -- Up-to-date symlink: /home/dhruvil/argo-test/install/robot_control_pkg/share/robot_control_pkg/environment/path.dsv
[0.227s] -- Up-to-date symlink: /home/dhruvil/argo-test/install/robot_control_pkg/share/robot_control_pkg/local_setup.bash
[0.227s] -- Up-to-date symlink: /home/dhruvil/argo-test/install/robot_control_pkg/share/robot_control_pkg/local_setup.sh
[0.228s] -- Up-to-date symlink: /home/dhruvil/argo-test/install/robot_control_pkg/share/robot_control_pkg/local_setup.zsh
[0.228s] -- Up-to-date symlink: /home/dhruvil/argo-test/install/robot_control_pkg/share/robot_control_pkg/local_setup.dsv
[0.228s] -- Symlinking: /home/dhruvil/argo-test/install/robot_control_pkg/share/robot_control_pkg/package.dsv
[0.272s] -- Up-to-date symlink: /home/dhruvil/argo-test/install/robot_control_pkg/share/ament_index/resource_index/packages/robot_control_pkg
[0.272s] -- Up-to-date symlink: /home/dhruvil/argo-test/install/robot_control_pkg/share/ament_index/resource_index/hardware_interface__pluginlib__plugin/robot_control_pkg
[0.274s] -- Up-to-date symlink: /home/dhruvil/argo-test/install/robot_control_pkg/share/robot_control_pkg/cmake/ament_cmake_export_targets-extras.cmake
[0.274s] -- Up-to-date symlink: /home/dhruvil/argo-test/install/robot_control_pkg/share/robot_control_pkg/cmake/ament_cmake_export_dependencies-extras.cmake
[0.275s] -- Up-to-date symlink: /home/dhruvil/argo-test/install/robot_control_pkg/share/robot_control_pkg/cmake/robot_control_pkgConfig.cmake
[0.275s] -- Up-to-date symlink: /home/dhruvil/argo-test/install/robot_control_pkg/share/robot_control_pkg/cmake/robot_control_pkgConfig-version.cmake
[0.276s] -- Up-to-date symlink: /home/dhruvil/argo-test/install/robot_control_pkg/share/robot_control_pkg/package.xml
[0.277s] -- Up-to-date: /home/dhruvil/argo-test/install/robot_control_pkg/lib/librobot_control_pkg.so
[0.279s] -- Installing: /home/dhruvil/argo-test/install/robot_control_pkg/lib/robot_control_pkg/odom_publisher
[0.279s] -- Up-to-date: /home/dhruvil/argo-test/install/robot_control_pkg/lib/robot_control_pkg/teleop_keyboard
[0.280s] -- Up-to-date: /home/dhruvil/argo-test/install/robot_control_pkg/share/robot_control_pkg/cmake/export_robot_control_pkgExport.cmake
[0.280s] -- Up-to-date: /home/dhruvil/argo-test/install/robot_control_pkg/share/robot_control_pkg/cmake/export_robot_control_pkgExport-noconfig.cmake
[0.285s] Invoked command in '/home/dhruvil/argo-test/build/robot_control_pkg' returned '0': CMAKE_PREFIX_PATH=${CMAKE_PREFIX_PATH}:/opt/ros/jazzy DEBUGINFOD_URLS=https://debuginfod.ubuntu.com /usr/bin/cmake --install /home/dhruvil/argo-test/build/robot_control_pkg
