[0.049s] Invoking command in '/home/dhruv/argo-test/build/explore_lite': AMENT_PREFIX_PATH=/home/dhruv/argo-test/install/explore_lite_msgs:${AMENT_PREFIX_PATH} CMAKE_PREFIX_PATH=/home/dhruv/argo-test/install/explore_lite_msgs:/opt/ros/jazzy/opt/sdformat_vendor:/opt/ros/jazzy/opt/gz_tools_vendor:/opt/ros/jazzy/opt/gz_math_vendor:/opt/ros/jazzy/opt/gz_utils_vendor:/opt/ros/jazzy/opt/gz_cmake_vendor:/opt/ros/jazzy DEBUGINFOD_URLS=https://debuginfod.ubuntu.com LD_LIBRARY_PATH=/home/dhruv/argo-test/install/explore_lite_msgs/lib:${LD_LIBRARY_PATH} PYTHONPATH=/home/dhruv/argo-test/install/explore_lite_msgs/lib/python3.12/site-packages:${PYTHONPATH} /usr/bin/cmake /home/dhruv/argo-test/src/m-explore-ros2/explore -DCMAKE_INSTALL_PREFIX=/home/dhruv/argo-test/install/explore_lite
[0.369s] -- The C compiler identification is GNU 13.3.0
[0.683s] -- The CXX compiler identification is GNU 13.3.0
[0.759s] -- Detecting C compiler ABI info
[1.155s] -- Detecting C compiler ABI info - done
[1.201s] -- Check for working C compiler: /usr/bin/cc - skipped
[1.206s] -- Detecting C compile features
[1.206s] -- Detecting C compile features - done
[1.249s] -- Detecting CXX compiler ABI info
[1.597s] -- Detecting CXX compiler ABI info - done
[1.639s] -- Check for working CXX compiler: /usr/bin/c++ - skipped
[1.640s] -- Detecting CXX compile features
[1.643s] -- Detecting CXX compile features - done
[1.651s] -- BuilD for ROS2: jazzy
[1.659s] -- Found ament_cmake: 2.5.5 (/opt/ros/jazzy/share/ament_cmake/cmake)
[2.234s] -- Found Python3: /usr/bin/python3 (found version "3.12.3") found components: Interpreter 
[2.647s] -- Found rclcpp: 28.1.16 (/opt/ros/jazzy/share/rclcpp/cmake)
[2.809s] -- Found rosidl_generator_c: 4.6.7 (/opt/ros/jazzy/share/rosidl_generator_c/cmake)
[2.880s] -- Found rosidl_generator_cpp: 4.6.7 (/opt/ros/jazzy/share/rosidl_generator_cpp/cmake)
[2.966s] -- Using all available rosidl_typesupport_c: rosidl_typesupport_fastrtps_c;rosidl_typesupport_introspection_c
[3.053s] -- Using all available rosidl_typesupport_cpp: rosidl_typesupport_fastrtps_cpp;rosidl_typesupport_introspection_cpp
[3.288s] -- Found rmw_implementation_cmake: 7.3.3 (/opt/ros/jazzy/share/rmw_implementation_cmake/cmake)
[3.294s] -- Found rmw_fastrtps_cpp: 8.4.3 (/opt/ros/jazzy/share/rmw_fastrtps_cpp/cmake)
[3.544s] -- Found OpenSSL: /usr/lib/x86_64-linux-gnu/libcrypto.so (found version "3.0.13")  
[3.631s] -- Found FastRTPS: /opt/ros/jazzy/include (Required is at least version "2.13") 
[3.735s] -- Using RMW implementation 'rmw_fastrtps_cpp' as default
[3.973s] -- Found std_msgs: 5.3.6 (/opt/ros/jazzy/share/std_msgs/cmake)
[4.025s] -- Found sensor_msgs: 5.3.6 (/opt/ros/jazzy/share/sensor_msgs/cmake)
[4.109s] -- Found tf2_ros: 0.36.19 (/opt/ros/jazzy/share/tf2_ros/cmake)
[4.468s] -- Found tf2_geometry_msgs: 0.36.19 (/opt/ros/jazzy/share/tf2_geometry_msgs/cmake)
[4.497s] -- Found eigen3_cmake_module: 0.3.0 (/opt/ros/jazzy/share/eigen3_cmake_module/cmake)
[4.500s] -- Found Eigen3: TRUE (found version "3.4.0") 
[4.501s] -- Ensuring Eigen3 include directory is part of orocos-kdl CMake target
[4.511s] -- Found nav2_msgs: 1.3.10 (/opt/ros/jazzy/share/nav2_msgs/cmake)
[4.812s] -- Found map_msgs: 2.4.1 (/opt/ros/jazzy/share/map_msgs/cmake)
[4.903s] -- Found visualization_msgs: 5.3.6 (/opt/ros/jazzy/share/visualization_msgs/cmake)
[5.008s] -- Found nav2_costmap_2d: 1.3.10 (/opt/ros/jazzy/share/nav2_costmap_2d/cmake)
[5.606s] -- Found explore_lite_msgs: 1.0.0 (/home/dhruv/argo-test/install/explore_lite_msgs/share/explore_lite_msgs/cmake)
[5.658s] -- Found ament_lint_auto: 0.17.4 (/opt/ros/jazzy/share/ament_lint_auto/cmake)
[6.088s] -- Found ament_cmake_gtest: 2.5.5 (/opt/ros/jazzy/share/ament_cmake_gtest/cmake)
[6.096s] -- Found gtest sources under '/opt/ros/jazzy/src/gtest_vendor': C++ tests using 'Google Test' will be built
[6.109s] -- Performing Test CMAKE_HAVE_LIBC_PTHREAD
[6.299s] -- Performing Test CMAKE_HAVE_LIBC_PTHREAD - Success
[6.305s] -- Found Threads: TRUE  
[6.323s] -- Added test 'cppcheck' to perform static code analysis on C / C++ code
[6.324s] -- Configured cppcheck include dirs: /home/dhruv/argo-test/src/m-explore-ros2/explore/include;$<BUILD_INTERFACE:/home/dhruv/argo-test/src/m-explore-ros2/explore/include>
[6.324s] -- Configured cppcheck exclude dirs and/or files: 
[6.328s] -- Added test 'flake8' to check Python code syntax and style conventions
[6.328s] -- Configured 'flake8' exclude dirs and/or files: 
[6.331s] -- Added test 'lint_cmake' to check CMake code style
[6.333s] -- Added test 'pep257' to check Python code against some of the docstring style conventions in PEP 257
[6.337s] -- Added test 'uncrustify' to check C / C++ code style
[6.338s] -- Configured uncrustify additional arguments: 
[6.344s] -- Added test 'xmllint' to check XML markup files
[6.350s] -- Configuring done (6.3s)
[6.423s] -- Generating done (0.0s)
[6.450s] -- Build files have been written to: /home/dhruv/argo-test/build/explore_lite
[6.501s] Invoked command in '/home/dhruv/argo-test/build/explore_lite' returned '0': AMENT_PREFIX_PATH=/home/dhruv/argo-test/install/explore_lite_msgs:${AMENT_PREFIX_PATH} CMAKE_PREFIX_PATH=/home/dhruv/argo-test/install/explore_lite_msgs:/opt/ros/jazzy/opt/sdformat_vendor:/opt/ros/jazzy/opt/gz_tools_vendor:/opt/ros/jazzy/opt/gz_math_vendor:/opt/ros/jazzy/opt/gz_utils_vendor:/opt/ros/jazzy/opt/gz_cmake_vendor:/opt/ros/jazzy DEBUGINFOD_URLS=https://debuginfod.ubuntu.com LD_LIBRARY_PATH=/home/dhruv/argo-test/install/explore_lite_msgs/lib:${LD_LIBRARY_PATH} PYTHONPATH=/home/dhruv/argo-test/install/explore_lite_msgs/lib/python3.12/site-packages:${PYTHONPATH} /usr/bin/cmake /home/dhruv/argo-test/src/m-explore-ros2/explore -DCMAKE_INSTALL_PREFIX=/home/dhruv/argo-test/install/explore_lite
[6.502s] Invoking command in '/home/dhruv/argo-test/build/explore_lite': AMENT_PREFIX_PATH=/home/dhruv/argo-test/install/explore_lite_msgs:${AMENT_PREFIX_PATH} CMAKE_PREFIX_PATH=/home/dhruv/argo-test/install/explore_lite_msgs:/opt/ros/jazzy/opt/sdformat_vendor:/opt/ros/jazzy/opt/gz_tools_vendor:/opt/ros/jazzy/opt/gz_math_vendor:/opt/ros/jazzy/opt/gz_utils_vendor:/opt/ros/jazzy/opt/gz_cmake_vendor:/opt/ros/jazzy DEBUGINFOD_URLS=https://debuginfod.ubuntu.com LD_LIBRARY_PATH=/home/dhruv/argo-test/install/explore_lite_msgs/lib:${LD_LIBRARY_PATH} PYTHONPATH=/home/dhruv/argo-test/install/explore_lite_msgs/lib/python3.12/site-packages:${PYTHONPATH} /usr/bin/cmake --build /home/dhruv/argo-test/build/explore_lite -- -j4 -l4
[6.674s] [ 10%] [32mBuilding CXX object CMakeFiles/explore.dir/src/costmap_client.cpp.o[0m
[24.510s] [ 20%] [32mBuilding CXX object CMakeFiles/explore.dir/src/explore.cpp.o[0m
[38.295s] [ 30%] [32mBuilding CXX object CMakeFiles/explore.dir/src/frontier_search.cpp.o[0m
[43.321s] [ 40%] [32m[1mLinking CXX executable explore[0m
[44.294s] [ 40%] Built target explore
[44.312s] [ 50%] [32mBuilding CXX object gtest/CMakeFiles/gtest.dir/src/gtest-all.cc.o[0m
[47.215s] [ 60%] [32m[1mLinking CXX static library libgtest.a[0m
[47.263s] [ 60%] Built target gtest
[47.278s] [ 70%] [32mBuilding CXX object gtest/CMakeFiles/gtest_main.dir/src/gtest_main.cc.o[0m
[47.797s] [ 80%] [32m[1mLinking CXX static library libgtest_main.a[0m
[47.821s] [ 80%] Built target gtest_main
[47.837s] [ 90%] [32mBuilding CXX object CMakeFiles/test_explore.dir/test/test_explore.cpp.o[0m
[48.630s] [100%] [32m[1mLinking CXX executable test_explore[0m
[48.734s] [100%] Built target test_explore
[48.742s] Invoked command in '/home/dhruv/argo-test/build/explore_lite' returned '0': AMENT_PREFIX_PATH=/home/dhruv/argo-test/install/explore_lite_msgs:${AMENT_PREFIX_PATH} CMAKE_PREFIX_PATH=/home/dhruv/argo-test/install/explore_lite_msgs:/opt/ros/jazzy/opt/sdformat_vendor:/opt/ros/jazzy/opt/gz_tools_vendor:/opt/ros/jazzy/opt/gz_math_vendor:/opt/ros/jazzy/opt/gz_utils_vendor:/opt/ros/jazzy/opt/gz_cmake_vendor:/opt/ros/jazzy DEBUGINFOD_URLS=https://debuginfod.ubuntu.com LD_LIBRARY_PATH=/home/dhruv/argo-test/install/explore_lite_msgs/lib:${LD_LIBRARY_PATH} PYTHONPATH=/home/dhruv/argo-test/install/explore_lite_msgs/lib/python3.12/site-packages:${PYTHONPATH} /usr/bin/cmake --build /home/dhruv/argo-test/build/explore_lite -- -j4 -l4
[48.743s] Invoking command in '/home/dhruv/argo-test/build/explore_lite': AMENT_PREFIX_PATH=/home/dhruv/argo-test/install/explore_lite_msgs:${AMENT_PREFIX_PATH} CMAKE_PREFIX_PATH=/home/dhruv/argo-test/install/explore_lite_msgs:/opt/ros/jazzy/opt/sdformat_vendor:/opt/ros/jazzy/opt/gz_tools_vendor:/opt/ros/jazzy/opt/gz_math_vendor:/opt/ros/jazzy/opt/gz_utils_vendor:/opt/ros/jazzy/opt/gz_cmake_vendor:/opt/ros/jazzy DEBUGINFOD_URLS=https://debuginfod.ubuntu.com LD_LIBRARY_PATH=/home/dhruv/argo-test/install/explore_lite_msgs/lib:${LD_LIBRARY_PATH} PYTHONPATH=/home/dhruv/argo-test/install/explore_lite_msgs/lib/python3.12/site-packages:${PYTHONPATH} /usr/bin/cmake --install /home/dhruv/argo-test/build/explore_lite
[48.749s] -- Install configuration: ""
[48.749s] -- Installing: /home/dhruv/argo-test/install/explore_lite/include/explore/
[48.749s] -- Installing: /home/dhruv/argo-test/install/explore_lite/include/explore//costmap_client.h
[48.749s] -- Installing: /home/dhruv/argo-test/install/explore_lite/include/explore//costmap_tools.h
[48.749s] -- Installing: /home/dhruv/argo-test/install/explore_lite/include/explore//frontier_search.h
[48.749s] -- Installing: /home/dhruv/argo-test/install/explore_lite/include/explore//explore.h
[48.749s] -- Installing: /home/dhruv/argo-test/install/explore_lite/share/explore_lite/config
[48.750s] -- Installing: /home/dhruv/argo-test/install/explore_lite/share/explore_lite/config/params.yaml
[48.750s] -- Installing: /home/dhruv/argo-test/install/explore_lite/share/explore_lite/config/params_costmap.yaml
[48.750s] -- Installing: /home/dhruv/argo-test/install/explore_lite/share/explore_lite/launch
[48.750s] -- Installing: /home/dhruv/argo-test/install/explore_lite/share/explore_lite/launch/explore.launch.py
[48.750s] -- Installing: /home/dhruv/argo-test/install/explore_lite/lib/explore_lite/explore
[48.756s] -- Set non-toolchain portion of runtime path of "/home/dhruv/argo-test/install/explore_lite/lib/explore_lite/explore" to ""
[48.756s] -- Installing: /home/dhruv/argo-test/install/explore_lite/share/ament_index/resource_index/package_run_dependencies/explore_lite
[48.756s] -- Installing: /home/dhruv/argo-test/install/explore_lite/share/ament_index/resource_index/parent_prefix_path/explore_lite
[48.756s] -- Installing: /home/dhruv/argo-test/install/explore_lite/share/explore_lite/environment/ament_prefix_path.sh
[48.756s] -- Installing: /home/dhruv/argo-test/install/explore_lite/share/explore_lite/environment/ament_prefix_path.dsv
[48.756s] -- Installing: /home/dhruv/argo-test/install/explore_lite/share/explore_lite/environment/path.sh
[48.756s] -- Installing: /home/dhruv/argo-test/install/explore_lite/share/explore_lite/environment/path.dsv
[48.757s] -- Installing: /home/dhruv/argo-test/install/explore_lite/share/explore_lite/local_setup.bash
[48.757s] -- Installing: /home/dhruv/argo-test/install/explore_lite/share/explore_lite/local_setup.sh
[48.757s] -- Installing: /home/dhruv/argo-test/install/explore_lite/share/explore_lite/local_setup.zsh
[48.757s] -- Installing: /home/dhruv/argo-test/install/explore_lite/share/explore_lite/local_setup.dsv
[48.757s] -- Installing: /home/dhruv/argo-test/install/explore_lite/share/explore_lite/package.dsv
[48.757s] -- Installing: /home/dhruv/argo-test/install/explore_lite/share/ament_index/resource_index/packages/explore_lite
[48.757s] -- Installing: /home/dhruv/argo-test/install/explore_lite/share/explore_lite/cmake/ament_cmake_export_dependencies-extras.cmake
[48.757s] -- Installing: /home/dhruv/argo-test/install/explore_lite/share/explore_lite/cmake/ament_cmake_export_include_directories-extras.cmake
[48.757s] -- Installing: /home/dhruv/argo-test/install/explore_lite/share/explore_lite/cmake/explore_liteConfig.cmake
[48.758s] -- Installing: /home/dhruv/argo-test/install/explore_lite/share/explore_lite/cmake/explore_liteConfig-version.cmake
[48.758s] -- Installing: /home/dhruv/argo-test/install/explore_lite/share/explore_lite/package.xml
[48.759s] Invoked command in '/home/dhruv/argo-test/build/explore_lite' returned '0': AMENT_PREFIX_PATH=/home/dhruv/argo-test/install/explore_lite_msgs:${AMENT_PREFIX_PATH} CMAKE_PREFIX_PATH=/home/dhruv/argo-test/install/explore_lite_msgs:/opt/ros/jazzy/opt/sdformat_vendor:/opt/ros/jazzy/opt/gz_tools_vendor:/opt/ros/jazzy/opt/gz_math_vendor:/opt/ros/jazzy/opt/gz_utils_vendor:/opt/ros/jazzy/opt/gz_cmake_vendor:/opt/ros/jazzy DEBUGINFOD_URLS=https://debuginfod.ubuntu.com LD_LIBRARY_PATH=/home/dhruv/argo-test/install/explore_lite_msgs/lib:${LD_LIBRARY_PATH} PYTHONPATH=/home/dhruv/argo-test/install/explore_lite_msgs/lib/python3.12/site-packages:${PYTHONPATH} /usr/bin/cmake --install /home/dhruv/argo-test/build/explore_lite
