[1.248s] Invoking command in '/home/argo/argo-test/src/nav_pkg': DEBUGINFOD_URLS=https://debuginfod.ubuntu.com PYTHONPATH=/home/argo/argo-test/build/nav_pkg/prefix_override:/usr/lib/python3/dist-packages/colcon_core/task/python/colcon_distutils_commands:/home/argo/argo-test/install/nav_pkg/lib/python3.12/site-packages:${PYTHONPATH} /usr/bin/python3 -W ignore:setup.py install is deprecated -W ignore:easy_install command is deprecated setup.py egg_info --egg-base ../../build/nav_pkg build --build-base /home/argo/argo-test/build/nav_pkg/build install --record /home/argo/argo-test/build/nav_pkg/install.log --single-version-externally-managed install_data
[1.553s] running egg_info
[1.554s] creating ../../build/nav_pkg/nav_pkg.egg-info
[1.576s] writing ../../build/nav_pkg/nav_pkg.egg-info/PKG-INFO
[1.576s] writing dependency_links to ../../build/nav_pkg/nav_pkg.egg-info/dependency_links.txt
[1.576s] writing requirements to ../../build/nav_pkg/nav_pkg.egg-info/requires.txt
[1.577s] writing top-level names to ../../build/nav_pkg/nav_pkg.egg-info/top_level.txt
[1.577s] writing manifest file '../../build/nav_pkg/nav_pkg.egg-info/SOURCES.txt'
[1.620s] reading manifest file '../../build/nav_pkg/nav_pkg.egg-info/SOURCES.txt'
[1.621s] writing manifest file '../../build/nav_pkg/nav_pkg.egg-info/SOURCES.txt'
[1.621s] running build
[1.621s] running build_py
[1.621s] creating /home/argo/argo-test/build/nav_pkg/build
[1.621s] creating /home/argo/argo-test/build/nav_pkg/build/lib
[1.621s] creating /home/argo/argo-test/build/nav_pkg/build/lib/nav_pkg
[1.622s] copying nav_pkg/__init__.py -> /home/argo/argo-test/build/nav_pkg/build/lib/nav_pkg
[1.622s] running install
[1.629s] running install_lib
[1.652s] creating /home/argo/argo-test/install/nav_pkg/lib/python3.12/site-packages/nav_pkg
[1.652s] copying /home/argo/argo-test/build/nav_pkg/build/lib/nav_pkg/__init__.py -> /home/argo/argo-test/install/nav_pkg/lib/python3.12/site-packages/nav_pkg
[1.652s] byte-compiling /home/argo/argo-test/install/nav_pkg/lib/python3.12/site-packages/nav_pkg/__init__.py to __init__.cpython-312.pyc
[1.652s] running install_data
[1.653s] creating /home/argo/argo-test/install/nav_pkg/share/ament_index
[1.653s] creating /home/argo/argo-test/install/nav_pkg/share/ament_index/resource_index
[1.653s] creating /home/argo/argo-test/install/nav_pkg/share/ament_index/resource_index/packages
[1.653s] copying resource/nav_pkg -> /home/argo/argo-test/install/nav_pkg/share/ament_index/resource_index/packages
[1.653s] copying package.xml -> /home/argo/argo-test/install/nav_pkg/share/nav_pkg
[1.654s] creating /home/argo/argo-test/install/nav_pkg/share/nav_pkg/launch
[1.654s] copying launch/localization_launch_sim.py -> /home/argo/argo-test/install/nav_pkg/share/nav_pkg/launch
[1.654s] copying launch/navigation_launch_sim.py -> /home/argo/argo-test/install/nav_pkg/share/nav_pkg/launch
[1.654s] copying launch/localization_launch_real.py -> /home/argo/argo-test/install/nav_pkg/share/nav_pkg/launch
[1.654s] copying launch/navigation_launch_real.py -> /home/argo/argo-test/install/nav_pkg/share/nav_pkg/launch
[1.654s] creating /home/argo/argo-test/install/nav_pkg/share/nav_pkg/config
[1.654s] copying config/output.json -> /home/argo/argo-test/install/nav_pkg/share/nav_pkg/config
[1.654s] copying config/params that work on real robot.yaml -> /home/argo/argo-test/install/nav_pkg/share/nav_pkg/config
[1.654s] copying config/nav2_params_real.yaml -> /home/argo/argo-test/install/nav_pkg/share/nav_pkg/config
[1.654s] copying config/nav2_params_sim.yaml -> /home/argo/argo-test/install/nav_pkg/share/nav_pkg/config
[1.654s] running install_egg_info
[1.677s] Copying ../../build/nav_pkg/nav_pkg.egg-info to /home/argo/argo-test/install/nav_pkg/lib/python3.12/site-packages/nav_pkg-1.0.0-py3.12.egg-info
[1.679s] running install_scripts
[1.826s] writing list of installed files to '/home/argo/argo-test/build/nav_pkg/install.log'
[2.083s] Invoked command in '/home/argo/argo-test/src/nav_pkg' returned '0': DEBUGINFOD_URLS=https://debuginfod.ubuntu.com PYTHONPATH=/home/argo/argo-test/build/nav_pkg/prefix_override:/usr/lib/python3/dist-packages/colcon_core/task/python/colcon_distutils_commands:/home/argo/argo-test/install/nav_pkg/lib/python3.12/site-packages:${PYTHONPATH} /usr/bin/python3 -W ignore:setup.py install is deprecated -W ignore:easy_install command is deprecated setup.py egg_info --egg-base ../../build/nav_pkg build --build-base /home/argo/argo-test/build/nav_pkg/build install --record /home/argo/argo-test/build/nav_pkg/install.log --single-version-externally-managed install_data
