[0.260s] Invoking command in '/home/argo/argo-test/build/robot_control_pkg': CMAKE_PREFIX_PATH=${CMAKE_PREFIX_PATH}:/opt/ros/jazzy DEBUGINFOD_URLS=https://debuginfod.ubuntu.com /usr/bin/cmake /home/argo/argo-test/src/robot_control_pkg -DCMAKE_INSTALL_PREFIX=/home/argo/argo-test/install/robot_control_pkg
[0.572s] -- The CXX compiler identification is GNU 13.3.0
[0.617s] -- Detecting CXX compiler ABI info
[0.774s] -- Detecting CXX compiler ABI info - done
[0.784s] -- Check for working CXX compiler: /usr/bin/c++ - skipped
[0.784s] -- Detecting CXX compile features
[0.785s] -- Detecting CXX compile features - done
[0.801s] -- Found ament_cmake: 2.5.5 (/opt/ros/jazzy/share/ament_cmake/cmake)
[1.033s] -- Found Python3: /usr/bin/python3 (found version "3.12.3") found components: Interpreter 
[1.244s] -- Found hardware_interface: 4.42.2 (/opt/ros/jazzy/share/hardware_interface/cmake)
[1.328s] -- Found rosidl_generator_c: 4.6.7 (/opt/ros/jazzy/share/rosidl_generator_c/cmake)
[1.355s] -- Found rosidl_generator_cpp: 4.6.7 (/opt/ros/jazzy/share/rosidl_generator_cpp/cmake)
[1.389s] -- Using all available rosidl_typesupport_c: rosidl_typesupport_fastrtps_c;rosidl_typesupport_introspection_c
[1.430s] -- Using all available rosidl_typesupport_cpp: rosidl_typesupport_fastrtps_cpp;rosidl_typesupport_introspection_cpp
[1.859s] -- Found TinyXML2 via Config file: /usr/lib/x86_64-linux-gnu/cmake/tinyxml2
[1.932s] -- Found rmw_implementation_cmake: 7.3.3 (/opt/ros/jazzy/share/rmw_implementation_cmake/cmake)
[1.938s] -- Found rmw_fastrtps_cpp: 8.4.3 (/opt/ros/jazzy/share/rmw_fastrtps_cpp/cmake)
[1.970s] -- Found TinyXML2 via Config file: /usr/lib/x86_64-linux-gnu/cmake/tinyxml2
[2.045s] -- Found OpenSSL: /usr/lib/x86_64-linux-gnu/libcrypto.so (found version "3.0.13")  
[2.050s] -- Found TinyXML2 via Config file: /usr/lib/x86_64-linux-gnu/cmake/tinyxml2
[2.069s] -- Found FastRTPS: /opt/ros/jazzy/include (Required is at least version "2.13") 
[2.073s] -- Found TinyXML2 via Config file: /usr/lib/x86_64-linux-gnu/cmake/tinyxml2
[2.082s] -- Found TinyXML2 via Config file: /usr/lib/x86_64-linux-gnu/cmake/tinyxml2
[2.096s] -- Using RMW implementation 'rmw_fastrtps_cpp' as default
[2.632s] -- Found ament_cmake_gtest: 2.5.5 (/opt/ros/jazzy/share/ament_cmake_gtest/cmake)
[2.744s] -- Configuring done (2.5s)
[2.810s] -- Generating done (0.1s)
[2.817s] -- Build files have been written to: /home/argo/argo-test/build/robot_control_pkg
[2.835s] Invoked command in '/home/argo/argo-test/build/robot_control_pkg' returned '0': CMAKE_PREFIX_PATH=${CMAKE_PREFIX_PATH}:/opt/ros/jazzy DEBUGINFOD_URLS=https://debuginfod.ubuntu.com /usr/bin/cmake /home/argo/argo-test/src/robot_control_pkg -DCMAKE_INSTALL_PREFIX=/home/argo/argo-test/install/robot_control_pkg
[2.835s] Invoking command in '/home/argo/argo-test/build/robot_control_pkg': CMAKE_PREFIX_PATH=${CMAKE_PREFIX_PATH}:/opt/ros/jazzy DEBUGINFOD_URLS=https://debuginfod.ubuntu.com /usr/bin/cmake --build /home/argo/argo-test/build/robot_control_pkg -- -j4 -l4
[2.910s] [ 50%] [32mBuilding CXX object CMakeFiles/robot_control_pkg.dir/hardware/diffbot_system.cpp.o[0m
[8.308s] [01m[K/home/argo/argo-test/src/robot_control_pkg/hardware/diffbot_system.cpp:[m[K In member function ‘[01m[Kvirtual hardware_interface::CallbackReturn robot_control_pkg::RobotControlHardware::[01;32m[Kon_init[m[K(const hardware_interface::HardwareInfo&)[m[K’:
[8.308s] [01m[K/home/argo/argo-test/src/robot_control_pkg/hardware/diffbot_system.cpp:33:49:[m[K [01;35m[Kwarning: [m[K‘[01m[Kvirtual rclcpp_lifecycle::node_interfaces::LifecycleNodeInterface::CallbackReturn hardware_interface::HardwareComponentInterface::[01;32m[Kon_init[m[K(const hardware_interface::HardwareInfo&)[m[K’ is deprecated: Use on_init(const HardwareComponentInterfaceParams & params) instead. [[01;35m[K]8;;https://gcc.gnu.org/onlinedocs/gcc/Warning-Options.html#index-Wdeprecated-declarations-Wdeprecated-declarations]8;;[m[K]
[8.308s]    33 | [01;35m[K:on_init(info)[m[K !=
[8.308s]       | [01;35m[K~~~~~~~~^~~~~~[m[K
[8.308s] 
[8.309s] In file included from [01m[K/opt/ros/jazzy/include/hardware_interface/hardware_interface/system_interface.hpp:18[m[K,
[8.309s]                  from [01m[K/home/argo/argo-test/src/robot_control_pkg/hardware/include/robot_control_pkg/diffbot_system.hpp:24[m[K,
[8.309s]                  from [01m[K/home/argo/argo-test/src/robot_control_pkg/hardware/diffbot_system.cpp:15[m[K:
[8.309s] [01m[K/opt/ros/jazzy/include/hardware_interface/hardware_interface/hardware_component_interface.hpp:140:26:[m[K [01;36m[Knote: [m[Kdeclared here
[8.309s]   140 | eturn [01;36m[Kon_init[m[K(const HardwareInfo & hardware_info);
[8.310s]       |       [01;36m[K^~~~~~~[m[K
[8.310s] 
[10.489s] [100%] [32m[1mLinking CXX shared library librobot_control_pkg.so[0m
[11.177s] [100%] Built target robot_control_pkg
[11.208s] Invoked command in '/home/argo/argo-test/build/robot_control_pkg' returned '0': CMAKE_PREFIX_PATH=${CMAKE_PREFIX_PATH}:/opt/ros/jazzy DEBUGINFOD_URLS=https://debuginfod.ubuntu.com /usr/bin/cmake --build /home/argo/argo-test/build/robot_control_pkg -- -j4 -l4
[11.230s] Invoking command in '/home/argo/argo-test/build/robot_control_pkg': CMAKE_PREFIX_PATH=${CMAKE_PREFIX_PATH}:/opt/ros/jazzy DEBUGINFOD_URLS=https://debuginfod.ubuntu.com /usr/bin/cmake --install /home/argo/argo-test/build/robot_control_pkg
[11.251s] -- Install configuration: ""
[11.251s] -- Installing: /home/argo/argo-test/install/robot_control_pkg/share/robot_control_pkg/robot_control_pkg.xml
[11.251s] -- Installing: /home/argo/argo-test/install/robot_control_pkg/include/robot_control_pkg
[11.251s] -- Installing: /home/argo/argo-test/install/robot_control_pkg/include/robot_control_pkg/robot_control_pkg
[11.252s] -- Installing: /home/argo/argo-test/install/robot_control_pkg/include/robot_control_pkg/robot_control_pkg/wheel.hpp
[11.252s] -- Installing: /home/argo/argo-test/install/robot_control_pkg/include/robot_control_pkg/robot_control_pkg/diffbot_system.hpp
[11.252s] -- Installing: /home/argo/argo-test/install/robot_control_pkg/include/robot_control_pkg/robot_control_pkg/arduino_comms.hpp
[11.252s] -- Installing: /home/argo/argo-test/install/robot_control_pkg/include/robot_control_pkg/robot_control_pkg/visibility_control.h
[11.254s] -- Installing: /home/argo/argo-test/install/robot_control_pkg/share/robot_control_pkg/urdf
[11.254s] -- Installing: /home/argo/argo-test/install/robot_control_pkg/share/robot_control_pkg/urdf/diffbot_description.urdf.xacro
[11.254s] -- Installing: /home/argo/argo-test/install/robot_control_pkg/share/robot_control_pkg/urdf/diffbot.urdf.xacro
[11.254s] -- Installing: /home/argo/argo-test/install/robot_control_pkg/share/robot_control_pkg/models
[11.254s] -- Installing: /home/argo/argo-test/install/robot_control_pkg/share/robot_control_pkg/models/rear_caster_link.STL
[11.255s] -- Installing: /home/argo/argo-test/install/robot_control_pkg/share/robot_control_pkg/models/lidar_link.STL
[11.255s] -- Installing: /home/argo/argo-test/install/robot_control_pkg/share/robot_control_pkg/models/right_wheel_link.STL
[11.255s] -- Installing: /home/argo/argo-test/install/robot_control_pkg/share/robot_control_pkg/models/base_link.STL
[11.259s] -- Installing: /home/argo/argo-test/install/robot_control_pkg/share/robot_control_pkg/models/front_caster_link.STL
[11.260s] -- Installing: /home/argo/argo-test/install/robot_control_pkg/share/robot_control_pkg/models/left_wheel_link.STL
[11.260s] -- Installing: /home/argo/argo-test/install/robot_control_pkg/share/robot_control_pkg/ros2_control
[11.261s] -- Installing: /home/argo/argo-test/install/robot_control_pkg/share/robot_control_pkg/ros2_control/diffbot.ros2_control.xacro
[11.262s] -- Installing: /home/argo/argo-test/install/robot_control_pkg/share/robot_control_pkg/launch
[11.262s] -- Installing: /home/argo/argo-test/install/robot_control_pkg/share/robot_control_pkg/launch/real_robot_launch.py
[11.262s] -- Installing: /home/argo/argo-test/install/robot_control_pkg/share/robot_control_pkg/launch/diffbot.launch.py
[11.263s] -- Installing: /home/argo/argo-test/install/robot_control_pkg/share/robot_control_pkg/launch/joystick.launch.py
[11.263s] -- Installing: /home/argo/argo-test/install/robot_control_pkg/share/robot_control_pkg/config
[11.263s] -- Installing: /home/argo/argo-test/install/robot_control_pkg/share/robot_control_pkg/config/ekf.yaml
[11.263s] -- Installing: /home/argo/argo-test/install/robot_control_pkg/share/robot_control_pkg/config/joystick.yaml
[11.263s] -- Installing: /home/argo/argo-test/install/robot_control_pkg/share/robot_control_pkg/config/diffbot_controllers.yaml
[11.264s] -- Installing: /home/argo/argo-test/install/robot_control_pkg/share/robot_control_pkg/config/twist_mux.yaml
[11.266s] -- Installing: /home/argo/argo-test/install/robot_control_pkg/share/robot_control_pkg/description
[11.266s] -- Installing: /home/argo/argo-test/install/robot_control_pkg/share/robot_control_pkg/description/urdf
[11.266s] -- Installing: /home/argo/argo-test/install/robot_control_pkg/share/robot_control_pkg/description/urdf/diffbot_description.urdf.xacro
[11.266s] -- Installing: /home/argo/argo-test/install/robot_control_pkg/share/robot_control_pkg/description/urdf/diffbot.urdf.xacro
[11.266s] -- Installing: /home/argo/argo-test/install/robot_control_pkg/share/robot_control_pkg/description/ros2_control
[11.266s] -- Installing: /home/argo/argo-test/install/robot_control_pkg/share/robot_control_pkg/description/ros2_control/diffbot.ros2_control.xacro
[11.266s] -- Installing: /home/argo/argo-test/install/robot_control_pkg/share/robot_control_pkg/description/models
[11.267s] -- Installing: /home/argo/argo-test/install/robot_control_pkg/share/robot_control_pkg/description/models/rear_caster_link.STL
[11.269s] -- Installing: /home/argo/argo-test/install/robot_control_pkg/share/robot_control_pkg/description/models/lidar_link.STL
[11.272s] -- Installing: /home/argo/argo-test/install/robot_control_pkg/share/robot_control_pkg/description/models/right_wheel_link.STL
[11.272s] -- Installing: /home/argo/argo-test/install/robot_control_pkg/share/robot_control_pkg/description/models/base_link.STL
[11.274s] -- Installing: /home/argo/argo-test/install/robot_control_pkg/share/robot_control_pkg/description/models/front_caster_link.STL
[11.274s] -- Installing: /home/argo/argo-test/install/robot_control_pkg/share/robot_control_pkg/description/models/left_wheel_link.STL
[11.275s] -- Installing: /home/argo/argo-test/install/robot_control_pkg/lib/robot_control_pkg/odom_publisher.py
[11.275s] -- Installing: /home/argo/argo-test/install/robot_control_pkg/lib/robot_control_pkg/imu_publisher.py
[11.278s] -- Installing: /home/argo/argo-test/install/robot_control_pkg/lib/librobot_control_pkg.so
[11.278s] -- Set non-toolchain portion of runtime path of "/home/argo/argo-test/install/robot_control_pkg/lib/librobot_control_pkg.so" to ""
[11.278s] -- Installing: /home/argo/argo-test/install/robot_control_pkg/lib/robot_control_pkg/odom_publisher
[11.281s] [31mCMake Error at cmake_install.cmake:104 (file):
[11.281s]   file INSTALL cannot find
[11.281s]   "/home/argo/argo-test/src/robot_control_pkg/robot_control_pkg/teleop_keyboard.py":
[11.281s]   No such file or directory.
[11.281s] 
[11.281s] [0m
[11.282s] Invoked command in '/home/argo/argo-test/build/robot_control_pkg' returned '1': CMAKE_PREFIX_PATH=${CMAKE_PREFIX_PATH}:/opt/ros/jazzy DEBUGINFOD_URLS=https://debuginfod.ubuntu.com /usr/bin/cmake --install /home/argo/argo-test/build/robot_control_pkg
