[0.128s] DEBUG:colcon:Command line arguments: ['/usr/bin/colcon', 'build', '--symlink-install']
[0.128s] DEBUG:colcon:Parsed command line arguments: Namespace(log_base=None, log_level=None, verb_name='build', build_base='build', install_base='install', merge_install=False, symlink_install=True, test_result_base=None, continue_on_error=False, executor='parallel', parallel_workers=12, event_handlers=None, ignore_user_meta=False, metas=['./colcon.meta'], base_paths=['.'], packages_ignore=None, packages_ignore_regex=None, paths=None, packages_up_to=None, packages_up_to_regex=None, packages_above=None, packages_above_and_dependencies=None, packages_above_depth=None, packages_select_by_dep=None, packages_skip_by_dep=None, packages_skip_up_to=None, packages_select_build_failed=False, packages_skip_build_finished=False, packages_select_test_failures=False, packages_skip_test_passed=False, packages_select=None, packages_skip=None, packages_select_regex=None, packages_skip_regex=None, packages_start=None, packages_end=None, cmake_args=None, cmake_target=None, cmake_target_skip_unavailable=False, cmake_clean_cache=False, cmake_clean_first=False, cmake_force_configure=False, ament_cmake_args=None, catkin_cmake_args=None, catkin_skip_building_tests=False, verb_parser=<colcon_defaults.argument_parser.defaults.DefaultArgumentsDecorator object at 0x7bb8f8208e30>, verb_extension=<colcon_core.verb.build.BuildVerb object at 0x7bb8f8208cb0>, main=<bound method BuildVerb.main of <colcon_core.verb.build.BuildVerb object at 0x7bb8f8208cb0>>)
[0.178s] Level 1:colcon.colcon_core.package_discovery:discover_packages(colcon_meta) check parameters
[0.178s] Level 1:colcon.colcon_core.package_discovery:discover_packages(recursive) check parameters
[0.178s] Level 1:colcon.colcon_core.package_discovery:discover_packages(ignore) check parameters
[0.178s] Level 1:colcon.colcon_core.package_discovery:discover_packages(path) check parameters
[0.178s] Level 1:colcon.colcon_core.package_discovery:discover_packages(colcon_meta) discover
[0.178s] Level 1:colcon.colcon_core.package_discovery:discover_packages(recursive) discover
[0.178s] INFO:colcon.colcon_core.package_discovery:Crawling recursively for packages in '/home/dhruvil/argo-test'
[0.179s] Level 1:colcon.colcon_core.package_identification:_identify(.) by extensions ['ignore', 'ignore_ament_install']
[0.179s] Level 1:colcon.colcon_core.package_identification:_identify(.) by extension 'ignore'
[0.179s] Level 1:colcon.colcon_core.package_identification:_identify(.) by extension 'ignore_ament_install'
[0.179s] Level 1:colcon.colcon_core.package_identification:_identify(.) by extensions ['colcon_pkg']
[0.179s] Level 1:colcon.colcon_core.package_identification:_identify(.) by extension 'colcon_pkg'
[0.179s] Level 1:colcon.colcon_core.package_identification:_identify(.) by extensions ['colcon_meta']
[0.179s] Level 1:colcon.colcon_core.package_identification:_identify(.) by extension 'colcon_meta'
[0.179s] Level 1:colcon.colcon_core.package_identification:_identify(.) by extensions ['ros']
[0.179s] Level 1:colcon.colcon_core.package_identification:_identify(.) by extension 'ros'
[0.211s] Level 1:colcon.colcon_core.package_identification:_identify(.) by extensions ['cmake', 'python']
[0.211s] Level 1:colcon.colcon_core.package_identification:_identify(.) by extension 'cmake'
[0.211s] Level 1:colcon.colcon_core.package_identification:_identify(.) by extension 'python'
[0.211s] Level 1:colcon.colcon_core.package_identification:_identify(.) by extensions ['python_setup_py']
[0.211s] Level 1:colcon.colcon_core.package_identification:_identify(.) by extension 'python_setup_py'
[0.211s] Level 1:colcon.colcon_core.package_identification:_identify(build) by extensions ['ignore', 'ignore_ament_install']
[0.212s] Level 1:colcon.colcon_core.package_identification:_identify(build) by extension 'ignore'
[0.212s] Level 1:colcon.colcon_core.package_identification:_identify(build) ignored
[0.212s] Level 1:colcon.colcon_core.package_identification:_identify(install) by extensions ['ignore', 'ignore_ament_install']
[0.212s] Level 1:colcon.colcon_core.package_identification:_identify(install) by extension 'ignore'
[0.212s] Level 1:colcon.colcon_core.package_identification:_identify(install) ignored
[0.212s] Level 1:colcon.colcon_core.package_identification:_identify(log) by extensions ['ignore', 'ignore_ament_install']
[0.212s] Level 1:colcon.colcon_core.package_identification:_identify(log) by extension 'ignore'
[0.212s] Level 1:colcon.colcon_core.package_identification:_identify(log) ignored
[0.212s] Level 1:colcon.colcon_core.package_identification:_identify(src) by extensions ['ignore', 'ignore_ament_install']
[0.212s] Level 1:colcon.colcon_core.package_identification:_identify(src) by extension 'ignore'
[0.212s] Level 1:colcon.colcon_core.package_identification:_identify(src) by extension 'ignore_ament_install'
[0.212s] Level 1:colcon.colcon_core.package_identification:_identify(src) by extensions ['colcon_pkg']
[0.212s] Level 1:colcon.colcon_core.package_identification:_identify(src) by extension 'colcon_pkg'
[0.212s] Level 1:colcon.colcon_core.package_identification:_identify(src) by extensions ['colcon_meta']
[0.212s] Level 1:colcon.colcon_core.package_identification:_identify(src) by extension 'colcon_meta'
[0.212s] Level 1:colcon.colcon_core.package_identification:_identify(src) by extensions ['ros']
[0.212s] Level 1:colcon.colcon_core.package_identification:_identify(src) by extension 'ros'
[0.212s] Level 1:colcon.colcon_core.package_identification:_identify(src) by extensions ['cmake', 'python']
[0.213s] Level 1:colcon.colcon_core.package_identification:_identify(src) by extension 'cmake'
[0.213s] Level 1:colcon.colcon_core.package_identification:_identify(src) by extension 'python'
[0.213s] Level 1:colcon.colcon_core.package_identification:_identify(src) by extensions ['python_setup_py']
[0.213s] Level 1:colcon.colcon_core.package_identification:_identify(src) by extension 'python_setup_py'
[0.213s] Level 1:colcon.colcon_core.package_identification:_identify(src/nav_pkg) by extensions ['ignore', 'ignore_ament_install']
[0.213s] Level 1:colcon.colcon_core.package_identification:_identify(src/nav_pkg) by extension 'ignore'
[0.213s] Level 1:colcon.colcon_core.package_identification:_identify(src/nav_pkg) by extension 'ignore_ament_install'
[0.213s] Level 1:colcon.colcon_core.package_identification:_identify(src/nav_pkg) by extensions ['colcon_pkg']
[0.213s] Level 1:colcon.colcon_core.package_identification:_identify(src/nav_pkg) by extension 'colcon_pkg'
[0.213s] Level 1:colcon.colcon_core.package_identification:_identify(src/nav_pkg) by extensions ['colcon_meta']
[0.213s] Level 1:colcon.colcon_core.package_identification:_identify(src/nav_pkg) by extension 'colcon_meta'
[0.213s] Level 1:colcon.colcon_core.package_identification:_identify(src/nav_pkg) by extensions ['ros']
[0.213s] Level 1:colcon.colcon_core.package_identification:_identify(src/nav_pkg) by extension 'ros'
[0.218s] DEBUG:colcon.colcon_core.package_identification:Package 'src/nav_pkg' with type 'ros.ament_python' and name 'nav_pkg'
[0.218s] Level 1:colcon.colcon_core.package_identification:_identify(src/robot_control_pkg) by extensions ['ignore', 'ignore_ament_install']
[0.219s] Level 1:colcon.colcon_core.package_identification:_identify(src/robot_control_pkg) by extension 'ignore'
[0.219s] Level 1:colcon.colcon_core.package_identification:_identify(src/robot_control_pkg) by extension 'ignore_ament_install'
[0.219s] Level 1:colcon.colcon_core.package_identification:_identify(src/robot_control_pkg) by extensions ['colcon_pkg']
[0.219s] Level 1:colcon.colcon_core.package_identification:_identify(src/robot_control_pkg) by extension 'colcon_pkg'
[0.219s] Level 1:colcon.colcon_core.package_identification:_identify(src/robot_control_pkg) by extensions ['colcon_meta']
[0.219s] Level 1:colcon.colcon_core.package_identification:_identify(src/robot_control_pkg) by extension 'colcon_meta'
[0.219s] Level 1:colcon.colcon_core.package_identification:_identify(src/robot_control_pkg) by extensions ['ros']
[0.219s] Level 1:colcon.colcon_core.package_identification:_identify(src/robot_control_pkg) by extension 'ros'
[0.220s] DEBUG:colcon.colcon_core.package_identification:Package 'src/robot_control_pkg' with type 'ros.ament_cmake' and name 'robot_control_pkg'
[0.220s] Level 1:colcon.colcon_core.package_identification:_identify(src/rplidar_ros) by extensions ['ignore', 'ignore_ament_install']
[0.220s] Level 1:colcon.colcon_core.package_identification:_identify(src/rplidar_ros) by extension 'ignore'
[0.220s] Level 1:colcon.colcon_core.package_identification:_identify(src/rplidar_ros) by extension 'ignore_ament_install'
[0.220s] Level 1:colcon.colcon_core.package_identification:_identify(src/rplidar_ros) by extensions ['colcon_pkg']
[0.220s] Level 1:colcon.colcon_core.package_identification:_identify(src/rplidar_ros) by extension 'colcon_pkg'
[0.220s] Level 1:colcon.colcon_core.package_identification:_identify(src/rplidar_ros) by extensions ['colcon_meta']
[0.220s] Level 1:colcon.colcon_core.package_identification:_identify(src/rplidar_ros) by extension 'colcon_meta'
[0.221s] Level 1:colcon.colcon_core.package_identification:_identify(src/rplidar_ros) by extensions ['ros']
[0.221s] Level 1:colcon.colcon_core.package_identification:_identify(src/rplidar_ros) by extension 'ros'
[0.222s] DEBUG:colcon.colcon_core.package_identification:Package 'src/rplidar_ros' with type 'ros.ament_cmake' and name 'rplidar_ros'
[0.222s] Level 1:colcon.colcon_core.package_identification:_identify(src/serial_robot_control_arduino) by extensions ['ignore', 'ignore_ament_install']
[0.222s] Level 1:colcon.colcon_core.package_identification:_identify(src/serial_robot_control_arduino) by extension 'ignore'
[0.222s] Level 1:colcon.colcon_core.package_identification:_identify(src/serial_robot_control_arduino) by extension 'ignore_ament_install'
[0.222s] Level 1:colcon.colcon_core.package_identification:_identify(src/serial_robot_control_arduino) by extensions ['colcon_pkg']
[0.222s] Level 1:colcon.colcon_core.package_identification:_identify(src/serial_robot_control_arduino) by extension 'colcon_pkg'
[0.222s] Level 1:colcon.colcon_core.package_identification:_identify(src/serial_robot_control_arduino) by extensions ['colcon_meta']
[0.222s] Level 1:colcon.colcon_core.package_identification:_identify(src/serial_robot_control_arduino) by extension 'colcon_meta'
[0.223s] Level 1:colcon.colcon_core.package_identification:_identify(src/serial_robot_control_arduino) by extensions ['ros']
[0.223s] Level 1:colcon.colcon_core.package_identification:_identify(src/serial_robot_control_arduino) by extension 'ros'
[0.223s] Level 1:colcon.colcon_core.package_identification:_identify(src/serial_robot_control_arduino) by extensions ['cmake', 'python']
[0.223s] Level 1:colcon.colcon_core.package_identification:_identify(src/serial_robot_control_arduino) by extension 'cmake'
[0.223s] Level 1:colcon.colcon_core.package_identification:_identify(src/serial_robot_control_arduino) by extension 'python'
[0.223s] Level 1:colcon.colcon_core.package_identification:_identify(src/serial_robot_control_arduino) by extensions ['python_setup_py']
[0.223s] Level 1:colcon.colcon_core.package_identification:_identify(src/serial_robot_control_arduino) by extension 'python_setup_py'
[0.223s] Level 1:colcon.colcon_core.package_identification:_identify(src/simulation_pkg) by extensions ['ignore', 'ignore_ament_install']
[0.223s] Level 1:colcon.colcon_core.package_identification:_identify(src/simulation_pkg) by extension 'ignore'
[0.223s] Level 1:colcon.colcon_core.package_identification:_identify(src/simulation_pkg) by extension 'ignore_ament_install'
[0.223s] Level 1:colcon.colcon_core.package_identification:_identify(src/simulation_pkg) by extensions ['colcon_pkg']
[0.223s] Level 1:colcon.colcon_core.package_identification:_identify(src/simulation_pkg) by extension 'colcon_pkg'
[0.223s] Level 1:colcon.colcon_core.package_identification:_identify(src/simulation_pkg) by extensions ['colcon_meta']
[0.223s] Level 1:colcon.colcon_core.package_identification:_identify(src/simulation_pkg) by extension 'colcon_meta'
[0.223s] Level 1:colcon.colcon_core.package_identification:_identify(src/simulation_pkg) by extensions ['ros']
[0.223s] Level 1:colcon.colcon_core.package_identification:_identify(src/simulation_pkg) by extension 'ros'
[0.224s] DEBUG:colcon.colcon_core.package_identification:Package 'src/simulation_pkg' with type 'ros.ament_python' and name 'simulation_pkg'
[0.224s] Level 1:colcon.colcon_core.package_identification:_identify(src/slam_pkg) by extensions ['ignore', 'ignore_ament_install']
[0.224s] Level 1:colcon.colcon_core.package_identification:_identify(src/slam_pkg) by extension 'ignore'
[0.224s] Level 1:colcon.colcon_core.package_identification:_identify(src/slam_pkg) by extension 'ignore_ament_install'
[0.224s] Level 1:colcon.colcon_core.package_identification:_identify(src/slam_pkg) by extensions ['colcon_pkg']
[0.224s] Level 1:colcon.colcon_core.package_identification:_identify(src/slam_pkg) by extension 'colcon_pkg'
[0.224s] Level 1:colcon.colcon_core.package_identification:_identify(src/slam_pkg) by extensions ['colcon_meta']
[0.224s] Level 1:colcon.colcon_core.package_identification:_identify(src/slam_pkg) by extension 'colcon_meta'
[0.224s] Level 1:colcon.colcon_core.package_identification:_identify(src/slam_pkg) by extensions ['ros']
[0.224s] Level 1:colcon.colcon_core.package_identification:_identify(src/slam_pkg) by extension 'ros'
[0.225s] DEBUG:colcon.colcon_core.package_identification:Package 'src/slam_pkg' with type 'ros.ament_python' and name 'slam_pkg'
[0.225s] Level 1:colcon.colcon_core.package_identification:_identify(src/twist_stamper-main) by extensions ['ignore', 'ignore_ament_install']
[0.225s] Level 1:colcon.colcon_core.package_identification:_identify(src/twist_stamper-main) by extension 'ignore'
[0.225s] Level 1:colcon.colcon_core.package_identification:_identify(src/twist_stamper-main) by extension 'ignore_ament_install'
[0.225s] Level 1:colcon.colcon_core.package_identification:_identify(src/twist_stamper-main) by extensions ['colcon_pkg']
[0.225s] Level 1:colcon.colcon_core.package_identification:_identify(src/twist_stamper-main) by extension 'colcon_pkg'
[0.225s] Level 1:colcon.colcon_core.package_identification:_identify(src/twist_stamper-main) by extensions ['colcon_meta']
[0.225s] Level 1:colcon.colcon_core.package_identification:_identify(src/twist_stamper-main) by extension 'colcon_meta'
[0.225s] Level 1:colcon.colcon_core.package_identification:_identify(src/twist_stamper-main) by extensions ['ros']
[0.225s] Level 1:colcon.colcon_core.package_identification:_identify(src/twist_stamper-main) by extension 'ros'
[0.225s] DEBUG:colcon.colcon_core.package_identification:Package 'src/twist_stamper-main' with type 'ros.ament_python' and name 'twist_stamper'
[0.226s] Level 1:colcon.colcon_core.package_discovery:discover_packages(recursive) using defaults
[0.226s] Level 1:colcon.colcon_core.package_discovery:discover_packages(ignore) discover
[0.226s] Level 1:colcon.colcon_core.package_discovery:discover_packages(ignore) using defaults
[0.226s] Level 1:colcon.colcon_core.package_discovery:discover_packages(path) discover
[0.226s] Level 1:colcon.colcon_core.package_discovery:discover_packages(path) using defaults
[0.246s] Level 5:colcon.colcon_core.verb:set package 'nav_pkg' build argument 'cmake_args' from command line to 'None'
[0.246s] Level 5:colcon.colcon_core.verb:set package 'nav_pkg' build argument 'cmake_target' from command line to 'None'
[0.246s] Level 5:colcon.colcon_core.verb:set package 'nav_pkg' build argument 'cmake_target_skip_unavailable' from command line to 'False'
[0.246s] Level 5:colcon.colcon_core.verb:set package 'nav_pkg' build argument 'cmake_clean_cache' from command line to 'False'
[0.246s] Level 5:colcon.colcon_core.verb:set package 'nav_pkg' build argument 'cmake_clean_first' from command line to 'False'
[0.246s] Level 5:colcon.colcon_core.verb:set package 'nav_pkg' build argument 'cmake_force_configure' from command line to 'False'
[0.246s] Level 5:colcon.colcon_core.verb:set package 'nav_pkg' build argument 'ament_cmake_args' from command line to 'None'
[0.246s] Level 5:colcon.colcon_core.verb:set package 'nav_pkg' build argument 'catkin_cmake_args' from command line to 'None'
[0.246s] Level 5:colcon.colcon_core.verb:set package 'nav_pkg' build argument 'catkin_skip_building_tests' from command line to 'False'
[0.246s] DEBUG:colcon.colcon_core.verb:Building package 'nav_pkg' with the following arguments: {'ament_cmake_args': None, 'build_base': '/home/dhruvil/argo-test/build/nav_pkg', 'catkin_cmake_args': None, 'catkin_skip_building_tests': False, 'cmake_args': None, 'cmake_clean_cache': False, 'cmake_clean_first': False, 'cmake_force_configure': False, 'cmake_target': None, 'cmake_target_skip_unavailable': False, 'install_base': '/home/dhruvil/argo-test/install/nav_pkg', 'merge_install': False, 'path': '/home/dhruvil/argo-test/src/nav_pkg', 'symlink_install': True, 'test_result_base': None}
[0.246s] Level 5:colcon.colcon_core.verb:set package 'robot_control_pkg' build argument 'cmake_args' from command line to 'None'
[0.246s] Level 5:colcon.colcon_core.verb:set package 'robot_control_pkg' build argument 'cmake_target' from command line to 'None'
[0.246s] Level 5:colcon.colcon_core.verb:set package 'robot_control_pkg' build argument 'cmake_target_skip_unavailable' from command line to 'False'
[0.246s] Level 5:colcon.colcon_core.verb:set package 'robot_control_pkg' build argument 'cmake_clean_cache' from command line to 'False'
[0.246s] Level 5:colcon.colcon_core.verb:set package 'robot_control_pkg' build argument 'cmake_clean_first' from command line to 'False'
[0.246s] Level 5:colcon.colcon_core.verb:set package 'robot_control_pkg' build argument 'cmake_force_configure' from command line to 'False'
[0.246s] Level 5:colcon.colcon_core.verb:set package 'robot_control_pkg' build argument 'ament_cmake_args' from command line to 'None'
[0.246s] Level 5:colcon.colcon_core.verb:set package 'robot_control_pkg' build argument 'catkin_cmake_args' from command line to 'None'
[0.246s] Level 5:colcon.colcon_core.verb:set package 'robot_control_pkg' build argument 'catkin_skip_building_tests' from command line to 'False'
[0.246s] DEBUG:colcon.colcon_core.verb:Building package 'robot_control_pkg' with the following arguments: {'ament_cmake_args': None, 'build_base': '/home/dhruvil/argo-test/build/robot_control_pkg', 'catkin_cmake_args': None, 'catkin_skip_building_tests': False, 'cmake_args': None, 'cmake_clean_cache': False, 'cmake_clean_first': False, 'cmake_force_configure': False, 'cmake_target': None, 'cmake_target_skip_unavailable': False, 'install_base': '/home/dhruvil/argo-test/install/robot_control_pkg', 'merge_install': False, 'path': '/home/dhruvil/argo-test/src/robot_control_pkg', 'symlink_install': True, 'test_result_base': None}
[0.247s] Level 5:colcon.colcon_core.verb:set package 'rplidar_ros' build argument 'cmake_args' from command line to 'None'
[0.247s] Level 5:colcon.colcon_core.verb:set package 'rplidar_ros' build argument 'cmake_target' from command line to 'None'
[0.247s] Level 5:colcon.colcon_core.verb:set package 'rplidar_ros' build argument 'cmake_target_skip_unavailable' from command line to 'False'
[0.247s] Level 5:colcon.colcon_core.verb:set package 'rplidar_ros' build argument 'cmake_clean_cache' from command line to 'False'
[0.247s] Level 5:colcon.colcon_core.verb:set package 'rplidar_ros' build argument 'cmake_clean_first' from command line to 'False'
[0.247s] Level 5:colcon.colcon_core.verb:set package 'rplidar_ros' build argument 'cmake_force_configure' from command line to 'False'
[0.247s] Level 5:colcon.colcon_core.verb:set package 'rplidar_ros' build argument 'ament_cmake_args' from command line to 'None'
[0.247s] Level 5:colcon.colcon_core.verb:set package 'rplidar_ros' build argument 'catkin_cmake_args' from command line to 'None'
[0.247s] Level 5:colcon.colcon_core.verb:set package 'rplidar_ros' build argument 'catkin_skip_building_tests' from command line to 'False'
[0.247s] DEBUG:colcon.colcon_core.verb:Building package 'rplidar_ros' with the following arguments: {'ament_cmake_args': None, 'build_base': '/home/dhruvil/argo-test/build/rplidar_ros', 'catkin_cmake_args': None, 'catkin_skip_building_tests': False, 'cmake_args': None, 'cmake_clean_cache': False, 'cmake_clean_first': False, 'cmake_force_configure': False, 'cmake_target': None, 'cmake_target_skip_unavailable': False, 'install_base': '/home/dhruvil/argo-test/install/rplidar_ros', 'merge_install': False, 'path': '/home/dhruvil/argo-test/src/rplidar_ros', 'symlink_install': True, 'test_result_base': None}
[0.247s] Level 5:colcon.colcon_core.verb:set package 'simulation_pkg' build argument 'cmake_args' from command line to 'None'
[0.247s] Level 5:colcon.colcon_core.verb:set package 'simulation_pkg' build argument 'cmake_target' from command line to 'None'
[0.247s] Level 5:colcon.colcon_core.verb:set package 'simulation_pkg' build argument 'cmake_target_skip_unavailable' from command line to 'False'
[0.247s] Level 5:colcon.colcon_core.verb:set package 'simulation_pkg' build argument 'cmake_clean_cache' from command line to 'False'
[0.247s] Level 5:colcon.colcon_core.verb:set package 'simulation_pkg' build argument 'cmake_clean_first' from command line to 'False'
[0.247s] Level 5:colcon.colcon_core.verb:set package 'simulation_pkg' build argument 'cmake_force_configure' from command line to 'False'
[0.247s] Level 5:colcon.colcon_core.verb:set package 'simulation_pkg' build argument 'ament_cmake_args' from command line to 'None'
[0.247s] Level 5:colcon.colcon_core.verb:set package 'simulation_pkg' build argument 'catkin_cmake_args' from command line to 'None'
[0.247s] Level 5:colcon.colcon_core.verb:set package 'simulation_pkg' build argument 'catkin_skip_building_tests' from command line to 'False'
[0.247s] DEBUG:colcon.colcon_core.verb:Building package 'simulation_pkg' with the following arguments: {'ament_cmake_args': None, 'build_base': '/home/dhruvil/argo-test/build/simulation_pkg', 'catkin_cmake_args': None, 'catkin_skip_building_tests': False, 'cmake_args': None, 'cmake_clean_cache': False, 'cmake_clean_first': False, 'cmake_force_configure': False, 'cmake_target': None, 'cmake_target_skip_unavailable': False, 'install_base': '/home/dhruvil/argo-test/install/simulation_pkg', 'merge_install': False, 'path': '/home/dhruvil/argo-test/src/simulation_pkg', 'symlink_install': True, 'test_result_base': None}
[0.248s] Level 5:colcon.colcon_core.verb:set package 'slam_pkg' build argument 'cmake_args' from command line to 'None'
[0.248s] Level 5:colcon.colcon_core.verb:set package 'slam_pkg' build argument 'cmake_target' from command line to 'None'
[0.248s] Level 5:colcon.colcon_core.verb:set package 'slam_pkg' build argument 'cmake_target_skip_unavailable' from command line to 'False'
[0.248s] Level 5:colcon.colcon_core.verb:set package 'slam_pkg' build argument 'cmake_clean_cache' from command line to 'False'
[0.248s] Level 5:colcon.colcon_core.verb:set package 'slam_pkg' build argument 'cmake_clean_first' from command line to 'False'
[0.248s] Level 5:colcon.colcon_core.verb:set package 'slam_pkg' build argument 'cmake_force_configure' from command line to 'False'
[0.248s] Level 5:colcon.colcon_core.verb:set package 'slam_pkg' build argument 'ament_cmake_args' from command line to 'None'
[0.248s] Level 5:colcon.colcon_core.verb:set package 'slam_pkg' build argument 'catkin_cmake_args' from command line to 'None'
[0.248s] Level 5:colcon.colcon_core.verb:set package 'slam_pkg' build argument 'catkin_skip_building_tests' from command line to 'False'
[0.248s] DEBUG:colcon.colcon_core.verb:Building package 'slam_pkg' with the following arguments: {'ament_cmake_args': None, 'build_base': '/home/dhruvil/argo-test/build/slam_pkg', 'catkin_cmake_args': None, 'catkin_skip_building_tests': False, 'cmake_args': None, 'cmake_clean_cache': False, 'cmake_clean_first': False, 'cmake_force_configure': False, 'cmake_target': None, 'cmake_target_skip_unavailable': False, 'install_base': '/home/dhruvil/argo-test/install/slam_pkg', 'merge_install': False, 'path': '/home/dhruvil/argo-test/src/slam_pkg', 'symlink_install': True, 'test_result_base': None}
[0.248s] Level 5:colcon.colcon_core.verb:set package 'twist_stamper' build argument 'cmake_args' from command line to 'None'
[0.248s] Level 5:colcon.colcon_core.verb:set package 'twist_stamper' build argument 'cmake_target' from command line to 'None'
[0.248s] Level 5:colcon.colcon_core.verb:set package 'twist_stamper' build argument 'cmake_target_skip_unavailable' from command line to 'False'
[0.248s] Level 5:colcon.colcon_core.verb:set package 'twist_stamper' build argument 'cmake_clean_cache' from command line to 'False'
[0.248s] Level 5:colcon.colcon_core.verb:set package 'twist_stamper' build argument 'cmake_clean_first' from command line to 'False'
[0.248s] Level 5:colcon.colcon_core.verb:set package 'twist_stamper' build argument 'cmake_force_configure' from command line to 'False'
[0.248s] Level 5:colcon.colcon_core.verb:set package 'twist_stamper' build argument 'ament_cmake_args' from command line to 'None'
[0.248s] Level 5:colcon.colcon_core.verb:set package 'twist_stamper' build argument 'catkin_cmake_args' from command line to 'None'
[0.248s] Level 5:colcon.colcon_core.verb:set package 'twist_stamper' build argument 'catkin_skip_building_tests' from command line to 'False'
[0.249s] DEBUG:colcon.colcon_core.verb:Building package 'twist_stamper' with the following arguments: {'ament_cmake_args': None, 'build_base': '/home/dhruvil/argo-test/build/twist_stamper', 'catkin_cmake_args': None, 'catkin_skip_building_tests': False, 'cmake_args': None, 'cmake_clean_cache': False, 'cmake_clean_first': False, 'cmake_force_configure': False, 'cmake_target': None, 'cmake_target_skip_unavailable': False, 'install_base': '/home/dhruvil/argo-test/install/twist_stamper', 'merge_install': False, 'path': '/home/dhruvil/argo-test/src/twist_stamper-main', 'symlink_install': True, 'test_result_base': None}
[0.249s] INFO:colcon.colcon_core.executor:Executing jobs using 'parallel' executor
[0.250s] DEBUG:colcon.colcon_parallel_executor.executor.parallel:run_until_complete
[0.250s] INFO:colcon.colcon_ros.task.ament_python.build:Building ROS package in '/home/dhruvil/argo-test/src/nav_pkg' with build type 'ament_python'
[0.250s] Level 1:colcon.colcon_core.shell:create_environment_hook('nav_pkg', 'ament_prefix_path')
[0.254s] INFO:colcon.colcon_core.plugin_system:Skipping extension 'colcon_core.shell.bat': Not used on non-Windows systems
[0.254s] INFO:colcon.colcon_core.shell:Creating environment descriptor '/home/dhruvil/argo-test/install/nav_pkg/share/nav_pkg/hook/ament_prefix_path.dsv'
[0.255s] INFO:colcon.colcon_core.shell:Creating environment hook '/home/dhruvil/argo-test/install/nav_pkg/share/nav_pkg/hook/ament_prefix_path.sh'
[0.257s] DEBUG:colcon.colcon_core.shell:Skip shell extension 'dsv' for command environment
[0.261s] INFO:colcon.colcon_ros.task.ament_cmake.build:Building ROS package in '/home/dhruvil/argo-test/src/robot_control_pkg' with build type 'ament_cmake'
[0.261s] INFO:colcon.colcon_cmake.task.cmake.build:Building CMake package in '/home/dhruvil/argo-test/src/robot_control_pkg'
[0.262s] DEBUG:colcon.colcon_core.shell:Skip shell extension 'dsv' for command environment
[0.267s] INFO:colcon.colcon_ros.task.ament_cmake.build:Building ROS package in '/home/dhruvil/argo-test/src/rplidar_ros' with build type 'ament_cmake'
[0.267s] INFO:colcon.colcon_cmake.task.cmake.build:Building CMake package in '/home/dhruvil/argo-test/src/rplidar_ros'
[0.267s] DEBUG:colcon.colcon_core.shell:Skip shell extension 'dsv' for command environment
[0.274s] INFO:colcon.colcon_ros.task.ament_python.build:Building ROS package in '/home/dhruvil/argo-test/src/simulation_pkg' with build type 'ament_python'
[0.274s] Level 1:colcon.colcon_core.shell:create_environment_hook('simulation_pkg', 'ament_prefix_path')
[0.275s] INFO:colcon.colcon_core.shell:Creating environment descriptor '/home/dhruvil/argo-test/install/simulation_pkg/share/simulation_pkg/hook/ament_prefix_path.dsv'
[0.275s] INFO:colcon.colcon_core.shell:Creating environment hook '/home/dhruvil/argo-test/install/simulation_pkg/share/simulation_pkg/hook/ament_prefix_path.sh'
[0.276s] DEBUG:colcon.colcon_core.shell:Skip shell extension 'dsv' for command environment
[0.280s] INFO:colcon.colcon_ros.task.ament_python.build:Building ROS package in '/home/dhruvil/argo-test/src/slam_pkg' with build type 'ament_python'
[0.280s] Level 1:colcon.colcon_core.shell:create_environment_hook('slam_pkg', 'ament_prefix_path')
[0.280s] INFO:colcon.colcon_core.shell:Creating environment descriptor '/home/dhruvil/argo-test/install/slam_pkg/share/slam_pkg/hook/ament_prefix_path.dsv'
[0.280s] INFO:colcon.colcon_core.shell:Creating environment hook '/home/dhruvil/argo-test/install/slam_pkg/share/slam_pkg/hook/ament_prefix_path.sh'
[0.282s] DEBUG:colcon.colcon_core.shell:Skip shell extension 'dsv' for command environment
[0.286s] INFO:colcon.colcon_ros.task.ament_python.build:Building ROS package in '/home/dhruvil/argo-test/src/twist_stamper-main' with build type 'ament_python'
[0.286s] Level 1:colcon.colcon_core.shell:create_environment_hook('twist_stamper', 'ament_prefix_path')
[0.286s] INFO:colcon.colcon_core.shell:Creating environment descriptor '/home/dhruvil/argo-test/install/twist_stamper/share/twist_stamper/hook/ament_prefix_path.dsv'
[0.287s] INFO:colcon.colcon_core.shell:Creating environment hook '/home/dhruvil/argo-test/install/twist_stamper/share/twist_stamper/hook/ament_prefix_path.sh'
[0.288s] DEBUG:colcon.colcon_core.shell:Skip shell extension 'dsv' for command environment
[0.549s] INFO:colcon.colcon_core.task.python.build:Building Python package in '/home/dhruvil/argo-test/src/nav_pkg'
[0.549s] DEBUG:colcon.colcon_core.shell:Skip shell extension 'dsv' for command environment
[0.557s] DEBUG:colcon.colcon_core.event_handler.log_command:Invoking command in '/home/dhruvil/argo-test/build/robot_control_pkg': CMAKE_PREFIX_PATH=${CMAKE_PREFIX_PATH}:/opt/ros/jazzy DEBUGINFOD_URLS=https://debuginfod.ubuntu.com /usr/bin/cmake /home/dhruvil/argo-test/src/robot_control_pkg -DAMENT_CMAKE_SYMLINK_INSTALL=1 -DCMAKE_INSTALL_PREFIX=/home/dhruvil/argo-test/install/robot_control_pkg
[0.560s] DEBUG:colcon.colcon_core.event_handler.log_command:Invoking command in '/home/dhruvil/argo-test/build/rplidar_ros': CMAKE_PREFIX_PATH=${CMAKE_PREFIX_PATH}:/opt/ros/jazzy DEBUGINFOD_URLS=https://debuginfod.ubuntu.com /usr/bin/cmake /home/dhruvil/argo-test/src/rplidar_ros -DAMENT_CMAKE_SYMLINK_INSTALL=1 -DCMAKE_INSTALL_PREFIX=/home/dhruvil/argo-test/install/rplidar_ros
[0.871s] INFO:colcon.colcon_core.task.python.build:Building Python package in '/home/dhruvil/argo-test/src/simulation_pkg'
[0.871s] DEBUG:colcon.colcon_core.shell:Skip shell extension 'dsv' for command environment
[1.223s] INFO:colcon.colcon_core.task.python.build:Building Python package in '/home/dhruvil/argo-test/src/slam_pkg'
[1.223s] DEBUG:colcon.colcon_core.shell:Skip shell extension 'dsv' for command environment
[1.585s] INFO:colcon.colcon_core.task.python.build:Building Python package in '/home/dhruvil/argo-test/src/twist_stamper-main'
[1.586s] DEBUG:colcon.colcon_core.shell:Skip shell extension 'dsv' for command environment
[3.721s] DEBUG:colcon.colcon_core.event_handler.log_command:Invoking command in '/home/dhruvil/argo-test/build/simulation_pkg': DEBUGINFOD_URLS=https://debuginfod.ubuntu.com PYTHONPATH=/home/dhruvil/argo-test/build/simulation_pkg/prefix_override:/usr/lib/python3/dist-packages/colcon_core/task/python/colcon_distutils_commands:/home/dhruvil/argo-test/install/simulation_pkg/lib/python3.12/site-packages:${PYTHONPATH} /usr/bin/python3 -W ignore:setup.py install is deprecated -W ignore:easy_install command is deprecated setup.py develop --editable --build-directory /home/dhruvil/argo-test/build/simulation_pkg/build --no-deps symlink_data
[3.733s] DEBUG:colcon.colcon_core.event_handler.log_command:Invoking command in '/home/dhruvil/argo-test/build/nav_pkg': DEBUGINFOD_URLS=https://debuginfod.ubuntu.com PYTHONPATH=/home/dhruvil/argo-test/build/nav_pkg/prefix_override:/usr/lib/python3/dist-packages/colcon_core/task/python/colcon_distutils_commands:/home/dhruvil/argo-test/install/nav_pkg/lib/python3.12/site-packages:${PYTHONPATH} /usr/bin/python3 -W ignore:setup.py install is deprecated -W ignore:easy_install command is deprecated setup.py develop --editable --build-directory /home/dhruvil/argo-test/build/nav_pkg/build --no-deps symlink_data
[3.738s] DEBUG:colcon.colcon_core.event_handler.log_command:Invoking command in '/home/dhruvil/argo-test/build/slam_pkg': DEBUGINFOD_URLS=https://debuginfod.ubuntu.com PYTHONPATH=/home/dhruvil/argo-test/build/slam_pkg/prefix_override:/usr/lib/python3/dist-packages/colcon_core/task/python/colcon_distutils_commands:/home/dhruvil/argo-test/install/slam_pkg/lib/python3.12/site-packages:${PYTHONPATH} /usr/bin/python3 -W ignore:setup.py install is deprecated -W ignore:easy_install command is deprecated setup.py develop --editable --build-directory /home/dhruvil/argo-test/build/slam_pkg/build --no-deps symlink_data
[3.767s] DEBUG:colcon.colcon_core.event_handler.log_command:Invoking command in '/home/dhruvil/argo-test/build/twist_stamper': DEBUGINFOD_URLS=https://debuginfod.ubuntu.com PYTHONPATH=/home/dhruvil/argo-test/build/twist_stamper/prefix_override:/usr/lib/python3/dist-packages/colcon_core/task/python/colcon_distutils_commands:/home/dhruvil/argo-test/install/twist_stamper/lib/python3.12/site-packages:${PYTHONPATH} /usr/bin/python3 -W ignore:setup.py install is deprecated -W ignore:easy_install command is deprecated setup.py develop --editable --build-directory /home/dhruvil/argo-test/build/twist_stamper/build --no-deps symlink_data
[4.117s] DEBUG:colcon.colcon_core.event_handler.log_command:Invoked command in '/home/dhruvil/argo-test/build/rplidar_ros' returned '0': CMAKE_PREFIX_PATH=${CMAKE_PREFIX_PATH}:/opt/ros/jazzy DEBUGINFOD_URLS=https://debuginfod.ubuntu.com /usr/bin/cmake /home/dhruvil/argo-test/src/rplidar_ros -DAMENT_CMAKE_SYMLINK_INSTALL=1 -DCMAKE_INSTALL_PREFIX=/home/dhruvil/argo-test/install/rplidar_ros
[4.122s] DEBUG:colcon.colcon_core.event_handler.log_command:Invoking command in '/home/dhruvil/argo-test/build/rplidar_ros': CMAKE_PREFIX_PATH=${CMAKE_PREFIX_PATH}:/opt/ros/jazzy DEBUGINFOD_URLS=https://debuginfod.ubuntu.com /usr/bin/cmake --build /home/dhruvil/argo-test/build/rplidar_ros -- -j12 -l12
[6.330s] DEBUG:colcon.colcon_core.event_handler.log_command:Invoked command in '/home/dhruvil/argo-test/build/robot_control_pkg' returned '0': CMAKE_PREFIX_PATH=${CMAKE_PREFIX_PATH}:/opt/ros/jazzy DEBUGINFOD_URLS=https://debuginfod.ubuntu.com /usr/bin/cmake /home/dhruvil/argo-test/src/robot_control_pkg -DAMENT_CMAKE_SYMLINK_INSTALL=1 -DCMAKE_INSTALL_PREFIX=/home/dhruvil/argo-test/install/robot_control_pkg
[6.336s] DEBUG:colcon.colcon_core.event_handler.log_command:Invoking command in '/home/dhruvil/argo-test/build/robot_control_pkg': CMAKE_PREFIX_PATH=${CMAKE_PREFIX_PATH}:/opt/ros/jazzy DEBUGINFOD_URLS=https://debuginfod.ubuntu.com /usr/bin/cmake --build /home/dhruvil/argo-test/build/robot_control_pkg -- -j12 -l12
[7.138s] Level 1:colcon.colcon_core.shell:create_environment_hook('simulation_pkg', 'pythonpath_develop')
[7.139s] DEBUG:colcon.colcon_core.event_handler.log_command:Invoked command in '/home/dhruvil/argo-test/build/simulation_pkg' returned '0': DEBUGINFOD_URLS=https://debuginfod.ubuntu.com PYTHONPATH=/home/dhruvil/argo-test/build/simulation_pkg/prefix_override:/usr/lib/python3/dist-packages/colcon_core/task/python/colcon_distutils_commands:/home/dhruvil/argo-test/install/simulation_pkg/lib/python3.12/site-packages:${PYTHONPATH} /usr/bin/python3 -W ignore:setup.py install is deprecated -W ignore:easy_install command is deprecated setup.py develop --editable --build-directory /home/dhruvil/argo-test/build/simulation_pkg/build --no-deps symlink_data
[7.139s] INFO:colcon.colcon_core.shell:Creating environment descriptor '/home/dhruvil/argo-test/build/simulation_pkg/share/simulation_pkg/hook/pythonpath_develop.dsv'
[7.141s] INFO:colcon.colcon_core.shell:Creating environment hook '/home/dhruvil/argo-test/build/simulation_pkg/share/simulation_pkg/hook/pythonpath_develop.sh'
[7.150s] Level 1:colcon.colcon_core.environment:checking '/home/dhruvil/argo-test/install/simulation_pkg' for CMake module files
[7.151s] Level 1:colcon.colcon_core.environment:checking '/home/dhruvil/argo-test/install/simulation_pkg' for CMake config files
[7.153s] Level 1:colcon.colcon_core.environment:checking '/home/dhruvil/argo-test/install/simulation_pkg/lib'
[7.154s] Level 1:colcon.colcon_core.environment:checking '/home/dhruvil/argo-test/install/simulation_pkg/bin'
[7.154s] Level 1:colcon.colcon_core.environment:checking '/home/dhruvil/argo-test/install/simulation_pkg/lib/pkgconfig/simulation_pkg.pc'
[7.154s] Level 1:colcon.colcon_core.environment:checking '/home/dhruvil/argo-test/install/simulation_pkg/lib/python3.12/site-packages'
[7.155s] Level 1:colcon.colcon_core.shell:create_environment_hook('simulation_pkg', 'pythonpath')
[7.155s] INFO:colcon.colcon_core.shell:Creating environment descriptor '/home/dhruvil/argo-test/install/simulation_pkg/share/simulation_pkg/hook/pythonpath.dsv'
[7.156s] INFO:colcon.colcon_core.shell:Creating environment hook '/home/dhruvil/argo-test/install/simulation_pkg/share/simulation_pkg/hook/pythonpath.sh'
[7.157s] Level 1:colcon.colcon_core.environment:checking '/home/dhruvil/argo-test/install/simulation_pkg/bin'
[7.158s] Level 1:colcon.colcon_core.environment:create_environment_scripts_only(simulation_pkg)
[7.158s] INFO:colcon.colcon_core.shell:Creating package descriptor '/home/dhruvil/argo-test/install/simulation_pkg/share/simulation_pkg/package.dsv'
[7.160s] INFO:colcon.colcon_core.shell:Creating package script '/home/dhruvil/argo-test/install/simulation_pkg/share/simulation_pkg/package.sh'
[7.161s] INFO:colcon.colcon_core.shell:Creating package script '/home/dhruvil/argo-test/install/simulation_pkg/share/simulation_pkg/package.bash'
[7.163s] INFO:colcon.colcon_core.shell:Creating package script '/home/dhruvil/argo-test/install/simulation_pkg/share/simulation_pkg/package.zsh'
[7.164s] Level 1:colcon.colcon_core.environment:create_file_with_runtime_dependencies(/home/dhruvil/argo-test/install/simulation_pkg/share/colcon-core/packages/simulation_pkg)
[7.330s] Level 1:colcon.colcon_core.shell:create_environment_hook('slam_pkg', 'pythonpath_develop')
[7.330s] INFO:colcon.colcon_core.shell:Creating environment descriptor '/home/dhruvil/argo-test/build/slam_pkg/share/slam_pkg/hook/pythonpath_develop.dsv'
[7.333s] INFO:colcon.colcon_core.shell:Creating environment hook '/home/dhruvil/argo-test/build/slam_pkg/share/slam_pkg/hook/pythonpath_develop.sh'
[7.335s] DEBUG:colcon.colcon_core.event_handler.log_command:Invoked command in '/home/dhruvil/argo-test/build/slam_pkg' returned '0': DEBUGINFOD_URLS=https://debuginfod.ubuntu.com PYTHONPATH=/home/dhruvil/argo-test/build/slam_pkg/prefix_override:/usr/lib/python3/dist-packages/colcon_core/task/python/colcon_distutils_commands:/home/dhruvil/argo-test/install/slam_pkg/lib/python3.12/site-packages:${PYTHONPATH} /usr/bin/python3 -W ignore:setup.py install is deprecated -W ignore:easy_install command is deprecated setup.py develop --editable --build-directory /home/dhruvil/argo-test/build/slam_pkg/build --no-deps symlink_data
[7.336s] Level 1:colcon.colcon_core.environment:checking '/home/dhruvil/argo-test/install/slam_pkg' for CMake module files
[7.337s] Level 1:colcon.colcon_core.environment:checking '/home/dhruvil/argo-test/install/slam_pkg' for CMake config files
[7.338s] Level 1:colcon.colcon_core.environment:checking '/home/dhruvil/argo-test/install/slam_pkg/lib'
[7.338s] Level 1:colcon.colcon_core.environment:checking '/home/dhruvil/argo-test/install/slam_pkg/bin'
[7.338s] Level 1:colcon.colcon_core.environment:checking '/home/dhruvil/argo-test/install/slam_pkg/lib/pkgconfig/slam_pkg.pc'
[7.339s] Level 1:colcon.colcon_core.environment:checking '/home/dhruvil/argo-test/install/slam_pkg/lib/python3.12/site-packages'
[7.339s] Level 1:colcon.colcon_core.shell:create_environment_hook('slam_pkg', 'pythonpath')
[7.339s] INFO:colcon.colcon_core.shell:Creating environment descriptor '/home/dhruvil/argo-test/install/slam_pkg/share/slam_pkg/hook/pythonpath.dsv'
[7.340s] INFO:colcon.colcon_core.shell:Creating environment hook '/home/dhruvil/argo-test/install/slam_pkg/share/slam_pkg/hook/pythonpath.sh'
[7.342s] Level 1:colcon.colcon_core.environment:checking '/home/dhruvil/argo-test/install/slam_pkg/bin'
[7.342s] Level 1:colcon.colcon_core.environment:create_environment_scripts_only(slam_pkg)
[7.343s] INFO:colcon.colcon_core.shell:Creating package descriptor '/home/dhruvil/argo-test/install/slam_pkg/share/slam_pkg/package.dsv'
[7.345s] INFO:colcon.colcon_core.shell:Creating package script '/home/dhruvil/argo-test/install/slam_pkg/share/slam_pkg/package.sh'
[7.346s] INFO:colcon.colcon_core.shell:Creating package script '/home/dhruvil/argo-test/install/slam_pkg/share/slam_pkg/package.bash'
[7.347s] INFO:colcon.colcon_core.shell:Creating package script '/home/dhruvil/argo-test/install/slam_pkg/share/slam_pkg/package.zsh'
[7.347s] Level 1:colcon.colcon_core.environment:create_file_with_runtime_dependencies(/home/dhruvil/argo-test/install/slam_pkg/share/colcon-core/packages/slam_pkg)
[7.640s] Level 1:colcon.colcon_core.shell:create_environment_hook('twist_stamper', 'pythonpath_develop')
[7.641s] DEBUG:colcon.colcon_core.event_handler.log_command:Invoked command in '/home/dhruvil/argo-test/build/twist_stamper' returned '0': DEBUGINFOD_URLS=https://debuginfod.ubuntu.com PYTHONPATH=/home/dhruvil/argo-test/build/twist_stamper/prefix_override:/usr/lib/python3/dist-packages/colcon_core/task/python/colcon_distutils_commands:/home/dhruvil/argo-test/install/twist_stamper/lib/python3.12/site-packages:${PYTHONPATH} /usr/bin/python3 -W ignore:setup.py install is deprecated -W ignore:easy_install command is deprecated setup.py develop --editable --build-directory /home/dhruvil/argo-test/build/twist_stamper/build --no-deps symlink_data
[7.642s] INFO:colcon.colcon_core.shell:Creating environment descriptor '/home/dhruvil/argo-test/build/twist_stamper/share/twist_stamper/hook/pythonpath_develop.dsv'
[7.643s] INFO:colcon.colcon_core.shell:Creating environment hook '/home/dhruvil/argo-test/build/twist_stamper/share/twist_stamper/hook/pythonpath_develop.sh'
[7.645s] Level 1:colcon.colcon_core.environment:checking '/home/dhruvil/argo-test/install/twist_stamper' for CMake module files
[7.646s] Level 1:colcon.colcon_core.environment:checking '/home/dhruvil/argo-test/install/twist_stamper' for CMake config files
[7.647s] Level 1:colcon.colcon_core.environment:checking '/home/dhruvil/argo-test/install/twist_stamper/lib'
[7.647s] Level 1:colcon.colcon_core.environment:checking '/home/dhruvil/argo-test/install/twist_stamper/bin'
[7.647s] Level 1:colcon.colcon_core.environment:checking '/home/dhruvil/argo-test/install/twist_stamper/lib/pkgconfig/twist_stamper.pc'
[7.648s] Level 1:colcon.colcon_core.environment:checking '/home/dhruvil/argo-test/install/twist_stamper/lib/python3.12/site-packages'
[7.648s] Level 1:colcon.colcon_core.shell:create_environment_hook('twist_stamper', 'pythonpath')
[7.650s] INFO:colcon.colcon_core.shell:Creating environment descriptor '/home/dhruvil/argo-test/install/twist_stamper/share/twist_stamper/hook/pythonpath.dsv'
[7.651s] INFO:colcon.colcon_core.shell:Creating environment hook '/home/dhruvil/argo-test/install/twist_stamper/share/twist_stamper/hook/pythonpath.sh'
[7.653s] Level 1:colcon.colcon_core.environment:checking '/home/dhruvil/argo-test/install/twist_stamper/bin'
[7.653s] Level 1:colcon.colcon_core.environment:create_environment_scripts_only(twist_stamper)
[7.654s] INFO:colcon.colcon_core.shell:Creating package descriptor '/home/dhruvil/argo-test/install/twist_stamper/share/twist_stamper/package.dsv'
[7.655s] INFO:colcon.colcon_core.shell:Creating package script '/home/dhruvil/argo-test/install/twist_stamper/share/twist_stamper/package.sh'
[7.656s] INFO:colcon.colcon_core.shell:Creating package script '/home/dhruvil/argo-test/install/twist_stamper/share/twist_stamper/package.bash'
[7.658s] INFO:colcon.colcon_core.shell:Creating package script '/home/dhruvil/argo-test/install/twist_stamper/share/twist_stamper/package.zsh'
[7.659s] Level 1:colcon.colcon_core.environment:create_file_with_runtime_dependencies(/home/dhruvil/argo-test/install/twist_stamper/share/colcon-core/packages/twist_stamper)
[8.087s] Level 1:colcon.colcon_core.shell:create_environment_hook('nav_pkg', 'pythonpath_develop')
[8.088s] INFO:colcon.colcon_core.shell:Creating environment descriptor '/home/dhruvil/argo-test/build/nav_pkg/share/nav_pkg/hook/pythonpath_develop.dsv'
[8.094s] INFO:colcon.colcon_core.shell:Creating environment hook '/home/dhruvil/argo-test/build/nav_pkg/share/nav_pkg/hook/pythonpath_develop.sh'
[8.102s] Level 1:colcon.colcon_core.environment:checking '/home/dhruvil/argo-test/install/nav_pkg' for CMake module files
[8.108s] DEBUG:colcon.colcon_core.event_handler.log_command:Invoked command in '/home/dhruvil/argo-test/build/nav_pkg' returned '0': DEBUGINFOD_URLS=https://debuginfod.ubuntu.com PYTHONPATH=/home/dhruvil/argo-test/build/nav_pkg/prefix_override:/usr/lib/python3/dist-packages/colcon_core/task/python/colcon_distutils_commands:/home/dhruvil/argo-test/install/nav_pkg/lib/python3.12/site-packages:${PYTHONPATH} /usr/bin/python3 -W ignore:setup.py install is deprecated -W ignore:easy_install command is deprecated setup.py develop --editable --build-directory /home/dhruvil/argo-test/build/nav_pkg/build --no-deps symlink_data
[8.111s] Level 1:colcon.colcon_core.environment:checking '/home/dhruvil/argo-test/install/nav_pkg' for CMake config files
[8.121s] Level 1:colcon.colcon_core.environment:checking '/home/dhruvil/argo-test/install/nav_pkg/lib'
[8.122s] Level 1:colcon.colcon_core.environment:checking '/home/dhruvil/argo-test/install/nav_pkg/bin'
[8.122s] Level 1:colcon.colcon_core.environment:checking '/home/dhruvil/argo-test/install/nav_pkg/lib/pkgconfig/nav_pkg.pc'
[8.127s] Level 1:colcon.colcon_core.environment:checking '/home/dhruvil/argo-test/install/nav_pkg/lib/python3.12/site-packages'
[8.128s] Level 1:colcon.colcon_core.shell:create_environment_hook('nav_pkg', 'pythonpath')
[8.133s] INFO:colcon.colcon_core.shell:Creating environment descriptor '/home/dhruvil/argo-test/install/nav_pkg/share/nav_pkg/hook/pythonpath.dsv'
[8.139s] INFO:colcon.colcon_core.shell:Creating environment hook '/home/dhruvil/argo-test/install/nav_pkg/share/nav_pkg/hook/pythonpath.sh'
[8.152s] Level 1:colcon.colcon_core.environment:checking '/home/dhruvil/argo-test/install/nav_pkg/bin'
[8.153s] Level 1:colcon.colcon_core.environment:create_environment_scripts_only(nav_pkg)
[8.158s] INFO:colcon.colcon_core.shell:Creating package descriptor '/home/dhruvil/argo-test/install/nav_pkg/share/nav_pkg/package.dsv'
[8.165s] INFO:colcon.colcon_core.shell:Creating package script '/home/dhruvil/argo-test/install/nav_pkg/share/nav_pkg/package.sh'
[8.172s] INFO:colcon.colcon_core.shell:Creating package script '/home/dhruvil/argo-test/install/nav_pkg/share/nav_pkg/package.bash'
[8.177s] INFO:colcon.colcon_core.shell:Creating package script '/home/dhruvil/argo-test/install/nav_pkg/share/nav_pkg/package.zsh'
[8.183s] Level 1:colcon.colcon_core.environment:create_file_with_runtime_dependencies(/home/dhruvil/argo-test/install/nav_pkg/share/colcon-core/packages/nav_pkg)
[21.636s] DEBUG:colcon.colcon_core.event_handler.log_command:Invoked command in '/home/dhruvil/argo-test/build/robot_control_pkg' returned '0': CMAKE_PREFIX_PATH=${CMAKE_PREFIX_PATH}:/opt/ros/jazzy DEBUGINFOD_URLS=https://debuginfod.ubuntu.com /usr/bin/cmake --build /home/dhruvil/argo-test/build/robot_control_pkg -- -j12 -l12
[21.659s] DEBUG:colcon.colcon_core.event_handler.log_command:Invoking command in '/home/dhruvil/argo-test/build/robot_control_pkg': CMAKE_PREFIX_PATH=${CMAKE_PREFIX_PATH}:/opt/ros/jazzy DEBUGINFOD_URLS=https://debuginfod.ubuntu.com /usr/bin/cmake --install /home/dhruvil/argo-test/build/robot_control_pkg
[22.642s] Level 1:colcon.colcon_core.environment:create_environment_scripts_only(robot_control_pkg)
[22.642s] Level 1:colcon.colcon_core.environment:checking '/home/dhruvil/argo-test/install/robot_control_pkg' for CMake module files
[22.642s] DEBUG:colcon.colcon_core.event_handler.log_command:Invoked command in '/home/dhruvil/argo-test/build/robot_control_pkg' returned '0': CMAKE_PREFIX_PATH=${CMAKE_PREFIX_PATH}:/opt/ros/jazzy DEBUGINFOD_URLS=https://debuginfod.ubuntu.com /usr/bin/cmake --install /home/dhruvil/argo-test/build/robot_control_pkg
[22.643s] Level 1:colcon.colcon_core.environment:checking '/home/dhruvil/argo-test/install/robot_control_pkg' for CMake config files
[22.644s] Level 1:colcon.colcon_core.shell:create_environment_hook('robot_control_pkg', 'cmake_prefix_path')
[22.645s] INFO:colcon.colcon_core.shell:Creating environment descriptor '/home/dhruvil/argo-test/install/robot_control_pkg/share/robot_control_pkg/hook/cmake_prefix_path.dsv'
[22.645s] INFO:colcon.colcon_core.shell:Creating environment hook '/home/dhruvil/argo-test/install/robot_control_pkg/share/robot_control_pkg/hook/cmake_prefix_path.sh'
[22.646s] Level 1:colcon.colcon_core.environment:checking '/home/dhruvil/argo-test/install/robot_control_pkg/lib'
[22.647s] Level 1:colcon.colcon_core.shell:create_environment_hook('robot_control_pkg', 'ld_library_path_lib')
[22.647s] INFO:colcon.colcon_core.shell:Creating environment descriptor '/home/dhruvil/argo-test/install/robot_control_pkg/share/robot_control_pkg/hook/ld_library_path_lib.dsv'
[22.648s] INFO:colcon.colcon_core.shell:Creating environment hook '/home/dhruvil/argo-test/install/robot_control_pkg/share/robot_control_pkg/hook/ld_library_path_lib.sh'
[22.648s] Level 1:colcon.colcon_core.environment:checking '/home/dhruvil/argo-test/install/robot_control_pkg/bin'
[22.648s] Level 1:colcon.colcon_core.environment:checking '/home/dhruvil/argo-test/install/robot_control_pkg/lib/pkgconfig/robot_control_pkg.pc'
[22.649s] Level 1:colcon.colcon_core.environment:checking '/home/dhruvil/argo-test/install/robot_control_pkg/lib/python3.12/site-packages'
[22.649s] Level 1:colcon.colcon_core.environment:checking '/home/dhruvil/argo-test/install/robot_control_pkg/bin'
[22.650s] INFO:colcon.colcon_core.shell:Creating package descriptor '/home/dhruvil/argo-test/install/robot_control_pkg/share/robot_control_pkg/package.dsv'
[22.652s] INFO:colcon.colcon_core.shell:Creating package script '/home/dhruvil/argo-test/install/robot_control_pkg/share/robot_control_pkg/package.sh'
[22.653s] INFO:colcon.colcon_core.shell:Creating package script '/home/dhruvil/argo-test/install/robot_control_pkg/share/robot_control_pkg/package.bash'
[22.653s] INFO:colcon.colcon_core.shell:Creating package script '/home/dhruvil/argo-test/install/robot_control_pkg/share/robot_control_pkg/package.zsh'
[22.654s] Level 1:colcon.colcon_core.environment:create_file_with_runtime_dependencies(/home/dhruvil/argo-test/install/robot_control_pkg/share/colcon-core/packages/robot_control_pkg)
[22.654s] Level 1:colcon.colcon_core.environment:create_environment_scripts_only(robot_control_pkg)
[22.655s] Level 1:colcon.colcon_core.environment:checking '/home/dhruvil/argo-test/install/robot_control_pkg' for CMake module files
[22.656s] Level 1:colcon.colcon_core.environment:checking '/home/dhruvil/argo-test/install/robot_control_pkg' for CMake config files
[22.658s] Level 1:colcon.colcon_core.shell:create_environment_hook('robot_control_pkg', 'cmake_prefix_path')
[22.658s] INFO:colcon.colcon_core.shell:Creating environment descriptor '/home/dhruvil/argo-test/install/robot_control_pkg/share/robot_control_pkg/hook/cmake_prefix_path.dsv'
[22.659s] INFO:colcon.colcon_core.shell:Creating environment hook '/home/dhruvil/argo-test/install/robot_control_pkg/share/robot_control_pkg/hook/cmake_prefix_path.sh'
[22.660s] Level 1:colcon.colcon_core.environment:checking '/home/dhruvil/argo-test/install/robot_control_pkg/lib'
[22.660s] Level 1:colcon.colcon_core.shell:create_environment_hook('robot_control_pkg', 'ld_library_path_lib')
[22.660s] INFO:colcon.colcon_core.shell:Creating environment descriptor '/home/dhruvil/argo-test/install/robot_control_pkg/share/robot_control_pkg/hook/ld_library_path_lib.dsv'
[22.661s] INFO:colcon.colcon_core.shell:Creating environment hook '/home/dhruvil/argo-test/install/robot_control_pkg/share/robot_control_pkg/hook/ld_library_path_lib.sh'
[22.661s] Level 1:colcon.colcon_core.environment:checking '/home/dhruvil/argo-test/install/robot_control_pkg/bin'
[22.661s] Level 1:colcon.colcon_core.environment:checking '/home/dhruvil/argo-test/install/robot_control_pkg/lib/pkgconfig/robot_control_pkg.pc'
[22.662s] Level 1:colcon.colcon_core.environment:checking '/home/dhruvil/argo-test/install/robot_control_pkg/lib/python3.12/site-packages'
[22.663s] Level 1:colcon.colcon_core.environment:checking '/home/dhruvil/argo-test/install/robot_control_pkg/bin'
[22.664s] INFO:colcon.colcon_core.shell:Creating package descriptor '/home/dhruvil/argo-test/install/robot_control_pkg/share/robot_control_pkg/package.dsv'
[22.665s] INFO:colcon.colcon_core.shell:Creating package script '/home/dhruvil/argo-test/install/robot_control_pkg/share/robot_control_pkg/package.sh'
[22.667s] INFO:colcon.colcon_core.shell:Creating package script '/home/dhruvil/argo-test/install/robot_control_pkg/share/robot_control_pkg/package.bash'
[22.668s] INFO:colcon.colcon_core.shell:Creating package script '/home/dhruvil/argo-test/install/robot_control_pkg/share/robot_control_pkg/package.zsh'
[22.668s] Level 1:colcon.colcon_core.environment:create_file_with_runtime_dependencies(/home/dhruvil/argo-test/install/robot_control_pkg/share/colcon-core/packages/robot_control_pkg)
[26.072s] DEBUG:colcon.colcon_core.event_handler.log_command:Invoked command in '/home/dhruvil/argo-test/build/rplidar_ros' returned '0': CMAKE_PREFIX_PATH=${CMAKE_PREFIX_PATH}:/opt/ros/jazzy DEBUGINFOD_URLS=https://debuginfod.ubuntu.com /usr/bin/cmake --build /home/dhruvil/argo-test/build/rplidar_ros -- -j12 -l12
[26.073s] DEBUG:colcon.colcon_core.event_handler.log_command:Invoking command in '/home/dhruvil/argo-test/build/rplidar_ros': CMAKE_PREFIX_PATH=${CMAKE_PREFIX_PATH}:/opt/ros/jazzy DEBUGINFOD_URLS=https://debuginfod.ubuntu.com /usr/bin/cmake --install /home/dhruvil/argo-test/build/rplidar_ros
[27.359s] Level 1:colcon.colcon_core.environment:create_environment_scripts_only(rplidar_ros)
[27.359s] Level 1:colcon.colcon_core.environment:checking '/home/dhruvil/argo-test/install/rplidar_ros' for CMake module files
[27.361s] DEBUG:colcon.colcon_core.event_handler.log_command:Invoked command in '/home/dhruvil/argo-test/build/rplidar_ros' returned '0': CMAKE_PREFIX_PATH=${CMAKE_PREFIX_PATH}:/opt/ros/jazzy DEBUGINFOD_URLS=https://debuginfod.ubuntu.com /usr/bin/cmake --install /home/dhruvil/argo-test/build/rplidar_ros
[27.365s] Level 1:colcon.colcon_core.environment:checking '/home/dhruvil/argo-test/install/rplidar_ros' for CMake config files
[27.367s] Level 1:colcon.colcon_core.shell:create_environment_hook('rplidar_ros', 'cmake_prefix_path')
[27.368s] INFO:colcon.colcon_core.shell:Creating environment descriptor '/home/dhruvil/argo-test/install/rplidar_ros/share/rplidar_ros/hook/cmake_prefix_path.dsv'
[27.370s] INFO:colcon.colcon_core.shell:Creating environment hook '/home/dhruvil/argo-test/install/rplidar_ros/share/rplidar_ros/hook/cmake_prefix_path.sh'
[27.373s] Level 1:colcon.colcon_core.environment:checking '/home/dhruvil/argo-test/install/rplidar_ros/lib'
[27.373s] Level 1:colcon.colcon_core.environment:checking '/home/dhruvil/argo-test/install/rplidar_ros/bin'
[27.373s] Level 1:colcon.colcon_core.environment:checking '/home/dhruvil/argo-test/install/rplidar_ros/lib/pkgconfig/rplidar_ros.pc'
[27.374s] Level 1:colcon.colcon_core.environment:checking '/home/dhruvil/argo-test/install/rplidar_ros/lib/python3.12/site-packages'
[27.377s] Level 1:colcon.colcon_core.environment:checking '/home/dhruvil/argo-test/install/rplidar_ros/bin'
[27.378s] INFO:colcon.colcon_core.shell:Creating package descriptor '/home/dhruvil/argo-test/install/rplidar_ros/share/rplidar_ros/package.dsv'
[27.380s] INFO:colcon.colcon_core.shell:Creating package script '/home/dhruvil/argo-test/install/rplidar_ros/share/rplidar_ros/package.sh'
[27.382s] INFO:colcon.colcon_core.shell:Creating package script '/home/dhruvil/argo-test/install/rplidar_ros/share/rplidar_ros/package.bash'
[27.383s] INFO:colcon.colcon_core.shell:Creating package script '/home/dhruvil/argo-test/install/rplidar_ros/share/rplidar_ros/package.zsh'
[27.385s] Level 1:colcon.colcon_core.environment:create_file_with_runtime_dependencies(/home/dhruvil/argo-test/install/rplidar_ros/share/colcon-core/packages/rplidar_ros)
[27.387s] Level 1:colcon.colcon_core.environment:create_environment_scripts_only(rplidar_ros)
[27.388s] Level 1:colcon.colcon_core.environment:checking '/home/dhruvil/argo-test/install/rplidar_ros' for CMake module files
[27.390s] Level 1:colcon.colcon_core.environment:checking '/home/dhruvil/argo-test/install/rplidar_ros' for CMake config files
[27.392s] Level 1:colcon.colcon_core.shell:create_environment_hook('rplidar_ros', 'cmake_prefix_path')
[27.393s] INFO:colcon.colcon_core.shell:Creating environment descriptor '/home/dhruvil/argo-test/install/rplidar_ros/share/rplidar_ros/hook/cmake_prefix_path.dsv'
[27.394s] INFO:colcon.colcon_core.shell:Creating environment hook '/home/dhruvil/argo-test/install/rplidar_ros/share/rplidar_ros/hook/cmake_prefix_path.sh'
[27.397s] Level 1:colcon.colcon_core.environment:checking '/home/dhruvil/argo-test/install/rplidar_ros/lib'
[27.398s] Level 1:colcon.colcon_core.environment:checking '/home/dhruvil/argo-test/install/rplidar_ros/bin'
[27.399s] Level 1:colcon.colcon_core.environment:checking '/home/dhruvil/argo-test/install/rplidar_ros/lib/pkgconfig/rplidar_ros.pc'
[27.400s] Level 1:colcon.colcon_core.environment:checking '/home/dhruvil/argo-test/install/rplidar_ros/lib/python3.12/site-packages'
[27.401s] Level 1:colcon.colcon_core.environment:checking '/home/dhruvil/argo-test/install/rplidar_ros/bin'
[27.402s] INFO:colcon.colcon_core.shell:Creating package descriptor '/home/dhruvil/argo-test/install/rplidar_ros/share/rplidar_ros/package.dsv'
[27.404s] INFO:colcon.colcon_core.shell:Creating package script '/home/dhruvil/argo-test/install/rplidar_ros/share/rplidar_ros/package.sh'
[27.406s] INFO:colcon.colcon_core.shell:Creating package script '/home/dhruvil/argo-test/install/rplidar_ros/share/rplidar_ros/package.bash'
[27.408s] INFO:colcon.colcon_core.shell:Creating package script '/home/dhruvil/argo-test/install/rplidar_ros/share/rplidar_ros/package.zsh'
[27.410s] Level 1:colcon.colcon_core.environment:create_file_with_runtime_dependencies(/home/dhruvil/argo-test/install/rplidar_ros/share/colcon-core/packages/rplidar_ros)
[27.411s] DEBUG:colcon.colcon_parallel_executor.executor.parallel:closing loop
[27.415s] DEBUG:colcon.colcon_parallel_executor.executor.parallel:loop closed
[27.415s] DEBUG:colcon.colcon_parallel_executor.executor.parallel:run_until_complete finished with '0'
[27.415s] DEBUG:colcon.colcon_core.event_reactor:joining thread
[27.445s] INFO:colcon.colcon_core.plugin_system:Skipping extension 'colcon_notification.desktop_notification.terminal_notifier': Not used on non-Darwin systems
[27.445s] INFO:colcon.colcon_core.plugin_system:Skipping extension 'colcon_notification.desktop_notification.win32': Not used on non-Windows systems
[27.446s] INFO:colcon.colcon_notification.desktop_notification:Sending desktop notification using 'notify2'
[27.509s] DEBUG:colcon.colcon_core.event_reactor:joined thread
[27.510s] INFO:colcon.colcon_core.shell:Creating prefix script '/home/dhruvil/argo-test/install/local_setup.sh'
[27.514s] INFO:colcon.colcon_core.shell:Creating prefix util module '/home/dhruvil/argo-test/install/_local_setup_util_sh.py'
[27.521s] INFO:colcon.colcon_core.shell:Creating prefix chain script '/home/dhruvil/argo-test/install/setup.sh'
[27.528s] INFO:colcon.colcon_core.shell:Creating prefix script '/home/dhruvil/argo-test/install/local_setup.bash'
[27.531s] INFO:colcon.colcon_core.shell:Creating prefix chain script '/home/dhruvil/argo-test/install/setup.bash'
[27.536s] INFO:colcon.colcon_core.shell:Creating prefix script '/home/dhruvil/argo-test/install/local_setup.zsh'
[27.539s] INFO:colcon.colcon_core.shell:Creating prefix chain script '/home/dhruvil/argo-test/install/setup.zsh'
