running egg_info
creating ../../build/simulation_pkg/simulation_pkg.egg-info
writing ../../build/simulation_pkg/simulation_pkg.egg-info/PKG-INFO
writing dependency_links to ../../build/simulation_pkg/simulation_pkg.egg-info/dependency_links.txt
writing requirements to ../../build/simulation_pkg/simulation_pkg.egg-info/requires.txt
writing top-level names to ../../build/simulation_pkg/simulation_pkg.egg-info/top_level.txt
writing manifest file '../../build/simulation_pkg/simulation_pkg.egg-info/SOURCES.txt'
reading manifest file '../../build/simulation_pkg/simulation_pkg.egg-info/SOURCES.txt'
writing manifest file '../../build/simulation_pkg/simulation_pkg.egg-info/SOURCES.txt'
running build
running build_py
creating /home/dhruv/argo-test/build/simulation_pkg/build
creating /home/dhruv/argo-test/build/simulation_pkg/build/lib
creating /home/dhruv/argo-test/build/simulation_pkg/build/lib/simulation_pkg
copying simulation_pkg/__init__.py -> /home/dhruv/argo-test/build/simulation_pkg/build/lib/simulation_pkg
running install
running install_lib
creating /home/dhruv/argo-test/install/simulation_pkg/lib/python3.12/site-packages/simulation_pkg
copying /home/dhruv/argo-test/build/simulation_pkg/build/lib/simulation_pkg/__init__.py -> /home/dhruv/argo-test/install/simulation_pkg/lib/python3.12/site-packages/simulation_pkg
byte-compiling /home/dhruv/argo-test/install/simulation_pkg/lib/python3.12/site-packages/simulation_pkg/__init__.py to __init__.cpython-312.pyc
running install_data
creating /home/dhruv/argo-test/install/simulation_pkg/share/ament_index
creating /home/dhruv/argo-test/install/simulation_pkg/share/ament_index/resource_index
creating /home/dhruv/argo-test/install/simulation_pkg/share/ament_index/resource_index/packages
copying resource/simulation_pkg -> /home/dhruv/argo-test/install/simulation_pkg/share/ament_index/resource_index/packages
copying package.xml -> /home/dhruv/argo-test/install/simulation_pkg/share/simulation_pkg
creating /home/dhruv/argo-test/install/simulation_pkg/share/simulation_pkg/launch
copying launch/gaz_sim_launch.py -> /home/dhruv/argo-test/install/simulation_pkg/share/simulation_pkg/launch
copying launch/rsp_launch.py -> /home/dhruv/argo-test/install/simulation_pkg/share/simulation_pkg/launch
creating /home/dhruv/argo-test/install/simulation_pkg/share/simulation_pkg/models
copying models/front_caster_link.STL -> /home/dhruv/argo-test/install/simulation_pkg/share/simulation_pkg/models
copying models/base_link.STL -> /home/dhruv/argo-test/install/simulation_pkg/share/simulation_pkg/models
copying models/right_wheel_link.STL -> /home/dhruv/argo-test/install/simulation_pkg/share/simulation_pkg/models
copying models/left_wheel_link.STL -> /home/dhruv/argo-test/install/simulation_pkg/share/simulation_pkg/models
copying models/rear_caster_link.STL -> /home/dhruv/argo-test/install/simulation_pkg/share/simulation_pkg/models
copying models/lidar_link.STL -> /home/dhruv/argo-test/install/simulation_pkg/share/simulation_pkg/models
creating /home/dhruv/argo-test/install/simulation_pkg/share/simulation_pkg/description
copying description/gazebo_references.xacro -> /home/dhruv/argo-test/install/simulation_pkg/share/simulation_pkg/description
copying description/lidar.xacro -> /home/dhruv/argo-test/install/simulation_pkg/share/simulation_pkg/description
copying description/ros2_control.xacro -> /home/dhruv/argo-test/install/simulation_pkg/share/simulation_pkg/description
copying description/robot_urdf.xacro -> /home/dhruv/argo-test/install/simulation_pkg/share/simulation_pkg/description
copying description/robot_core.xacro -> /home/dhruv/argo-test/install/simulation_pkg/share/simulation_pkg/description
copying description/gazebo_control.xacro -> /home/dhruv/argo-test/install/simulation_pkg/share/simulation_pkg/description
creating /home/dhruv/argo-test/install/simulation_pkg/share/simulation_pkg/worlds
copying worlds/sim_world.sdf -> /home/dhruv/argo-test/install/simulation_pkg/share/simulation_pkg/worlds
copying worlds/industrial-warehouse.sdf -> /home/dhruv/argo-test/install/simulation_pkg/share/simulation_pkg/worlds
copying worlds/simple_sim_world.sdf -> /home/dhruv/argo-test/install/simulation_pkg/share/simulation_pkg/worlds
creating /home/dhruv/argo-test/install/simulation_pkg/share/simulation_pkg/params
copying params/ros_gz_bridge.yaml -> /home/dhruv/argo-test/install/simulation_pkg/share/simulation_pkg/params
creating /home/dhruv/argo-test/install/simulation_pkg/share/simulation_pkg/config
copying config/sim_view.rviz -> /home/dhruv/argo-test/install/simulation_pkg/share/simulation_pkg/config
copying config/view_bot.rviz -> /home/dhruv/argo-test/install/simulation_pkg/share/simulation_pkg/config
copying config/twist_mux.yaml -> /home/dhruv/argo-test/install/simulation_pkg/share/simulation_pkg/config
copying config/robot_controllers.yaml -> /home/dhruv/argo-test/install/simulation_pkg/share/simulation_pkg/config
running install_egg_info
Copying ../../build/simulation_pkg/simulation_pkg.egg-info to /home/dhruv/argo-test/install/simulation_pkg/lib/python3.12/site-packages/simulation_pkg-1.0.0-py3.12.egg-info
running install_scripts
writing list of installed files to '/home/dhruv/argo-test/build/simulation_pkg/install.log'
