[1.168s] Invoking command in '/home/argo/argo-test/src/simulation_pkg': DEBUGINFOD_URLS=https://debuginfod.ubuntu.com PYTHONPATH=/home/argo/argo-test/build/simulation_pkg/prefix_override:/usr/lib/python3/dist-packages/colcon_core/task/python/colcon_distutils_commands:/home/argo/argo-test/install/simulation_pkg/lib/python3.12/site-packages:${PYTHONPATH} /usr/bin/python3 -W ignore:setup.py install is deprecated -W ignore:easy_install command is deprecated setup.py egg_info --egg-base ../../build/simulation_pkg build --build-base /home/argo/argo-test/build/simulation_pkg/build install --record /home/argo/argo-test/build/simulation_pkg/install.log --single-version-externally-managed install_data
[1.462s] running egg_info
[1.463s] creating ../../build/simulation_pkg/simulation_pkg.egg-info
[1.488s] writing ../../build/simulation_pkg/simulation_pkg.egg-info/PKG-INFO
[1.488s] writing dependency_links to ../../build/simulation_pkg/simulation_pkg.egg-info/dependency_links.txt
[1.488s] writing requirements to ../../build/simulation_pkg/simulation_pkg.egg-info/requires.txt
[1.488s] writing top-level names to ../../build/simulation_pkg/simulation_pkg.egg-info/top_level.txt
[1.488s] writing manifest file '../../build/simulation_pkg/simulation_pkg.egg-info/SOURCES.txt'
[1.526s] reading manifest file '../../build/simulation_pkg/simulation_pkg.egg-info/SOURCES.txt'
[1.527s] writing manifest file '../../build/simulation_pkg/simulation_pkg.egg-info/SOURCES.txt'
[1.527s] running build
[1.527s] running build_py
[1.528s] creating /home/argo/argo-test/build/simulation_pkg/build
[1.528s] creating /home/argo/argo-test/build/simulation_pkg/build/lib
[1.528s] creating /home/argo/argo-test/build/simulation_pkg/build/lib/simulation_pkg
[1.528s] copying simulation_pkg/__init__.py -> /home/argo/argo-test/build/simulation_pkg/build/lib/simulation_pkg
[1.529s] running install
[1.535s] running install_lib
[1.557s] creating /home/argo/argo-test/install/simulation_pkg/lib/python3.12/site-packages/simulation_pkg
[1.557s] copying /home/argo/argo-test/build/simulation_pkg/build/lib/simulation_pkg/__init__.py -> /home/argo/argo-test/install/simulation_pkg/lib/python3.12/site-packages/simulation_pkg
[1.558s] byte-compiling /home/argo/argo-test/install/simulation_pkg/lib/python3.12/site-packages/simulation_pkg/__init__.py to __init__.cpython-312.pyc
[1.559s] running install_data
[1.559s] creating /home/argo/argo-test/install/simulation_pkg/share/ament_index
[1.559s] creating /home/argo/argo-test/install/simulation_pkg/share/ament_index/resource_index
[1.559s] creating /home/argo/argo-test/install/simulation_pkg/share/ament_index/resource_index/packages
[1.560s] copying resource/simulation_pkg -> /home/argo/argo-test/install/simulation_pkg/share/ament_index/resource_index/packages
[1.560s] copying package.xml -> /home/argo/argo-test/install/simulation_pkg/share/simulation_pkg
[1.560s] creating /home/argo/argo-test/install/simulation_pkg/share/simulation_pkg/launch
[1.561s] copying launch/rsp_launch.py -> /home/argo/argo-test/install/simulation_pkg/share/simulation_pkg/launch
[1.561s] copying launch/gaz_sim_launch.py -> /home/argo/argo-test/install/simulation_pkg/share/simulation_pkg/launch
[1.562s] creating /home/argo/argo-test/install/simulation_pkg/share/simulation_pkg/models
[1.562s] copying models/rear_caster_link.STL -> /home/argo/argo-test/install/simulation_pkg/share/simulation_pkg/models
[1.562s] copying models/lidar_link.STL -> /home/argo/argo-test/install/simulation_pkg/share/simulation_pkg/models
[1.562s] copying models/right_wheel_link.STL -> /home/argo/argo-test/install/simulation_pkg/share/simulation_pkg/models
[1.563s] copying models/base_link.STL -> /home/argo/argo-test/install/simulation_pkg/share/simulation_pkg/models
[1.567s] copying models/front_caster_link.STL -> /home/argo/argo-test/install/simulation_pkg/share/simulation_pkg/models
[1.567s] copying models/left_wheel_link.STL -> /home/argo/argo-test/install/simulation_pkg/share/simulation_pkg/models
[1.567s] creating /home/argo/argo-test/install/simulation_pkg/share/simulation_pkg/description
[1.567s] copying description/ros2_control.xacro -> /home/argo/argo-test/install/simulation_pkg/share/simulation_pkg/description
[1.567s] copying description/gazebo_references.xacro -> /home/argo/argo-test/install/simulation_pkg/share/simulation_pkg/description
[1.567s] copying description/robot_core.xacro -> /home/argo/argo-test/install/simulation_pkg/share/simulation_pkg/description
[1.567s] copying description/robot_urdf.xacro -> /home/argo/argo-test/install/simulation_pkg/share/simulation_pkg/description
[1.568s] copying description/lidar.xacro -> /home/argo/argo-test/install/simulation_pkg/share/simulation_pkg/description
[1.568s] copying description/gazebo_control.xacro -> /home/argo/argo-test/install/simulation_pkg/share/simulation_pkg/description
[1.568s] creating /home/argo/argo-test/install/simulation_pkg/share/simulation_pkg/worlds
[1.568s] copying worlds/simple_sim_world.sdf -> /home/argo/argo-test/install/simulation_pkg/share/simulation_pkg/worlds
[1.568s] copying worlds/sim_world.sdf -> /home/argo/argo-test/install/simulation_pkg/share/simulation_pkg/worlds
[1.568s] copying worlds/industrial-warehouse.sdf -> /home/argo/argo-test/install/simulation_pkg/share/simulation_pkg/worlds
[1.568s] creating /home/argo/argo-test/install/simulation_pkg/share/simulation_pkg/params
[1.568s] copying params/ros_gz_bridge.yaml -> /home/argo/argo-test/install/simulation_pkg/share/simulation_pkg/params
[1.568s] creating /home/argo/argo-test/install/simulation_pkg/share/simulation_pkg/config
[1.568s] copying config/view_bot.rviz -> /home/argo/argo-test/install/simulation_pkg/share/simulation_pkg/config
[1.568s] copying config/sim_view.rviz -> /home/argo/argo-test/install/simulation_pkg/share/simulation_pkg/config
[1.568s] copying config/twist_mux.yaml -> /home/argo/argo-test/install/simulation_pkg/share/simulation_pkg/config
[1.568s] copying config/robot_controllers.yaml -> /home/argo/argo-test/install/simulation_pkg/share/simulation_pkg/config
[1.568s] running install_egg_info
[1.590s] Copying ../../build/simulation_pkg/simulation_pkg.egg-info to /home/argo/argo-test/install/simulation_pkg/lib/python3.12/site-packages/simulation_pkg-1.0.0-py3.12.egg-info
[1.590s] running install_scripts
[1.763s] writing list of installed files to '/home/argo/argo-test/build/simulation_pkg/install.log'
[1.805s] Invoked command in '/home/argo/argo-test/src/simulation_pkg' returned '0': DEBUGINFOD_URLS=https://debuginfod.ubuntu.com PYTHONPATH=/home/argo/argo-test/build/simulation_pkg/prefix_override:/usr/lib/python3/dist-packages/colcon_core/task/python/colcon_distutils_commands:/home/argo/argo-test/install/simulation_pkg/lib/python3.12/site-packages:${PYTHONPATH} /usr/bin/python3 -W ignore:setup.py install is deprecated -W ignore:easy_install command is deprecated setup.py egg_info --egg-base ../../build/simulation_pkg build --build-base /home/argo/argo-test/build/simulation_pkg/build install --record /home/argo/argo-test/build/simulation_pkg/install.log --single-version-externally-managed install_data
