running develop
running egg_info
creating simulation_pkg.egg-info
writing simulation_pkg.egg-info/PKG-INFO
writing dependency_links to simulation_pkg.egg-info/dependency_links.txt
writing requirements to simulation_pkg.egg-info/requires.txt
writing top-level names to simulation_pkg.egg-info/top_level.txt
writing manifest file 'simulation_pkg.egg-info/SOURCES.txt'
reading manifest file 'simulation_pkg.egg-info/SOURCES.txt'
writing manifest file 'simulation_pkg.egg-info/SOURCES.txt'
running build_ext
Creating /home/dhruvil/argo-test/install/simulation_pkg/lib/python3.12/site-packages/simulation-pkg.egg-link (link to .)

Installed /home/dhruvil/argo-test/build/simulation_pkg
running symlink_data
creating /home/dhruvil/argo-test/install/simulation_pkg/share/ament_index
creating /home/dhruvil/argo-test/install/simulation_pkg/share/ament_index/resource_index
creating /home/dhruvil/argo-test/install/simulation_pkg/share/ament_index/resource_index/packages
symbolically linking /home/dhruvil/argo-test/build/simulation_pkg/resource/simulation_pkg -> /home/dhruvil/argo-test/install/simulation_pkg/share/ament_index/resource_index/packages
symbolically linking /home/dhruvil/argo-test/build/simulation_pkg/package.xml -> /home/dhruvil/argo-test/install/simulation_pkg/share/simulation_pkg
creating /home/dhruvil/argo-test/install/simulation_pkg/share/simulation_pkg/launch
symbolically linking /home/dhruvil/argo-test/build/simulation_pkg/launch/rsp_launch.py -> /home/dhruvil/argo-test/install/simulation_pkg/share/simulation_pkg/launch
symbolically linking /home/dhruvil/argo-test/build/simulation_pkg/launch/gaz_sim_launch.py -> /home/dhruvil/argo-test/install/simulation_pkg/share/simulation_pkg/launch
creating /home/dhruvil/argo-test/install/simulation_pkg/share/simulation_pkg/models
symbolically linking /home/dhruvil/argo-test/build/simulation_pkg/models/lidar_link.STL -> /home/dhruvil/argo-test/install/simulation_pkg/share/simulation_pkg/models
symbolically linking /home/dhruvil/argo-test/build/simulation_pkg/models/base_link.STL -> /home/dhruvil/argo-test/install/simulation_pkg/share/simulation_pkg/models
symbolically linking /home/dhruvil/argo-test/build/simulation_pkg/models/rear_caster_link.STL -> /home/dhruvil/argo-test/install/simulation_pkg/share/simulation_pkg/models
symbolically linking /home/dhruvil/argo-test/build/simulation_pkg/models/left_wheel_link.STL -> /home/dhruvil/argo-test/install/simulation_pkg/share/simulation_pkg/models
symbolically linking /home/dhruvil/argo-test/build/simulation_pkg/models/front_caster_link.STL -> /home/dhruvil/argo-test/install/simulation_pkg/share/simulation_pkg/models
symbolically linking /home/dhruvil/argo-test/build/simulation_pkg/models/right_wheel_link.STL -> /home/dhruvil/argo-test/install/simulation_pkg/share/simulation_pkg/models
creating /home/dhruvil/argo-test/install/simulation_pkg/share/simulation_pkg/description
symbolically linking /home/dhruvil/argo-test/build/simulation_pkg/description/ros2_control.xacro -> /home/dhruvil/argo-test/install/simulation_pkg/share/simulation_pkg/description
symbolically linking /home/dhruvil/argo-test/build/simulation_pkg/description/gazebo_control.xacro -> /home/dhruvil/argo-test/install/simulation_pkg/share/simulation_pkg/description
symbolically linking /home/dhruvil/argo-test/build/simulation_pkg/description/lidar.xacro -> /home/dhruvil/argo-test/install/simulation_pkg/share/simulation_pkg/description
symbolically linking /home/dhruvil/argo-test/build/simulation_pkg/description/gazebo_references.xacro -> /home/dhruvil/argo-test/install/simulation_pkg/share/simulation_pkg/description
symbolically linking /home/dhruvil/argo-test/build/simulation_pkg/description/robot_urdf.xacro -> /home/dhruvil/argo-test/install/simulation_pkg/share/simulation_pkg/description
symbolically linking /home/dhruvil/argo-test/build/simulation_pkg/description/robot_core.xacro -> /home/dhruvil/argo-test/install/simulation_pkg/share/simulation_pkg/description
creating /home/dhruvil/argo-test/install/simulation_pkg/share/simulation_pkg/worlds
symbolically linking /home/dhruvil/argo-test/build/simulation_pkg/worlds/simple_sim_world.sdf -> /home/dhruvil/argo-test/install/simulation_pkg/share/simulation_pkg/worlds
symbolically linking /home/dhruvil/argo-test/build/simulation_pkg/worlds/industrial-warehouse.sdf -> /home/dhruvil/argo-test/install/simulation_pkg/share/simulation_pkg/worlds
symbolically linking /home/dhruvil/argo-test/build/simulation_pkg/worlds/sim_world.sdf -> /home/dhruvil/argo-test/install/simulation_pkg/share/simulation_pkg/worlds
creating /home/dhruvil/argo-test/install/simulation_pkg/share/simulation_pkg/params
symbolically linking /home/dhruvil/argo-test/build/simulation_pkg/params/ros_gz_bridge.yaml -> /home/dhruvil/argo-test/install/simulation_pkg/share/simulation_pkg/params
creating /home/dhruvil/argo-test/install/simulation_pkg/share/simulation_pkg/config
symbolically linking /home/dhruvil/argo-test/build/simulation_pkg/config/robot_controllers.yaml -> /home/dhruvil/argo-test/install/simulation_pkg/share/simulation_pkg/config
symbolically linking /home/dhruvil/argo-test/build/simulation_pkg/config/view_bot.rviz -> /home/dhruvil/argo-test/install/simulation_pkg/share/simulation_pkg/config
symbolically linking /home/dhruvil/argo-test/build/simulation_pkg/config/sim_view.rviz -> /home/dhruvil/argo-test/install/simulation_pkg/share/simulation_pkg/config
symbolically linking /home/dhruvil/argo-test/build/simulation_pkg/config/twist_mux.yaml -> /home/dhruvil/argo-test/install/simulation_pkg/share/simulation_pkg/config
