[3.446s] Invoking command in '/home/dhruvil/argo-test/build/simulation_pkg': DEBUGINFOD_URLS=https://debuginfod.ubuntu.com PYTHONPATH=/home/dhruvil/argo-test/build/simulation_pkg/prefix_override:/usr/lib/python3/dist-packages/colcon_core/task/python/colcon_distutils_commands:/home/dhruvil/argo-test/install/simulation_pkg/lib/python3.12/site-packages:${PYTHONPATH} /usr/bin/python3 -W ignore:setup.py install is deprecated -W ignore:easy_install command is deprecated setup.py develop --editable --build-directory /home/dhruvil/argo-test/build/simulation_pkg/build --no-deps symlink_data
[4.071s] running develop
[5.801s] running egg_info
[5.802s] creating simulation_pkg.egg-info
[6.003s] writing simulation_pkg.egg-info/PKG-INFO
[6.008s] writing dependency_links to simulation_pkg.egg-info/dependency_links.txt
[6.009s] writing requirements to simulation_pkg.egg-info/requires.txt
[6.013s] writing top-level names to simulation_pkg.egg-info/top_level.txt
[6.014s] writing manifest file 'simulation_pkg.egg-info/SOURCES.txt'
[6.431s] reading manifest file 'simulation_pkg.egg-info/SOURCES.txt'
[6.438s] writing manifest file 'simulation_pkg.egg-info/SOURCES.txt'
[6.667s] running build_ext
[6.669s] Creating /home/dhruvil/argo-test/install/simulation_pkg/lib/python3.12/site-packages/simulation-pkg.egg-link (link to .)
[6.674s] 
[6.679s] Installed /home/dhruvil/argo-test/build/simulation_pkg
[6.684s] running symlink_data
[6.692s] creating /home/dhruvil/argo-test/install/simulation_pkg/share/ament_index
[6.692s] creating /home/dhruvil/argo-test/install/simulation_pkg/share/ament_index/resource_index
[6.693s] creating /home/dhruvil/argo-test/install/simulation_pkg/share/ament_index/resource_index/packages
[6.694s] symbolically linking /home/dhruvil/argo-test/build/simulation_pkg/resource/simulation_pkg -> /home/dhruvil/argo-test/install/simulation_pkg/share/ament_index/resource_index/packages
[6.699s] symbolically linking /home/dhruvil/argo-test/build/simulation_pkg/package.xml -> /home/dhruvil/argo-test/install/simulation_pkg/share/simulation_pkg
[6.699s] creating /home/dhruvil/argo-test/install/simulation_pkg/share/simulation_pkg/launch
[6.703s] symbolically linking /home/dhruvil/argo-test/build/simulation_pkg/launch/rsp_launch.py -> /home/dhruvil/argo-test/install/simulation_pkg/share/simulation_pkg/launch
[6.704s] symbolically linking /home/dhruvil/argo-test/build/simulation_pkg/launch/gaz_sim_launch.py -> /home/dhruvil/argo-test/install/simulation_pkg/share/simulation_pkg/launch
[6.705s] creating /home/dhruvil/argo-test/install/simulation_pkg/share/simulation_pkg/models
[6.708s] symbolically linking /home/dhruvil/argo-test/build/simulation_pkg/models/lidar_link.STL -> /home/dhruvil/argo-test/install/simulation_pkg/share/simulation_pkg/models
[6.709s] symbolically linking /home/dhruvil/argo-test/build/simulation_pkg/models/base_link.STL -> /home/dhruvil/argo-test/install/simulation_pkg/share/simulation_pkg/models
[6.716s] symbolically linking /home/dhruvil/argo-test/build/simulation_pkg/models/rear_caster_link.STL -> /home/dhruvil/argo-test/install/simulation_pkg/share/simulation_pkg/models
[6.717s] symbolically linking /home/dhruvil/argo-test/build/simulation_pkg/models/left_wheel_link.STL -> /home/dhruvil/argo-test/install/simulation_pkg/share/simulation_pkg/models
[6.718s] symbolically linking /home/dhruvil/argo-test/build/simulation_pkg/models/front_caster_link.STL -> /home/dhruvil/argo-test/install/simulation_pkg/share/simulation_pkg/models
[6.723s] symbolically linking /home/dhruvil/argo-test/build/simulation_pkg/models/right_wheel_link.STL -> /home/dhruvil/argo-test/install/simulation_pkg/share/simulation_pkg/models
[6.724s] creating /home/dhruvil/argo-test/install/simulation_pkg/share/simulation_pkg/description
[6.725s] symbolically linking /home/dhruvil/argo-test/build/simulation_pkg/description/ros2_control.xacro -> /home/dhruvil/argo-test/install/simulation_pkg/share/simulation_pkg/description
[6.726s] symbolically linking /home/dhruvil/argo-test/build/simulation_pkg/description/gazebo_control.xacro -> /home/dhruvil/argo-test/install/simulation_pkg/share/simulation_pkg/description
[6.736s] symbolically linking /home/dhruvil/argo-test/build/simulation_pkg/description/lidar.xacro -> /home/dhruvil/argo-test/install/simulation_pkg/share/simulation_pkg/description
[6.736s] symbolically linking /home/dhruvil/argo-test/build/simulation_pkg/description/gazebo_references.xacro -> /home/dhruvil/argo-test/install/simulation_pkg/share/simulation_pkg/description
[6.742s] symbolically linking /home/dhruvil/argo-test/build/simulation_pkg/description/robot_urdf.xacro -> /home/dhruvil/argo-test/install/simulation_pkg/share/simulation_pkg/description
[6.744s] symbolically linking /home/dhruvil/argo-test/build/simulation_pkg/description/robot_core.xacro -> /home/dhruvil/argo-test/install/simulation_pkg/share/simulation_pkg/description
[6.747s] creating /home/dhruvil/argo-test/install/simulation_pkg/share/simulation_pkg/worlds
[6.747s] symbolically linking /home/dhruvil/argo-test/build/simulation_pkg/worlds/simple_sim_world.sdf -> /home/dhruvil/argo-test/install/simulation_pkg/share/simulation_pkg/worlds
[6.750s] symbolically linking /home/dhruvil/argo-test/build/simulation_pkg/worlds/industrial-warehouse.sdf -> /home/dhruvil/argo-test/install/simulation_pkg/share/simulation_pkg/worlds
[6.751s] symbolically linking /home/dhruvil/argo-test/build/simulation_pkg/worlds/sim_world.sdf -> /home/dhruvil/argo-test/install/simulation_pkg/share/simulation_pkg/worlds
[6.751s] creating /home/dhruvil/argo-test/install/simulation_pkg/share/simulation_pkg/params
[6.752s] symbolically linking /home/dhruvil/argo-test/build/simulation_pkg/params/ros_gz_bridge.yaml -> /home/dhruvil/argo-test/install/simulation_pkg/share/simulation_pkg/params
[6.752s] creating /home/dhruvil/argo-test/install/simulation_pkg/share/simulation_pkg/config
[6.752s] symbolically linking /home/dhruvil/argo-test/build/simulation_pkg/config/robot_controllers.yaml -> /home/dhruvil/argo-test/install/simulation_pkg/share/simulation_pkg/config
[6.753s] symbolically linking /home/dhruvil/argo-test/build/simulation_pkg/config/view_bot.rviz -> /home/dhruvil/argo-test/install/simulation_pkg/share/simulation_pkg/config
[6.753s] symbolically linking /home/dhruvil/argo-test/build/simulation_pkg/config/sim_view.rviz -> /home/dhruvil/argo-test/install/simulation_pkg/share/simulation_pkg/config
[6.753s] symbolically linking /home/dhruvil/argo-test/build/simulation_pkg/config/twist_mux.yaml -> /home/dhruvil/argo-test/install/simulation_pkg/share/simulation_pkg/config
[6.864s] Invoked command in '/home/dhruvil/argo-test/build/simulation_pkg' returned '0': DEBUGINFOD_URLS=https://debuginfod.ubuntu.com PYTHONPATH=/home/dhruvil/argo-test/build/simulation_pkg/prefix_override:/usr/lib/python3/dist-packages/colcon_core/task/python/colcon_distutils_commands:/home/dhruvil/argo-test/install/simulation_pkg/lib/python3.12/site-packages:${PYTHONPATH} /usr/bin/python3 -W ignore:setup.py install is deprecated -W ignore:easy_install command is deprecated setup.py develop --editable --build-directory /home/dhruvil/argo-test/build/simulation_pkg/build --no-deps symlink_data
