[3.459s] Invoking command in '/home/dhruv/argo-test/src/slam_pkg': DEBUGINFOD_URLS=https://debuginfod.ubuntu.com PYTHONPATH=/home/dhruv/argo-test/build/slam_pkg/prefix_override:/usr/lib/python3/dist-packages/colcon_core/task/python/colcon_distutils_commands:/home/dhruv/argo-test/install/slam_pkg/lib/python3.12/site-packages:${PYTHONPATH} /usr/bin/python3 -W ignore:setup.py install is deprecated -W ignore:easy_install command is deprecated setup.py egg_info --egg-base ../../build/slam_pkg build --build-base /home/dhruv/argo-test/build/slam_pkg/build install --record /home/dhruv/argo-test/build/slam_pkg/install.log --single-version-externally-managed install_data
[5.793s] running egg_info
[5.802s] creating ../../build/slam_pkg/slam_pkg.egg-info
[5.991s] writing ../../build/slam_pkg/slam_pkg.egg-info/PKG-INFO
[5.991s] writing dependency_links to ../../build/slam_pkg/slam_pkg.egg-info/dependency_links.txt
[5.994s] writing requirements to ../../build/slam_pkg/slam_pkg.egg-info/requires.txt
[5.994s] writing top-level names to ../../build/slam_pkg/slam_pkg.egg-info/top_level.txt
[5.995s] writing manifest file '../../build/slam_pkg/slam_pkg.egg-info/SOURCES.txt'
[6.342s] reading manifest file '../../build/slam_pkg/slam_pkg.egg-info/SOURCES.txt'
[6.344s] writing manifest file '../../build/slam_pkg/slam_pkg.egg-info/SOURCES.txt'
[6.347s] running build
[6.348s] running build_py
[6.348s] creating /home/dhruv/argo-test/build/slam_pkg/build
[6.348s] creating /home/dhruv/argo-test/build/slam_pkg/build/lib
[6.348s] creating /home/dhruv/argo-test/build/slam_pkg/build/lib/slam_pkg
[6.348s] copying slam_pkg/__init__.py -> /home/dhruv/argo-test/build/slam_pkg/build/lib/slam_pkg
[6.348s] running install
[6.386s] running install_lib
[6.484s] creating /home/dhruv/argo-test/install/slam_pkg/lib/python3.12/site-packages/slam_pkg
[6.484s] copying /home/dhruv/argo-test/build/slam_pkg/build/lib/slam_pkg/__init__.py -> /home/dhruv/argo-test/install/slam_pkg/lib/python3.12/site-packages/slam_pkg
[6.484s] byte-compiling /home/dhruv/argo-test/install/slam_pkg/lib/python3.12/site-packages/slam_pkg/__init__.py to __init__.cpython-312.pyc
[6.485s] running install_data
[6.485s] creating /home/dhruv/argo-test/install/slam_pkg/share/ament_index
[6.485s] creating /home/dhruv/argo-test/install/slam_pkg/share/ament_index/resource_index
[6.485s] creating /home/dhruv/argo-test/install/slam_pkg/share/ament_index/resource_index/packages
[6.486s] copying resource/slam_pkg -> /home/dhruv/argo-test/install/slam_pkg/share/ament_index/resource_index/packages
[6.486s] copying package.xml -> /home/dhruv/argo-test/install/slam_pkg/share/slam_pkg
[6.486s] creating /home/dhruv/argo-test/install/slam_pkg/share/slam_pkg/launch
[6.486s] copying launch/slam_sim.launch.py -> /home/dhruv/argo-test/install/slam_pkg/share/slam_pkg/launch
[6.487s] copying launch/localization_launch.py -> /home/dhruv/argo-test/install/slam_pkg/share/slam_pkg/launch
[6.487s] copying launch/slam_real.launch.py -> /home/dhruv/argo-test/install/slam_pkg/share/slam_pkg/launch
[6.488s] creating /home/dhruv/argo-test/install/slam_pkg/share/slam_pkg/config
[6.488s] copying config/mapper_params_online_async.yaml -> /home/dhruv/argo-test/install/slam_pkg/share/slam_pkg/config
[6.488s] copying config/mapper_params_localization.yaml -> /home/dhruv/argo-test/install/slam_pkg/share/slam_pkg/config
[6.492s] running install_egg_info
[6.542s] Copying ../../build/slam_pkg/slam_pkg.egg-info to /home/dhruv/argo-test/install/slam_pkg/lib/python3.12/site-packages/slam_pkg-1.0.0-py3.12.egg-info
[6.548s] running install_scripts
[6.773s] writing list of installed files to '/home/dhruv/argo-test/build/slam_pkg/install.log'
[6.836s] Invoked command in '/home/dhruv/argo-test/src/slam_pkg' returned '0': DEBUGINFOD_URLS=https://debuginfod.ubuntu.com PYTHONPATH=/home/dhruv/argo-test/build/slam_pkg/prefix_override:/usr/lib/python3/dist-packages/colcon_core/task/python/colcon_distutils_commands:/home/dhruv/argo-test/install/slam_pkg/lib/python3.12/site-packages:${PYTHONPATH} /usr/bin/python3 -W ignore:setup.py install is deprecated -W ignore:easy_install command is deprecated setup.py egg_info --egg-base ../../build/slam_pkg build --build-base /home/dhruv/argo-test/build/slam_pkg/build install --record /home/dhruv/argo-test/build/slam_pkg/install.log --single-version-externally-managed install_data
