/home/dhruv/argo-test/install/nav_pkg/lib/python3.12/site-packages/nav_pkg/ultrasonic_safety.py
/home/dhruv/argo-test/install/nav_pkg/lib/python3.12/site-packages/nav_pkg/__init__.py
/home/dhruv/argo-test/install/nav_pkg/lib/python3.12/site-packages/nav_pkg/__pycache__/ultrasonic_safety.cpython-312.pyc
/home/dhruv/argo-test/install/nav_pkg/lib/python3.12/site-packages/nav_pkg/__pycache__/__init__.cpython-312.pyc
/home/dhruv/argo-test/install/nav_pkg/share/ament_index/resource_index/packages/nav_pkg
/home/dhruv/argo-test/install/nav_pkg/share/nav_pkg/package.xml
/home/dhruv/argo-test/install/nav_pkg/share/nav_pkg/launch/navigation_launch_real.py
/home/dhruv/argo-test/install/nav_pkg/share/nav_pkg/launch/localization_launch_real.py
/home/dhruv/argo-test/install/nav_pkg/share/nav_pkg/launch/localization_launch_sim.py
/home/dhruv/argo-test/install/nav_pkg/share/nav_pkg/launch/navigation_launch_sim.py
/home/dhruv/argo-test/install/nav_pkg/share/nav_pkg/launch/exploration_launch_real.py
/home/dhruv/argo-test/install/nav_pkg/share/nav_pkg/config/nav2_params_sim.yaml
/home/dhruv/argo-test/install/nav_pkg/share/nav_pkg/config/nav2_params_real.yaml
/home/dhruv/argo-test/install/nav_pkg/share/nav_pkg/config/params that work on real robot.yaml
/home/dhruv/argo-test/install/nav_pkg/share/nav_pkg/config/output.json
/home/dhruv/argo-test/install/nav_pkg/lib/python3.12/site-packages/nav_pkg-1.0.0-py3.12.egg-info/top_level.txt
/home/dhruv/argo-test/install/nav_pkg/lib/python3.12/site-packages/nav_pkg-1.0.0-py3.12.egg-info/SOURCES.txt
/home/dhruv/argo-test/install/nav_pkg/lib/python3.12/site-packages/nav_pkg-1.0.0-py3.12.egg-info/PKG-INFO
/home/dhruv/argo-test/install/nav_pkg/lib/python3.12/site-packages/nav_pkg-1.0.0-py3.12.egg-info/zip-safe
/home/dhruv/argo-test/install/nav_pkg/lib/python3.12/site-packages/nav_pkg-1.0.0-py3.12.egg-info/requires.txt
/home/dhruv/argo-test/install/nav_pkg/lib/python3.12/site-packages/nav_pkg-1.0.0-py3.12.egg-info/dependency_links.txt
/home/dhruv/argo-test/install/nav_pkg/lib/python3.12/site-packages/nav_pkg-1.0.0-py3.12.egg-info/entry_points.txt
/home/dhruv/argo-test/install/nav_pkg/lib/nav_pkg/ultrasonic_safety
