running egg_info
creating ../../build/nav_pkg/nav_pkg.egg-info
writing ../../build/nav_pkg/nav_pkg.egg-info/PKG-INFO
writing dependency_links to ../../build/nav_pkg/nav_pkg.egg-info/dependency_links.txt
writing entry points to ../../build/nav_pkg/nav_pkg.egg-info/entry_points.txt
writing requirements to ../../build/nav_pkg/nav_pkg.egg-info/requires.txt
writing top-level names to ../../build/nav_pkg/nav_pkg.egg-info/top_level.txt
writing manifest file '../../build/nav_pkg/nav_pkg.egg-info/SOURCES.txt'
reading manifest file '../../build/nav_pkg/nav_pkg.egg-info/SOURCES.txt'
writing manifest file '../../build/nav_pkg/nav_pkg.egg-info/SOURCES.txt'
running build
running build_py
creating /home/dhruv/argo-test/build/nav_pkg/build
creating /home/dhruv/argo-test/build/nav_pkg/build/lib
creating /home/dhruv/argo-test/build/nav_pkg/build/lib/nav_pkg
copying nav_pkg/ultrasonic_safety.py -> /home/dhruv/argo-test/build/nav_pkg/build/lib/nav_pkg
copying nav_pkg/__init__.py -> /home/dhruv/argo-test/build/nav_pkg/build/lib/nav_pkg
running install
running install_lib
creating /home/dhruv/argo-test/install/nav_pkg/lib/python3.12/site-packages/nav_pkg
copying /home/dhruv/argo-test/build/nav_pkg/build/lib/nav_pkg/ultrasonic_safety.py -> /home/dhruv/argo-test/install/nav_pkg/lib/python3.12/site-packages/nav_pkg
copying /home/dhruv/argo-test/build/nav_pkg/build/lib/nav_pkg/__init__.py -> /home/dhruv/argo-test/install/nav_pkg/lib/python3.12/site-packages/nav_pkg
byte-compiling /home/dhruv/argo-test/install/nav_pkg/lib/python3.12/site-packages/nav_pkg/ultrasonic_safety.py to ultrasonic_safety.cpython-312.pyc
byte-compiling /home/dhruv/argo-test/install/nav_pkg/lib/python3.12/site-packages/nav_pkg/__init__.py to __init__.cpython-312.pyc
running install_data
creating /home/dhruv/argo-test/install/nav_pkg/share/ament_index
creating /home/dhruv/argo-test/install/nav_pkg/share/ament_index/resource_index
creating /home/dhruv/argo-test/install/nav_pkg/share/ament_index/resource_index/packages
copying resource/nav_pkg -> /home/dhruv/argo-test/install/nav_pkg/share/ament_index/resource_index/packages
copying package.xml -> /home/dhruv/argo-test/install/nav_pkg/share/nav_pkg
creating /home/dhruv/argo-test/install/nav_pkg/share/nav_pkg/launch
copying launch/navigation_launch_real.py -> /home/dhruv/argo-test/install/nav_pkg/share/nav_pkg/launch
copying launch/localization_launch_real.py -> /home/dhruv/argo-test/install/nav_pkg/share/nav_pkg/launch
copying launch/localization_launch_sim.py -> /home/dhruv/argo-test/install/nav_pkg/share/nav_pkg/launch
copying launch/navigation_launch_sim.py -> /home/dhruv/argo-test/install/nav_pkg/share/nav_pkg/launch
copying launch/exploration_launch_real.py -> /home/dhruv/argo-test/install/nav_pkg/share/nav_pkg/launch
creating /home/dhruv/argo-test/install/nav_pkg/share/nav_pkg/config
copying config/nav2_params_sim.yaml -> /home/dhruv/argo-test/install/nav_pkg/share/nav_pkg/config
copying config/nav2_params_real.yaml -> /home/dhruv/argo-test/install/nav_pkg/share/nav_pkg/config
copying config/params that work on real robot.yaml -> /home/dhruv/argo-test/install/nav_pkg/share/nav_pkg/config
copying config/output.json -> /home/dhruv/argo-test/install/nav_pkg/share/nav_pkg/config
running install_egg_info
Copying ../../build/nav_pkg/nav_pkg.egg-info to /home/dhruv/argo-test/install/nav_pkg/lib/python3.12/site-packages/nav_pkg-1.0.0-py3.12.egg-info
running install_scripts
Installing ultrasonic_safety script to /home/dhruv/argo-test/install/nav_pkg/lib/nav_pkg
writing list of installed files to '/home/dhruv/argo-test/build/nav_pkg/install.log'
