[1.174s] Invoking command in '/home/dhruv/argo-test/src/nav_pkg': DEBUGINFOD_URLS=https://debuginfod.ubuntu.com PYTHONPATH=/home/dhruv/argo-test/build/nav_pkg/prefix_override:/usr/lib/python3/dist-packages/colcon_core/task/python/colcon_distutils_commands:/home/dhruv/argo-test/install/nav_pkg/lib/python3.12/site-packages:${PYTHONPATH} /usr/bin/python3 -W ignore:setup.py install is deprecated -W ignore:easy_install command is deprecated setup.py egg_info --egg-base ../../build/nav_pkg build --build-base /home/dhruv/argo-test/build/nav_pkg/build install --record /home/dhruv/argo-test/build/nav_pkg/install.log --single-version-externally-managed install_data
[1.650s] running egg_info
[1.650s] creating ../../build/nav_pkg/nav_pkg.egg-info
[1.675s] writing ../../build/nav_pkg/nav_pkg.egg-info/PKG-INFO
[1.675s] writing dependency_links to ../../build/nav_pkg/nav_pkg.egg-info/dependency_links.txt
[1.676s] writing entry points to ../../build/nav_pkg/nav_pkg.egg-info/entry_points.txt
[1.676s] writing requirements to ../../build/nav_pkg/nav_pkg.egg-info/requires.txt
[1.676s] writing top-level names to ../../build/nav_pkg/nav_pkg.egg-info/top_level.txt
[1.676s] writing manifest file '../../build/nav_pkg/nav_pkg.egg-info/SOURCES.txt'
[1.736s] reading manifest file '../../build/nav_pkg/nav_pkg.egg-info/SOURCES.txt'
[1.737s] writing manifest file '../../build/nav_pkg/nav_pkg.egg-info/SOURCES.txt'
[1.738s] running build
[1.738s] running build_py
[1.739s] creating /home/dhruv/argo-test/build/nav_pkg/build
[1.739s] creating /home/dhruv/argo-test/build/nav_pkg/build/lib
[1.739s] creating /home/dhruv/argo-test/build/nav_pkg/build/lib/nav_pkg
[1.739s] copying nav_pkg/ultrasonic_safety.py -> /home/dhruv/argo-test/build/nav_pkg/build/lib/nav_pkg
[1.740s] copying nav_pkg/__init__.py -> /home/dhruv/argo-test/build/nav_pkg/build/lib/nav_pkg
[1.740s] running install
[1.752s] running install_lib
[1.782s] creating /home/dhruv/argo-test/install/nav_pkg/lib/python3.12/site-packages/nav_pkg
[1.782s] copying /home/dhruv/argo-test/build/nav_pkg/build/lib/nav_pkg/ultrasonic_safety.py -> /home/dhruv/argo-test/install/nav_pkg/lib/python3.12/site-packages/nav_pkg
[1.783s] copying /home/dhruv/argo-test/build/nav_pkg/build/lib/nav_pkg/__init__.py -> /home/dhruv/argo-test/install/nav_pkg/lib/python3.12/site-packages/nav_pkg
[1.783s] byte-compiling /home/dhruv/argo-test/install/nav_pkg/lib/python3.12/site-packages/nav_pkg/ultrasonic_safety.py to ultrasonic_safety.cpython-312.pyc
[1.785s] byte-compiling /home/dhruv/argo-test/install/nav_pkg/lib/python3.12/site-packages/nav_pkg/__init__.py to __init__.cpython-312.pyc
[1.785s] running install_data
[1.785s] creating /home/dhruv/argo-test/install/nav_pkg/share/ament_index
[1.786s] creating /home/dhruv/argo-test/install/nav_pkg/share/ament_index/resource_index
[1.786s] creating /home/dhruv/argo-test/install/nav_pkg/share/ament_index/resource_index/packages
[1.786s] copying resource/nav_pkg -> /home/dhruv/argo-test/install/nav_pkg/share/ament_index/resource_index/packages
[1.786s] copying package.xml -> /home/dhruv/argo-test/install/nav_pkg/share/nav_pkg
[1.787s] creating /home/dhruv/argo-test/install/nav_pkg/share/nav_pkg/launch
[1.787s] copying launch/navigation_launch_real.py -> /home/dhruv/argo-test/install/nav_pkg/share/nav_pkg/launch
[1.787s] copying launch/localization_launch_real.py -> /home/dhruv/argo-test/install/nav_pkg/share/nav_pkg/launch
[1.787s] copying launch/localization_launch_sim.py -> /home/dhruv/argo-test/install/nav_pkg/share/nav_pkg/launch
[1.788s] copying launch/navigation_launch_sim.py -> /home/dhruv/argo-test/install/nav_pkg/share/nav_pkg/launch
[1.788s] copying launch/exploration_launch_real.py -> /home/dhruv/argo-test/install/nav_pkg/share/nav_pkg/launch
[1.788s] creating /home/dhruv/argo-test/install/nav_pkg/share/nav_pkg/config
[1.789s] copying config/nav2_params_sim.yaml -> /home/dhruv/argo-test/install/nav_pkg/share/nav_pkg/config
[1.789s] copying config/nav2_params_real.yaml -> /home/dhruv/argo-test/install/nav_pkg/share/nav_pkg/config
[1.789s] copying config/params that work on real robot.yaml -> /home/dhruv/argo-test/install/nav_pkg/share/nav_pkg/config
[1.790s] copying config/output.json -> /home/dhruv/argo-test/install/nav_pkg/share/nav_pkg/config
[1.790s] running install_egg_info
[1.817s] Copying ../../build/nav_pkg/nav_pkg.egg-info to /home/dhruv/argo-test/install/nav_pkg/lib/python3.12/site-packages/nav_pkg-1.0.0-py3.12.egg-info
[1.817s] running install_scripts
[2.125s] Installing ultrasonic_safety script to /home/dhruv/argo-test/install/nav_pkg/lib/nav_pkg
[2.125s] writing list of installed files to '/home/dhruv/argo-test/build/nav_pkg/install.log'
[2.241s] Invoked command in '/home/dhruv/argo-test/src/nav_pkg' returned '0': DEBUGINFOD_URLS=https://debuginfod.ubuntu.com PYTHONPATH=/home/dhruv/argo-test/build/nav_pkg/prefix_override:/usr/lib/python3/dist-packages/colcon_core/task/python/colcon_distutils_commands:/home/dhruv/argo-test/install/nav_pkg/lib/python3.12/site-packages:${PYTHONPATH} /usr/bin/python3 -W ignore:setup.py install is deprecated -W ignore:easy_install command is deprecated setup.py egg_info --egg-base ../../build/nav_pkg build --build-base /home/dhruv/argo-test/build/nav_pkg/build install --record /home/dhruv/argo-test/build/nav_pkg/install.log --single-version-externally-managed install_data
