-- The CXX compiler identification is GNU 13.3.0
-- Detecting CXX compiler ABI info
-- Detecting CXX compiler ABI info - done
-- Check for working CXX compiler: /usr/bin/c++ - skipped
-- Detecting CXX compile features
-- Detecting CXX compile features - done
-- Found ament_cmake: 2.5.5 (/opt/ros/jazzy/share/ament_cmake/cmake)
-- Found Python3: /usr/bin/python3 (found version "3.12.3") found components: Interpreter 
-- Override CMake install command with custom implementation using symlinks instead of copying resources
-- Found hardware_interface: 4.42.2 (/opt/ros/jazzy/share/hardware_interface/cmake)
-- Found rosidl_generator_c: 4.6.7 (/opt/ros/jazzy/share/rosidl_generator_c/cmake)
-- Found rosidl_generator_cpp: 4.6.7 (/opt/ros/jazzy/share/rosidl_generator_cpp/cmake)
-- Using all available rosidl_typesupport_c: rosidl_typesupport_fastrtps_c;rosidl_typesupport_introspection_c
-- Using all available rosidl_typesupport_cpp: rosidl_typesupport_fastrtps_cpp;rosidl_typesupport_introspection_cpp
-- Found TinyXML2 via Config file: /usr/lib/x86_64-linux-gnu/cmake/tinyxml2
-- Found rmw_implementation_cmake: 7.3.3 (/opt/ros/jazzy/share/rmw_implementation_cmake/cmake)
-- Found rmw_fastrtps_cpp: 8.4.3 (/opt/ros/jazzy/share/rmw_fastrtps_cpp/cmake)
-- Found TinyXML2 via Config file: /usr/lib/x86_64-linux-gnu/cmake/tinyxml2
-- Found OpenSSL: /usr/lib/x86_64-linux-gnu/libcrypto.so (found version "3.0.13")  
-- Found TinyXML2 via Config file: /usr/lib/x86_64-linux-gnu/cmake/tinyxml2
-- Found FastRTPS: /opt/ros/jazzy/include (Required is at least version "2.13") 
-- Found TinyXML2 via Config file: /usr/lib/x86_64-linux-gnu/cmake/tinyxml2
-- Found TinyXML2 via Config file: /usr/lib/x86_64-linux-gnu/cmake/tinyxml2
-- Using RMW implementation 'rmw_fastrtps_cpp' as default
-- Found ament_cmake_gtest: 2.5.5 (/opt/ros/jazzy/share/ament_cmake_gtest/cmake)
-- Configuring done (5.3s)
-- Generating done (0.2s)
-- Build files have been written to: /home/dhruvil/argo-test/build/robot_control_pkg
[ 50%] Building CXX object CMakeFiles/robot_control_pkg.dir/hardware/diffbot_system.cpp.o
/home/dhruvil/argo-test/src/robot_control_pkg/hardware/diffbot_system.cpp: In member function ‘virtual hardware_interface::CallbackReturn robot_control_pkg::RobotControlHardware::on_init(const hardware_interface::HardwareInfo&)’:
/home/dhruvil/argo-test/src/robot_control_pkg/hardware/diffbot_system.cpp:33:49: warning: ‘virtual rclcpp_lifecycle::node_interfaces::LifecycleNodeInterface::CallbackReturn hardware_interface::HardwareComponentInterface::on_init(const hardware_interface::HardwareInfo&)’ is deprecated: Use on_init(const HardwareComponentInterfaceParams & params) instead. [-Wdeprecated-declarations]
   33 |     hardware_interface::SystemInterface::on_init(info) !=
      |     ~~~~~~~~~~~~~~~~~~~~~~~~~~~~~~~~~~~~~~~~~~~~^~~~~~
In file included from /opt/ros/jazzy/include/hardware_interface/hardware_interface/system_interface.hpp:18,
                 from /home/dhruvil/argo-test/src/robot_control_pkg/hardware/include/robot_control_pkg/diffbot_system.hpp:24,
                 from /home/dhruvil/argo-test/src/robot_control_pkg/hardware/diffbot_system.cpp:15:
/opt/ros/jazzy/include/hardware_interface/hardware_interface/hardware_component_interface.hpp:140:26: note: declared here
  140 |   virtual CallbackReturn on_init(const HardwareInfo & hardware_info);
      |                          ^~~~~~~
[100%] Linking CXX shared library librobot_control_pkg.so
[100%] Built target robot_control_pkg
-- Install configuration: ""
-- Execute custom install script
-- Symlinking: /home/dhruvil/argo-test/install/robot_control_pkg/share/robot_control_pkg//robot_control_pkg.xml
-- Symlinking: /home/dhruvil/argo-test/install/robot_control_pkg/include/robot_control_pkg/robot_control_pkg/arduino_comms.hpp
-- Symlinking: /home/dhruvil/argo-test/install/robot_control_pkg/include/robot_control_pkg/robot_control_pkg/diffbot_system.hpp
-- Symlinking: /home/dhruvil/argo-test/install/robot_control_pkg/include/robot_control_pkg/robot_control_pkg/visibility_control.h
-- Symlinking: /home/dhruvil/argo-test/install/robot_control_pkg/include/robot_control_pkg/robot_control_pkg/wheel.hpp
-- Symlinking: /home/dhruvil/argo-test/install/robot_control_pkg/share/robot_control_pkg/urdf/diffbot.urdf.xacro
-- Symlinking: /home/dhruvil/argo-test/install/robot_control_pkg/share/robot_control_pkg/urdf/diffbot_description.urdf.xacro
-- Symlinking: /home/dhruvil/argo-test/install/robot_control_pkg/share/robot_control_pkg/models/base_link.STL
-- Symlinking: /home/dhruvil/argo-test/install/robot_control_pkg/share/robot_control_pkg/models/front_caster_link.STL
-- Symlinking: /home/dhruvil/argo-test/install/robot_control_pkg/share/robot_control_pkg/models/left_wheel_link.STL
-- Symlinking: /home/dhruvil/argo-test/install/robot_control_pkg/share/robot_control_pkg/models/lidar_link.STL
-- Symlinking: /home/dhruvil/argo-test/install/robot_control_pkg/share/robot_control_pkg/models/rear_caster_link.STL
-- Symlinking: /home/dhruvil/argo-test/install/robot_control_pkg/share/robot_control_pkg/models/right_wheel_link.STL
-- Symlinking: /home/dhruvil/argo-test/install/robot_control_pkg/share/robot_control_pkg/ros2_control/diffbot.ros2_control.xacro
-- Symlinking: /home/dhruvil/argo-test/install/robot_control_pkg/share/robot_control_pkg/launch/diffbot.launch.py
-- Symlinking: /home/dhruvil/argo-test/install/robot_control_pkg/share/robot_control_pkg/launch/joystick.launch.py
-- Symlinking: /home/dhruvil/argo-test/install/robot_control_pkg/share/robot_control_pkg/launch/mapping_keyboard.launch.py
-- Symlinking: /home/dhruvil/argo-test/install/robot_control_pkg/share/robot_control_pkg/launch/real_robot_launch.py
-- Symlinking: /home/dhruvil/argo-test/install/robot_control_pkg/share/robot_control_pkg/config/diffbot_controllers.yaml
-- Symlinking: /home/dhruvil/argo-test/install/robot_control_pkg/share/robot_control_pkg/config/ekf.yaml
-- Symlinking: /home/dhruvil/argo-test/install/robot_control_pkg/share/robot_control_pkg/config/joystick.yaml
-- Symlinking: /home/dhruvil/argo-test/install/robot_control_pkg/share/robot_control_pkg/config/twist_mux.yaml
-- Symlinking: /home/dhruvil/argo-test/install/robot_control_pkg/share/robot_control_pkg/description/models/base_link.STL
-- Symlinking: /home/dhruvil/argo-test/install/robot_control_pkg/share/robot_control_pkg/description/models/front_caster_link.STL
-- Symlinking: /home/dhruvil/argo-test/install/robot_control_pkg/share/robot_control_pkg/description/models/left_wheel_link.STL
-- Symlinking: /home/dhruvil/argo-test/install/robot_control_pkg/share/robot_control_pkg/description/models/lidar_link.STL
-- Symlinking: /home/dhruvil/argo-test/install/robot_control_pkg/share/robot_control_pkg/description/models/rear_caster_link.STL
-- Symlinking: /home/dhruvil/argo-test/install/robot_control_pkg/share/robot_control_pkg/description/models/right_wheel_link.STL
-- Symlinking: /home/dhruvil/argo-test/install/robot_control_pkg/share/robot_control_pkg/description/ros2_control/diffbot.ros2_control.xacro
-- Symlinking: /home/dhruvil/argo-test/install/robot_control_pkg/share/robot_control_pkg/description/urdf/diffbot.urdf.xacro
-- Symlinking: /home/dhruvil/argo-test/install/robot_control_pkg/share/robot_control_pkg/description/urdf/diffbot_description.urdf.xacro
-- Symlinking: /home/dhruvil/argo-test/install/robot_control_pkg/lib/robot_control_pkg/odom_publisher.py
-- Symlinking: /home/dhruvil/argo-test/install/robot_control_pkg/lib/robot_control_pkg/imu_publisher.py
-- Symlinking: /home/dhruvil/argo-test/install/robot_control_pkg/share/robot_control_pkg/environment/library_path.sh
-- Symlinking: /home/dhruvil/argo-test/install/robot_control_pkg/share/robot_control_pkg/environment/library_path.dsv
-- Symlinking: /home/dhruvil/argo-test/install/robot_control_pkg/share/ament_index/resource_index/package_run_dependencies/robot_control_pkg
-- Symlinking: /home/dhruvil/argo-test/install/robot_control_pkg/share/ament_index/resource_index/parent_prefix_path/robot_control_pkg
-- Symlinking: /home/dhruvil/argo-test/install/robot_control_pkg/share/robot_control_pkg/environment/ament_prefix_path.sh
-- Symlinking: /home/dhruvil/argo-test/install/robot_control_pkg/share/robot_control_pkg/environment/ament_prefix_path.dsv
-- Symlinking: /home/dhruvil/argo-test/install/robot_control_pkg/share/robot_control_pkg/environment/path.sh
-- Symlinking: /home/dhruvil/argo-test/install/robot_control_pkg/share/robot_control_pkg/environment/path.dsv
-- Symlinking: /home/dhruvil/argo-test/install/robot_control_pkg/share/robot_control_pkg/local_setup.bash
-- Symlinking: /home/dhruvil/argo-test/install/robot_control_pkg/share/robot_control_pkg/local_setup.sh
-- Symlinking: /home/dhruvil/argo-test/install/robot_control_pkg/share/robot_control_pkg/local_setup.zsh
-- Symlinking: /home/dhruvil/argo-test/install/robot_control_pkg/share/robot_control_pkg/local_setup.dsv
-- Symlinking: /home/dhruvil/argo-test/install/robot_control_pkg/share/robot_control_pkg/package.dsv
-- Symlinking: /home/dhruvil/argo-test/install/robot_control_pkg/share/ament_index/resource_index/packages/robot_control_pkg
-- Symlinking: /home/dhruvil/argo-test/install/robot_control_pkg/share/ament_index/resource_index/hardware_interface__pluginlib__plugin/robot_control_pkg
-- Symlinking: /home/dhruvil/argo-test/install/robot_control_pkg/share/robot_control_pkg/cmake/ament_cmake_export_targets-extras.cmake
-- Symlinking: /home/dhruvil/argo-test/install/robot_control_pkg/share/robot_control_pkg/cmake/ament_cmake_export_dependencies-extras.cmake
-- Symlinking: /home/dhruvil/argo-test/install/robot_control_pkg/share/robot_control_pkg/cmake/robot_control_pkgConfig.cmake
-- Symlinking: /home/dhruvil/argo-test/install/robot_control_pkg/share/robot_control_pkg/cmake/robot_control_pkgConfig-version.cmake
-- Symlinking: /home/dhruvil/argo-test/install/robot_control_pkg/share/robot_control_pkg/package.xml
-- Installing: /home/dhruvil/argo-test/install/robot_control_pkg/lib/librobot_control_pkg.so
-- Set non-toolchain portion of runtime path of "/home/dhruvil/argo-test/install/robot_control_pkg/lib/librobot_control_pkg.so" to ""
-- Installing: /home/dhruvil/argo-test/install/robot_control_pkg/lib/robot_control_pkg/odom_publisher
-- Installing: /home/dhruvil/argo-test/install/robot_control_pkg/lib/robot_control_pkg/teleop_keyboard
-- Installing: /home/dhruvil/argo-test/install/robot_control_pkg/share/robot_control_pkg/cmake/export_robot_control_pkgExport.cmake
-- Installing: /home/dhruvil/argo-test/install/robot_control_pkg/share/robot_control_pkg/cmake/export_robot_control_pkgExport-noconfig.cmake
