[0.108s] DEBUG:colcon:Command line arguments: ['/usr/bin/colcon', 'build']
[0.109s] DEBUG:colcon:Parsed command line arguments: Namespace(log_base=None, log_level=None, verb_name='build', build_base='build', install_base='install', merge_install=False, symlink_install=False, test_result_base=None, continue_on_error=False, executor='parallel', parallel_workers=4, event_handlers=None, ignore_user_meta=False, metas=['./colcon.meta'], base_paths=['.'], packages_ignore=None, packages_ignore_regex=None, paths=None, packages_up_to=None, packages_up_to_regex=None, packages_above=None, packages_above_and_dependencies=None, packages_above_depth=None, packages_select_by_dep=None, packages_skip_by_dep=None, packages_skip_up_to=None, packages_select_build_failed=False, packages_skip_build_finished=False, packages_select_test_failures=False, packages_skip_test_passed=False, packages_select=None, packages_skip=None, packages_select_regex=None, packages_skip_regex=None, packages_start=None, packages_end=None, allow_overriding=[], cmake_args=None, cmake_target=None, cmake_target_skip_unavailable=False, cmake_clean_cache=False, cmake_clean_first=False, cmake_force_configure=False, ament_cmake_args=None, catkin_cmake_args=None, catkin_skip_building_tests=False, verb_parser=<colcon_defaults.argument_parser.defaults.DefaultArgumentsDecorator object at 0x76c78b681d90>, verb_extension=<colcon_core.verb.build.BuildVerb object at 0x76c78b7a6630>, main=<bound method BuildVerb.main of <colcon_core.verb.build.BuildVerb object at 0x76c78b7a6630>>)
[0.148s] Level 1:colcon.colcon_core.package_discovery:discover_packages(colcon_meta) check parameters
[0.148s] Level 1:colcon.colcon_core.package_discovery:discover_packages(recursive) check parameters
[0.148s] Level 1:colcon.colcon_core.package_discovery:discover_packages(ignore) check parameters
[0.148s] Level 1:colcon.colcon_core.package_discovery:discover_packages(path) check parameters
[0.148s] Level 1:colcon.colcon_core.package_discovery:discover_packages(colcon_meta) discover
[0.148s] Level 1:colcon.colcon_core.package_discovery:discover_packages(recursive) discover
[0.148s] INFO:colcon.colcon_core.package_discovery:Crawling recursively for packages in '/home/argo/Downloads/robot_wss'
[0.148s] Level 1:colcon.colcon_core.package_identification:_identify(.) by extensions ['ignore', 'ignore_ament_install']
[0.149s] Level 1:colcon.colcon_core.package_identification:_identify(.) by extension 'ignore'
[0.149s] Level 1:colcon.colcon_core.package_identification:_identify(.) by extension 'ignore_ament_install'
[0.149s] Level 1:colcon.colcon_core.package_identification:_identify(.) by extensions ['colcon_pkg']
[0.149s] Level 1:colcon.colcon_core.package_identification:_identify(.) by extension 'colcon_pkg'
[0.149s] Level 1:colcon.colcon_core.package_identification:_identify(.) by extensions ['colcon_meta']
[0.149s] Level 1:colcon.colcon_core.package_identification:_identify(.) by extension 'colcon_meta'
[0.149s] Level 1:colcon.colcon_core.package_identification:_identify(.) by extensions ['ros']
[0.149s] Level 1:colcon.colcon_core.package_identification:_identify(.) by extension 'ros'
[0.174s] Level 1:colcon.colcon_core.package_identification:_identify(.) by extensions ['cmake', 'python']
[0.174s] Level 1:colcon.colcon_core.package_identification:_identify(.) by extension 'cmake'
[0.174s] Level 1:colcon.colcon_core.package_identification:_identify(.) by extension 'python'
[0.174s] Level 1:colcon.colcon_core.package_identification:_identify(.) by extensions ['python_setup_py']
[0.174s] Level 1:colcon.colcon_core.package_identification:_identify(.) by extension 'python_setup_py'
[0.174s] Level 1:colcon.colcon_core.package_identification:_identify(build) by extensions ['ignore', 'ignore_ament_install']
[0.175s] Level 1:colcon.colcon_core.package_identification:_identify(build) by extension 'ignore'
[0.175s] Level 1:colcon.colcon_core.package_identification:_identify(build) ignored
[0.175s] Level 1:colcon.colcon_core.package_identification:_identify(install) by extensions ['ignore', 'ignore_ament_install']
[0.175s] Level 1:colcon.colcon_core.package_identification:_identify(install) by extension 'ignore'
[0.175s] Level 1:colcon.colcon_core.package_identification:_identify(install) ignored
[0.175s] Level 1:colcon.colcon_core.package_identification:_identify(log) by extensions ['ignore', 'ignore_ament_install']
[0.175s] Level 1:colcon.colcon_core.package_identification:_identify(log) by extension 'ignore'
[0.175s] Level 1:colcon.colcon_core.package_identification:_identify(log) ignored
[0.175s] Level 1:colcon.colcon_core.package_identification:_identify(src) by extensions ['ignore', 'ignore_ament_install']
[0.175s] Level 1:colcon.colcon_core.package_identification:_identify(src) by extension 'ignore'
[0.175s] Level 1:colcon.colcon_core.package_identification:_identify(src) by extension 'ignore_ament_install'
[0.175s] Level 1:colcon.colcon_core.package_identification:_identify(src) by extensions ['colcon_pkg']
[0.175s] Level 1:colcon.colcon_core.package_identification:_identify(src) by extension 'colcon_pkg'
[0.175s] Level 1:colcon.colcon_core.package_identification:_identify(src) by extensions ['colcon_meta']
[0.175s] Level 1:colcon.colcon_core.package_identification:_identify(src) by extension 'colcon_meta'
[0.176s] Level 1:colcon.colcon_core.package_identification:_identify(src) by extensions ['ros']
[0.176s] Level 1:colcon.colcon_core.package_identification:_identify(src) by extension 'ros'
[0.176s] Level 1:colcon.colcon_core.package_identification:_identify(src) by extensions ['cmake', 'python']
[0.176s] Level 1:colcon.colcon_core.package_identification:_identify(src) by extension 'cmake'
[0.176s] Level 1:colcon.colcon_core.package_identification:_identify(src) by extension 'python'
[0.176s] Level 1:colcon.colcon_core.package_identification:_identify(src) by extensions ['python_setup_py']
[0.176s] Level 1:colcon.colcon_core.package_identification:_identify(src) by extension 'python_setup_py'
[0.176s] Level 1:colcon.colcon_core.package_identification:_identify(src/nav_pkg) by extensions ['ignore', 'ignore_ament_install']
[0.176s] Level 1:colcon.colcon_core.package_identification:_identify(src/nav_pkg) by extension 'ignore'
[0.176s] Level 1:colcon.colcon_core.package_identification:_identify(src/nav_pkg) by extension 'ignore_ament_install'
[0.176s] Level 1:colcon.colcon_core.package_identification:_identify(src/nav_pkg) by extensions ['colcon_pkg']
[0.176s] Level 1:colcon.colcon_core.package_identification:_identify(src/nav_pkg) by extension 'colcon_pkg'
[0.176s] Level 1:colcon.colcon_core.package_identification:_identify(src/nav_pkg) by extensions ['colcon_meta']
[0.176s] Level 1:colcon.colcon_core.package_identification:_identify(src/nav_pkg) by extension 'colcon_meta'
[0.176s] Level 1:colcon.colcon_core.package_identification:_identify(src/nav_pkg) by extensions ['ros']
[0.176s] Level 1:colcon.colcon_core.package_identification:_identify(src/nav_pkg) by extension 'ros'
[0.185s] DEBUG:colcon.colcon_core.package_identification:Package 'src/nav_pkg' with type 'ros.ament_python' and name 'nav_pkg'
[0.185s] Level 1:colcon.colcon_core.package_identification:_identify(src/office_robot) by extensions ['ignore', 'ignore_ament_install']
[0.185s] Level 1:colcon.colcon_core.package_identification:_identify(src/office_robot) by extension 'ignore'
[0.185s] Level 1:colcon.colcon_core.package_identification:_identify(src/office_robot) by extension 'ignore_ament_install'
[0.185s] Level 1:colcon.colcon_core.package_identification:_identify(src/office_robot) by extensions ['colcon_pkg']
[0.185s] Level 1:colcon.colcon_core.package_identification:_identify(src/office_robot) by extension 'colcon_pkg'
[0.185s] Level 1:colcon.colcon_core.package_identification:_identify(src/office_robot) by extensions ['colcon_meta']
[0.185s] Level 1:colcon.colcon_core.package_identification:_identify(src/office_robot) by extension 'colcon_meta'
[0.185s] Level 1:colcon.colcon_core.package_identification:_identify(src/office_robot) by extensions ['ros']
[0.185s] Level 1:colcon.colcon_core.package_identification:_identify(src/office_robot) by extension 'ros'
[0.186s] Level 1:colcon.colcon_core.package_identification:_identify(src/office_robot) by extensions ['cmake', 'python']
[0.186s] Level 1:colcon.colcon_core.package_identification:_identify(src/office_robot) by extension 'cmake'
[0.186s] Level 1:colcon.colcon_core.package_identification:_identify(src/office_robot) by extension 'python'
[0.186s] Level 1:colcon.colcon_core.package_identification:_identify(src/office_robot) by extensions ['python_setup_py']
[0.186s] Level 1:colcon.colcon_core.package_identification:_identify(src/office_robot) by extension 'python_setup_py'
[0.186s] Level 1:colcon.colcon_core.package_identification:_identify(src/office_robot/maps) by extensions ['ignore', 'ignore_ament_install']
[0.186s] Level 1:colcon.colcon_core.package_identification:_identify(src/office_robot/maps) by extension 'ignore'
[0.186s] Level 1:colcon.colcon_core.package_identification:_identify(src/office_robot/maps) by extension 'ignore_ament_install'
[0.186s] Level 1:colcon.colcon_core.package_identification:_identify(src/office_robot/maps) by extensions ['colcon_pkg']
[0.186s] Level 1:colcon.colcon_core.package_identification:_identify(src/office_robot/maps) by extension 'colcon_pkg'
[0.186s] Level 1:colcon.colcon_core.package_identification:_identify(src/office_robot/maps) by extensions ['colcon_meta']
[0.186s] Level 1:colcon.colcon_core.package_identification:_identify(src/office_robot/maps) by extension 'colcon_meta'
[0.186s] Level 1:colcon.colcon_core.package_identification:_identify(src/office_robot/maps) by extensions ['ros']
[0.186s] Level 1:colcon.colcon_core.package_identification:_identify(src/office_robot/maps) by extension 'ros'
[0.186s] Level 1:colcon.colcon_core.package_identification:_identify(src/office_robot/maps) by extensions ['cmake', 'python']
[0.186s] Level 1:colcon.colcon_core.package_identification:_identify(src/office_robot/maps) by extension 'cmake'
[0.186s] Level 1:colcon.colcon_core.package_identification:_identify(src/office_robot/maps) by extension 'python'
[0.186s] Level 1:colcon.colcon_core.package_identification:_identify(src/office_robot/maps) by extensions ['python_setup_py']
[0.186s] Level 1:colcon.colcon_core.package_identification:_identify(src/office_robot/maps) by extension 'python_setup_py'
[0.187s] Level 1:colcon.colcon_core.package_identification:_identify(src/robot_control_pkg) by extensions ['ignore', 'ignore_ament_install']
[0.187s] Level 1:colcon.colcon_core.package_identification:_identify(src/robot_control_pkg) by extension 'ignore'
[0.187s] Level 1:colcon.colcon_core.package_identification:_identify(src/robot_control_pkg) by extension 'ignore_ament_install'
[0.187s] Level 1:colcon.colcon_core.package_identification:_identify(src/robot_control_pkg) by extensions ['colcon_pkg']
[0.187s] Level 1:colcon.colcon_core.package_identification:_identify(src/robot_control_pkg) by extension 'colcon_pkg'
[0.187s] Level 1:colcon.colcon_core.package_identification:_identify(src/robot_control_pkg) by extensions ['colcon_meta']
[0.187s] Level 1:colcon.colcon_core.package_identification:_identify(src/robot_control_pkg) by extension 'colcon_meta'
[0.187s] Level 1:colcon.colcon_core.package_identification:_identify(src/robot_control_pkg) by extensions ['ros']
[0.187s] Level 1:colcon.colcon_core.package_identification:_identify(src/robot_control_pkg) by extension 'ros'
[0.188s] DEBUG:colcon.colcon_core.package_identification:Package 'src/robot_control_pkg' with type 'ros.ament_cmake' and name 'robot_control_pkg'
[0.188s] Level 1:colcon.colcon_core.package_identification:_identify(src/rplidar_ros) by extensions ['ignore', 'ignore_ament_install']
[0.188s] Level 1:colcon.colcon_core.package_identification:_identify(src/rplidar_ros) by extension 'ignore'
[0.188s] Level 1:colcon.colcon_core.package_identification:_identify(src/rplidar_ros) by extension 'ignore_ament_install'
[0.188s] Level 1:colcon.colcon_core.package_identification:_identify(src/rplidar_ros) by extensions ['colcon_pkg']
[0.188s] Level 1:colcon.colcon_core.package_identification:_identify(src/rplidar_ros) by extension 'colcon_pkg'
[0.188s] Level 1:colcon.colcon_core.package_identification:_identify(src/rplidar_ros) by extensions ['colcon_meta']
[0.188s] Level 1:colcon.colcon_core.package_identification:_identify(src/rplidar_ros) by extension 'colcon_meta'
[0.188s] Level 1:colcon.colcon_core.package_identification:_identify(src/rplidar_ros) by extensions ['ros']
[0.188s] Level 1:colcon.colcon_core.package_identification:_identify(src/rplidar_ros) by extension 'ros'
[0.189s] DEBUG:colcon.colcon_core.package_identification:Package 'src/rplidar_ros' with type 'ros.ament_cmake' and name 'rplidar_ros'
[0.189s] Level 1:colcon.colcon_core.package_identification:_identify(src/serial_robot_control_arduino) by extensions ['ignore', 'ignore_ament_install']
[0.189s] Level 1:colcon.colcon_core.package_identification:_identify(src/serial_robot_control_arduino) by extension 'ignore'
[0.189s] Level 1:colcon.colcon_core.package_identification:_identify(src/serial_robot_control_arduino) by extension 'ignore_ament_install'
[0.189s] Level 1:colcon.colcon_core.package_identification:_identify(src/serial_robot_control_arduino) by extensions ['colcon_pkg']
[0.190s] Level 1:colcon.colcon_core.package_identification:_identify(src/serial_robot_control_arduino) by extension 'colcon_pkg'
[0.190s] Level 1:colcon.colcon_core.package_identification:_identify(src/serial_robot_control_arduino) by extensions ['colcon_meta']
[0.190s] Level 1:colcon.colcon_core.package_identification:_identify(src/serial_robot_control_arduino) by extension 'colcon_meta'
[0.190s] Level 1:colcon.colcon_core.package_identification:_identify(src/serial_robot_control_arduino) by extensions ['ros']
[0.190s] Level 1:colcon.colcon_core.package_identification:_identify(src/serial_robot_control_arduino) by extension 'ros'
[0.190s] Level 1:colcon.colcon_core.package_identification:_identify(src/serial_robot_control_arduino) by extensions ['cmake', 'python']
[0.190s] Level 1:colcon.colcon_core.package_identification:_identify(src/serial_robot_control_arduino) by extension 'cmake'
[0.190s] Level 1:colcon.colcon_core.package_identification:_identify(src/serial_robot_control_arduino) by extension 'python'
[0.190s] Level 1:colcon.colcon_core.package_identification:_identify(src/serial_robot_control_arduino) by extensions ['python_setup_py']
[0.190s] Level 1:colcon.colcon_core.package_identification:_identify(src/serial_robot_control_arduino) by extension 'python_setup_py'
[0.190s] Level 1:colcon.colcon_core.package_identification:_identify(src/simulation_pkg) by extensions ['ignore', 'ignore_ament_install']
[0.190s] Level 1:colcon.colcon_core.package_identification:_identify(src/simulation_pkg) by extension 'ignore'
[0.190s] Level 1:colcon.colcon_core.package_identification:_identify(src/simulation_pkg) by extension 'ignore_ament_install'
[0.190s] Level 1:colcon.colcon_core.package_identification:_identify(src/simulation_pkg) by extensions ['colcon_pkg']
[0.190s] Level 1:colcon.colcon_core.package_identification:_identify(src/simulation_pkg) by extension 'colcon_pkg'
[0.190s] Level 1:colcon.colcon_core.package_identification:_identify(src/simulation_pkg) by extensions ['colcon_meta']
[0.190s] Level 1:colcon.colcon_core.package_identification:_identify(src/simulation_pkg) by extension 'colcon_meta'
[0.190s] Level 1:colcon.colcon_core.package_identification:_identify(src/simulation_pkg) by extensions ['ros']
[0.190s] Level 1:colcon.colcon_core.package_identification:_identify(src/simulation_pkg) by extension 'ros'
[0.191s] DEBUG:colcon.colcon_core.package_identification:Package 'src/simulation_pkg' with type 'ros.ament_python' and name 'simulation_pkg'
[0.191s] Level 1:colcon.colcon_core.package_identification:_identify(src/slam_pkg) by extensions ['ignore', 'ignore_ament_install']
[0.191s] Level 1:colcon.colcon_core.package_identification:_identify(src/slam_pkg) by extension 'ignore'
[0.191s] Level 1:colcon.colcon_core.package_identification:_identify(src/slam_pkg) by extension 'ignore_ament_install'
[0.191s] Level 1:colcon.colcon_core.package_identification:_identify(src/slam_pkg) by extensions ['colcon_pkg']
[0.191s] Level 1:colcon.colcon_core.package_identification:_identify(src/slam_pkg) by extension 'colcon_pkg'
[0.191s] Level 1:colcon.colcon_core.package_identification:_identify(src/slam_pkg) by extensions ['colcon_meta']
[0.192s] Level 1:colcon.colcon_core.package_identification:_identify(src/slam_pkg) by extension 'colcon_meta'
[0.192s] Level 1:colcon.colcon_core.package_identification:_identify(src/slam_pkg) by extensions ['ros']
[0.192s] Level 1:colcon.colcon_core.package_identification:_identify(src/slam_pkg) by extension 'ros'
[0.192s] DEBUG:colcon.colcon_core.package_identification:Package 'src/slam_pkg' with type 'ros.ament_python' and name 'slam_pkg'
[0.192s] Level 1:colcon.colcon_core.package_identification:_identify(src/twist_stamper-main) by extensions ['ignore', 'ignore_ament_install']
[0.192s] Level 1:colcon.colcon_core.package_identification:_identify(src/twist_stamper-main) by extension 'ignore'
[0.192s] Level 1:colcon.colcon_core.package_identification:_identify(src/twist_stamper-main) by extension 'ignore_ament_install'
[0.192s] Level 1:colcon.colcon_core.package_identification:_identify(src/twist_stamper-main) by extensions ['colcon_pkg']
[0.192s] Level 1:colcon.colcon_core.package_identification:_identify(src/twist_stamper-main) by extension 'colcon_pkg'
[0.192s] Level 1:colcon.colcon_core.package_identification:_identify(src/twist_stamper-main) by extensions ['colcon_meta']
[0.192s] Level 1:colcon.colcon_core.package_identification:_identify(src/twist_stamper-main) by extension 'colcon_meta'
[0.193s] Level 1:colcon.colcon_core.package_identification:_identify(src/twist_stamper-main) by extensions ['ros']
[0.193s] Level 1:colcon.colcon_core.package_identification:_identify(src/twist_stamper-main) by extension 'ros'
[0.193s] DEBUG:colcon.colcon_core.package_identification:Package 'src/twist_stamper-main' with type 'ros.ament_python' and name 'twist_stamper'
[0.193s] Level 1:colcon.colcon_core.package_discovery:discover_packages(recursive) using defaults
[0.193s] Level 1:colcon.colcon_core.package_discovery:discover_packages(ignore) discover
[0.193s] Level 1:colcon.colcon_core.package_discovery:discover_packages(ignore) using defaults
[0.193s] Level 1:colcon.colcon_core.package_discovery:discover_packages(path) discover
[0.193s] Level 1:colcon.colcon_core.package_discovery:discover_packages(path) using defaults
[0.212s] Level 1:colcon.colcon_core.package_discovery:discover_packages(prefix_path) check parameters
[0.212s] Level 1:colcon.colcon_core.package_discovery:discover_packages(prefix_path) discover
[0.216s] DEBUG:colcon.colcon_installed_package_information.package_discovery:Found 426 installed packages in /opt/ros/jazzy
[0.218s] Level 1:colcon.colcon_core.package_discovery:discover_packages(prefix_path) using defaults
[0.279s] Level 5:colcon.colcon_core.verb:set package 'nav_pkg' build argument 'cmake_args' from command line to 'None'
[0.279s] Level 5:colcon.colcon_core.verb:set package 'nav_pkg' build argument 'cmake_target' from command line to 'None'
[0.279s] Level 5:colcon.colcon_core.verb:set package 'nav_pkg' build argument 'cmake_target_skip_unavailable' from command line to 'False'
[0.279s] Level 5:colcon.colcon_core.verb:set package 'nav_pkg' build argument 'cmake_clean_cache' from command line to 'False'
[0.279s] Level 5:colcon.colcon_core.verb:set package 'nav_pkg' build argument 'cmake_clean_first' from command line to 'False'
[0.279s] Level 5:colcon.colcon_core.verb:set package 'nav_pkg' build argument 'cmake_force_configure' from command line to 'False'
[0.279s] Level 5:colcon.colcon_core.verb:set package 'nav_pkg' build argument 'ament_cmake_args' from command line to 'None'
[0.279s] Level 5:colcon.colcon_core.verb:set package 'nav_pkg' build argument 'catkin_cmake_args' from command line to 'None'
[0.279s] Level 5:colcon.colcon_core.verb:set package 'nav_pkg' build argument 'catkin_skip_building_tests' from command line to 'False'
[0.279s] DEBUG:colcon.colcon_core.verb:Building package 'nav_pkg' with the following arguments: {'ament_cmake_args': None, 'build_base': '/home/argo/Downloads/robot_wss/build/nav_pkg', 'catkin_cmake_args': None, 'catkin_skip_building_tests': False, 'cmake_args': None, 'cmake_clean_cache': False, 'cmake_clean_first': False, 'cmake_force_configure': False, 'cmake_target': None, 'cmake_target_skip_unavailable': False, 'install_base': '/home/argo/Downloads/robot_wss/install/nav_pkg', 'merge_install': False, 'path': '/home/argo/Downloads/robot_wss/src/nav_pkg', 'symlink_install': False, 'test_result_base': None}
[0.280s] Level 5:colcon.colcon_core.verb:set package 'robot_control_pkg' build argument 'cmake_args' from command line to 'None'
[0.280s] Level 5:colcon.colcon_core.verb:set package 'robot_control_pkg' build argument 'cmake_target' from command line to 'None'
[0.280s] Level 5:colcon.colcon_core.verb:set package 'robot_control_pkg' build argument 'cmake_target_skip_unavailable' from command line to 'False'
[0.280s] Level 5:colcon.colcon_core.verb:set package 'robot_control_pkg' build argument 'cmake_clean_cache' from command line to 'False'
[0.280s] Level 5:colcon.colcon_core.verb:set package 'robot_control_pkg' build argument 'cmake_clean_first' from command line to 'False'
[0.280s] Level 5:colcon.colcon_core.verb:set package 'robot_control_pkg' build argument 'cmake_force_configure' from command line to 'False'
[0.280s] Level 5:colcon.colcon_core.verb:set package 'robot_control_pkg' build argument 'ament_cmake_args' from command line to 'None'
[0.280s] Level 5:colcon.colcon_core.verb:set package 'robot_control_pkg' build argument 'catkin_cmake_args' from command line to 'None'
[0.280s] Level 5:colcon.colcon_core.verb:set package 'robot_control_pkg' build argument 'catkin_skip_building_tests' from command line to 'False'
[0.280s] DEBUG:colcon.colcon_core.verb:Building package 'robot_control_pkg' with the following arguments: {'ament_cmake_args': None, 'build_base': '/home/argo/Downloads/robot_wss/build/robot_control_pkg', 'catkin_cmake_args': None, 'catkin_skip_building_tests': False, 'cmake_args': None, 'cmake_clean_cache': False, 'cmake_clean_first': False, 'cmake_force_configure': False, 'cmake_target': None, 'cmake_target_skip_unavailable': False, 'install_base': '/home/argo/Downloads/robot_wss/install/robot_control_pkg', 'merge_install': False, 'path': '/home/argo/Downloads/robot_wss/src/robot_control_pkg', 'symlink_install': False, 'test_result_base': None}
[0.280s] Level 5:colcon.colcon_core.verb:set package 'rplidar_ros' build argument 'cmake_args' from command line to 'None'
[0.280s] Level 5:colcon.colcon_core.verb:set package 'rplidar_ros' build argument 'cmake_target' from command line to 'None'
[0.280s] Level 5:colcon.colcon_core.verb:set package 'rplidar_ros' build argument 'cmake_target_skip_unavailable' from command line to 'False'
[0.280s] Level 5:colcon.colcon_core.verb:set package 'rplidar_ros' build argument 'cmake_clean_cache' from command line to 'False'
[0.280s] Level 5:colcon.colcon_core.verb:set package 'rplidar_ros' build argument 'cmake_clean_first' from command line to 'False'
[0.280s] Level 5:colcon.colcon_core.verb:set package 'rplidar_ros' build argument 'cmake_force_configure' from command line to 'False'
[0.280s] Level 5:colcon.colcon_core.verb:set package 'rplidar_ros' build argument 'ament_cmake_args' from command line to 'None'
[0.280s] Level 5:colcon.colcon_core.verb:set package 'rplidar_ros' build argument 'catkin_cmake_args' from command line to 'None'
[0.280s] Level 5:colcon.colcon_core.verb:set package 'rplidar_ros' build argument 'catkin_skip_building_tests' from command line to 'False'
[0.280s] DEBUG:colcon.colcon_core.verb:Building package 'rplidar_ros' with the following arguments: {'ament_cmake_args': None, 'build_base': '/home/argo/Downloads/robot_wss/build/rplidar_ros', 'catkin_cmake_args': None, 'catkin_skip_building_tests': False, 'cmake_args': None, 'cmake_clean_cache': False, 'cmake_clean_first': False, 'cmake_force_configure': False, 'cmake_target': None, 'cmake_target_skip_unavailable': False, 'install_base': '/home/argo/Downloads/robot_wss/install/rplidar_ros', 'merge_install': False, 'path': '/home/argo/Downloads/robot_wss/src/rplidar_ros', 'symlink_install': False, 'test_result_base': None}
[0.280s] Level 5:colcon.colcon_core.verb:set package 'simulation_pkg' build argument 'cmake_args' from command line to 'None'
[0.280s] Level 5:colcon.colcon_core.verb:set package 'simulation_pkg' build argument 'cmake_target' from command line to 'None'
[0.280s] Level 5:colcon.colcon_core.verb:set package 'simulation_pkg' build argument 'cmake_target_skip_unavailable' from command line to 'False'
[0.280s] Level 5:colcon.colcon_core.verb:set package 'simulation_pkg' build argument 'cmake_clean_cache' from command line to 'False'
[0.281s] Level 5:colcon.colcon_core.verb:set package 'simulation_pkg' build argument 'cmake_clean_first' from command line to 'False'
[0.281s] Level 5:colcon.colcon_core.verb:set package 'simulation_pkg' build argument 'cmake_force_configure' from command line to 'False'
[0.281s] Level 5:colcon.colcon_core.verb:set package 'simulation_pkg' build argument 'ament_cmake_args' from command line to 'None'
[0.281s] Level 5:colcon.colcon_core.verb:set package 'simulation_pkg' build argument 'catkin_cmake_args' from command line to 'None'
[0.281s] Level 5:colcon.colcon_core.verb:set package 'simulation_pkg' build argument 'catkin_skip_building_tests' from command line to 'False'
[0.281s] DEBUG:colcon.colcon_core.verb:Building package 'simulation_pkg' with the following arguments: {'ament_cmake_args': None, 'build_base': '/home/argo/Downloads/robot_wss/build/simulation_pkg', 'catkin_cmake_args': None, 'catkin_skip_building_tests': False, 'cmake_args': None, 'cmake_clean_cache': False, 'cmake_clean_first': False, 'cmake_force_configure': False, 'cmake_target': None, 'cmake_target_skip_unavailable': False, 'install_base': '/home/argo/Downloads/robot_wss/install/simulation_pkg', 'merge_install': False, 'path': '/home/argo/Downloads/robot_wss/src/simulation_pkg', 'symlink_install': False, 'test_result_base': None}
[0.281s] Level 5:colcon.colcon_core.verb:set package 'slam_pkg' build argument 'cmake_args' from command line to 'None'
[0.281s] Level 5:colcon.colcon_core.verb:set package 'slam_pkg' build argument 'cmake_target' from command line to 'None'
[0.281s] Level 5:colcon.colcon_core.verb:set package 'slam_pkg' build argument 'cmake_target_skip_unavailable' from command line to 'False'
[0.281s] Level 5:colcon.colcon_core.verb:set package 'slam_pkg' build argument 'cmake_clean_cache' from command line to 'False'
[0.281s] Level 5:colcon.colcon_core.verb:set package 'slam_pkg' build argument 'cmake_clean_first' from command line to 'False'
[0.281s] Level 5:colcon.colcon_core.verb:set package 'slam_pkg' build argument 'cmake_force_configure' from command line to 'False'
[0.281s] Level 5:colcon.colcon_core.verb:set package 'slam_pkg' build argument 'ament_cmake_args' from command line to 'None'
[0.281s] Level 5:colcon.colcon_core.verb:set package 'slam_pkg' build argument 'catkin_cmake_args' from command line to 'None'
[0.281s] Level 5:colcon.colcon_core.verb:set package 'slam_pkg' build argument 'catkin_skip_building_tests' from command line to 'False'
[0.281s] DEBUG:colcon.colcon_core.verb:Building package 'slam_pkg' with the following arguments: {'ament_cmake_args': None, 'build_base': '/home/argo/Downloads/robot_wss/build/slam_pkg', 'catkin_cmake_args': None, 'catkin_skip_building_tests': False, 'cmake_args': None, 'cmake_clean_cache': False, 'cmake_clean_first': False, 'cmake_force_configure': False, 'cmake_target': None, 'cmake_target_skip_unavailable': False, 'install_base': '/home/argo/Downloads/robot_wss/install/slam_pkg', 'merge_install': False, 'path': '/home/argo/Downloads/robot_wss/src/slam_pkg', 'symlink_install': False, 'test_result_base': None}
[0.281s] Level 5:colcon.colcon_core.verb:set package 'twist_stamper' build argument 'cmake_args' from command line to 'None'
[0.281s] Level 5:colcon.colcon_core.verb:set package 'twist_stamper' build argument 'cmake_target' from command line to 'None'
[0.281s] Level 5:colcon.colcon_core.verb:set package 'twist_stamper' build argument 'cmake_target_skip_unavailable' from command line to 'False'
[0.281s] Level 5:colcon.colcon_core.verb:set package 'twist_stamper' build argument 'cmake_clean_cache' from command line to 'False'
[0.281s] Level 5:colcon.colcon_core.verb:set package 'twist_stamper' build argument 'cmake_clean_first' from command line to 'False'
[0.281s] Level 5:colcon.colcon_core.verb:set package 'twist_stamper' build argument 'cmake_force_configure' from command line to 'False'
[0.281s] Level 5:colcon.colcon_core.verb:set package 'twist_stamper' build argument 'ament_cmake_args' from command line to 'None'
[0.281s] Level 5:colcon.colcon_core.verb:set package 'twist_stamper' build argument 'catkin_cmake_args' from command line to 'None'
[0.281s] Level 5:colcon.colcon_core.verb:set package 'twist_stamper' build argument 'catkin_skip_building_tests' from command line to 'False'
[0.281s] DEBUG:colcon.colcon_core.verb:Building package 'twist_stamper' with the following arguments: {'ament_cmake_args': None, 'build_base': '/home/argo/Downloads/robot_wss/build/twist_stamper', 'catkin_cmake_args': None, 'catkin_skip_building_tests': False, 'cmake_args': None, 'cmake_clean_cache': False, 'cmake_clean_first': False, 'cmake_force_configure': False, 'cmake_target': None, 'cmake_target_skip_unavailable': False, 'install_base': '/home/argo/Downloads/robot_wss/install/twist_stamper', 'merge_install': False, 'path': '/home/argo/Downloads/robot_wss/src/twist_stamper-main', 'symlink_install': False, 'test_result_base': None}
[0.282s] INFO:colcon.colcon_core.executor:Executing jobs using 'parallel' executor
[0.282s] DEBUG:colcon.colcon_parallel_executor.executor.parallel:run_until_complete
[0.283s] INFO:colcon.colcon_ros.task.ament_python.build:Building ROS package in '/home/argo/Downloads/robot_wss/src/nav_pkg' with build type 'ament_python'
[0.283s] Level 1:colcon.colcon_core.shell:create_environment_hook('nav_pkg', 'ament_prefix_path')
[0.285s] INFO:colcon.colcon_core.plugin_system:Skipping extension 'colcon_core.shell.bat': Not used on non-Windows systems
[0.285s] INFO:colcon.colcon_core.shell:Creating environment hook '/home/argo/Downloads/robot_wss/install/nav_pkg/share/nav_pkg/hook/ament_prefix_path.ps1'
[0.286s] INFO:colcon.colcon_core.shell:Creating environment descriptor '/home/argo/Downloads/robot_wss/install/nav_pkg/share/nav_pkg/hook/ament_prefix_path.dsv'
[0.286s] INFO:colcon.colcon_core.shell:Creating environment hook '/home/argo/Downloads/robot_wss/install/nav_pkg/share/nav_pkg/hook/ament_prefix_path.sh'
[0.287s] INFO:colcon.colcon_core.shell:Skip shell extension 'powershell' for command environment: Not usable outside of PowerShell
[0.287s] DEBUG:colcon.colcon_core.shell:Skip shell extension 'dsv' for command environment
[0.291s] INFO:colcon.colcon_ros.task.ament_cmake.build:Building ROS package in '/home/argo/Downloads/robot_wss/src/robot_control_pkg' with build type 'ament_cmake'
[0.291s] INFO:colcon.colcon_cmake.task.cmake.build:Building CMake package in '/home/argo/Downloads/robot_wss/src/robot_control_pkg'
[0.291s] INFO:colcon.colcon_core.shell:Skip shell extension 'powershell' for command environment: Not usable outside of PowerShell
[0.291s] DEBUG:colcon.colcon_core.shell:Skip shell extension 'dsv' for command environment
[0.294s] INFO:colcon.colcon_ros.task.ament_cmake.build:Building ROS package in '/home/argo/Downloads/robot_wss/src/rplidar_ros' with build type 'ament_cmake'
[0.294s] INFO:colcon.colcon_cmake.task.cmake.build:Building CMake package in '/home/argo/Downloads/robot_wss/src/rplidar_ros'
[0.295s] INFO:colcon.colcon_core.shell:Skip shell extension 'powershell' for command environment: Not usable outside of PowerShell
[0.295s] DEBUG:colcon.colcon_core.shell:Skip shell extension 'dsv' for command environment
[0.298s] INFO:colcon.colcon_ros.task.ament_python.build:Building ROS package in '/home/argo/Downloads/robot_wss/src/simulation_pkg' with build type 'ament_python'
[0.298s] Level 1:colcon.colcon_core.shell:create_environment_hook('simulation_pkg', 'ament_prefix_path')
[0.298s] INFO:colcon.colcon_core.shell:Creating environment hook '/home/argo/Downloads/robot_wss/install/simulation_pkg/share/simulation_pkg/hook/ament_prefix_path.ps1'
[0.299s] INFO:colcon.colcon_core.shell:Creating environment descriptor '/home/argo/Downloads/robot_wss/install/simulation_pkg/share/simulation_pkg/hook/ament_prefix_path.dsv'
[0.299s] INFO:colcon.colcon_core.shell:Creating environment hook '/home/argo/Downloads/robot_wss/install/simulation_pkg/share/simulation_pkg/hook/ament_prefix_path.sh'
[0.300s] INFO:colcon.colcon_core.shell:Skip shell extension 'powershell' for command environment: Not usable outside of PowerShell
[0.300s] DEBUG:colcon.colcon_core.shell:Skip shell extension 'dsv' for command environment
[0.537s] INFO:colcon.colcon_core.task.python.build:Building Python package in '/home/argo/Downloads/robot_wss/src/nav_pkg'
[0.537s] INFO:colcon.colcon_core.shell:Skip shell extension 'powershell' for command environment: Not usable outside of PowerShell
[0.537s] DEBUG:colcon.colcon_core.shell:Skip shell extension 'dsv' for command environment
[0.542s] DEBUG:colcon.colcon_core.event_handler.log_command:Invoking command in '/home/argo/Downloads/robot_wss/build/robot_control_pkg': CMAKE_PREFIX_PATH=${CMAKE_PREFIX_PATH}:/opt/ros/jazzy DEBUGINFOD_URLS=https://debuginfod.ubuntu.com /usr/bin/cmake /home/argo/Downloads/robot_wss/src/robot_control_pkg -DCMAKE_INSTALL_PREFIX=/home/argo/Downloads/robot_wss/install/robot_control_pkg
[0.545s] DEBUG:colcon.colcon_core.event_handler.log_command:Invoking command in '/home/argo/Downloads/robot_wss/build/rplidar_ros': CMAKE_PREFIX_PATH=${CMAKE_PREFIX_PATH}:/opt/ros/jazzy DEBUGINFOD_URLS=https://debuginfod.ubuntu.com /usr/bin/cmake /home/argo/Downloads/robot_wss/src/rplidar_ros -DCMAKE_INSTALL_PREFIX=/home/argo/Downloads/robot_wss/install/rplidar_ros
[0.781s] INFO:colcon.colcon_core.task.python.build:Building Python package in '/home/argo/Downloads/robot_wss/src/simulation_pkg'
[0.782s] INFO:colcon.colcon_core.shell:Skip shell extension 'powershell' for command environment: Not usable outside of PowerShell
[0.782s] DEBUG:colcon.colcon_core.shell:Skip shell extension 'dsv' for command environment
[1.456s] DEBUG:colcon.colcon_core.event_handler.log_command:Invoking command in '/home/argo/Downloads/robot_wss/src/nav_pkg': DEBUGINFOD_URLS=https://debuginfod.ubuntu.com PYTHONPATH=/home/argo/Downloads/robot_wss/build/nav_pkg/prefix_override:/usr/lib/python3/dist-packages/colcon_core/task/python/colcon_distutils_commands:/home/argo/Downloads/robot_wss/install/nav_pkg/lib/python3.12/site-packages:${PYTHONPATH} /usr/bin/python3 -W ignore:setup.py install is deprecated -W ignore:easy_install command is deprecated setup.py egg_info --egg-base ../../build/nav_pkg build --build-base /home/argo/Downloads/robot_wss/build/nav_pkg/build install --record /home/argo/Downloads/robot_wss/build/nav_pkg/install.log --single-version-externally-managed install_data
[1.587s] DEBUG:colcon.colcon_core.event_handler.log_command:Invoking command in '/home/argo/Downloads/robot_wss/src/simulation_pkg': DEBUGINFOD_URLS=https://debuginfod.ubuntu.com PYTHONPATH=/home/argo/Downloads/robot_wss/build/simulation_pkg/prefix_override:/usr/lib/python3/dist-packages/colcon_core/task/python/colcon_distutils_commands:/home/argo/Downloads/robot_wss/install/simulation_pkg/lib/python3.12/site-packages:${PYTHONPATH} /usr/bin/python3 -W ignore:setup.py install is deprecated -W ignore:easy_install command is deprecated setup.py egg_info --egg-base ../../build/simulation_pkg build --build-base /home/argo/Downloads/robot_wss/build/simulation_pkg/build install --record /home/argo/Downloads/robot_wss/build/simulation_pkg/install.log --single-version-externally-managed install_data
[2.073s] DEBUG:colcon.colcon_core.event_handler.log_command:Invoked command in '/home/argo/Downloads/robot_wss/src/nav_pkg' returned '0': DEBUGINFOD_URLS=https://debuginfod.ubuntu.com PYTHONPATH=/home/argo/Downloads/robot_wss/build/nav_pkg/prefix_override:/usr/lib/python3/dist-packages/colcon_core/task/python/colcon_distutils_commands:/home/argo/Downloads/robot_wss/install/nav_pkg/lib/python3.12/site-packages:${PYTHONPATH} /usr/bin/python3 -W ignore:setup.py install is deprecated -W ignore:easy_install command is deprecated setup.py egg_info --egg-base ../../build/nav_pkg build --build-base /home/argo/Downloads/robot_wss/build/nav_pkg/build install --record /home/argo/Downloads/robot_wss/build/nav_pkg/install.log --single-version-externally-managed install_data
[2.074s] Level 1:colcon.colcon_core.environment:checking '/home/argo/Downloads/robot_wss/install/nav_pkg' for CMake module files
[2.074s] Level 1:colcon.colcon_core.environment:checking '/home/argo/Downloads/robot_wss/install/nav_pkg' for CMake config files
[2.075s] Level 1:colcon.colcon_core.environment:checking '/home/argo/Downloads/robot_wss/install/nav_pkg/lib'
[2.075s] Level 1:colcon.colcon_core.environment:checking '/home/argo/Downloads/robot_wss/install/nav_pkg/bin'
[2.075s] Level 1:colcon.colcon_core.environment:checking '/home/argo/Downloads/robot_wss/install/nav_pkg/lib/pkgconfig/nav_pkg.pc'
[2.075s] Level 1:colcon.colcon_core.environment:checking '/home/argo/Downloads/robot_wss/install/nav_pkg/lib/python3.12/site-packages'
[2.075s] Level 1:colcon.colcon_core.shell:create_environment_hook('nav_pkg', 'pythonpath')
[2.076s] INFO:colcon.colcon_core.shell:Creating environment hook '/home/argo/Downloads/robot_wss/install/nav_pkg/share/nav_pkg/hook/pythonpath.ps1'
[2.077s] INFO:colcon.colcon_core.shell:Creating environment descriptor '/home/argo/Downloads/robot_wss/install/nav_pkg/share/nav_pkg/hook/pythonpath.dsv'
[2.077s] INFO:colcon.colcon_core.shell:Creating environment hook '/home/argo/Downloads/robot_wss/install/nav_pkg/share/nav_pkg/hook/pythonpath.sh'
[2.079s] Level 1:colcon.colcon_core.environment:checking '/home/argo/Downloads/robot_wss/install/nav_pkg/bin'
[2.079s] Level 1:colcon.colcon_core.environment:create_environment_scripts_only(nav_pkg)
[2.080s] INFO:colcon.colcon_core.shell:Creating package script '/home/argo/Downloads/robot_wss/install/nav_pkg/share/nav_pkg/package.ps1'
[2.080s] INFO:colcon.colcon_core.shell:Creating package descriptor '/home/argo/Downloads/robot_wss/install/nav_pkg/share/nav_pkg/package.dsv'
[2.081s] INFO:colcon.colcon_core.shell:Creating package script '/home/argo/Downloads/robot_wss/install/nav_pkg/share/nav_pkg/package.sh'
[2.082s] INFO:colcon.colcon_core.shell:Creating package script '/home/argo/Downloads/robot_wss/install/nav_pkg/share/nav_pkg/package.bash'
[2.083s] INFO:colcon.colcon_core.shell:Creating package script '/home/argo/Downloads/robot_wss/install/nav_pkg/share/nav_pkg/package.zsh'
[2.084s] Level 1:colcon.colcon_core.environment:create_file_with_runtime_dependencies(/home/argo/Downloads/robot_wss/install/nav_pkg/share/colcon-core/packages/nav_pkg)
[2.085s] INFO:colcon.colcon_ros.task.ament_python.build:Building ROS package in '/home/argo/Downloads/robot_wss/src/slam_pkg' with build type 'ament_python'
[2.086s] Level 1:colcon.colcon_core.shell:create_environment_hook('slam_pkg', 'ament_prefix_path')
[2.086s] INFO:colcon.colcon_core.shell:Creating environment hook '/home/argo/Downloads/robot_wss/install/slam_pkg/share/slam_pkg/hook/ament_prefix_path.ps1'
[2.088s] INFO:colcon.colcon_core.shell:Creating environment descriptor '/home/argo/Downloads/robot_wss/install/slam_pkg/share/slam_pkg/hook/ament_prefix_path.dsv'
[2.089s] INFO:colcon.colcon_core.shell:Creating environment hook '/home/argo/Downloads/robot_wss/install/slam_pkg/share/slam_pkg/hook/ament_prefix_path.sh'
[2.090s] INFO:colcon.colcon_core.shell:Skip shell extension 'powershell' for command environment: Not usable outside of PowerShell
[2.090s] DEBUG:colcon.colcon_core.shell:Skip shell extension 'dsv' for command environment
[2.420s] INFO:colcon.colcon_core.task.python.build:Building Python package in '/home/argo/Downloads/robot_wss/src/slam_pkg'
[2.420s] INFO:colcon.colcon_core.shell:Skip shell extension 'powershell' for command environment: Not usable outside of PowerShell
[2.420s] DEBUG:colcon.colcon_core.shell:Skip shell extension 'dsv' for command environment
[2.425s] Level 1:colcon.colcon_core.environment:checking '/home/argo/Downloads/robot_wss/install/simulation_pkg' for CMake module files
[2.425s] DEBUG:colcon.colcon_core.event_handler.log_command:Invoked command in '/home/argo/Downloads/robot_wss/src/simulation_pkg' returned '0': DEBUGINFOD_URLS=https://debuginfod.ubuntu.com PYTHONPATH=/home/argo/Downloads/robot_wss/build/simulation_pkg/prefix_override:/usr/lib/python3/dist-packages/colcon_core/task/python/colcon_distutils_commands:/home/argo/Downloads/robot_wss/install/simulation_pkg/lib/python3.12/site-packages:${PYTHONPATH} /usr/bin/python3 -W ignore:setup.py install is deprecated -W ignore:easy_install command is deprecated setup.py egg_info --egg-base ../../build/simulation_pkg build --build-base /home/argo/Downloads/robot_wss/build/simulation_pkg/build install --record /home/argo/Downloads/robot_wss/build/simulation_pkg/install.log --single-version-externally-managed install_data
[2.425s] Level 1:colcon.colcon_core.environment:checking '/home/argo/Downloads/robot_wss/install/simulation_pkg' for CMake config files
[2.426s] Level 1:colcon.colcon_core.environment:checking '/home/argo/Downloads/robot_wss/install/simulation_pkg/lib'
[2.426s] Level 1:colcon.colcon_core.environment:checking '/home/argo/Downloads/robot_wss/install/simulation_pkg/bin'
[2.426s] Level 1:colcon.colcon_core.environment:checking '/home/argo/Downloads/robot_wss/install/simulation_pkg/lib/pkgconfig/simulation_pkg.pc'
[2.426s] Level 1:colcon.colcon_core.environment:checking '/home/argo/Downloads/robot_wss/install/simulation_pkg/lib/python3.12/site-packages'
[2.426s] Level 1:colcon.colcon_core.shell:create_environment_hook('simulation_pkg', 'pythonpath')
[2.427s] INFO:colcon.colcon_core.shell:Creating environment hook '/home/argo/Downloads/robot_wss/install/simulation_pkg/share/simulation_pkg/hook/pythonpath.ps1'
[2.427s] INFO:colcon.colcon_core.shell:Creating environment descriptor '/home/argo/Downloads/robot_wss/install/simulation_pkg/share/simulation_pkg/hook/pythonpath.dsv'
[2.427s] INFO:colcon.colcon_core.shell:Creating environment hook '/home/argo/Downloads/robot_wss/install/simulation_pkg/share/simulation_pkg/hook/pythonpath.sh'
[2.428s] Level 1:colcon.colcon_core.environment:checking '/home/argo/Downloads/robot_wss/install/simulation_pkg/bin'
[2.428s] Level 1:colcon.colcon_core.environment:create_environment_scripts_only(simulation_pkg)
[2.428s] INFO:colcon.colcon_core.shell:Creating package script '/home/argo/Downloads/robot_wss/install/simulation_pkg/share/simulation_pkg/package.ps1'
[2.429s] INFO:colcon.colcon_core.shell:Creating package descriptor '/home/argo/Downloads/robot_wss/install/simulation_pkg/share/simulation_pkg/package.dsv'
[2.429s] INFO:colcon.colcon_core.shell:Creating package script '/home/argo/Downloads/robot_wss/install/simulation_pkg/share/simulation_pkg/package.sh'
[2.430s] INFO:colcon.colcon_core.shell:Creating package script '/home/argo/Downloads/robot_wss/install/simulation_pkg/share/simulation_pkg/package.bash'
[2.430s] INFO:colcon.colcon_core.shell:Creating package script '/home/argo/Downloads/robot_wss/install/simulation_pkg/share/simulation_pkg/package.zsh'
[2.430s] Level 1:colcon.colcon_core.environment:create_file_with_runtime_dependencies(/home/argo/Downloads/robot_wss/install/simulation_pkg/share/colcon-core/packages/simulation_pkg)
[2.431s] INFO:colcon.colcon_ros.task.ament_python.build:Building ROS package in '/home/argo/Downloads/robot_wss/src/twist_stamper-main' with build type 'ament_python'
[2.431s] Level 1:colcon.colcon_core.shell:create_environment_hook('twist_stamper', 'ament_prefix_path')
[2.432s] INFO:colcon.colcon_core.shell:Creating environment hook '/home/argo/Downloads/robot_wss/install/twist_stamper/share/twist_stamper/hook/ament_prefix_path.ps1'
[2.433s] INFO:colcon.colcon_core.shell:Creating environment descriptor '/home/argo/Downloads/robot_wss/install/twist_stamper/share/twist_stamper/hook/ament_prefix_path.dsv'
[2.434s] INFO:colcon.colcon_core.shell:Creating environment hook '/home/argo/Downloads/robot_wss/install/twist_stamper/share/twist_stamper/hook/ament_prefix_path.sh'
[2.434s] INFO:colcon.colcon_core.shell:Skip shell extension 'powershell' for command environment: Not usable outside of PowerShell
[2.434s] DEBUG:colcon.colcon_core.shell:Skip shell extension 'dsv' for command environment
[2.439s] DEBUG:colcon.colcon_core.event_handler.log_command:Invoked command in '/home/argo/Downloads/robot_wss/build/rplidar_ros' returned '0': CMAKE_PREFIX_PATH=${CMAKE_PREFIX_PATH}:/opt/ros/jazzy DEBUGINFOD_URLS=https://debuginfod.ubuntu.com /usr/bin/cmake /home/argo/Downloads/robot_wss/src/rplidar_ros -DCMAKE_INSTALL_PREFIX=/home/argo/Downloads/robot_wss/install/rplidar_ros
[2.440s] DEBUG:colcon.colcon_core.event_handler.log_command:Invoking command in '/home/argo/Downloads/robot_wss/build/rplidar_ros': CMAKE_PREFIX_PATH=${CMAKE_PREFIX_PATH}:/opt/ros/jazzy DEBUGINFOD_URLS=https://debuginfod.ubuntu.com /usr/bin/cmake --build /home/argo/Downloads/robot_wss/build/rplidar_ros -- -j4 -l4
[2.768s] INFO:colcon.colcon_core.task.python.build:Building Python package in '/home/argo/Downloads/robot_wss/src/twist_stamper-main'
[2.769s] INFO:colcon.colcon_core.shell:Skip shell extension 'powershell' for command environment: Not usable outside of PowerShell
[2.769s] DEBUG:colcon.colcon_core.shell:Skip shell extension 'dsv' for command environment
[2.822s] DEBUG:colcon.colcon_core.event_handler.log_command:Invoked command in '/home/argo/Downloads/robot_wss/build/robot_control_pkg' returned '0': CMAKE_PREFIX_PATH=${CMAKE_PREFIX_PATH}:/opt/ros/jazzy DEBUGINFOD_URLS=https://debuginfod.ubuntu.com /usr/bin/cmake /home/argo/Downloads/robot_wss/src/robot_control_pkg -DCMAKE_INSTALL_PREFIX=/home/argo/Downloads/robot_wss/install/robot_control_pkg
[2.822s] DEBUG:colcon.colcon_core.event_handler.log_command:Invoking command in '/home/argo/Downloads/robot_wss/build/robot_control_pkg': CMAKE_PREFIX_PATH=${CMAKE_PREFIX_PATH}:/opt/ros/jazzy DEBUGINFOD_URLS=https://debuginfod.ubuntu.com /usr/bin/cmake --build /home/argo/Downloads/robot_wss/build/robot_control_pkg -- -j4 -l4
[3.273s] DEBUG:colcon.colcon_core.event_handler.log_command:Invoking command in '/home/argo/Downloads/robot_wss/src/slam_pkg': DEBUGINFOD_URLS=https://debuginfod.ubuntu.com PYTHONPATH=/home/argo/Downloads/robot_wss/build/slam_pkg/prefix_override:/usr/lib/python3/dist-packages/colcon_core/task/python/colcon_distutils_commands:/home/argo/Downloads/robot_wss/install/slam_pkg/lib/python3.12/site-packages:${PYTHONPATH} /usr/bin/python3 -W ignore:setup.py install is deprecated -W ignore:easy_install command is deprecated setup.py egg_info --egg-base ../../build/slam_pkg build --build-base /home/argo/Downloads/robot_wss/build/slam_pkg/build install --record /home/argo/Downloads/robot_wss/build/slam_pkg/install.log --single-version-externally-managed install_data
[3.490s] DEBUG:colcon.colcon_core.event_handler.log_command:Invoking command in '/home/argo/Downloads/robot_wss/src/twist_stamper-main': DEBUGINFOD_URLS=https://debuginfod.ubuntu.com PYTHONPATH=/home/argo/Downloads/robot_wss/build/twist_stamper/prefix_override:/usr/lib/python3/dist-packages/colcon_core/task/python/colcon_distutils_commands:/home/argo/Downloads/robot_wss/install/twist_stamper/lib/python3.12/site-packages:${PYTHONPATH} /usr/bin/python3 -W ignore:setup.py install is deprecated -W ignore:easy_install command is deprecated setup.py egg_info --egg-base ../../build/twist_stamper build --build-base /home/argo/Downloads/robot_wss/build/twist_stamper/build install --record /home/argo/Downloads/robot_wss/build/twist_stamper/install.log --single-version-externally-managed install_data
[4.172s] Level 1:colcon.colcon_core.environment:checking '/home/argo/Downloads/robot_wss/install/twist_stamper' for CMake module files
[4.173s] Level 1:colcon.colcon_core.environment:checking '/home/argo/Downloads/robot_wss/install/twist_stamper' for CMake config files
[4.173s] DEBUG:colcon.colcon_core.event_handler.log_command:Invoked command in '/home/argo/Downloads/robot_wss/src/twist_stamper-main' returned '0': DEBUGINFOD_URLS=https://debuginfod.ubuntu.com PYTHONPATH=/home/argo/Downloads/robot_wss/build/twist_stamper/prefix_override:/usr/lib/python3/dist-packages/colcon_core/task/python/colcon_distutils_commands:/home/argo/Downloads/robot_wss/install/twist_stamper/lib/python3.12/site-packages:${PYTHONPATH} /usr/bin/python3 -W ignore:setup.py install is deprecated -W ignore:easy_install command is deprecated setup.py egg_info --egg-base ../../build/twist_stamper build --build-base /home/argo/Downloads/robot_wss/build/twist_stamper/build install --record /home/argo/Downloads/robot_wss/build/twist_stamper/install.log --single-version-externally-managed install_data
[4.174s] Level 1:colcon.colcon_core.environment:checking '/home/argo/Downloads/robot_wss/install/twist_stamper/lib'
[4.174s] Level 1:colcon.colcon_core.environment:checking '/home/argo/Downloads/robot_wss/install/twist_stamper/bin'
[4.174s] Level 1:colcon.colcon_core.environment:checking '/home/argo/Downloads/robot_wss/install/twist_stamper/lib/pkgconfig/twist_stamper.pc'
[4.174s] Level 1:colcon.colcon_core.environment:checking '/home/argo/Downloads/robot_wss/install/twist_stamper/lib/python3.12/site-packages'
[4.174s] Level 1:colcon.colcon_core.shell:create_environment_hook('twist_stamper', 'pythonpath')
[4.174s] INFO:colcon.colcon_core.shell:Creating environment hook '/home/argo/Downloads/robot_wss/install/twist_stamper/share/twist_stamper/hook/pythonpath.ps1'
[4.175s] INFO:colcon.colcon_core.shell:Creating environment descriptor '/home/argo/Downloads/robot_wss/install/twist_stamper/share/twist_stamper/hook/pythonpath.dsv'
[4.175s] INFO:colcon.colcon_core.shell:Creating environment hook '/home/argo/Downloads/robot_wss/install/twist_stamper/share/twist_stamper/hook/pythonpath.sh'
[4.176s] Level 1:colcon.colcon_core.environment:checking '/home/argo/Downloads/robot_wss/install/twist_stamper/bin'
[4.176s] Level 1:colcon.colcon_core.environment:create_environment_scripts_only(twist_stamper)
[4.176s] INFO:colcon.colcon_core.shell:Creating package script '/home/argo/Downloads/robot_wss/install/twist_stamper/share/twist_stamper/package.ps1'
[4.177s] INFO:colcon.colcon_core.shell:Creating package descriptor '/home/argo/Downloads/robot_wss/install/twist_stamper/share/twist_stamper/package.dsv'
[4.177s] INFO:colcon.colcon_core.shell:Creating package script '/home/argo/Downloads/robot_wss/install/twist_stamper/share/twist_stamper/package.sh'
[4.177s] INFO:colcon.colcon_core.shell:Creating package script '/home/argo/Downloads/robot_wss/install/twist_stamper/share/twist_stamper/package.bash'
[4.178s] INFO:colcon.colcon_core.shell:Creating package script '/home/argo/Downloads/robot_wss/install/twist_stamper/share/twist_stamper/package.zsh'
[4.178s] Level 1:colcon.colcon_core.environment:create_file_with_runtime_dependencies(/home/argo/Downloads/robot_wss/install/twist_stamper/share/colcon-core/packages/twist_stamper)
[4.210s] Level 1:colcon.colcon_core.environment:checking '/home/argo/Downloads/robot_wss/install/slam_pkg' for CMake module files
[4.211s] DEBUG:colcon.colcon_core.event_handler.log_command:Invoked command in '/home/argo/Downloads/robot_wss/src/slam_pkg' returned '0': DEBUGINFOD_URLS=https://debuginfod.ubuntu.com PYTHONPATH=/home/argo/Downloads/robot_wss/build/slam_pkg/prefix_override:/usr/lib/python3/dist-packages/colcon_core/task/python/colcon_distutils_commands:/home/argo/Downloads/robot_wss/install/slam_pkg/lib/python3.12/site-packages:${PYTHONPATH} /usr/bin/python3 -W ignore:setup.py install is deprecated -W ignore:easy_install command is deprecated setup.py egg_info --egg-base ../../build/slam_pkg build --build-base /home/argo/Downloads/robot_wss/build/slam_pkg/build install --record /home/argo/Downloads/robot_wss/build/slam_pkg/install.log --single-version-externally-managed install_data
[4.211s] Level 1:colcon.colcon_core.environment:checking '/home/argo/Downloads/robot_wss/install/slam_pkg' for CMake config files
[4.212s] Level 1:colcon.colcon_core.environment:checking '/home/argo/Downloads/robot_wss/install/slam_pkg/lib'
[4.212s] Level 1:colcon.colcon_core.environment:checking '/home/argo/Downloads/robot_wss/install/slam_pkg/bin'
[4.212s] Level 1:colcon.colcon_core.environment:checking '/home/argo/Downloads/robot_wss/install/slam_pkg/lib/pkgconfig/slam_pkg.pc'
[4.212s] Level 1:colcon.colcon_core.environment:checking '/home/argo/Downloads/robot_wss/install/slam_pkg/lib/python3.12/site-packages'
[4.212s] Level 1:colcon.colcon_core.shell:create_environment_hook('slam_pkg', 'pythonpath')
[4.212s] INFO:colcon.colcon_core.shell:Creating environment hook '/home/argo/Downloads/robot_wss/install/slam_pkg/share/slam_pkg/hook/pythonpath.ps1'
[4.213s] INFO:colcon.colcon_core.shell:Creating environment descriptor '/home/argo/Downloads/robot_wss/install/slam_pkg/share/slam_pkg/hook/pythonpath.dsv'
[4.213s] INFO:colcon.colcon_core.shell:Creating environment hook '/home/argo/Downloads/robot_wss/install/slam_pkg/share/slam_pkg/hook/pythonpath.sh'
[4.214s] Level 1:colcon.colcon_core.environment:checking '/home/argo/Downloads/robot_wss/install/slam_pkg/bin'
[4.214s] Level 1:colcon.colcon_core.environment:create_environment_scripts_only(slam_pkg)
[4.214s] INFO:colcon.colcon_core.shell:Creating package script '/home/argo/Downloads/robot_wss/install/slam_pkg/share/slam_pkg/package.ps1'
[4.215s] INFO:colcon.colcon_core.shell:Creating package descriptor '/home/argo/Downloads/robot_wss/install/slam_pkg/share/slam_pkg/package.dsv'
[4.216s] INFO:colcon.colcon_core.shell:Creating package script '/home/argo/Downloads/robot_wss/install/slam_pkg/share/slam_pkg/package.sh'
[4.216s] INFO:colcon.colcon_core.shell:Creating package script '/home/argo/Downloads/robot_wss/install/slam_pkg/share/slam_pkg/package.bash'
[4.217s] INFO:colcon.colcon_core.shell:Creating package script '/home/argo/Downloads/robot_wss/install/slam_pkg/share/slam_pkg/package.zsh'
[4.217s] Level 1:colcon.colcon_core.environment:create_file_with_runtime_dependencies(/home/argo/Downloads/robot_wss/install/slam_pkg/share/colcon-core/packages/slam_pkg)
[8.190s] DEBUG:colcon.colcon_core.event_handler.log_command:Invoked command in '/home/argo/Downloads/robot_wss/build/robot_control_pkg' returned '0': CMAKE_PREFIX_PATH=${CMAKE_PREFIX_PATH}:/opt/ros/jazzy DEBUGINFOD_URLS=https://debuginfod.ubuntu.com /usr/bin/cmake --build /home/argo/Downloads/robot_wss/build/robot_control_pkg -- -j4 -l4
[8.201s] DEBUG:colcon.colcon_core.event_handler.log_command:Invoking command in '/home/argo/Downloads/robot_wss/build/robot_control_pkg': CMAKE_PREFIX_PATH=${CMAKE_PREFIX_PATH}:/opt/ros/jazzy DEBUGINFOD_URLS=https://debuginfod.ubuntu.com /usr/bin/cmake --install /home/argo/Downloads/robot_wss/build/robot_control_pkg
[8.242s] Level 1:colcon.colcon_core.environment:create_environment_scripts_only(robot_control_pkg)
[8.243s] Level 1:colcon.colcon_core.environment:checking '/home/argo/Downloads/robot_wss/install/robot_control_pkg' for CMake module files
[8.243s] DEBUG:colcon.colcon_core.event_handler.log_command:Invoked command in '/home/argo/Downloads/robot_wss/build/robot_control_pkg' returned '0': CMAKE_PREFIX_PATH=${CMAKE_PREFIX_PATH}:/opt/ros/jazzy DEBUGINFOD_URLS=https://debuginfod.ubuntu.com /usr/bin/cmake --install /home/argo/Downloads/robot_wss/build/robot_control_pkg
[8.244s] Level 1:colcon.colcon_core.environment:checking '/home/argo/Downloads/robot_wss/install/robot_control_pkg' for CMake config files
[8.244s] Level 1:colcon.colcon_core.shell:create_environment_hook('robot_control_pkg', 'cmake_prefix_path')
[8.244s] INFO:colcon.colcon_core.shell:Creating environment hook '/home/argo/Downloads/robot_wss/install/robot_control_pkg/share/robot_control_pkg/hook/cmake_prefix_path.ps1'
[8.245s] INFO:colcon.colcon_core.shell:Creating environment descriptor '/home/argo/Downloads/robot_wss/install/robot_control_pkg/share/robot_control_pkg/hook/cmake_prefix_path.dsv'
[8.245s] INFO:colcon.colcon_core.shell:Creating environment hook '/home/argo/Downloads/robot_wss/install/robot_control_pkg/share/robot_control_pkg/hook/cmake_prefix_path.sh'
[8.245s] Level 1:colcon.colcon_core.environment:checking '/home/argo/Downloads/robot_wss/install/robot_control_pkg/lib'
[8.245s] Level 1:colcon.colcon_core.shell:create_environment_hook('robot_control_pkg', 'ld_library_path_lib')
[8.246s] INFO:colcon.colcon_core.shell:Creating environment hook '/home/argo/Downloads/robot_wss/install/robot_control_pkg/share/robot_control_pkg/hook/ld_library_path_lib.ps1'
[8.246s] INFO:colcon.colcon_core.shell:Creating environment descriptor '/home/argo/Downloads/robot_wss/install/robot_control_pkg/share/robot_control_pkg/hook/ld_library_path_lib.dsv'
[8.246s] INFO:colcon.colcon_core.shell:Creating environment hook '/home/argo/Downloads/robot_wss/install/robot_control_pkg/share/robot_control_pkg/hook/ld_library_path_lib.sh'
[8.247s] Level 1:colcon.colcon_core.environment:checking '/home/argo/Downloads/robot_wss/install/robot_control_pkg/bin'
[8.247s] Level 1:colcon.colcon_core.environment:checking '/home/argo/Downloads/robot_wss/install/robot_control_pkg/lib/pkgconfig/robot_control_pkg.pc'
[8.247s] Level 1:colcon.colcon_core.environment:checking '/home/argo/Downloads/robot_wss/install/robot_control_pkg/lib/python3.12/site-packages'
[8.247s] Level 1:colcon.colcon_core.environment:checking '/home/argo/Downloads/robot_wss/install/robot_control_pkg/bin'
[8.247s] INFO:colcon.colcon_core.shell:Creating package script '/home/argo/Downloads/robot_wss/install/robot_control_pkg/share/robot_control_pkg/package.ps1'
[8.248s] INFO:colcon.colcon_core.shell:Creating package descriptor '/home/argo/Downloads/robot_wss/install/robot_control_pkg/share/robot_control_pkg/package.dsv'
[8.248s] INFO:colcon.colcon_core.shell:Creating package script '/home/argo/Downloads/robot_wss/install/robot_control_pkg/share/robot_control_pkg/package.sh'
[8.249s] INFO:colcon.colcon_core.shell:Creating package script '/home/argo/Downloads/robot_wss/install/robot_control_pkg/share/robot_control_pkg/package.bash'
[8.249s] INFO:colcon.colcon_core.shell:Creating package script '/home/argo/Downloads/robot_wss/install/robot_control_pkg/share/robot_control_pkg/package.zsh'
[8.249s] Level 1:colcon.colcon_core.environment:create_file_with_runtime_dependencies(/home/argo/Downloads/robot_wss/install/robot_control_pkg/share/colcon-core/packages/robot_control_pkg)
[8.250s] Level 1:colcon.colcon_core.environment:create_environment_scripts_only(robot_control_pkg)
[8.250s] Level 1:colcon.colcon_core.environment:checking '/home/argo/Downloads/robot_wss/install/robot_control_pkg' for CMake module files
[8.251s] Level 1:colcon.colcon_core.environment:checking '/home/argo/Downloads/robot_wss/install/robot_control_pkg' for CMake config files
[8.251s] Level 1:colcon.colcon_core.shell:create_environment_hook('robot_control_pkg', 'cmake_prefix_path')
[8.251s] INFO:colcon.colcon_core.shell:Creating environment hook '/home/argo/Downloads/robot_wss/install/robot_control_pkg/share/robot_control_pkg/hook/cmake_prefix_path.ps1'
[8.251s] INFO:colcon.colcon_core.shell:Creating environment descriptor '/home/argo/Downloads/robot_wss/install/robot_control_pkg/share/robot_control_pkg/hook/cmake_prefix_path.dsv'
[8.252s] INFO:colcon.colcon_core.shell:Creating environment hook '/home/argo/Downloads/robot_wss/install/robot_control_pkg/share/robot_control_pkg/hook/cmake_prefix_path.sh'
[8.252s] Level 1:colcon.colcon_core.environment:checking '/home/argo/Downloads/robot_wss/install/robot_control_pkg/lib'
[8.252s] Level 1:colcon.colcon_core.shell:create_environment_hook('robot_control_pkg', 'ld_library_path_lib')
[8.252s] INFO:colcon.colcon_core.shell:Creating environment hook '/home/argo/Downloads/robot_wss/install/robot_control_pkg/share/robot_control_pkg/hook/ld_library_path_lib.ps1'
[8.253s] INFO:colcon.colcon_core.shell:Creating environment descriptor '/home/argo/Downloads/robot_wss/install/robot_control_pkg/share/robot_control_pkg/hook/ld_library_path_lib.dsv'
[8.253s] INFO:colcon.colcon_core.shell:Creating environment hook '/home/argo/Downloads/robot_wss/install/robot_control_pkg/share/robot_control_pkg/hook/ld_library_path_lib.sh'
[8.254s] Level 1:colcon.colcon_core.environment:checking '/home/argo/Downloads/robot_wss/install/robot_control_pkg/bin'
[8.254s] Level 1:colcon.colcon_core.environment:checking '/home/argo/Downloads/robot_wss/install/robot_control_pkg/lib/pkgconfig/robot_control_pkg.pc'
[8.254s] Level 1:colcon.colcon_core.environment:checking '/home/argo/Downloads/robot_wss/install/robot_control_pkg/lib/python3.12/site-packages'
[8.254s] Level 1:colcon.colcon_core.environment:checking '/home/argo/Downloads/robot_wss/install/robot_control_pkg/bin'
[8.254s] INFO:colcon.colcon_core.shell:Creating package script '/home/argo/Downloads/robot_wss/install/robot_control_pkg/share/robot_control_pkg/package.ps1'
[8.255s] INFO:colcon.colcon_core.shell:Creating package descriptor '/home/argo/Downloads/robot_wss/install/robot_control_pkg/share/robot_control_pkg/package.dsv'
[8.256s] INFO:colcon.colcon_core.shell:Creating package script '/home/argo/Downloads/robot_wss/install/robot_control_pkg/share/robot_control_pkg/package.sh'
[8.256s] INFO:colcon.colcon_core.shell:Creating package script '/home/argo/Downloads/robot_wss/install/robot_control_pkg/share/robot_control_pkg/package.bash'
[8.256s] INFO:colcon.colcon_core.shell:Creating package script '/home/argo/Downloads/robot_wss/install/robot_control_pkg/share/robot_control_pkg/package.zsh'
[8.257s] Level 1:colcon.colcon_core.environment:create_file_with_runtime_dependencies(/home/argo/Downloads/robot_wss/install/robot_control_pkg/share/colcon-core/packages/robot_control_pkg)
[34.143s] DEBUG:colcon.colcon_core.event_handler.log_command:Invoked command in '/home/argo/Downloads/robot_wss/build/rplidar_ros' returned '0': CMAKE_PREFIX_PATH=${CMAKE_PREFIX_PATH}:/opt/ros/jazzy DEBUGINFOD_URLS=https://debuginfod.ubuntu.com /usr/bin/cmake --build /home/argo/Downloads/robot_wss/build/rplidar_ros -- -j4 -l4
[34.144s] DEBUG:colcon.colcon_core.event_handler.log_command:Invoking command in '/home/argo/Downloads/robot_wss/build/rplidar_ros': CMAKE_PREFIX_PATH=${CMAKE_PREFIX_PATH}:/opt/ros/jazzy DEBUGINFOD_URLS=https://debuginfod.ubuntu.com /usr/bin/cmake --install /home/argo/Downloads/robot_wss/build/rplidar_ros
[34.169s] Level 1:colcon.colcon_core.environment:create_environment_scripts_only(rplidar_ros)
[34.169s] Level 1:colcon.colcon_core.environment:checking '/home/argo/Downloads/robot_wss/install/rplidar_ros' for CMake module files
[34.169s] DEBUG:colcon.colcon_core.event_handler.log_command:Invoked command in '/home/argo/Downloads/robot_wss/build/rplidar_ros' returned '0': CMAKE_PREFIX_PATH=${CMAKE_PREFIX_PATH}:/opt/ros/jazzy DEBUGINFOD_URLS=https://debuginfod.ubuntu.com /usr/bin/cmake --install /home/argo/Downloads/robot_wss/build/rplidar_ros
[34.170s] Level 1:colcon.colcon_core.environment:checking '/home/argo/Downloads/robot_wss/install/rplidar_ros' for CMake config files
[34.170s] Level 1:colcon.colcon_core.shell:create_environment_hook('rplidar_ros', 'cmake_prefix_path')
[34.170s] INFO:colcon.colcon_core.shell:Creating environment hook '/home/argo/Downloads/robot_wss/install/rplidar_ros/share/rplidar_ros/hook/cmake_prefix_path.ps1'
[34.171s] INFO:colcon.colcon_core.shell:Creating environment descriptor '/home/argo/Downloads/robot_wss/install/rplidar_ros/share/rplidar_ros/hook/cmake_prefix_path.dsv'
[34.171s] INFO:colcon.colcon_core.shell:Creating environment hook '/home/argo/Downloads/robot_wss/install/rplidar_ros/share/rplidar_ros/hook/cmake_prefix_path.sh'
[34.171s] Level 1:colcon.colcon_core.environment:checking '/home/argo/Downloads/robot_wss/install/rplidar_ros/lib'
[34.171s] Level 1:colcon.colcon_core.environment:checking '/home/argo/Downloads/robot_wss/install/rplidar_ros/bin'
[34.171s] Level 1:colcon.colcon_core.environment:checking '/home/argo/Downloads/robot_wss/install/rplidar_ros/lib/pkgconfig/rplidar_ros.pc'
[34.172s] Level 1:colcon.colcon_core.environment:checking '/home/argo/Downloads/robot_wss/install/rplidar_ros/lib/python3.12/site-packages'
[34.172s] Level 1:colcon.colcon_core.environment:checking '/home/argo/Downloads/robot_wss/install/rplidar_ros/bin'
[34.172s] INFO:colcon.colcon_core.shell:Creating package script '/home/argo/Downloads/robot_wss/install/rplidar_ros/share/rplidar_ros/package.ps1'
[34.173s] INFO:colcon.colcon_core.shell:Creating package descriptor '/home/argo/Downloads/robot_wss/install/rplidar_ros/share/rplidar_ros/package.dsv'
[34.173s] INFO:colcon.colcon_core.shell:Creating package script '/home/argo/Downloads/robot_wss/install/rplidar_ros/share/rplidar_ros/package.sh'
[34.173s] INFO:colcon.colcon_core.shell:Creating package script '/home/argo/Downloads/robot_wss/install/rplidar_ros/share/rplidar_ros/package.bash'
[34.174s] INFO:colcon.colcon_core.shell:Creating package script '/home/argo/Downloads/robot_wss/install/rplidar_ros/share/rplidar_ros/package.zsh'
[34.174s] Level 1:colcon.colcon_core.environment:create_file_with_runtime_dependencies(/home/argo/Downloads/robot_wss/install/rplidar_ros/share/colcon-core/packages/rplidar_ros)
[34.174s] Level 1:colcon.colcon_core.environment:create_environment_scripts_only(rplidar_ros)
[34.174s] Level 1:colcon.colcon_core.environment:checking '/home/argo/Downloads/robot_wss/install/rplidar_ros' for CMake module files
[34.175s] Level 1:colcon.colcon_core.environment:checking '/home/argo/Downloads/robot_wss/install/rplidar_ros' for CMake config files
[34.175s] Level 1:colcon.colcon_core.shell:create_environment_hook('rplidar_ros', 'cmake_prefix_path')
[34.175s] INFO:colcon.colcon_core.shell:Creating environment hook '/home/argo/Downloads/robot_wss/install/rplidar_ros/share/rplidar_ros/hook/cmake_prefix_path.ps1'
[34.176s] INFO:colcon.colcon_core.shell:Creating environment descriptor '/home/argo/Downloads/robot_wss/install/rplidar_ros/share/rplidar_ros/hook/cmake_prefix_path.dsv'
[34.176s] INFO:colcon.colcon_core.shell:Creating environment hook '/home/argo/Downloads/robot_wss/install/rplidar_ros/share/rplidar_ros/hook/cmake_prefix_path.sh'
[34.176s] Level 1:colcon.colcon_core.environment:checking '/home/argo/Downloads/robot_wss/install/rplidar_ros/lib'
[34.176s] Level 1:colcon.colcon_core.environment:checking '/home/argo/Downloads/robot_wss/install/rplidar_ros/bin'
[34.176s] Level 1:colcon.colcon_core.environment:checking '/home/argo/Downloads/robot_wss/install/rplidar_ros/lib/pkgconfig/rplidar_ros.pc'
[34.177s] Level 1:colcon.colcon_core.environment:checking '/home/argo/Downloads/robot_wss/install/rplidar_ros/lib/python3.12/site-packages'
[34.177s] Level 1:colcon.colcon_core.environment:checking '/home/argo/Downloads/robot_wss/install/rplidar_ros/bin'
[34.177s] INFO:colcon.colcon_core.shell:Creating package script '/home/argo/Downloads/robot_wss/install/rplidar_ros/share/rplidar_ros/package.ps1'
[34.178s] INFO:colcon.colcon_core.shell:Creating package descriptor '/home/argo/Downloads/robot_wss/install/rplidar_ros/share/rplidar_ros/package.dsv'
[34.178s] INFO:colcon.colcon_core.shell:Creating package script '/home/argo/Downloads/robot_wss/install/rplidar_ros/share/rplidar_ros/package.sh'
[34.178s] INFO:colcon.colcon_core.shell:Creating package script '/home/argo/Downloads/robot_wss/install/rplidar_ros/share/rplidar_ros/package.bash'
[34.179s] INFO:colcon.colcon_core.shell:Creating package script '/home/argo/Downloads/robot_wss/install/rplidar_ros/share/rplidar_ros/package.zsh'
[34.179s] Level 1:colcon.colcon_core.environment:create_file_with_runtime_dependencies(/home/argo/Downloads/robot_wss/install/rplidar_ros/share/colcon-core/packages/rplidar_ros)
[34.179s] DEBUG:colcon.colcon_parallel_executor.executor.parallel:closing loop
[34.180s] DEBUG:colcon.colcon_parallel_executor.executor.parallel:loop closed
[34.180s] DEBUG:colcon.colcon_parallel_executor.executor.parallel:run_until_complete finished with '0'
[34.180s] DEBUG:colcon.colcon_core.event_reactor:joining thread
[34.192s] INFO:colcon.colcon_core.plugin_system:Skipping extension 'colcon_notification.desktop_notification.terminal_notifier': Not used on non-Darwin systems
[34.192s] INFO:colcon.colcon_core.plugin_system:Skipping extension 'colcon_notification.desktop_notification.win32': Not used on non-Windows systems
[34.192s] INFO:colcon.colcon_notification.desktop_notification:Sending desktop notification using 'notify2'
[34.207s] DEBUG:colcon.colcon_core.event_reactor:joined thread
[34.207s] INFO:colcon.colcon_core.shell:Creating prefix script '/home/argo/Downloads/robot_wss/install/local_setup.ps1'
[34.208s] INFO:colcon.colcon_core.shell:Creating prefix util module '/home/argo/Downloads/robot_wss/install/_local_setup_util_ps1.py'
[34.209s] INFO:colcon.colcon_core.shell:Creating prefix chain script '/home/argo/Downloads/robot_wss/install/setup.ps1'
[34.210s] INFO:colcon.colcon_core.shell:Creating prefix script '/home/argo/Downloads/robot_wss/install/local_setup.sh'
[34.210s] INFO:colcon.colcon_core.shell:Creating prefix util module '/home/argo/Downloads/robot_wss/install/_local_setup_util_sh.py'
[34.210s] INFO:colcon.colcon_core.shell:Creating prefix chain script '/home/argo/Downloads/robot_wss/install/setup.sh'
[34.211s] INFO:colcon.colcon_core.shell:Creating prefix script '/home/argo/Downloads/robot_wss/install/local_setup.bash'
[34.212s] INFO:colcon.colcon_core.shell:Creating prefix chain script '/home/argo/Downloads/robot_wss/install/setup.bash'
[34.212s] INFO:colcon.colcon_core.shell:Creating prefix script '/home/argo/Downloads/robot_wss/install/local_setup.zsh'
[34.213s] INFO:colcon.colcon_core.shell:Creating prefix chain script '/home/argo/Downloads/robot_wss/install/setup.zsh'
