/home/argo/argo-test/install/simulation_pkg/lib/python3.12/site-packages/simulation_pkg/__init__.py
/home/argo/argo-test/install/simulation_pkg/lib/python3.12/site-packages/simulation_pkg/__pycache__/__init__.cpython-312.pyc
/home/argo/argo-test/install/simulation_pkg/share/ament_index/resource_index/packages/simulation_pkg
/home/argo/argo-test/install/simulation_pkg/share/simulation_pkg/package.xml
/home/argo/argo-test/install/simulation_pkg/share/simulation_pkg/launch/rsp_launch.py
/home/argo/argo-test/install/simulation_pkg/share/simulation_pkg/launch/gaz_sim_launch.py
/home/argo/argo-test/install/simulation_pkg/share/simulation_pkg/models/rear_caster_link.STL
/home/argo/argo-test/install/simulation_pkg/share/simulation_pkg/models/lidar_link.STL
/home/argo/argo-test/install/simulation_pkg/share/simulation_pkg/models/right_wheel_link.STL
/home/argo/argo-test/install/simulation_pkg/share/simulation_pkg/models/base_link.STL
/home/argo/argo-test/install/simulation_pkg/share/simulation_pkg/models/front_caster_link.STL
/home/argo/argo-test/install/simulation_pkg/share/simulation_pkg/models/left_wheel_link.STL
/home/argo/argo-test/install/simulation_pkg/share/simulation_pkg/description/ros2_control.xacro
/home/argo/argo-test/install/simulation_pkg/share/simulation_pkg/description/gazebo_references.xacro
/home/argo/argo-test/install/simulation_pkg/share/simulation_pkg/description/robot_core.xacro
/home/argo/argo-test/install/simulation_pkg/share/simulation_pkg/description/robot_urdf.xacro
/home/argo/argo-test/install/simulation_pkg/share/simulation_pkg/description/lidar.xacro
/home/argo/argo-test/install/simulation_pkg/share/simulation_pkg/description/gazebo_control.xacro
/home/argo/argo-test/install/simulation_pkg/share/simulation_pkg/worlds/simple_sim_world.sdf
/home/argo/argo-test/install/simulation_pkg/share/simulation_pkg/worlds/sim_world.sdf
/home/argo/argo-test/install/simulation_pkg/share/simulation_pkg/worlds/industrial-warehouse.sdf
/home/argo/argo-test/install/simulation_pkg/share/simulation_pkg/params/ros_gz_bridge.yaml
/home/argo/argo-test/install/simulation_pkg/share/simulation_pkg/config/view_bot.rviz
/home/argo/argo-test/install/simulation_pkg/share/simulation_pkg/config/sim_view.rviz
/home/argo/argo-test/install/simulation_pkg/share/simulation_pkg/config/twist_mux.yaml
/home/argo/argo-test/install/simulation_pkg/share/simulation_pkg/config/robot_controllers.yaml
/home/argo/argo-test/install/simulation_pkg/lib/python3.12/site-packages/simulation_pkg-1.0.0-py3.12.egg-info/dependency_links.txt
/home/argo/argo-test/install/simulation_pkg/lib/python3.12/site-packages/simulation_pkg-1.0.0-py3.12.egg-info/SOURCES.txt
/home/argo/argo-test/install/simulation_pkg/lib/python3.12/site-packages/simulation_pkg-1.0.0-py3.12.egg-info/zip-safe
/home/argo/argo-test/install/simulation_pkg/lib/python3.12/site-packages/simulation_pkg-1.0.0-py3.12.egg-info/requires.txt
/home/argo/argo-test/install/simulation_pkg/lib/python3.12/site-packages/simulation_pkg-1.0.0-py3.12.egg-info/top_level.txt
/home/argo/argo-test/install/simulation_pkg/lib/python3.12/site-packages/simulation_pkg-1.0.0-py3.12.egg-info/PKG-INFO
