[0.021s] Invoking command in '/home/dhruv/argo-test/build/multirobot_map_merge': CMAKE_PREFIX_PATH=${CMAKE_PREFIX_PATH}:/opt/ros/jazzy DEBUGINFOD_URLS=https://debuginfod.ubuntu.com /usr/bin/cmake /home/dhruv/argo-test/src/m-explore-ros2/map_merge -DCMAKE_INSTALL_PREFIX=/home/dhruv/argo-test/install/multirobot_map_merge
[0.282s] -- The C compiler identification is GNU 13.3.0
[0.282s] -- The CXX compiler identification is GNU 13.3.0
[0.282s] -- Detecting C compiler ABI info
[0.282s] -- Detecting C compiler ABI info - done
[0.282s] -- Check for working C compiler: /usr/bin/cc - skipped
[0.283s] -- Detecting C compile features
[0.283s] -- Detecting C compile features - done
[0.283s] -- Detecting CXX compiler ABI info
[0.471s] -- Detecting CXX compiler ABI info - done
[0.507s] -- Check for working CXX compiler: /usr/bin/c++ - skipped
[0.507s] -- Detecting CXX compile features
[0.508s] -- Detecting CXX compile features - done
[0.514s] -- Found ament_cmake: 2.5.5 (/opt/ros/jazzy/share/ament_cmake/cmake)
[0.707s] -- Found Python3: /usr/bin/python3 (found version "3.12.3") found components: Interpreter 
[0.902s] -- Found rclcpp: 28.1.16 (/opt/ros/jazzy/share/rclcpp/cmake)
[0.947s] -- Found rosidl_generator_c: 4.6.7 (/opt/ros/jazzy/share/rosidl_generator_c/cmake)
[0.968s] -- Found rosidl_generator_cpp: 4.6.7 (/opt/ros/jazzy/share/rosidl_generator_cpp/cmake)
[0.989s] -- Using all available rosidl_typesupport_c: rosidl_typesupport_fastrtps_c;rosidl_typesupport_introspection_c
[1.021s] -- Using all available rosidl_typesupport_cpp: rosidl_typesupport_fastrtps_cpp;rosidl_typesupport_introspection_cpp
[1.196s] -- Found rmw_implementation_cmake: 7.3.3 (/opt/ros/jazzy/share/rmw_implementation_cmake/cmake)
[1.200s] -- Found rmw_fastrtps_cpp: 8.4.3 (/opt/ros/jazzy/share/rmw_fastrtps_cpp/cmake)
[1.388s] -- Found OpenSSL: /usr/lib/x86_64-linux-gnu/libcrypto.so (found version "3.0.13")  
[1.437s] -- Found FastRTPS: /opt/ros/jazzy/include (Required is at least version "2.13") 
[1.500s] -- Using RMW implementation 'rmw_fastrtps_cpp' as default
[1.634s] -- Found geometry_msgs: 5.3.6 (/opt/ros/jazzy/share/geometry_msgs/cmake)
[1.681s] -- Found image_geometry: 4.1.0 (/opt/ros/jazzy/share/image_geometry/cmake)
[1.747s] -- Found map_msgs: 2.4.1 (/opt/ros/jazzy/share/map_msgs/cmake)
[1.881s] -- Found tf2_geometry_msgs: 0.36.19 (/opt/ros/jazzy/share/tf2_geometry_msgs/cmake)
[1.902s] -- Found eigen3_cmake_module: 0.3.0 (/opt/ros/jazzy/share/eigen3_cmake_module/cmake)
[1.904s] -- Found Eigen3: TRUE (found version "3.4.0") 
[1.904s] -- Ensuring Eigen3 include directory is part of orocos-kdl CMake target
[2.503s] -- Found Boost: /usr/lib/x86_64-linux-gnu/cmake/Boost-1.83.0/BoostConfig.cmake (found version "1.83.0") found components: thread 
[2.517s] -- Found OpenCV: /usr (found version "4.6.0") 
[2.539s] -- Found ament_lint_auto: 0.17.4 (/opt/ros/jazzy/share/ament_lint_auto/cmake)
[2.708s] -- Found ament_cmake_gtest: 2.5.5 (/opt/ros/jazzy/share/ament_cmake_gtest/cmake)
[2.720s] --2026-03-13 11:22:03--  https://raw.githubusercontent.com/hrnr/m-explore-extra/master/map_merge/hector_maps/map00.pgm
[2.769s] Resolving raw.githubusercontent.com (raw.githubusercontent.com)... 2606:50c0:8003::154, 2606:50c0:8002::154, 2606:50c0:8000::154, ...
[2.800s] Connecting to raw.githubusercontent.com (raw.githubusercontent.com)|2606:50c0:8003::154|:443... connected.
[3.171s] HTTP request sent, awaiting response... 200 OK
[3.171s] Length: 4194362 (4.0M) [application/octet-stream]
[3.172s] Saving to: ‘/home/dhruv/argo-test/build/multirobot_map_merge/map00.pgm’
[3.172s] 
[3.214s]      0K .......... .......... .......... .......... ..........  1% 1.18M 3s
[3.239s]     50K .......... .......... .......... .......... ..........  2% 2.00M 3s
[3.265s]    100K .......... .......... .......... .......... ..........  3% 1.82M 2s
[3.273s]    150K .......... .......... .......... .......... ..........  4% 7.14M 2s
[3.298s]    200K .......... .......... .......... .......... ..........  6% 1.92M 2s
[3.301s]    250K .......... .......... .......... .......... ..........  7% 11.9M 2s
[3.303s]    300K .......... .......... .......... .......... ..........  8% 22.0M 1s
[3.329s]    350K .......... .......... .......... .......... ..........  9% 1.90M 1s
[3.335s]    400K .......... .......... .......... .......... .......... 10% 9.38M 1s
[3.354s]    450K .......... .......... .......... .......... .......... 12% 2.85M 1s
[3.354s]    500K .......... .......... .......... .......... .......... 13% 21.3M 1s
[3.361s]    550K .......... .......... .......... .......... .......... 14% 7.15M 1s
[3.364s]    600K .......... .......... .......... .......... .......... 15% 17.1M 1s
[3.365s]    650K .......... .......... .......... .......... .......... 17% 28.5M 1s
[3.382s]    700K .......... .......... .......... .......... .......... 18% 3.15M 1s
[3.385s]    750K .......... .......... .......... .......... .......... 19% 9.88M 1s
[3.390s]    800K .......... .......... .......... .......... .......... 20% 10.8M 1s
[3.396s]    850K .......... .......... .......... .......... .......... 21% 9.92M 1s
[3.398s]    900K .......... .......... .......... .......... .......... 23% 18.4M 1s
[3.411s]    950K .......... .......... .......... .......... .......... 24% 3.64M 1s
[3.415s]   1000K .......... .......... .......... .......... .......... 25% 13.4M 1s
[3.415s]   1050K .......... .......... .......... .......... .......... 26%  433M 1s
[3.418s]   1100K .......... .......... .......... .......... .......... 28% 23.1M 1s
[3.418s]   1150K .......... .......... .......... .......... .......... 29% 41.2M 1s
[3.423s]   1200K .......... .......... .......... .......... .......... 30% 12.0M 1s
[3.423s]   1250K .......... .......... .......... .......... .......... 31% 76.9M 1s
[3.429s]   1300K .......... .......... .......... .......... .......... 32% 8.09M 1s
[3.433s]   1350K .......... .......... .......... .......... .......... 34% 63.6M 0s
[3.443s]   1400K .......... .......... .......... .......... .......... 35% 3.72M 0s
[3.451s]   1450K .......... .......... .......... .......... .......... 36% 8.14M 0s
[3.451s]   1500K .......... .......... .......... .......... .......... 37% 23.2M 0s
[3.451s]   1550K .......... .......... .......... .......... .......... 39%  430M 0s
[3.453s]   1600K .......... .......... .......... .......... .......... 40% 29.3M 0s
[3.453s]   1650K .......... .......... .......... .......... .......... 41%  425M 0s
[3.457s]   1700K .......... .......... .......... .......... .......... 42% 12.1M 0s
[3.459s]   1750K .......... .......... .......... .......... .......... 43% 22.8M 0s
[3.460s]   1800K .......... .......... .......... .......... .......... 45% 30.7M 0s
[3.473s]   1850K .......... .......... .......... .......... .......... 46% 3.88M 0s
[3.475s]   1900K .......... .......... .......... .......... .......... 47% 27.5M 0s
[3.485s]   1950K .......... .......... .......... .......... .......... 48% 5.33M 0s
[3.488s]   2000K .......... .......... .......... .......... .......... 50% 26.1M 0s
[3.489s]   2050K .......... .......... .......... .......... .......... 51% 28.9M 0s
[3.489s]   2100K .......... .......... .......... .......... .......... 52% 98.5M 0s
[3.491s]   2150K .......... .......... .......... .......... .......... 53% 23.8M 0s
[3.493s]   2200K .......... .......... .......... .......... .......... 54% 18.9M 0s
[3.493s]   2250K .......... .......... .......... .......... .......... 56% 90.0M 0s
[3.494s]   2300K .......... .......... .......... .......... .......... 57% 65.9M 0s
[3.495s]   2350K .......... .......... .......... .......... .......... 58% 33.1M 0s
[3.497s]   2400K .......... .......... .......... .......... .......... 59% 32.9M 0s
[3.499s]   2450K .......... .......... .......... .......... .......... 61% 26.7M 0s
[3.499s]   2500K .......... .......... .......... .......... .......... 62%  366M 0s
[3.502s]   2550K .......... .......... .......... .......... .......... 63% 16.8M 0s
[3.505s]   2600K .......... .......... .......... .......... .......... 64% 17.8M 0s
[3.506s]   2650K .......... .......... .......... .......... .......... 65% 26.6M 0s
[3.507s]   2700K .......... .......... .......... .......... .......... 67%  414M 0s
[3.515s]   2750K .......... .......... .......... .......... .......... 68% 5.77M 0s
[3.517s]   2800K .......... .......... .......... .......... .......... 69% 25.3M 0s
[3.533s]   2850K .......... .......... .......... .......... .......... 70% 3.19M 0s
[3.534s]   2900K .......... .......... .......... .......... .......... 72% 30.6M 0s
[3.534s]   2950K .......... .......... .......... .......... .......... 73% 69.7M 0s
[3.537s]   3000K .......... .......... .......... .......... .......... 74% 23.1M 0s
[3.537s]   3050K .......... .......... .......... .......... .......... 75%  392M 0s
[3.540s]   3100K .......... .......... .......... .......... .......... 76% 32.2M 0s
[3.541s]   3150K .......... .......... .......... .......... .......... 78% 18.7M 0s
[3.541s]   3200K .......... .......... .......... .......... .......... 79%  321M 0s
[3.543s]   3250K .......... .......... .......... .......... .......... 80% 27.2M 0s
[3.547s]   3300K .......... .......... .......... .......... .......... 81% 11.7M 0s
[3.548s]   3350K .......... .......... .......... .......... .......... 83%  322M 0s
[3.548s]   3400K .......... .......... .......... .......... .......... 84%  458M 0s
[3.549s]   3450K .......... .......... .......... .......... .......... 85% 26.7M 0s
[3.551s]   3500K .......... .......... .......... .......... .......... 86% 25.1M 0s
[3.551s]   3550K .......... .......... .......... .......... .......... 87%  403M 0s
[3.553s]   3600K .......... .......... .......... .......... .......... 89% 30.8M 0s
[3.587s]   3650K .......... .......... .......... .......... .......... 90% 1.51M 0s
[3.587s]   3700K .......... .......... .......... .......... .......... 91% 66.2M 0s
[3.588s]   3750K .......... .......... .......... .......... .......... 92%  129M 0s
[3.588s]   3800K .......... .......... .......... .......... .......... 93%  477M 0s
[3.588s]   3850K .......... .......... .......... .......... .......... 95%  360M 0s
[3.588s]   3900K .......... .......... .......... .......... .......... 96%  438M 0s
[3.616s]   3950K .......... .......... .......... .......... .......... 97% 1.63M 0s
[3.621s]   4000K .......... .......... .......... .......... .......... 98% 11.6M 0s
[3.624s]   4050K .......... .......... .......... .......... ......    100% 13.7M=0.5s
[3.624s] 
[3.624s] 2026-03-13 11:22:04 (8.85 MB/s) - ‘/home/dhruv/argo-test/build/multirobot_map_merge/map00.pgm’ saved [4194362/4194362]
[3.625s] 
[3.630s] Checking MD5 sum of /home/dhruv/argo-test/build/multirobot_map_merge/map00.pgm
[3.646s] /home/dhruv/argo-test/build/multirobot_map_merge/map00.pgm: OK
[3.654s] --2026-03-13 11:22:04--  https://raw.githubusercontent.com/hrnr/m-explore-extra/master/map_merge/hector_maps/map05.pgm
[3.691s] Resolving raw.githubusercontent.com (raw.githubusercontent.com)... 2606:50c0:8001::154, 2606:50c0:8000::154, 2606:50c0:8003::154, ...
[3.719s] Connecting to raw.githubusercontent.com (raw.githubusercontent.com)|2606:50c0:8001::154|:443... connected.
[4.028s] HTTP request sent, awaiting response... 200 OK
[4.028s] Length: 4194362 (4.0M) [application/octet-stream]
[4.028s] Saving to: ‘/home/dhruv/argo-test/build/multirobot_map_merge/map05.pgm’
[4.028s] 
[4.078s]      0K .......... .......... .......... .......... ..........  1%  993K 4s
[4.102s]     50K .......... .......... .......... .......... ..........  2% 2.03M 3s
[4.126s]    100K .......... .......... .......... .......... ..........  3% 2.03M 3s
[4.132s]    150K .......... .......... .......... .......... ..........  4% 8.18M 2s
[4.155s]    200K .......... .......... .......... .......... ..........  6% 2.16M 2s
[4.159s]    250K .......... .......... .......... .......... ..........  7% 17.8M 2s
[4.176s]    300K .......... .......... .......... .......... ..........  8% 2.65M 2s
[4.182s]    350K .......... .......... .......... .......... ..........  9% 13.0M 1s
[4.184s]    400K .......... .......... .......... .......... .......... 10% 12.4M 1s
[4.203s]    450K .......... .......... .......... .......... .......... 12% 2.56M 1s
[4.204s]    500K .......... .......... .......... .......... .......... 13% 30.1M 1s
[4.207s]    550K .......... .......... .......... .......... .......... 14% 14.5M 1s
[4.221s]    600K .......... .......... .......... .......... .......... 15% 4.01M 1s
[4.226s]    650K .......... .......... .......... .......... .......... 17% 8.09M 1s
[4.231s]    700K .......... .......... .......... .......... .......... 18% 10.3M 1s
[4.231s]    750K .......... .......... .......... .......... .......... 19%  295M 1s
[4.232s]    800K .......... .......... .......... .......... .......... 20% 39.7M 1s
[4.242s]    850K .......... .......... .......... .......... .......... 21% 4.94M 1s
[4.244s]    900K .......... .......... .......... .......... .......... 23% 21.4M 1s
[4.252s]    950K .......... .......... .......... .......... .......... 24% 6.52M 1s
[4.257s]   1000K .......... .......... .......... .......... .......... 25% 9.32M 1s
[4.257s]   1050K .......... .......... .......... .......... .......... 26%  314M 1s
[4.267s]   1100K .......... .......... .......... .......... .......... 28% 4.94M 1s
[4.271s]   1150K .......... .......... .......... .......... .......... 29% 26.0M 1s
[4.271s]   1200K .......... .......... .......... .......... .......... 30% 29.6M 1s
[4.271s]   1250K .......... .......... .......... .......... .......... 31%  258M 1s
[4.277s]   1300K .......... .......... .......... .......... .......... 32% 7.91M 1s
[4.278s]   1350K .......... .......... .......... .......... .......... 34% 37.0M 0s
[4.278s]   1400K .......... .......... .......... .......... .......... 35%  108M 0s
[4.284s]   1450K .......... .......... .......... .......... .......... 36% 8.87M 0s
[4.286s]   1500K .......... .......... .......... .......... .......... 37% 27.6M 0s
[4.288s]   1550K .......... .......... .......... .......... .......... 39%  343M 0s
[4.290s]   1600K .......... .......... .......... .......... .......... 40% 21.1M 0s
[4.291s]   1650K .......... .......... .......... .......... .......... 41% 21.2M 0s
[4.296s]   1700K .......... .......... .......... .......... .......... 42% 8.96M 0s
[4.300s]   1750K .......... .......... .......... .......... .......... 43% 12.7M 0s
[4.301s]   1800K .......... .......... .......... .......... .......... 45%  445M 0s
[4.303s]   1850K .......... .......... .......... .......... .......... 46% 17.3M 0s
[4.304s]   1900K .......... .......... .......... .......... .......... 47%  324M 0s
[4.307s]   1950K .......... .......... .......... .......... .......... 48% 25.7M 0s
[4.309s]   2000K .......... .......... .......... .......... .......... 50% 11.6M 0s
[4.313s]   2050K .......... .......... .......... .......... .......... 51% 11.0M 0s
[4.316s]   2100K .......... .......... .......... .......... .......... 52% 16.9M 0s
[4.318s]   2150K .......... .......... .......... .......... .......... 53% 29.1M 0s
[4.318s]   2200K .......... .......... .......... .......... .......... 54%  450M 0s
[4.323s]   2250K .......... .......... .......... .......... .......... 56% 21.4M 0s
[4.323s]   2300K .......... .......... .......... .......... .......... 57% 27.4M 0s
[4.324s]   2350K .......... .......... .......... .......... .......... 58%  342M 0s
[4.324s]   2400K .......... .......... .......... .......... .......... 59% 21.6M 0s
[4.328s]   2450K .......... .......... .......... .......... .......... 61% 16.5M 0s
[4.328s]   2500K .......... .......... .......... .......... .......... 62%  331M 0s
[4.331s]   2550K .......... .......... .......... .......... .......... 63% 14.8M 0s
[4.334s]   2600K .......... .......... .......... .......... .......... 64% 18.4M 0s
[4.334s]   2650K .......... .......... .......... .......... .......... 65%  325M 0s
[4.339s]   2700K .......... .......... .......... .......... .......... 67% 20.6M 0s
[4.339s]   2750K .......... .......... .......... .......... .......... 68% 21.1M 0s
[4.339s]   2800K .......... .......... .......... .......... .......... 69%  318M 0s
[4.341s]   2850K .......... .......... .......... .......... .......... 70% 23.7M 0s
[4.345s]   2900K .......... .......... .......... .......... .......... 72% 13.0M 0s
[4.345s]   2950K .......... .......... .......... .......... .......... 73%  332M 0s
[4.345s]   3000K .......... .......... .......... .......... .......... 74% 56.6M 0s
[4.348s]   3050K .......... .......... .......... .......... .......... 75% 23.2M 0s
[4.348s]   3100K .......... .......... .......... .......... .......... 76%  321M 0s
[4.350s]   3150K .......... .......... .......... .......... .......... 78% 20.8M 0s
[4.350s]   3200K .......... .......... .......... .......... .......... 79%  478M 0s
[4.353s]   3250K .......... .......... .......... .......... .......... 80% 14.8M 0s
[4.356s]   3300K .......... .......... .......... .......... .......... 81% 22.8M 0s
[4.359s]   3350K .......... .......... .......... .......... .......... 83% 13.7M 0s
[4.360s]   3400K .......... .......... .......... .......... .......... 84%  314M 0s
[4.363s]   3450K .......... .......... .......... .......... .......... 85% 13.7M 0s
[4.363s]   3500K .......... .......... .......... .......... .......... 86%  338M 0s
[4.366s]   3550K .......... .......... .......... .......... .......... 87% 19.1M 0s
[4.368s]   3600K .......... .......... .......... .......... .......... 89% 29.8M 0s
[4.369s]   3650K .......... .......... .......... .......... .......... 90% 23.3M 0s
[4.371s]   3700K .......... .......... .......... .......... .......... 91% 47.1M 0s
[4.374s]   3750K .......... .......... .......... .......... .......... 92% 13.4M 0s
[4.375s]   3800K .......... .......... .......... .......... .......... 93%  471M 0s
[4.378s]   3850K .......... .......... .......... .......... .......... 95% 14.0M 0s
[4.379s]   3900K .......... .......... .......... .......... .......... 96% 60.2M 0s
[4.379s]   3950K .......... .......... .......... .......... .......... 97%  295M 0s
[4.381s]   4000K .......... .......... .......... .......... .......... 98% 18.9M 0s
[4.381s]   4050K .......... .......... .......... .......... ......    100%  304M=0.4s
[4.383s] 
[4.383s] 2026-03-13 11:22:05 (11.3 MB/s) - ‘/home/dhruv/argo-test/build/multirobot_map_merge/map05.pgm’ saved [4194362/4194362]
[4.383s] 
[4.384s] Checking MD5 sum of /home/dhruv/argo-test/build/multirobot_map_merge/map05.pgm
[4.406s] /home/dhruv/argo-test/build/multirobot_map_merge/map05.pgm: OK
[4.425s] --2026-03-13 11:22:05--  https://raw.githubusercontent.com/hrnr/m-explore-extra/master/map_merge/gmapping_maps/2011-08-09-12-22-52.pgm
[4.590s] Resolving raw.githubusercontent.com (raw.githubusercontent.com)... 2606:50c0:8001::154, 2606:50c0:8003::154, 2606:50c0:8000::154, ...
[4.614s] Connecting to raw.githubusercontent.com (raw.githubusercontent.com)|2606:50c0:8001::154|:443... connected.
[4.923s] HTTP request sent, awaiting response... 200 OK
[4.923s] Length: 16000058 (15M) [application/octet-stream]
[4.923s] Saving to: ‘/home/dhruv/argo-test/build/multirobot_map_merge/2011-08-09-12-22-52.pgm’
[4.923s] 
[4.969s]      0K .......... .......... .......... .......... ..........  0% 1.04M 15s
[4.980s]     50K .......... .......... .......... .......... ..........  0% 4.31M 9s
[4.998s]    100K .......... .......... .......... .......... ..........  0% 2.72M 8s
[5.020s]    150K .......... .......... .......... .......... ..........  1% 2.22M 8s
[5.022s]    200K .......... .......... .......... .......... ..........  1% 17.6M 6s
[5.046s]    250K .......... .......... .......... .......... ..........  1% 2.30M 6s
[5.046s]    300K .......... .......... .......... .......... ..........  2% 23.4M 5s
[5.086s]    350K .......... .......... .......... .......... ..........  2% 7.20M 5s
[5.086s]    400K .......... .......... .......... .......... ..........  2% 2.82M 5s
[5.087s]    450K .......... .......... .......... .......... ..........  3% 27.0M 5s
[5.090s]    500K .......... .......... .......... .......... ..........  3% 19.5M 4s
[5.101s]    550K .......... .......... .......... .......... ..........  3% 3.66M 4s
[5.102s]    600K .......... .......... .......... .......... ..........  4% 6.47M 4s
[5.102s]    650K .......... .......... .......... .......... ..........  4% 30.2M 4s
[5.102s]    700K .......... .......... .......... .......... ..........  4%  333M 3s
[5.119s]    750K .......... .......... .......... .......... ..........  5% 2.86M 4s
[5.119s]    800K .......... .......... .......... .......... ..........  5% 11.0M 3s
[5.121s]    850K .......... .......... .......... .......... ..........  5% 17.7M 3s
[5.121s]    900K .......... .......... .......... .......... ..........  6%  307M 3s
[5.124s]    950K .......... .......... .......... .......... ..........  6% 19.4M 3s
[5.133s]   1000K .......... .......... .......... .......... ..........  6% 5.12M 3s
[5.141s]   1050K .......... .......... .......... .......... ..........  7% 6.68M 3s
[5.145s]   1100K .......... .......... .......... .......... ..........  7% 11.2M 3s
[5.154s]   1150K .......... .......... .......... .......... ..........  7% 5.64M 3s
[5.157s]   1200K .......... .......... .......... .......... ..........  7% 17.3M 3s
[5.165s]   1250K .......... .......... .......... .......... ..........  8% 5.73M 3s
[5.165s]   1300K .......... .......... .......... .......... ..........  8%  315M 3s
[5.166s]   1350K .......... .......... .......... .......... ..........  8%  492M 2s
[5.170s]   1400K .......... .......... .......... .......... ..........  9% 10.1M 2s
[5.170s]   1450K .......... .......... .......... .......... ..........  9%  434M 2s
[5.174s]   1500K .......... .......... .......... .......... ..........  9% 14.8M 2s
[5.174s]   1550K .......... .......... .......... .......... .......... 10%  145M 2s
[5.181s]   1600K .......... .......... .......... .......... .......... 10% 6.75M 2s
[5.181s]   1650K .......... .......... .......... .......... .......... 10%  447M 2s
[5.183s]   1700K .......... .......... .......... .......... .......... 11% 30.0M 2s
[5.192s]   1750K .......... .......... .......... .......... .......... 11% 6.47M 2s
[5.192s]   1800K .......... .......... .......... .......... .......... 11% 38.6M 2s
[5.194s]   1850K .......... .......... .......... .......... .......... 12% 20.9M 2s
[5.197s]   1900K .......... .......... .......... .......... .......... 12% 19.8M 2s
[5.202s]   1950K .......... .......... .......... .......... .......... 12% 29.5M 2s
[5.202s]   2000K .......... .......... .......... .......... .......... 13% 13.6M 2s
[5.202s]   2050K .......... .......... .......... .......... .......... 13%  500M 2s
[5.208s]   2100K .......... .......... .......... .......... .......... 13% 9.39M 2s
[5.209s]   2150K .......... .......... .......... .......... .......... 14% 33.8M 2s
[5.217s]   2200K .......... .......... .......... .......... .......... 14%  144M 2s
[5.217s]   2250K .......... .......... .......... .......... .......... 14% 7.01M 2s
[5.219s]   2300K .......... .......... .......... .......... .......... 15% 13.8M 2s
[5.224s]   2350K .......... .......... .......... .......... .......... 15% 32.1M 2s
[5.224s]   2400K .......... .......... .......... .......... .......... 15% 24.1M 2s
[5.224s]   2450K .......... .......... .......... .......... .......... 15%  460M 2s
[5.224s]   2500K .......... .......... .......... .......... .......... 16%  464M 2s
[5.231s]   2550K .......... .......... .......... .......... .......... 16% 27.4M 2s
[5.231s]   2600K .......... .......... .......... .......... .......... 16% 25.4M 1s
[5.231s]   2650K .......... .......... .......... .......... .......... 17% 20.2M 1s
[5.232s]   2700K .......... .......... .......... .......... .......... 17%  334M 1s
[5.232s]   2750K .......... .......... .......... .......... .......... 17% 16.9M 1s
[5.232s]   2800K .......... .......... .......... .......... .......... 18%  431M 1s
[5.235s]   2850K .......... .......... .......... .......... .......... 18% 18.0M 1s
[5.240s]   2900K .......... .......... .......... .......... .......... 18% 18.8M 1s
[5.240s]   2950K .......... .......... .......... .......... .......... 19%  323M 1s
[5.240s]   3000K .......... .......... .......... .......... .......... 19% 20.5M 1s
[5.242s]   3050K .......... .......... .......... .......... .......... 19% 29.4M 1s
[5.251s]   3100K .......... .......... .......... .......... .......... 20% 5.62M 1s
[5.251s]   3150K .......... .......... .......... .......... .......... 20%  396M 1s
[5.253s]   3200K .......... .......... .......... .......... .......... 20% 30.8M 1s
[5.255s]   3250K .......... .......... .......... .......... .......... 21% 16.9M 1s
[5.257s]   3300K .......... .......... .......... .......... .......... 21% 29.9M 1s
[5.257s]   3350K .......... .......... .......... .......... .......... 21%  508M 1s
[5.266s]   3400K .......... .......... .......... .......... .......... 22% 10.4M 1s
[5.266s]   3450K .......... .......... .......... .......... .......... 22% 17.9M 1s
[5.267s]   3500K .......... .......... .......... .......... .......... 22% 23.1M 1s
[5.273s]   3550K .......... .......... .......... .......... .......... 23% 19.4M 1s
[5.273s]   3600K .......... .......... .......... .......... .......... 23%  136M 1s
[5.275s]   3650K .......... .......... .......... .......... .......... 23% 9.60M 1s
[5.275s]   3700K .......... .......... .......... .......... .......... 23%  305M 1s
[5.275s]   3750K .......... .......... .......... .......... .......... 24%  460M 1s
[5.276s]   3800K .......... .......... .......... .......... .......... 24% 97.8M 1s
[5.279s]   3850K .......... .......... .......... .......... .......... 24% 24.5M 1s
[5.282s]   3900K .......... .......... .......... .......... .......... 25% 20.7M 1s
[5.282s]   3950K .......... .......... .......... .......... .......... 25% 19.6M 1s
[5.282s]   4000K .......... .......... .......... .......... .......... 25%  546M 1s
[5.285s]   4050K .......... .......... .......... .......... .......... 26% 25.5M 1s
[5.285s]   4100K .......... .......... .......... .......... .......... 26% 46.3M 1s
[5.290s]   4150K .......... .......... .......... .......... .......... 26% 10.3M 1s
[5.291s]   4200K .......... .......... .......... .......... .......... 27% 38.7M 1s
[5.291s]   4250K .......... .......... .......... .......... .......... 27%  353M 1s
[5.297s]   4300K .......... .......... .......... .......... .......... 27% 8.69M 1s
[5.298s]   4350K .......... .......... .......... .......... .......... 28% 52.1M 1s
[5.298s]   4400K .......... .......... .......... .......... .......... 28%  372M 1s
[5.301s]   4450K .......... .......... .......... .......... .......... 28% 14.1M 1s
[5.303s]   4500K .......... .......... .......... .......... .......... 29% 22.3M 1s
[5.343s]   4550K .......... .......... .......... .......... .......... 29%  481M 1s
[5.344s]   4600K .......... .......... .......... .......... .......... 29% 1.22M 1s
[5.344s]   4650K .......... .......... .......... .......... .......... 30%  281M 1s
[5.347s]   4700K .......... .......... .......... .......... .......... 30% 19.8M 1s
[5.347s]   4750K .......... .......... .......... .......... .......... 30%  418M 1s
[5.347s]   4800K .......... .......... .......... .......... .......... 31%  477M 1s
[5.347s]   4850K .......... .......... .......... .......... .......... 31%  455M 1s
[5.348s]   4900K .......... .......... .......... .......... .......... 31% 71.7M 1s
[5.351s]   4950K .......... .......... .......... .......... .......... 31% 20.7M 1s
[5.351s]   5000K .......... .......... .......... .......... .......... 32%  300M 1s
[5.351s]   5050K .......... .......... .......... .......... .......... 32%  490M 1s
[5.351s]   5100K .......... .......... .......... .......... .......... 32%  472M 1s
[5.351s]   5150K .......... .......... .......... .......... .......... 33%  495M 1s
[5.362s]   5200K .......... .......... .......... .......... .......... 33% 3.99M 1s
[5.371s]   5250K .......... .......... .......... .......... .......... 33% 5.63M 1s
[5.376s]   5300K .......... .......... .......... .......... .......... 34% 27.4M 1s
[5.377s]   5350K .......... .......... .......... .......... .......... 34% 43.3M 1s
[5.377s]   5400K .......... .......... .......... .......... .......... 34%  269M 1s
[5.377s]   5450K .......... .......... .......... .......... .......... 35%  348M 1s
[5.377s]   5500K .......... .......... .......... .......... .......... 35%  299M 1s
[5.377s]   5550K .......... .......... .......... .......... .......... 35%  319M 1s
[5.380s]   5600K .......... .......... .......... .......... .......... 36% 23.7M 1s
[5.380s]   5650K .......... .......... .......... .......... .......... 36% 47.0M 1s
[5.380s]   5700K .......... .......... .......... .......... .......... 36%  446M 1s
[5.380s]   5750K .......... .......... .......... .......... .......... 37%  388M 1s
[5.380s]   5800K .......... .......... .......... .......... .......... 37%  478M 1s
[5.380s]   5850K .......... .......... .......... .......... .......... 37%  417M 1s
[5.381s]   5900K .......... .......... .......... .......... .......... 38%  499M 1s
[5.381s]   5950K .......... .......... .......... .......... .......... 38%  478M 1s
[5.381s]   6000K .......... .......... .......... .......... .......... 38%  470M 1s
[5.381s]   6050K .......... .......... .......... .......... .......... 39% 26.1M 1s
[5.384s]   6100K .......... .......... .......... .......... .......... 39% 34.5M 1s
[5.384s]   6150K .......... .......... .......... .......... .......... 39%  326M 1s
[5.384s]   6200K .......... .......... .......... .......... .......... 39%  466M 1s
[5.384s]   6250K .......... .......... .......... .......... .......... 40%  429M 1s
[5.385s]   6300K .......... .......... .......... .......... .......... 40%  409M 1s
[5.385s]   6350K .......... .......... .......... .......... .......... 40%  483M 1s
[5.385s]   6400K .......... .......... .......... .......... .......... 41% 39.6M 1s
[5.385s]   6450K .......... .......... .......... .......... .......... 41%  278M 1s
[5.386s]   6500K .......... .......... .......... .......... .......... 41% 25.3M 1s
[5.386s]   6550K .......... .......... .......... .......... .......... 42%  213M 1s
[5.391s]   6600K .......... .......... .......... .......... .......... 42% 16.9M 1s
[5.392s]   6650K .......... .......... .......... .......... .......... 42% 16.9M 1s
[5.392s]   6700K .......... .......... .......... .......... .......... 43%  372M 1s
[5.394s]   6750K .......... .......... .......... .......... .......... 43% 26.0M 1s
[5.396s]   6800K .......... .......... .......... .......... .......... 43% 18.8M 1s
[5.396s]   6850K .......... .......... .......... .......... .......... 44%  401M 1s
[5.401s]   6900K .......... .......... .......... .......... .......... 44% 13.1M 1s
[5.401s]   6950K .......... .......... .......... .......... .......... 44%  441M 1s
[5.403s]   7000K .......... .......... .......... .......... .......... 45% 23.2M 1s
[5.407s]   7050K .......... .......... .......... .......... .......... 45% 11.2M 1s
[5.409s]   7100K .......... .......... .......... .......... .......... 45% 45.3M 1s
[5.409s]   7150K .......... .......... .......... .......... .......... 46% 50.8M 1s
[5.411s]   7200K .......... .......... .......... .......... .......... 46% 29.6M 1s
[5.414s]   7250K .......... .......... .......... .......... .......... 46% 15.3M 1s
[5.414s]   7300K .......... .......... .......... .......... .......... 47%  371M 1s
[5.456s]   7350K .......... .......... .......... .......... .......... 47% 1.27M 1s
[5.457s]   7400K .......... .......... .......... .......... .......... 47% 24.6M 1s
[5.457s]   7450K .......... .......... .......... .......... .......... 47% 31.2M 1s
[5.460s]   7500K .......... .......... .......... .......... .......... 48% 12.4M 1s
[5.460s]   7550K .......... .......... .......... .......... .......... 48%  377M 1s
[5.462s]   7600K .......... .......... .......... .......... .......... 48%  357M 1s
[5.490s]   7650K .......... .......... .......... .......... .......... 49% 1.67M 1s
[5.496s]   7700K .......... .......... .......... .......... .......... 49% 22.8M 1s
[5.497s]   7750K .......... .......... .......... .......... .......... 49%  439M 1s
[5.497s]   7800K .......... .......... .......... .......... .......... 50%  488M 1s
[5.497s]   7850K .......... .......... .......... .......... .......... 50%  448M 1s
[5.497s]   7900K .......... .......... .......... .......... .......... 50%  444M 1s
[5.497s]   7950K .......... .......... .......... .......... .......... 51%  492M 1s
[5.497s]   8000K .......... .......... .......... .......... .......... 51%  418M 1s
[5.497s]   8050K .......... .......... .......... .......... .......... 51%  489M 1s
[5.497s]   8100K .......... .......... .......... .......... .......... 52%  493M 1s
[5.497s]   8150K .......... .......... .......... .......... .......... 52%  493M 1s
[5.502s]   8200K .......... .......... .......... .......... .......... 52% 5.61M 1s
[5.504s]   8250K .......... .......... .......... .......... .......... 53%  387M 1s
[5.504s]   8300K .......... .......... .......... .......... .......... 53%  441M 1s
[5.504s]   8350K .......... .......... .......... .......... .......... 53%  513M 0s
[5.504s]   8400K .......... .......... .......... .......... .......... 54%  463M 0s
[5.504s]   8450K .......... .......... .......... .......... .......... 54%  513M 0s
[5.505s]   8500K .......... .......... .......... .......... .......... 54%  198M 0s
[5.505s]   8550K .......... .......... .......... .......... .......... 55% 50.2M 0s
[5.508s]   8600K .......... .......... .......... .......... .......... 55% 53.2M 0s
[5.508s]   8650K .......... .......... .......... .......... .......... 55% 20.7M 0s
[5.512s]   8700K .......... .......... .......... .......... .......... 55% 8.91M 0s
[5.512s]   8750K .......... .......... .......... .......... .......... 56% 90.2M 0s
[5.512s]   8800K .......... .......... .......... .......... .......... 56%  488M 0s
[5.513s]   8850K .......... .......... .......... .......... .......... 56%  491M 0s
[5.513s]   8900K .......... .......... .......... .......... .......... 57%  477M 0s
[5.513s]   8950K .......... .......... .......... .......... .......... 57%  375M 0s
[5.515s]   9000K .......... .......... .......... .......... .......... 57% 20.7M 0s
[5.522s]   9050K .......... .......... .......... .......... .......... 58% 8.54M 0s
[5.522s]   9100K .......... .......... .......... .......... .......... 58%  421M 0s
[5.523s]   9150K .......... .......... .......... .......... .......... 58%  453M 0s
[5.523s]   9200K .......... .......... .......... .......... .......... 59%  498M 0s
[5.523s]   9250K .......... .......... .......... .......... .......... 59%  516M 0s
[5.523s]   9300K .......... .......... .......... .......... .......... 59%  506M 0s
[5.523s]   9350K .......... .......... .......... .......... .......... 60%  331M 0s
[5.523s]   9400K .......... .......... .......... .......... .......... 60%  491M 0s
[5.523s]   9450K .......... .......... .......... .......... .......... 60%  492M 0s
[5.526s]   9500K .......... .......... .......... .......... .......... 61% 11.3M 0s
[5.526s]   9550K .......... .......... .......... .......... .......... 61%  307M 0s
[5.526s]   9600K .......... .......... .......... .......... .......... 61%  508M 0s
[5.526s]   9650K .......... .......... .......... .......... .......... 62%  495M 0s
[5.533s]   9700K .......... .......... .......... .......... .......... 62% 10.9M 0s
[5.534s]   9750K .......... .......... .......... .......... .......... 62%  413M 0s
[5.534s]   9800K .......... .......... .......... .......... .......... 63%  113M 0s
[5.535s]   9850K .......... .......... .......... .......... .......... 63% 38.3M 0s
[5.535s]   9900K .......... .......... .......... .......... .......... 63% 25.0M 0s
[5.535s]   9950K .......... .......... .......... .......... .......... 63%  460M 0s
[5.535s]  10000K .......... .......... .......... .......... .......... 64%  468M 0s
[5.535s]  10050K .......... .......... .......... .......... .......... 64%  530M 0s
[5.546s]  10100K .......... .......... .......... .......... .......... 64% 4.85M 0s
[5.547s]  10150K .......... .......... .......... .......... .......... 65%  299M 0s
[5.547s]  10200K .......... .......... .......... .......... .......... 65%  347M 0s
[5.550s]  10250K .......... .......... .......... .......... .......... 65% 10.8M 0s
[5.550s]  10300K .......... .......... .......... .......... .......... 66%  361M 0s
[5.550s]  10350K .......... .......... .......... .......... .......... 66%  474M 0s
[5.550s]  10400K .......... .......... .......... .......... .......... 66%  498M 0s
[5.558s]  10450K .......... .......... .......... .......... .......... 67% 9.68M 0s
[5.558s]  10500K .......... .......... .......... .......... .......... 67% 21.5M 0s
[5.558s]  10550K .......... .......... .......... .......... .......... 67%  351M 0s
[5.563s]  10600K .......... .......... .......... .......... .......... 68% 11.6M 0s
[5.563s]  10650K .......... .......... .......... .......... .......... 68% 71.1M 0s
[5.564s]  10700K .......... .......... .......... .......... .......... 68% 36.2M 0s
[5.564s]  10750K .......... .......... .......... .......... .......... 69%  430M 0s
[5.564s]  10800K .......... .......... .......... .......... .......... 69%  153M 0s
[5.571s]  10850K .......... .......... .......... .......... .......... 69% 10.1M 0s
[5.571s]  10900K .......... .......... .......... .......... .......... 70%  436M 0s
[5.571s]  10950K .......... .......... .......... .......... .......... 70%  501M 0s
[5.571s]  11000K .......... .......... .......... .......... .......... 70%  526M 0s
[5.571s]  11050K .......... .......... .......... .......... .......... 71%  401M 0s
[5.571s]  11100K .......... .......... .......... .......... .......... 71%  487M 0s
[5.571s]  11150K .......... .......... .......... .......... .......... 71%  517M 0s
[5.572s]  11200K .......... .......... .......... .......... .......... 71%  136M 0s
[5.576s]  11250K .......... .......... .......... .......... .......... 72% 8.20M 0s
[5.576s]  11300K .......... .......... .......... .......... .......... 72%  311M 0s
[5.612s]  11350K .......... .......... .......... .......... .......... 72% 1.36M 0s
[5.612s]  11400K .......... .......... .......... .......... .......... 73%  317M 0s
[5.612s]  11450K .......... .......... .......... .......... .......... 73%  449M 0s
[5.613s]  11500K .......... .......... .......... .......... .......... 73%  452M 0s
[5.613s]  11550K .......... .......... .......... .......... .......... 74%  368M 0s
[5.613s]  11600K .......... .......... .......... .......... .......... 74%  452M 0s
[5.613s]  11650K .......... .......... .......... .......... .......... 74%  464M 0s
[5.613s]  11700K .......... .......... .......... .......... .......... 75%  467M 0s
[5.620s]  11750K .......... .......... .......... .......... .......... 75% 9.11M 0s
[5.621s]  11800K .......... .......... .......... .......... .......... 75% 73.8M 0s
[5.622s]  11850K .......... .......... .......... .......... .......... 76% 31.4M 0s
[5.629s]  11900K .......... .......... .......... .......... .......... 76% 5.52M 0s
[5.629s]  11950K .......... .......... .......... .......... .......... 76%  259M 0s
[5.629s]  12000K .......... .......... .......... .......... .......... 77%  443M 0s
[5.630s]  12050K .......... .......... .......... .......... .......... 77%  435M 0s
[5.630s]  12100K .......... .......... .......... .......... .......... 77%  481M 0s
[5.665s]  12150K .......... .......... .......... .......... .......... 78% 1.43M 0s
[5.665s]  12200K .......... .......... .......... .......... .......... 78%  443M 0s
[5.666s]  12250K .......... .......... .......... .......... .......... 78%  363M 0s
[5.666s]  12300K .......... .......... .......... .......... .......... 79%  242M 0s
[5.666s]  12350K .......... .......... .......... .......... .......... 79%  450M 0s
[5.666s]  12400K .......... .......... .......... .......... .......... 79%  478M 0s
[5.667s]  12450K .......... .......... .......... .......... .......... 79%  460M 0s
[5.667s]  12500K .......... .......... .......... .......... .......... 80%  469M 0s
[5.667s]  12550K .......... .......... .......... .......... .......... 80%  350M 0s
[5.667s]  12600K .......... .......... .......... .......... .......... 80%  436M 0s
[5.667s]  12650K .......... .......... .......... .......... .......... 81%  425M 0s
[5.667s]  12700K .......... .......... .......... .......... .......... 81%  462M 0s
[5.667s]  12750K .......... .......... .......... .......... .......... 81%  457M 0s
[5.668s]  12800K .......... .......... .......... .......... .......... 82%  367M 0s
[5.679s]  12850K .......... .......... .......... .......... .......... 82% 3.59M 0s
[5.679s]  12900K .......... .......... .......... .......... .......... 82% 70.8M 0s
[5.680s]  12950K .......... .......... .......... .......... .......... 83% 86.7M 0s
[5.680s]  13000K .......... .......... .......... .......... .......... 83%  458M 0s
[5.680s]  13050K .......... .......... .......... .......... .......... 83%  341M 0s
[5.704s]  13100K .......... .......... .......... .......... .......... 84% 2.25M 0s
[5.705s]  13150K .......... .......... .......... .......... .......... 84% 27.7M 0s
[5.708s]  13200K .......... .......... .......... .......... .......... 84% 16.4M 0s
[5.716s]  13250K .......... .......... .......... .......... .......... 85% 5.79M 0s
[5.717s]  13300K .......... .......... .......... .......... .......... 85% 28.8M 0s
[5.717s]  13350K .......... .......... .......... .......... .......... 85%  349M 0s
[5.717s]  13400K .......... .......... .......... .......... .......... 86%  440M 0s
[5.717s]  13450K .......... .......... .......... .......... .......... 86%  327M 0s
[5.717s]  13500K .......... .......... .......... .......... .......... 86%  476M 0s
[5.725s]  13550K .......... .......... .......... .......... .......... 87% 5.93M 0s
[5.729s]  13600K .......... .......... .......... .......... .......... 87% 15.0M 0s
[5.732s]  13650K .......... .......... .......... .......... .......... 87% 18.6M 0s
[5.737s]  13700K .......... .......... .......... .......... .......... 87% 9.20M 0s
[5.740s]  13750K .......... .......... .......... .......... .......... 88% 17.0M 0s
[5.745s]  13800K .......... .......... .......... .......... .......... 88% 9.24M 0s
[5.746s]  13850K .......... .......... .......... .......... .......... 88% 50.1M 0s
[5.747s]  13900K .......... .......... .......... .......... .......... 89% 42.5M 0s
[5.751s]  13950K .......... .......... .......... .......... .......... 89% 13.3M 0s
[5.777s]  14000K .......... .......... .......... .......... .......... 89% 1.90M 0s
[5.777s]  14050K .......... .......... .......... .......... .......... 90%  415M 0s
[5.777s]  14100K .......... .......... .......... .......... .......... 90%  448M 0s
[5.777s]  14150K .......... .......... .......... .......... .......... 90%  454M 0s
[5.799s]  14200K .......... .......... .......... .......... .......... 91% 2.22M 0s
[5.799s]  14250K .......... .......... .......... .......... .......... 91%  163M 0s
[5.799s]  14300K .......... .......... .......... .......... .......... 91%  424M 0s
[5.799s]  14350K .......... .......... .......... .......... .......... 92%  449M 0s
[5.808s]  14400K .......... .......... .......... .......... .......... 92% 5.73M 0s
[5.808s]  14450K .......... .......... .......... .......... .......... 92% 69.1M 0s
[5.810s]  14500K .......... .......... .......... .......... .......... 93% 53.6M 0s
[5.810s]  14550K .......... .......... .......... .......... .......... 93%  415M 0s
[5.810s]  14600K .......... .......... .......... .......... .......... 93%  338M 0s
[5.830s]  14650K .......... .......... .......... .......... .......... 94% 2.49M 0s
[5.832s]  14700K .......... .......... .......... .......... .......... 94%  280M 0s
[5.832s]  14750K .......... .......... .......... .......... .......... 94%  417M 0s
[5.832s]  14800K .......... .......... .......... .......... .......... 95%  487M 0s
[5.832s]  14850K .......... .......... .......... .......... .......... 95%  152M 0s
[5.833s]  14900K .......... .......... .......... .......... .......... 95% 87.5M 0s
[5.833s]  14950K .......... .......... .......... .......... .......... 95% 18.4M 0s
[5.843s]  15000K .......... .......... .......... .......... .......... 96% 5.51M 0s
[5.873s]  15050K .......... .......... .......... .......... .......... 96% 1.63M 0s
[5.873s]  15100K .......... .......... .......... .......... .......... 96%  220M 0s
[5.876s]  15150K .......... .......... .......... .......... .......... 97% 53.2M 0s
[5.876s]  15200K .......... .......... .......... .......... .......... 97% 76.9M 0s
[5.899s]  15250K .......... .......... .......... .......... .......... 97% 2.30M 0s
[5.899s]  15300K .......... .......... .......... .......... .......... 98% 31.8M 0s
[5.899s]  15350K .......... .......... .......... .......... .......... 98%  204M 0s
[5.899s]  15400K .......... .......... .......... .......... .......... 98%  434M 0s
[5.968s]  15450K .......... .......... .......... .......... .......... 99%  751K 0s
[5.968s]  15500K .......... .......... .......... .......... .......... 99%  174M 0s
[5.968s]  15550K .......... .......... .......... .......... .......... 99%  459M 0s
[5.968s]  15600K .......... .......... .....                           100%  607M=1.0s
[5.968s] 
[5.969s] 2026-03-13 11:22:06 (14.6 MB/s) - ‘/home/dhruv/argo-test/build/multirobot_map_merge/2011-08-09-12-22-52.pgm’ saved [16000058/16000058]
[5.969s] 
[5.985s] Checking MD5 sum of /home/dhruv/argo-test/build/multirobot_map_merge/2011-08-09-12-22-52.pgm
[6.145s] /home/dhruv/argo-test/build/multirobot_map_merge/2011-08-09-12-22-52.pgm: OK
[6.193s] --2026-03-13 11:22:07--  https://raw.githubusercontent.com/hrnr/m-explore-extra/master/map_merge/gmapping_maps/2012-01-28-11-12-01.pgm
[6.407s] Resolving raw.githubusercontent.com (raw.githubusercontent.com)... 2606:50c0:8000::154, 2606:50c0:8001::154, 2606:50c0:8002::154, ...
[6.434s] Connecting to raw.githubusercontent.com (raw.githubusercontent.com)|2606:50c0:8000::154|:443... connected.
[6.739s] HTTP request sent, awaiting response... 200 OK
[6.739s] Length: 16000058 (15M) [application/octet-stream]
[6.739s] Saving to: ‘/home/dhruv/argo-test/build/multirobot_map_merge/2012-01-28-11-12-01.pgm’
[6.739s] 
[6.799s]      0K .......... .......... .......... .......... ..........  0%  865K 18s
[6.809s]     50K .......... .......... .......... .......... ..........  0% 3.86M 11s
[6.835s]    100K .......... .......... .......... .......... ..........  0% 1.94M 10s
[6.857s]    150K .......... .......... .......... .......... ..........  1% 2.16M 9s
[6.867s]    200K .......... .......... .......... .......... ..........  1% 4.99M 8s
[6.874s]    250K .......... .......... .......... .......... ..........  1% 12.0M 7s
[6.893s]    300K .......... .......... .......... .......... ..........  2% 2.27M 7s
[6.905s]    350K .......... .......... .......... .......... ..........  2% 4.81M 6s
[6.906s]    400K .......... .......... .......... .......... ..........  2% 16.9M 6s
[6.925s]    450K .......... .......... .......... .......... ..........  3% 2.55M 6s
[6.928s]    500K .......... .......... .......... .......... ..........  3% 57.3M 5s
[6.929s]    550K .......... .......... .......... .......... ..........  3% 17.8M 5s
[6.936s]    600K .......... .......... .......... .......... ..........  4% 6.44M 5s
[6.950s]    650K .......... .......... .......... .......... ..........  4% 3.59M 4s
[6.959s]    700K .......... .......... .......... .......... ..........  4% 6.08M 4s
[6.959s]    750K .......... .......... .......... .......... ..........  5%  105M 4s
[6.963s]    800K .......... .......... .......... .......... ..........  5% 11.0M 4s
[6.976s]    850K .......... .......... .......... .......... ..........  5% 3.54M 4s
[6.986s]    900K .......... .......... .......... .......... ..........  6% 5.20M 4s
[6.991s]    950K .......... .......... .......... .......... ..........  6% 12.8M 4s
[6.991s]   1000K .......... .......... .......... .......... ..........  6%  383M 3s
[6.997s]   1050K .......... .......... .......... .......... ..........  7% 17.1M 3s
[7.002s]   1100K .......... .......... .......... .......... ..........  7% 11.2M 3s
[7.002s]   1150K .......... .......... .......... .......... ..........  7%  266M 3s
[7.002s]   1200K .......... .......... .......... .......... ..........  7%  449M 3s
[7.016s]   1250K .......... .......... .......... .......... ..........  8% 3.40M 3s
[7.016s]   1300K .......... .......... .......... .......... ..........  8% 11.4M 3s
[7.027s]   1350K .......... .......... .......... .......... ..........  8% 4.53M 3s
[7.027s]   1400K .......... .......... .......... .......... ..........  9%  272M 3s
[7.028s]   1450K .......... .......... .......... .......... ..........  9%  283M 3s
[7.047s]   1500K .......... .......... .......... .......... ..........  9% 2.66M 3s
[7.047s]   1550K .......... .......... .......... .......... .......... 10%  265M 3s
[7.047s]   1600K .......... .......... .......... .......... .......... 10%  440M 3s
[7.047s]   1650K .......... .......... .......... .......... .......... 10%  482M 3s
[7.050s]   1700K .......... .......... .......... .......... .......... 11% 12.4M 2s
[7.059s]   1750K .......... .......... .......... .......... .......... 11% 5.27M 2s
[7.059s]   1800K .......... .......... .......... .......... .......... 11%  280M 2s
[7.063s]   1850K .......... .......... .......... .......... .......... 12% 13.7M 2s
[7.070s]   1900K .......... .......... .......... .......... .......... 12% 7.61M 2s
[7.070s]   1950K .......... .......... .......... .......... .......... 12%  431M 2s
[7.070s]   2000K .......... .......... .......... .......... .......... 13%  480M 2s
[7.070s]   2050K .......... .......... .......... .......... .......... 13%  457M 2s
[7.081s]   2100K .......... .......... .......... .......... .......... 13% 4.37M 2s
[7.081s]   2150K .......... .......... .......... .......... .......... 14%  306M 2s
[7.081s]   2200K .......... .......... .......... .......... .......... 14%  465M 2s
[7.085s]   2250K .......... .......... .......... .......... .......... 14%  354M 2s
[7.091s]   2300K .......... .......... .......... .......... .......... 15% 45.1M 2s
[7.091s]   2350K .......... .......... .......... .......... .......... 15%  378M 2s
[7.093s]   2400K .......... .......... .......... .......... .......... 15% 4.75M 2s
[7.094s]   2450K .......... .......... .......... .......... .......... 15% 24.6M 2s
[7.103s]   2500K .......... .......... .......... .......... .......... 16% 6.89M 2s
[7.103s]   2550K .......... .......... .......... .......... .......... 16%  297M 2s
[7.103s]   2600K .......... .......... .......... .......... .......... 16%  429M 2s
[7.104s]   2650K .......... .......... .......... .......... .......... 17% 19.9M 2s
[7.105s]   2700K .......... .......... .......... .......... .......... 17%  431M 2s
[7.115s]   2750K .......... .......... .......... .......... .......... 17% 4.80M 2s
[7.115s]   2800K .......... .......... .......... .......... .......... 18%  186M 2s
[7.116s]   2850K .......... .......... .......... .......... .......... 18%  425M 2s
[7.116s]   2900K .......... .......... .......... .......... .......... 18%  472M 2s
[7.116s]   2950K .......... .......... .......... .......... .......... 19% 40.9M 2s
[7.128s]   3000K .......... .......... .......... .......... .......... 19% 5.87M 2s
[7.128s]   3050K .......... .......... .......... .......... .......... 19%  306M 2s
[7.128s]   3100K .......... .......... .......... .......... .......... 20% 47.3M 2s
[7.129s]   3150K .......... .......... .......... .......... .......... 20% 16.8M 2s
[7.138s]   3200K .......... .......... .......... .......... .......... 20% 5.19M 2s
[7.139s]   3250K .......... .......... .......... .......... .......... 21%  277M 1s
[7.139s]   3300K .......... .......... .......... .......... .......... 21%  436M 1s
[7.147s]   3350K .......... .......... .......... .......... .......... 21% 14.2M 1s
[7.147s]   3400K .......... .......... .......... .......... .......... 22%  179M 1s
[7.150s]   3450K .......... .......... .......... .......... .......... 22% 6.16M 1s
[7.150s]   3500K .......... .......... .......... .......... .......... 22%  221M 1s
[7.151s]   3550K .......... .......... .......... .......... .......... 23% 42.0M 1s
[7.151s]   3600K .......... .......... .......... .......... .......... 23%  326M 1s
[7.160s]   3650K .......... .......... .......... .......... .......... 23% 6.77M 1s
[7.160s]   3700K .......... .......... .......... .......... .......... 23%  414M 1s
[7.160s]   3750K .......... .......... .......... .......... .......... 24%  429M 1s
[7.160s]   3800K .......... .......... .......... .......... .......... 24% 47.4M 1s
[7.162s]   3850K .......... .......... .......... .......... .......... 24% 29.7M 1s
[7.162s]   3900K .......... .......... .......... .......... .......... 25%  349M 1s
[7.168s]   3950K .......... .......... .......... .......... .......... 25% 8.42M 1s
[7.168s]   4000K .......... .......... .......... .......... .......... 25%  357M 1s
[7.168s]   4050K .......... .......... .......... .......... .......... 26%  480M 1s
[7.169s]   4100K .......... .......... .......... .......... .......... 26% 29.1M 1s
[7.174s]   4150K .......... .......... .......... .......... .......... 26% 11.2M 1s
[7.175s]   4200K .......... .......... .......... .......... .......... 27%  300M 1s
[7.213s]   4250K .......... .......... .......... .......... .......... 27% 1.24M 1s
[7.214s]   4300K .......... .......... .......... .......... .......... 27% 67.7M 1s
[7.214s]   4350K .......... .......... .......... .......... .......... 28%  449M 1s
[7.215s]   4400K .......... .......... .......... .......... .......... 28%  383M 1s
[7.215s]   4450K .......... .......... .......... .......... .......... 28%  509M 1s
[7.218s]   4500K .......... .......... .......... .......... .......... 29% 16.9M 1s
[7.218s]   4550K .......... .......... .......... .......... .......... 29%  387M 1s
[7.218s]   4600K .......... .......... .......... .......... .......... 29%  482M 1s
[7.218s]   4650K .......... .......... .......... .......... .......... 30%  485M 1s
[7.218s]   4700K .......... .......... .......... .......... .......... 30%  511M 1s
[7.219s]   4750K .......... .......... .......... .......... .......... 30%  364M 1s
[7.222s]   4800K .......... .......... .......... .......... .......... 31%  512M 1s
[7.222s]   4850K .......... .......... .......... .......... .......... 31% 23.4M 1s
[7.223s]   4900K .......... .......... .......... .......... .......... 31%  482M 1s
[7.223s]   4950K .......... .......... .......... .......... .......... 31%  528M 1s
[7.223s]   5000K .......... .......... .......... .......... .......... 32%  374M 1s
[7.223s]   5050K .......... .......... .......... .......... .......... 32%  480M 1s
[7.224s]   5100K .......... .......... .......... .......... .......... 32% 17.0M 1s
[7.224s]   5150K .......... .......... .......... .......... .......... 33%  287M 1s
[7.224s]   5200K .......... .......... .......... .......... .......... 33%  454M 1s
[7.224s]   5250K .......... .......... .......... .......... .......... 33%  381M 1s
[7.224s]   5300K .......... .......... .......... .......... .......... 34%  499M 1s
[7.224s]   5350K .......... .......... .......... .......... .......... 34%  490M 1s
[7.225s]   5400K .......... .......... .......... .......... .......... 34%  523M 1s
[7.225s]   5450K .......... .......... .......... .......... .......... 35%  510M 1s
[7.225s]   5500K .......... .......... .......... .......... .......... 35%  494M 1s
[7.234s]   5550K .......... .......... .......... .......... .......... 35% 4.74M 1s
[7.246s]   5600K .......... .......... .......... .......... .......... 36% 4.46M 1s
[7.250s]   5650K .......... .......... .......... .......... .......... 36% 17.4M 1s
[7.250s]   5700K .......... .......... .......... .......... .......... 36% 27.8M 1s
[7.251s]   5750K .......... .......... .......... .......... .......... 37% 63.0M 1s
[7.255s]   5800K .......... .......... .......... .......... .......... 37% 18.2M 1s
[7.255s]   5850K .......... .......... .......... .......... .......... 37% 30.5M 1s
[7.255s]   5900K .......... .......... .......... .......... .......... 38%  491M 1s
[7.258s]   5950K .......... .......... .......... .......... .......... 38% 19.3M 1s
[7.260s]   6000K .......... .......... .......... .......... .......... 38% 23.3M 1s
[7.260s]   6050K .......... .......... .......... .......... .......... 39%  448M 1s
[7.262s]   6100K .......... .......... .......... .......... .......... 39% 28.8M 1s
[7.262s]   6150K .......... .......... .......... .......... .......... 39%  484M 1s
[7.264s]   6200K .......... .......... .......... .......... .......... 39% 18.1M 1s
[7.268s]   6250K .......... .......... .......... .......... .......... 40% 18.2M 1s
[7.268s]   6300K .......... .......... .......... .......... .......... 40% 81.3M 1s
[7.271s]   6350K .......... .......... .......... .......... .......... 40% 15.2M 1s
[7.271s]   6400K .......... .......... .......... .......... .......... 41% 79.4M 1s
[7.271s]   6450K .......... .......... .......... .......... .......... 41%  463M 1s
[7.275s]   6500K .......... .......... .......... .......... .......... 41% 12.5M 1s
[7.322s]   6550K .......... .......... .......... .......... .......... 42% 1.08M 1s
[7.322s]   6600K .......... .......... .......... .......... .......... 42%  456M 1s
[7.322s]   6650K .......... .......... .......... .......... .......... 42%  460M 1s
[7.323s]   6700K .......... .......... .......... .......... .......... 43% 20.0M 1s
[7.325s]   6750K .......... .......... .......... .......... .......... 43% 29.7M 1s
[7.330s]   6800K .......... .......... .......... .......... .......... 43% 15.9M 1s
[7.330s]   6850K .......... .......... .......... .......... .......... 44%  522M 1s
[7.330s]   6900K .......... .......... .......... .......... .......... 44%  459M 1s
[7.330s]   6950K .......... .......... .......... .......... .......... 44%  573M 1s
[7.330s]   7000K .......... .......... .......... .......... .......... 45%  599M 1s
[7.334s]   7050K .......... .......... .......... .......... .......... 45% 11.5M 1s
[7.334s]   7100K .......... .......... .......... .......... .......... 45%  508M 1s
[7.334s]   7150K .......... .......... .......... .......... .......... 46%  557M 1s
[7.334s]   7200K .......... .......... .......... .......... .......... 46%  582M 1s
[7.335s]   7250K .......... .......... .......... .......... .......... 46%  563M 1s
[7.338s]   7300K .......... .......... .......... .......... .......... 47%  429M 1s
[7.338s]   7350K .......... .......... .......... .......... .......... 47%  572M 1s
[7.338s]   7400K .......... .......... .......... .......... .......... 47%  595M 1s
[7.338s]   7450K .......... .......... .......... .......... .......... 47%  529M 1s
[7.338s]   7500K .......... .......... .......... .......... .......... 48%  541M 1s
[7.340s]   7550K .......... .......... .......... .......... .......... 48% 49.9M 1s
[7.341s]   7600K .......... .......... .......... .......... .......... 48% 40.0M 1s
[7.341s]   7650K .......... .......... .......... .......... .......... 49%  482M 1s
[7.342s]   7700K .......... .......... .......... .......... .......... 49%  545M 1s
[7.342s]   7750K .......... .......... .......... .......... .......... 49%  504M 1s
[7.342s]   7800K .......... .......... .......... .......... .......... 50%  532M 1s
[7.342s]   7850K .......... .......... .......... .......... .......... 50%  524M 1s
[7.342s]   7900K .......... .......... .......... .......... .......... 50%  521M 1s
[7.343s]   7950K .......... .......... .......... .......... .......... 51%  412M 1s
[7.343s]   8000K .......... .......... .......... .......... .......... 51%  511M 1s
[7.345s]   8050K .......... .......... .......... .......... .......... 51% 6.94M 1s
[7.345s]   8100K .......... .......... .......... .......... .......... 52%  355M 1s
[7.345s]   8150K .......... .......... .......... .......... .......... 52%  560M 1s
[7.345s]   8200K .......... .......... .......... .......... .......... 52%  536M 1s
[7.345s]   8250K .......... .......... .......... .......... .......... 53%  520M 1s
[7.346s]   8300K .......... .......... .......... .......... .......... 53%  557M 1s
[7.346s]   8350K .......... .......... .......... .......... .......... 53%  419M 1s
[7.348s]   8400K .......... .......... .......... .......... .......... 54%  554M 1s
[7.348s]   8450K .......... .......... .......... .......... .......... 54%  565M 1s
[7.348s]   8500K .......... .......... .......... .......... .......... 54%  534M 1s
[7.348s]   8550K .......... .......... .......... .......... .......... 55% 22.3M 0s
[7.352s]   8600K .......... .......... .......... .......... .......... 55% 9.89M 0s
[7.352s]   8650K .......... .......... .......... .......... .......... 55%  477M 0s
[7.352s]   8700K .......... .......... .......... .......... .......... 55%  576M 0s
[7.391s]   8750K .......... .......... .......... .......... .......... 56% 1.38M 1s
[7.391s]   8800K .......... .......... .......... .......... .......... 56%  423M 0s
[7.392s]   8850K .......... .......... .......... .......... .......... 56%  433M 0s
[7.392s]   8900K .......... .......... .......... .......... .......... 57%  437M 0s
[7.392s]   8950K .......... .......... .......... .......... .......... 57%  439M 0s
[7.392s]   9000K .......... .......... .......... .......... .......... 57% 30.8M 0s
[7.392s]   9050K .......... .......... .......... .......... .......... 58%  337M 0s
[7.392s]   9100K .......... .......... .......... .......... .......... 58%  483M 0s
[7.392s]   9150K .......... .......... .......... .......... .......... 58%  360M 0s
[7.392s]   9200K .......... .......... .......... .......... .......... 59%  421M 0s
[7.392s]   9250K .......... .......... .......... .......... .......... 59%  421M 0s
[7.393s]   9300K .......... .......... .......... .......... .......... 59%  445M 0s
[7.393s]   9350K .......... .......... .......... .......... .......... 60%  486M 0s
[7.393s]   9400K .......... .......... .......... .......... .......... 60%  474M 0s
[7.393s]   9450K .......... .......... .......... .......... .......... 60%  487M 0s
[7.393s]   9500K .......... .......... .......... .......... .......... 61%  466M 0s
[7.397s]   9550K .......... .......... .......... .......... .......... 61%  465M 0s
[7.397s]   9600K .......... .......... .......... .......... .......... 61% 8.87M 0s
[7.397s]   9650K .......... .......... .......... .......... .......... 62%  432M 0s
[7.398s]   9700K .......... .......... .......... .......... .......... 62%  442M 0s
[7.398s]   9750K .......... .......... .......... .......... .......... 62%  454M 0s
[7.398s]   9800K .......... .......... .......... .......... .......... 63%  472M 0s
[7.398s]   9850K .......... .......... .......... .......... .......... 63%  363M 0s
[7.398s]   9900K .......... .......... .......... .......... .......... 63%  462M 0s
[7.401s]   9950K .......... .......... .......... .......... .......... 63% 11.2M 0s
[7.405s]  10000K .......... .......... .......... .......... .......... 64% 12.2M 0s
[7.440s]  10050K .......... .......... .......... .......... .......... 64% 1.50M 0s
[7.441s]  10100K .......... .......... .......... .......... .......... 64%  426M 0s
[7.441s]  10150K .......... .......... .......... .......... .......... 65%  452M 0s
[7.441s]  10200K .......... .......... .......... .......... .......... 65%  412M 0s
[7.441s]  10250K .......... .......... .......... .......... .......... 65%  351M 0s
[7.441s]  10300K .......... .......... .......... .......... .......... 66%  467M 0s
[7.441s]  10350K .......... .......... .......... .......... .......... 66%  479M 0s
[7.441s]  10400K .......... .......... .......... .......... .......... 66%  481M 0s
[7.441s]  10450K .......... .......... .......... .......... .......... 67%  469M 0s
[7.445s]  10500K .......... .......... .......... .......... .......... 67% 20.9M 0s
[7.445s]  10550K .......... .......... .......... .......... .......... 67% 26.1M 0s
[7.446s]  10600K .......... .......... .......... .......... .......... 68%  366M 0s
[7.447s]  10650K .......... .......... .......... .......... .......... 68%  432M 0s
[7.447s]  10700K .......... .......... .......... .......... .......... 68%  414M 0s
[7.448s]  10750K .......... .......... .......... .......... .......... 69%  416M 0s
[7.448s]  10800K .......... .......... .......... .......... .......... 69%  436M 0s
[7.448s]  10850K .......... .......... .......... .......... .......... 69%  359M 0s
[7.451s]  10900K .......... .......... .......... .......... .......... 70%  445M 0s
[7.452s]  10950K .......... .......... .......... .......... .......... 70% 6.53M 0s
[7.452s]  11000K .......... .......... .......... .......... .......... 70%  280M 0s
[7.452s]  11050K .......... .......... .......... .......... .......... 71%  531M 0s
[7.479s]  11100K .......... .......... .......... .......... .......... 71% 1.80M 0s
[7.482s]  11150K .......... .......... .......... .......... .......... 71% 18.0M 0s
[7.482s]  11200K .......... .......... .......... .......... .......... 71%  345M 0s
[7.482s]  11250K .......... .......... .......... .......... .......... 72%  476M 0s
[7.482s]  11300K .......... .......... .......... .......... .......... 72%  466M 0s
[7.482s]  11350K .......... .......... .......... .......... .......... 72%  462M 0s
[7.482s]  11400K .......... .......... .......... .......... .......... 73%  529M 0s
[7.488s]  11450K .......... .......... .......... .......... .......... 73% 13.0M 0s
[7.488s]  11500K .......... .......... .......... .......... .......... 73% 20.0M 0s
[7.488s]  11550K .......... .......... .......... .......... .......... 74%  477M 0s
[7.488s]  11600K .......... .......... .......... .......... .......... 74%  502M 0s
[7.488s]  11650K .......... .......... .......... .......... .......... 74%  501M 0s
[7.490s]  11700K .......... .......... .......... .......... .......... 75% 24.5M 0s
[7.528s]  11750K .......... .......... .......... .......... .......... 75% 1.34M 0s
[7.528s]  11800K .......... .......... .......... .......... .......... 75%  447M 0s
[7.528s]  11850K .......... .......... .......... .......... .......... 76%  418M 0s
[7.528s]  11900K .......... .......... .......... .......... .......... 76%  360M 0s
[7.528s]  11950K .......... .......... .......... .......... .......... 76%  497M 0s
[7.528s]  12000K .......... .......... .......... .......... .......... 77%  459M 0s
[7.551s]  12050K .......... .......... .......... .......... .......... 77% 2.11M 0s
[7.552s]  12100K .......... .......... .......... .......... .......... 77%  408M 0s
[7.552s]  12150K .......... .......... .......... .......... .......... 78%  352M 0s
[7.552s]  12200K .......... .......... .......... .......... .......... 78%  507M 0s
[7.552s]  12250K .......... .......... .......... .......... .......... 78%  438M 0s
[7.552s]  12300K .......... .......... .......... .......... .......... 79%  448M 0s
[7.558s]  12350K .......... .......... .......... .......... .......... 79% 11.4M 0s
[7.558s]  12400K .......... .......... .......... .......... .......... 79% 14.3M 0s
[7.566s]  12450K .......... .......... .......... .......... .......... 79% 6.71M 0s
[7.572s]  12500K .......... .......... .......... .......... .......... 80% 17.6M 0s
[7.573s]  12550K .......... .......... .......... .......... .......... 80% 11.0M 0s
[7.582s]  12600K .......... .......... .......... .......... .......... 80% 5.49M 0s
[7.587s]  12650K .......... .......... .......... .......... .......... 81% 11.0M 0s
[7.591s]  12700K .......... .......... .......... .......... .......... 81% 9.74M 0s
[7.596s]  12750K .......... .......... .......... .......... .......... 81% 10.3M 0s
[7.601s]  12800K .......... .......... .......... .......... .......... 82% 13.1M 0s
[7.610s]  12850K .......... .......... .......... .......... .......... 82% 4.71M 0s
[7.616s]  12900K .......... .......... .......... .......... .......... 82% 7.49M 0s
[7.621s]  12950K .......... .......... .......... .......... .......... 83% 11.8M 0s
[7.629s]  13000K .......... .......... .......... .......... .......... 83% 6.29M 0s
[7.633s]  13050K .......... .......... .......... .......... .......... 83% 13.6M 0s
[7.637s]  13100K .......... .......... .......... .......... .......... 84% 9.00M 0s
[7.646s]  13150K .......... .......... .......... .......... .......... 84% 16.9M 0s
[7.651s]  13200K .......... .......... .......... .......... .......... 84% 6.22M 0s
[7.657s]  13250K .......... .......... .......... .......... .......... 85% 7.27M 0s
[7.694s]  13300K .......... .......... .......... .......... .......... 85% 1.35M 0s
[7.694s]  13350K .......... .......... .......... .......... .......... 85%  301M 0s
[7.694s]  13400K .......... .......... .......... .......... .......... 86%  470M 0s
[7.695s]  13450K .......... .......... .......... .......... .......... 86%  413M 0s
[7.695s]  13500K .......... .......... .......... .......... .......... 86%  335M 0s
[7.720s]  13550K .......... .......... .......... .......... .......... 87% 1.82M 0s
[7.723s]  13600K .......... .......... .......... .......... .......... 87% 22.1M 0s
[7.723s]  13650K .......... .......... .......... .......... .......... 87%  450M 0s
[7.723s]  13700K .......... .......... .......... .......... .......... 87%  497M 0s
[7.723s]  13750K .......... .......... .......... .......... .......... 88%  503M 0s
[7.726s]  13800K .......... .......... .......... .......... .......... 88% 10.3M 0s
[7.740s]  13850K .......... .......... .......... .......... .......... 88% 3.54M 0s
[7.743s]  13900K .......... .......... .......... .......... .......... 89% 16.3M 0s
[7.750s]  13950K .......... .......... .......... .......... .......... 89% 8.30M 0s
[7.785s]  14000K .......... .......... .......... .......... .......... 89% 1.33M 0s
[7.786s]  14050K .......... .......... .......... .......... .......... 90%  277M 0s
[7.786s]  14100K .......... .......... .......... .......... .......... 90%  378M 0s
[7.786s]  14150K .......... .......... .......... .......... .......... 90%  344M 0s
[7.792s]  14200K .......... .......... .......... .......... .......... 91% 17.6M 0s
[7.804s]  14250K .......... .......... .......... .......... .......... 91% 3.24M 0s
[7.811s]  14300K .......... .......... .......... .......... .......... 91% 6.75M 0s
[7.819s]  14350K .......... .......... .......... .......... .......... 92% 6.31M 0s
[7.841s]  14400K .......... .......... .......... .......... .......... 92% 2.21M 0s
[7.848s]  14450K .......... .......... .......... .......... .......... 92% 6.62M 0s
[7.858s]  14500K .......... .......... .......... .......... .......... 93% 5.75M 0s
[7.874s]  14550K .......... .......... .......... .......... .......... 93% 3.34M 0s
[7.881s]  14600K .......... .......... .......... .......... .......... 93% 5.08M 0s
[7.887s]  14650K .......... .......... .......... .......... .......... 94% 9.23M 0s
[7.902s]  14700K .......... .......... .......... .......... .......... 94% 3.02M 0s
[7.912s]  14750K .......... .......... .......... .......... .......... 94% 6.31M 0s
[7.918s]  14800K .......... .......... .......... .......... .......... 95% 5.96M 0s
[7.932s]  14850K .......... .......... .......... .......... .......... 95% 3.48M 0s
[7.945s]  14900K .......... .......... .......... .......... .......... 95% 6.03M 0s
[7.958s]  14950K .......... .......... .......... .......... .......... 95% 3.94M 0s
[7.964s]  15000K .......... .......... .......... .......... .......... 96% 4.31M 0s
[7.974s]  15050K .......... .......... .......... .......... .......... 96% 5.00M 0s
[7.982s]  15100K .......... .......... .......... .......... .......... 96% 5.53M 0s
[7.995s]  15150K .......... .......... .......... .......... .......... 97% 3.82M 0s
[8.003s]  15200K .......... .......... .......... .......... .......... 97% 6.45M 0s
[8.012s]  15250K .......... .......... .......... .......... .......... 97% 5.96M 0s
[8.028s]  15300K .......... .......... .......... .......... .......... 98% 2.95M 0s
[8.036s]  15350K .......... .......... .......... .......... .......... 98% 5.97M 0s
[8.048s]  15400K .......... .......... .......... .......... .......... 98% 5.83M 0s
[8.059s]  15450K .......... .......... .......... .......... .......... 99% 3.83M 0s
[8.066s]  15500K .......... .......... .......... .......... .......... 99% 5.80M 0s
[8.081s]  15550K .......... .......... .......... .......... .......... 99% 3.09M 0s
[8.085s]  15600K .......... .......... .....                           100% 30.7M=1.3s
[8.085s] 
[8.085s] 2026-03-13 11:22:09 (11.4 MB/s) - ‘/home/dhruv/argo-test/build/multirobot_map_merge/2012-01-28-11-12-01.pgm’ saved [16000058/16000058]
[8.085s] 
[8.097s] Checking MD5 sum of /home/dhruv/argo-test/build/multirobot_map_merge/2012-01-28-11-12-01.pgm
[8.214s] /home/dhruv/argo-test/build/multirobot_map_merge/2012-01-28-11-12-01.pgm: OK
[8.241s] -- Found gtest sources under '/opt/ros/jazzy/src/gtest_vendor': C++ tests using 'Google Test' will be built
[8.285s] -- Found Threads: TRUE  
[8.352s] -- Added test 'cppcheck' to perform static code analysis on C / C++ code
[8.352s] -- Configured cppcheck include dirs: /home/dhruv/argo-test/src/m-explore-ros2/map_merge/include;$<BUILD_INTERFACE:/home/dhruv/argo-test/src/m-explore-ros2/map_merge/include>
[8.353s] -- Configured cppcheck exclude dirs and/or files: 
[8.368s] -- Added test 'flake8' to check Python code syntax and style conventions
[8.368s] -- Configured 'flake8' exclude dirs and/or files: 
[8.384s] -- Added test 'lint_cmake' to check CMake code style
[8.388s] -- Added test 'pep257' to check Python code against some of the docstring style conventions in PEP 257
[8.406s] -- Added test 'uncrustify' to check C / C++ code style
[8.406s] -- Configured uncrustify additional arguments: 
[8.414s] -- Added test 'xmllint' to check XML markup files
[8.441s] -- Configuring done (8.4s)
[9.166s] -- Generating done (0.5s)
[9.251s] -- Build files have been written to: /home/dhruv/argo-test/build/multirobot_map_merge
[9.364s] Invoked command in '/home/dhruv/argo-test/build/multirobot_map_merge' returned '0': CMAKE_PREFIX_PATH=${CMAKE_PREFIX_PATH}:/opt/ros/jazzy DEBUGINFOD_URLS=https://debuginfod.ubuntu.com /usr/bin/cmake /home/dhruv/argo-test/src/m-explore-ros2/map_merge -DCMAKE_INSTALL_PREFIX=/home/dhruv/argo-test/install/multirobot_map_merge
[9.364s] Invoking command in '/home/dhruv/argo-test/build/multirobot_map_merge': CMAKE_PREFIX_PATH=${CMAKE_PREFIX_PATH}:/opt/ros/jazzy DEBUGINFOD_URLS=https://debuginfod.ubuntu.com /usr/bin/cmake --build /home/dhruv/argo-test/build/multirobot_map_merge -- -j4 -l4
[9.565s] [  8%] [32mBuilding CXX object gtest/CMakeFiles/gtest_main.dir/src/gtest_main.cc.o[0m
[9.570s] [ 16%] [32mBuilding CXX object gtest/CMakeFiles/gtest.dir/src/gtest-all.cc.o[0m
[9.578s] [ 25%] [32mBuilding CXX object CMakeFiles/combine_grids.dir/src/combine_grids/grid_compositor.cpp.o[0m
[9.584s] [ 33%] [32mBuilding CXX object CMakeFiles/combine_grids.dir/src/combine_grids/grid_warper.cpp.o[0m
[12.881s] [ 41%] [32mBuilding CXX object CMakeFiles/combine_grids.dir/src/combine_grids/merging_pipeline.cpp.o[0m
[13.884s] [ 50%] [32m[1mLinking CXX static library libgtest_main.a[0m
[13.973s] [ 50%] Built target gtest_main
[27.955s] [ 58%] [32m[1mLinking CXX static library libgtest.a[0m
[28.154s] [ 58%] Built target gtest
[29.375s] [ 66%] [32m[1mLinking CXX static library libcombine_grids.a[0m
[29.523s] [ 66%] Built target combine_grids
[29.582s] [ 75%] [32mBuilding CXX object CMakeFiles/map_merge.dir/src/map_merge.cpp.o[0m
[49.940s] [ 83%] [32m[1mLinking CXX executable map_merge[0m
[51.345s] [ 83%] Built target map_merge
[51.366s] [ 91%] [32mBuilding CXX object CMakeFiles/test_merging_pipeline.dir/test/test_merging_pipeline.cpp.o[0m
[56.203s] [100%] [32m[1mLinking CXX executable test_merging_pipeline[0m
[56.957s] [100%] Built target test_merging_pipeline
[56.968s] Invoked command in '/home/dhruv/argo-test/build/multirobot_map_merge' returned '0': CMAKE_PREFIX_PATH=${CMAKE_PREFIX_PATH}:/opt/ros/jazzy DEBUGINFOD_URLS=https://debuginfod.ubuntu.com /usr/bin/cmake --build /home/dhruv/argo-test/build/multirobot_map_merge -- -j4 -l4
[56.970s] Invoking command in '/home/dhruv/argo-test/build/multirobot_map_merge': CMAKE_PREFIX_PATH=${CMAKE_PREFIX_PATH}:/opt/ros/jazzy DEBUGINFOD_URLS=https://debuginfod.ubuntu.com /usr/bin/cmake --install /home/dhruv/argo-test/build/multirobot_map_merge
[56.980s] -- Install configuration: ""
[56.980s] -- Installing: /home/dhruv/argo-test/install/multirobot_map_merge/include/map_merge/
[56.980s] -- Installing: /home/dhruv/argo-test/install/multirobot_map_merge/include/map_merge//ros1_names.hpp
[56.980s] -- Installing: /home/dhruv/argo-test/install/multirobot_map_merge/include/map_merge//map_merge.h
[56.980s] -- Installing: /home/dhruv/argo-test/install/multirobot_map_merge/share/multirobot_map_merge/launch
[56.980s] -- Installing: /home/dhruv/argo-test/install/multirobot_map_merge/share/multirobot_map_merge/launch/map_merge.rviz
[56.981s] -- Installing: /home/dhruv/argo-test/install/multirobot_map_merge/share/multirobot_map_merge/launch/from_map_server.launch.py
[56.981s] -- Installing: /home/dhruv/argo-test/install/multirobot_map_merge/share/multirobot_map_merge/launch/tb3_simulation
[56.981s] -- Installing: /home/dhruv/argo-test/install/multirobot_map_merge/share/multirobot_map_merge/launch/tb3_simulation/config
[56.981s] -- Installing: /home/dhruv/argo-test/install/multirobot_map_merge/share/multirobot_map_merge/launch/tb3_simulation/config/nav2_multirobot_params_2.yaml
[56.982s] -- Installing: /home/dhruv/argo-test/install/multirobot_map_merge/share/multirobot_map_merge/launch/tb3_simulation/config/nav2_multirobot_params_1.yaml
[56.982s] -- Installing: /home/dhruv/argo-test/install/multirobot_map_merge/share/multirobot_map_merge/launch/tb3_simulation/multi_tb3_simulation_launch.py
[56.982s] -- Installing: /home/dhruv/argo-test/install/multirobot_map_merge/share/multirobot_map_merge/launch/tb3_simulation/tb3_simulation_launch.py
[56.982s] -- Installing: /home/dhruv/argo-test/install/multirobot_map_merge/share/multirobot_map_merge/launch/tb3_simulation/slam_toolbox.py
[56.983s] -- Installing: /home/dhruv/argo-test/install/multirobot_map_merge/share/multirobot_map_merge/launch/tb3_simulation/bringup_launch.py
[56.983s] -- Installing: /home/dhruv/argo-test/install/multirobot_map_merge/share/multirobot_map_merge/launch/tb3_simulation/worlds
[56.983s] -- Installing: /home/dhruv/argo-test/install/multirobot_map_merge/share/multirobot_map_merge/launch/tb3_simulation/worlds/world_only.model
[56.983s] -- Installing: /home/dhruv/argo-test/install/multirobot_map_merge/share/multirobot_map_merge/launch/map_merge.launch.py
[56.984s] -- Installing: /home/dhruv/argo-test/install/multirobot_map_merge/share/multirobot_map_merge/config
[56.984s] -- Installing: /home/dhruv/argo-test/install/multirobot_map_merge/share/multirobot_map_merge/config/params.yaml
[56.984s] -- Installing: /home/dhruv/argo-test/install/multirobot_map_merge/lib/libcombine_grids.a
[56.985s] -- Installing: /home/dhruv/argo-test/install/multirobot_map_merge/lib/multirobot_map_merge/map_merge
[56.992s] -- Set non-toolchain portion of runtime path of "/home/dhruv/argo-test/install/multirobot_map_merge/lib/multirobot_map_merge/map_merge" to ""
[56.992s] -- Installing: /home/dhruv/argo-test/install/multirobot_map_merge/share/multirobot_map_merge/environment/library_path.sh
[56.992s] -- Installing: /home/dhruv/argo-test/install/multirobot_map_merge/share/multirobot_map_merge/environment/library_path.dsv
[56.992s] -- Installing: /home/dhruv/argo-test/install/multirobot_map_merge/share/ament_index/resource_index/package_run_dependencies/multirobot_map_merge
[56.993s] -- Installing: /home/dhruv/argo-test/install/multirobot_map_merge/share/ament_index/resource_index/parent_prefix_path/multirobot_map_merge
[56.993s] -- Installing: /home/dhruv/argo-test/install/multirobot_map_merge/share/multirobot_map_merge/environment/ament_prefix_path.sh
[56.993s] -- Installing: /home/dhruv/argo-test/install/multirobot_map_merge/share/multirobot_map_merge/environment/ament_prefix_path.dsv
[56.994s] -- Installing: /home/dhruv/argo-test/install/multirobot_map_merge/share/multirobot_map_merge/environment/path.sh
[56.994s] -- Installing: /home/dhruv/argo-test/install/multirobot_map_merge/share/multirobot_map_merge/environment/path.dsv
[56.994s] -- Installing: /home/dhruv/argo-test/install/multirobot_map_merge/share/multirobot_map_merge/local_setup.bash
[56.994s] -- Installing: /home/dhruv/argo-test/install/multirobot_map_merge/share/multirobot_map_merge/local_setup.sh
[56.995s] -- Installing: /home/dhruv/argo-test/install/multirobot_map_merge/share/multirobot_map_merge/local_setup.zsh
[56.995s] -- Installing: /home/dhruv/argo-test/install/multirobot_map_merge/share/multirobot_map_merge/local_setup.dsv
[56.995s] -- Installing: /home/dhruv/argo-test/install/multirobot_map_merge/share/multirobot_map_merge/package.dsv
[56.996s] -- Installing: /home/dhruv/argo-test/install/multirobot_map_merge/share/ament_index/resource_index/packages/multirobot_map_merge
[56.996s] -- Installing: /home/dhruv/argo-test/install/multirobot_map_merge/share/multirobot_map_merge/cmake/ament_cmake_export_include_directories-extras.cmake
[56.996s] -- Installing: /home/dhruv/argo-test/install/multirobot_map_merge/share/multirobot_map_merge/cmake/ament_cmake_export_libraries-extras.cmake
[56.996s] -- Installing: /home/dhruv/argo-test/install/multirobot_map_merge/share/multirobot_map_merge/cmake/multirobot_map_mergeConfig.cmake
[56.997s] -- Installing: /home/dhruv/argo-test/install/multirobot_map_merge/share/multirobot_map_merge/cmake/multirobot_map_mergeConfig-version.cmake
[56.997s] -- Installing: /home/dhruv/argo-test/install/multirobot_map_merge/share/multirobot_map_merge/package.xml
[56.999s] Invoked command in '/home/dhruv/argo-test/build/multirobot_map_merge' returned '0': CMAKE_PREFIX_PATH=${CMAKE_PREFIX_PATH}:/opt/ros/jazzy DEBUGINFOD_URLS=https://debuginfod.ubuntu.com /usr/bin/cmake --install /home/dhruv/argo-test/build/multirobot_map_merge
