[0.236s] Invoking command in '/home/argo/argo-test/build/rplidar_ros': CMAKE_PREFIX_PATH=${CMAKE_PREFIX_PATH}:/opt/ros/jazzy DEBUGINFOD_URLS=https://debuginfod.ubuntu.com /usr/bin/cmake --build /home/argo/argo-test/build/rplidar_ros -- -j4 -l4
[0.307s] [  5%] Built target rplidar_client
[0.326s] [ 52%] Built target rplidar_node
[0.354s] [100%] Built target rplidar_composition
[0.496s] Invoked command in '/home/argo/argo-test/build/rplidar_ros' returned '0': CMAKE_PREFIX_PATH=${CMAKE_PREFIX_PATH}:/opt/ros/jazzy DEBUGINFOD_URLS=https://debuginfod.ubuntu.com /usr/bin/cmake --build /home/argo/argo-test/build/rplidar_ros -- -j4 -l4
[0.509s] Invoking command in '/home/argo/argo-test/build/rplidar_ros': CMAKE_PREFIX_PATH=${CMAKE_PREFIX_PATH}:/opt/ros/jazzy DEBUGINFOD_URLS=https://debuginfod.ubuntu.com /usr/bin/cmake --install /home/argo/argo-test/build/rplidar_ros
[0.520s] -- Install configuration: ""
[0.521s] -- Installing: /home/argo/argo-test/install/rplidar_ros/share/rplidar_ros/launch
[0.521s] -- Installing: /home/argo/argo-test/install/rplidar_ros/share/rplidar_ros/launch/rplidar_s2e_launch.py
[0.522s] -- Installing: /home/argo/argo-test/install/rplidar_ros/share/rplidar_ros/launch/rplidar_s2_launch.py
[0.524s] -- Installing: /home/argo/argo-test/install/rplidar_ros/share/rplidar_ros/launch/rplidar_a2m7_launch.py
[0.524s] -- Installing: /home/argo/argo-test/install/rplidar_ros/share/rplidar_ros/launch/view_rplidar_s3_launch.py
[0.524s] -- Installing: /home/argo/argo-test/install/rplidar_ros/share/rplidar_ros/launch/rplidar_a1_launch.py
[0.525s] -- Installing: /home/argo/argo-test/install/rplidar_ros/share/rplidar_ros/launch/view_rplidar_c1_launch.py
[0.525s] -- Installing: /home/argo/argo-test/install/rplidar_ros/share/rplidar_ros/launch/view_rplidar_a1_launch.py
[0.525s] -- Installing: /home/argo/argo-test/install/rplidar_ros/share/rplidar_ros/launch/rplidar_t1_launch.py
[0.525s] -- Installing: /home/argo/argo-test/install/rplidar_ros/share/rplidar_ros/launch/rplidar_s3_launch.py
[0.525s] -- Installing: /home/argo/argo-test/install/rplidar_ros/share/rplidar_ros/launch/view_rplidar_a3_launch.py
[0.525s] -- Installing: /home/argo/argo-test/install/rplidar_ros/share/rplidar_ros/launch/view_rplidar_s1_launch.py
[0.525s] -- Installing: /home/argo/argo-test/install/rplidar_ros/share/rplidar_ros/launch/rplidar_a3_launch.py
[0.525s] -- Installing: /home/argo/argo-test/install/rplidar_ros/share/rplidar_ros/launch/view_rplidar_s1_tcp_launch.py
[0.525s] -- Installing: /home/argo/argo-test/install/rplidar_ros/share/rplidar_ros/launch/view_rplidar_s2e_launch.py
[0.525s] -- Installing: /home/argo/argo-test/install/rplidar_ros/share/rplidar_ros/launch/view_rplidar_a2m8_launch.py
[0.525s] -- Installing: /home/argo/argo-test/install/rplidar_ros/share/rplidar_ros/launch/rplidar_a2m8_launch.py
[0.525s] -- Installing: /home/argo/argo-test/install/rplidar_ros/share/rplidar_ros/launch/rplidar_a2m12_launch.py
[0.525s] -- Installing: /home/argo/argo-test/install/rplidar_ros/share/rplidar_ros/launch/rplidar_s1_tcp_launch.py
[0.525s] -- Installing: /home/argo/argo-test/install/rplidar_ros/share/rplidar_ros/launch/view_rplidar_t1_launch.py
[0.525s] -- Installing: /home/argo/argo-test/install/rplidar_ros/share/rplidar_ros/launch/rplidar_s1_launch.py
[0.525s] -- Installing: /home/argo/argo-test/install/rplidar_ros/share/rplidar_ros/launch/rplidar_c1_launch.py
[0.526s] -- Installing: /home/argo/argo-test/install/rplidar_ros/share/rplidar_ros/launch/view_rplidar_a2m7_launch.py
[0.531s] -- Installing: /home/argo/argo-test/install/rplidar_ros/share/rplidar_ros/launch/view_rplidar_a2m12_launch.py
[0.531s] -- Installing: /home/argo/argo-test/install/rplidar_ros/share/rplidar_ros/launch/view_rplidar_s2_launch.py
[0.531s] -- Installing: /home/argo/argo-test/install/rplidar_ros/share/rplidar_ros/rviz
[0.531s] -- Installing: /home/argo/argo-test/install/rplidar_ros/share/rplidar_ros/rviz/rplidar_ros.rviz
[0.531s] -- Installing: /home/argo/argo-test/install/rplidar_ros/lib/rplidar_ros/rplidar_node
[0.532s] -- Set non-toolchain portion of runtime path of "/home/argo/argo-test/install/rplidar_ros/lib/rplidar_ros/rplidar_node" to ""
[0.532s] -- Installing: /home/argo/argo-test/install/rplidar_ros/lib/rplidar_ros/rplidar_composition
[0.536s] -- Set non-toolchain portion of runtime path of "/home/argo/argo-test/install/rplidar_ros/lib/rplidar_ros/rplidar_composition" to ""
[0.536s] -- Installing: /home/argo/argo-test/install/rplidar_ros/lib/rplidar_ros/rplidar_client
[0.540s] -- Set non-toolchain portion of runtime path of "/home/argo/argo-test/install/rplidar_ros/lib/rplidar_ros/rplidar_client" to ""
[0.540s] -- Installing: /home/argo/argo-test/install/rplidar_ros/share/ament_index/resource_index/package_run_dependencies/rplidar_ros
[0.541s] -- Installing: /home/argo/argo-test/install/rplidar_ros/share/ament_index/resource_index/parent_prefix_path/rplidar_ros
[0.542s] -- Installing: /home/argo/argo-test/install/rplidar_ros/share/rplidar_ros/environment/ament_prefix_path.sh
[0.542s] -- Installing: /home/argo/argo-test/install/rplidar_ros/share/rplidar_ros/environment/ament_prefix_path.dsv
[0.543s] -- Installing: /home/argo/argo-test/install/rplidar_ros/share/rplidar_ros/environment/path.sh
[0.544s] -- Installing: /home/argo/argo-test/install/rplidar_ros/share/rplidar_ros/environment/path.dsv
[0.545s] -- Installing: /home/argo/argo-test/install/rplidar_ros/share/rplidar_ros/local_setup.bash
[0.545s] -- Installing: /home/argo/argo-test/install/rplidar_ros/share/rplidar_ros/local_setup.sh
[0.545s] -- Installing: /home/argo/argo-test/install/rplidar_ros/share/rplidar_ros/local_setup.zsh
[0.545s] -- Installing: /home/argo/argo-test/install/rplidar_ros/share/rplidar_ros/local_setup.dsv
[0.545s] -- Installing: /home/argo/argo-test/install/rplidar_ros/share/rplidar_ros/package.dsv
[0.546s] -- Installing: /home/argo/argo-test/install/rplidar_ros/share/ament_index/resource_index/packages/rplidar_ros
[0.547s] -- Installing: /home/argo/argo-test/install/rplidar_ros/share/rplidar_ros/cmake/ament_cmake_export_dependencies-extras.cmake
[0.548s] -- Installing: /home/argo/argo-test/install/rplidar_ros/share/rplidar_ros/cmake/ament_cmake_export_include_directories-extras.cmake
[0.548s] -- Installing: /home/argo/argo-test/install/rplidar_ros/share/rplidar_ros/cmake/rplidar_rosConfig.cmake
[0.548s] -- Installing: /home/argo/argo-test/install/rplidar_ros/share/rplidar_ros/cmake/rplidar_rosConfig-version.cmake
[0.548s] -- Installing: /home/argo/argo-test/install/rplidar_ros/share/rplidar_ros/package.xml
[0.552s] Invoked command in '/home/argo/argo-test/build/rplidar_ros' returned '0': CMAKE_PREFIX_PATH=${CMAKE_PREFIX_PATH}:/opt/ros/jazzy DEBUGINFOD_URLS=https://debuginfod.ubuntu.com /usr/bin/cmake --install /home/argo/argo-test/build/rplidar_ros
