[0.099s] DEBUG:colcon:Command line arguments: ['/usr/bin/colcon', 'build']
[0.099s] DEBUG:colcon:Parsed command line arguments: Namespace(log_base=None, log_level=None, verb_name='build', build_base='build', install_base='install', merge_install=False, symlink_install=False, test_result_base=None, continue_on_error=False, executor='parallel', parallel_workers=4, event_handlers=None, ignore_user_meta=False, metas=['./colcon.meta'], base_paths=['.'], packages_ignore=None, packages_ignore_regex=None, paths=None, packages_up_to=None, packages_up_to_regex=None, packages_above=None, packages_above_and_dependencies=None, packages_above_depth=None, packages_select_by_dep=None, packages_skip_by_dep=None, packages_skip_up_to=None, packages_select_build_failed=False, packages_skip_build_finished=False, packages_select_test_failures=False, packages_skip_test_passed=False, packages_select=None, packages_skip=None, packages_select_regex=None, packages_skip_regex=None, packages_start=None, packages_end=None, allow_overriding=[], cmake_args=None, cmake_target=None, cmake_target_skip_unavailable=False, cmake_clean_cache=False, cmake_clean_first=False, cmake_force_configure=False, ament_cmake_args=None, catkin_cmake_args=None, catkin_skip_building_tests=False, verb_parser=<colcon_defaults.argument_parser.defaults.DefaultArgumentsDecorator object at 0x7f7971289ac0>, verb_extension=<colcon_core.verb.build.BuildVerb object at 0x7f79713aa630>, main=<bound method BuildVerb.main of <colcon_core.verb.build.BuildVerb object at 0x7f79713aa630>>)
[0.135s] Level 1:colcon.colcon_core.package_discovery:discover_packages(colcon_meta) check parameters
[0.135s] Level 1:colcon.colcon_core.package_discovery:discover_packages(recursive) check parameters
[0.135s] Level 1:colcon.colcon_core.package_discovery:discover_packages(ignore) check parameters
[0.135s] Level 1:colcon.colcon_core.package_discovery:discover_packages(path) check parameters
[0.135s] Level 1:colcon.colcon_core.package_discovery:discover_packages(colcon_meta) discover
[0.135s] Level 1:colcon.colcon_core.package_discovery:discover_packages(recursive) discover
[0.135s] INFO:colcon.colcon_core.package_discovery:Crawling recursively for packages in '/home/argo/Downloads/robot_wss'
[0.135s] Level 1:colcon.colcon_core.package_identification:_identify(.) by extensions ['ignore', 'ignore_ament_install']
[0.135s] Level 1:colcon.colcon_core.package_identification:_identify(.) by extension 'ignore'
[0.136s] Level 1:colcon.colcon_core.package_identification:_identify(.) by extension 'ignore_ament_install'
[0.136s] Level 1:colcon.colcon_core.package_identification:_identify(.) by extensions ['colcon_pkg']
[0.136s] Level 1:colcon.colcon_core.package_identification:_identify(.) by extension 'colcon_pkg'
[0.136s] Level 1:colcon.colcon_core.package_identification:_identify(.) by extensions ['colcon_meta']
[0.136s] Level 1:colcon.colcon_core.package_identification:_identify(.) by extension 'colcon_meta'
[0.136s] Level 1:colcon.colcon_core.package_identification:_identify(.) by extensions ['ros']
[0.136s] Level 1:colcon.colcon_core.package_identification:_identify(.) by extension 'ros'
[0.159s] Level 1:colcon.colcon_core.package_identification:_identify(.) by extensions ['cmake', 'python']
[0.159s] Level 1:colcon.colcon_core.package_identification:_identify(.) by extension 'cmake'
[0.159s] Level 1:colcon.colcon_core.package_identification:_identify(.) by extension 'python'
[0.159s] Level 1:colcon.colcon_core.package_identification:_identify(.) by extensions ['python_setup_py']
[0.159s] Level 1:colcon.colcon_core.package_identification:_identify(.) by extension 'python_setup_py'
[0.159s] Level 1:colcon.colcon_core.package_identification:_identify(build) by extensions ['ignore', 'ignore_ament_install']
[0.160s] Level 1:colcon.colcon_core.package_identification:_identify(build) by extension 'ignore'
[0.160s] Level 1:colcon.colcon_core.package_identification:_identify(build) ignored
[0.160s] Level 1:colcon.colcon_core.package_identification:_identify(install) by extensions ['ignore', 'ignore_ament_install']
[0.160s] Level 1:colcon.colcon_core.package_identification:_identify(install) by extension 'ignore'
[0.160s] Level 1:colcon.colcon_core.package_identification:_identify(install) ignored
[0.160s] Level 1:colcon.colcon_core.package_identification:_identify(log) by extensions ['ignore', 'ignore_ament_install']
[0.160s] Level 1:colcon.colcon_core.package_identification:_identify(log) by extension 'ignore'
[0.160s] Level 1:colcon.colcon_core.package_identification:_identify(log) ignored
[0.160s] Level 1:colcon.colcon_core.package_identification:_identify(src) by extensions ['ignore', 'ignore_ament_install']
[0.160s] Level 1:colcon.colcon_core.package_identification:_identify(src) by extension 'ignore'
[0.160s] Level 1:colcon.colcon_core.package_identification:_identify(src) by extension 'ignore_ament_install'
[0.160s] Level 1:colcon.colcon_core.package_identification:_identify(src) by extensions ['colcon_pkg']
[0.160s] Level 1:colcon.colcon_core.package_identification:_identify(src) by extension 'colcon_pkg'
[0.160s] Level 1:colcon.colcon_core.package_identification:_identify(src) by extensions ['colcon_meta']
[0.160s] Level 1:colcon.colcon_core.package_identification:_identify(src) by extension 'colcon_meta'
[0.160s] Level 1:colcon.colcon_core.package_identification:_identify(src) by extensions ['ros']
[0.160s] Level 1:colcon.colcon_core.package_identification:_identify(src) by extension 'ros'
[0.161s] Level 1:colcon.colcon_core.package_identification:_identify(src) by extensions ['cmake', 'python']
[0.161s] Level 1:colcon.colcon_core.package_identification:_identify(src) by extension 'cmake'
[0.161s] Level 1:colcon.colcon_core.package_identification:_identify(src) by extension 'python'
[0.161s] Level 1:colcon.colcon_core.package_identification:_identify(src) by extensions ['python_setup_py']
[0.161s] Level 1:colcon.colcon_core.package_identification:_identify(src) by extension 'python_setup_py'
[0.161s] Level 1:colcon.colcon_core.package_identification:_identify(src/nav_pkg) by extensions ['ignore', 'ignore_ament_install']
[0.161s] Level 1:colcon.colcon_core.package_identification:_identify(src/nav_pkg) by extension 'ignore'
[0.161s] Level 1:colcon.colcon_core.package_identification:_identify(src/nav_pkg) by extension 'ignore_ament_install'
[0.161s] Level 1:colcon.colcon_core.package_identification:_identify(src/nav_pkg) by extensions ['colcon_pkg']
[0.161s] Level 1:colcon.colcon_core.package_identification:_identify(src/nav_pkg) by extension 'colcon_pkg'
[0.161s] Level 1:colcon.colcon_core.package_identification:_identify(src/nav_pkg) by extensions ['colcon_meta']
[0.161s] Level 1:colcon.colcon_core.package_identification:_identify(src/nav_pkg) by extension 'colcon_meta'
[0.161s] Level 1:colcon.colcon_core.package_identification:_identify(src/nav_pkg) by extensions ['ros']
[0.161s] Level 1:colcon.colcon_core.package_identification:_identify(src/nav_pkg) by extension 'ros'
[0.164s] DEBUG:colcon.colcon_core.package_identification:Package 'src/nav_pkg' with type 'ros.ament_python' and name 'nav_pkg'
[0.164s] Level 1:colcon.colcon_core.package_identification:_identify(src/office_robot) by extensions ['ignore', 'ignore_ament_install']
[0.164s] Level 1:colcon.colcon_core.package_identification:_identify(src/office_robot) by extension 'ignore'
[0.164s] Level 1:colcon.colcon_core.package_identification:_identify(src/office_robot) by extension 'ignore_ament_install'
[0.164s] Level 1:colcon.colcon_core.package_identification:_identify(src/office_robot) by extensions ['colcon_pkg']
[0.164s] Level 1:colcon.colcon_core.package_identification:_identify(src/office_robot) by extension 'colcon_pkg'
[0.164s] Level 1:colcon.colcon_core.package_identification:_identify(src/office_robot) by extensions ['colcon_meta']
[0.164s] Level 1:colcon.colcon_core.package_identification:_identify(src/office_robot) by extension 'colcon_meta'
[0.164s] Level 1:colcon.colcon_core.package_identification:_identify(src/office_robot) by extensions ['ros']
[0.164s] Level 1:colcon.colcon_core.package_identification:_identify(src/office_robot) by extension 'ros'
[0.164s] Level 1:colcon.colcon_core.package_identification:_identify(src/office_robot) by extensions ['cmake', 'python']
[0.164s] Level 1:colcon.colcon_core.package_identification:_identify(src/office_robot) by extension 'cmake'
[0.164s] Level 1:colcon.colcon_core.package_identification:_identify(src/office_robot) by extension 'python'
[0.164s] Level 1:colcon.colcon_core.package_identification:_identify(src/office_robot) by extensions ['python_setup_py']
[0.164s] Level 1:colcon.colcon_core.package_identification:_identify(src/office_robot) by extension 'python_setup_py'
[0.165s] Level 1:colcon.colcon_core.package_identification:_identify(src/office_robot/maps) by extensions ['ignore', 'ignore_ament_install']
[0.165s] Level 1:colcon.colcon_core.package_identification:_identify(src/office_robot/maps) by extension 'ignore'
[0.165s] Level 1:colcon.colcon_core.package_identification:_identify(src/office_robot/maps) by extension 'ignore_ament_install'
[0.165s] Level 1:colcon.colcon_core.package_identification:_identify(src/office_robot/maps) by extensions ['colcon_pkg']
[0.165s] Level 1:colcon.colcon_core.package_identification:_identify(src/office_robot/maps) by extension 'colcon_pkg'
[0.165s] Level 1:colcon.colcon_core.package_identification:_identify(src/office_robot/maps) by extensions ['colcon_meta']
[0.165s] Level 1:colcon.colcon_core.package_identification:_identify(src/office_robot/maps) by extension 'colcon_meta'
[0.165s] Level 1:colcon.colcon_core.package_identification:_identify(src/office_robot/maps) by extensions ['ros']
[0.165s] Level 1:colcon.colcon_core.package_identification:_identify(src/office_robot/maps) by extension 'ros'
[0.165s] Level 1:colcon.colcon_core.package_identification:_identify(src/office_robot/maps) by extensions ['cmake', 'python']
[0.165s] Level 1:colcon.colcon_core.package_identification:_identify(src/office_robot/maps) by extension 'cmake'
[0.165s] Level 1:colcon.colcon_core.package_identification:_identify(src/office_robot/maps) by extension 'python'
[0.165s] Level 1:colcon.colcon_core.package_identification:_identify(src/office_robot/maps) by extensions ['python_setup_py']
[0.165s] Level 1:colcon.colcon_core.package_identification:_identify(src/office_robot/maps) by extension 'python_setup_py'
[0.165s] Level 1:colcon.colcon_core.package_identification:_identify(src/robot_control_pkg) by extensions ['ignore', 'ignore_ament_install']
[0.165s] Level 1:colcon.colcon_core.package_identification:_identify(src/robot_control_pkg) by extension 'ignore'
[0.165s] Level 1:colcon.colcon_core.package_identification:_identify(src/robot_control_pkg) by extension 'ignore_ament_install'
[0.165s] Level 1:colcon.colcon_core.package_identification:_identify(src/robot_control_pkg) by extensions ['colcon_pkg']
[0.165s] Level 1:colcon.colcon_core.package_identification:_identify(src/robot_control_pkg) by extension 'colcon_pkg'
[0.165s] Level 1:colcon.colcon_core.package_identification:_identify(src/robot_control_pkg) by extensions ['colcon_meta']
[0.165s] Level 1:colcon.colcon_core.package_identification:_identify(src/robot_control_pkg) by extension 'colcon_meta'
[0.165s] Level 1:colcon.colcon_core.package_identification:_identify(src/robot_control_pkg) by extensions ['ros']
[0.166s] Level 1:colcon.colcon_core.package_identification:_identify(src/robot_control_pkg) by extension 'ros'
[0.166s] DEBUG:colcon.colcon_core.package_identification:Package 'src/robot_control_pkg' with type 'ros.ament_cmake' and name 'robot_control_pkg'
[0.166s] Level 1:colcon.colcon_core.package_identification:_identify(src/rplidar_ros) by extensions ['ignore', 'ignore_ament_install']
[0.166s] Level 1:colcon.colcon_core.package_identification:_identify(src/rplidar_ros) by extension 'ignore'
[0.166s] Level 1:colcon.colcon_core.package_identification:_identify(src/rplidar_ros) by extension 'ignore_ament_install'
[0.166s] Level 1:colcon.colcon_core.package_identification:_identify(src/rplidar_ros) by extensions ['colcon_pkg']
[0.167s] Level 1:colcon.colcon_core.package_identification:_identify(src/rplidar_ros) by extension 'colcon_pkg'
[0.167s] Level 1:colcon.colcon_core.package_identification:_identify(src/rplidar_ros) by extensions ['colcon_meta']
[0.167s] Level 1:colcon.colcon_core.package_identification:_identify(src/rplidar_ros) by extension 'colcon_meta'
[0.167s] Level 1:colcon.colcon_core.package_identification:_identify(src/rplidar_ros) by extensions ['ros']
[0.167s] Level 1:colcon.colcon_core.package_identification:_identify(src/rplidar_ros) by extension 'ros'
[0.167s] DEBUG:colcon.colcon_core.package_identification:Package 'src/rplidar_ros' with type 'ros.ament_cmake' and name 'rplidar_ros'
[0.167s] Level 1:colcon.colcon_core.package_identification:_identify(src/serial_robot_control_arduino) by extensions ['ignore', 'ignore_ament_install']
[0.167s] Level 1:colcon.colcon_core.package_identification:_identify(src/serial_robot_control_arduino) by extension 'ignore'
[0.167s] Level 1:colcon.colcon_core.package_identification:_identify(src/serial_robot_control_arduino) by extension 'ignore_ament_install'
[0.167s] Level 1:colcon.colcon_core.package_identification:_identify(src/serial_robot_control_arduino) by extensions ['colcon_pkg']
[0.167s] Level 1:colcon.colcon_core.package_identification:_identify(src/serial_robot_control_arduino) by extension 'colcon_pkg'
[0.167s] Level 1:colcon.colcon_core.package_identification:_identify(src/serial_robot_control_arduino) by extensions ['colcon_meta']
[0.167s] Level 1:colcon.colcon_core.package_identification:_identify(src/serial_robot_control_arduino) by extension 'colcon_meta'
[0.167s] Level 1:colcon.colcon_core.package_identification:_identify(src/serial_robot_control_arduino) by extensions ['ros']
[0.167s] Level 1:colcon.colcon_core.package_identification:_identify(src/serial_robot_control_arduino) by extension 'ros'
[0.168s] Level 1:colcon.colcon_core.package_identification:_identify(src/serial_robot_control_arduino) by extensions ['cmake', 'python']
[0.168s] Level 1:colcon.colcon_core.package_identification:_identify(src/serial_robot_control_arduino) by extension 'cmake'
[0.168s] Level 1:colcon.colcon_core.package_identification:_identify(src/serial_robot_control_arduino) by extension 'python'
[0.168s] Level 1:colcon.colcon_core.package_identification:_identify(src/serial_robot_control_arduino) by extensions ['python_setup_py']
[0.168s] Level 1:colcon.colcon_core.package_identification:_identify(src/serial_robot_control_arduino) by extension 'python_setup_py'
[0.168s] Level 1:colcon.colcon_core.package_identification:_identify(src/simulation_pkg) by extensions ['ignore', 'ignore_ament_install']
[0.168s] Level 1:colcon.colcon_core.package_identification:_identify(src/simulation_pkg) by extension 'ignore'
[0.168s] Level 1:colcon.colcon_core.package_identification:_identify(src/simulation_pkg) by extension 'ignore_ament_install'
[0.168s] Level 1:colcon.colcon_core.package_identification:_identify(src/simulation_pkg) by extensions ['colcon_pkg']
[0.168s] Level 1:colcon.colcon_core.package_identification:_identify(src/simulation_pkg) by extension 'colcon_pkg'
[0.168s] Level 1:colcon.colcon_core.package_identification:_identify(src/simulation_pkg) by extensions ['colcon_meta']
[0.168s] Level 1:colcon.colcon_core.package_identification:_identify(src/simulation_pkg) by extension 'colcon_meta'
[0.168s] Level 1:colcon.colcon_core.package_identification:_identify(src/simulation_pkg) by extensions ['ros']
[0.168s] Level 1:colcon.colcon_core.package_identification:_identify(src/simulation_pkg) by extension 'ros'
[0.169s] DEBUG:colcon.colcon_core.package_identification:Package 'src/simulation_pkg' with type 'ros.ament_python' and name 'simulation_pkg'
[0.169s] Level 1:colcon.colcon_core.package_identification:_identify(src/slam_pkg) by extensions ['ignore', 'ignore_ament_install']
[0.169s] Level 1:colcon.colcon_core.package_identification:_identify(src/slam_pkg) by extension 'ignore'
[0.169s] Level 1:colcon.colcon_core.package_identification:_identify(src/slam_pkg) by extension 'ignore_ament_install'
[0.169s] Level 1:colcon.colcon_core.package_identification:_identify(src/slam_pkg) by extensions ['colcon_pkg']
[0.169s] Level 1:colcon.colcon_core.package_identification:_identify(src/slam_pkg) by extension 'colcon_pkg'
[0.169s] Level 1:colcon.colcon_core.package_identification:_identify(src/slam_pkg) by extensions ['colcon_meta']
[0.169s] Level 1:colcon.colcon_core.package_identification:_identify(src/slam_pkg) by extension 'colcon_meta'
[0.169s] Level 1:colcon.colcon_core.package_identification:_identify(src/slam_pkg) by extensions ['ros']
[0.169s] Level 1:colcon.colcon_core.package_identification:_identify(src/slam_pkg) by extension 'ros'
[0.169s] DEBUG:colcon.colcon_core.package_identification:Package 'src/slam_pkg' with type 'ros.ament_python' and name 'slam_pkg'
[0.169s] Level 1:colcon.colcon_core.package_identification:_identify(src/twist_stamper-main) by extensions ['ignore', 'ignore_ament_install']
[0.169s] Level 1:colcon.colcon_core.package_identification:_identify(src/twist_stamper-main) by extension 'ignore'
[0.170s] Level 1:colcon.colcon_core.package_identification:_identify(src/twist_stamper-main) by extension 'ignore_ament_install'
[0.170s] Level 1:colcon.colcon_core.package_identification:_identify(src/twist_stamper-main) by extensions ['colcon_pkg']
[0.170s] Level 1:colcon.colcon_core.package_identification:_identify(src/twist_stamper-main) by extension 'colcon_pkg'
[0.170s] Level 1:colcon.colcon_core.package_identification:_identify(src/twist_stamper-main) by extensions ['colcon_meta']
[0.170s] Level 1:colcon.colcon_core.package_identification:_identify(src/twist_stamper-main) by extension 'colcon_meta'
[0.170s] Level 1:colcon.colcon_core.package_identification:_identify(src/twist_stamper-main) by extensions ['ros']
[0.170s] Level 1:colcon.colcon_core.package_identification:_identify(src/twist_stamper-main) by extension 'ros'
[0.170s] DEBUG:colcon.colcon_core.package_identification:Package 'src/twist_stamper-main' with type 'ros.ament_python' and name 'twist_stamper'
[0.170s] Level 1:colcon.colcon_core.package_discovery:discover_packages(recursive) using defaults
[0.170s] Level 1:colcon.colcon_core.package_discovery:discover_packages(ignore) discover
[0.170s] Level 1:colcon.colcon_core.package_discovery:discover_packages(ignore) using defaults
[0.170s] Level 1:colcon.colcon_core.package_discovery:discover_packages(path) discover
[0.170s] Level 1:colcon.colcon_core.package_discovery:discover_packages(path) using defaults
[0.186s] Level 1:colcon.colcon_core.package_discovery:discover_packages(prefix_path) check parameters
[0.186s] Level 1:colcon.colcon_core.package_discovery:discover_packages(prefix_path) discover
[0.190s] DEBUG:colcon.colcon_installed_package_information.package_discovery:Found 426 installed packages in /opt/ros/jazzy
[0.191s] Level 1:colcon.colcon_core.package_discovery:discover_packages(prefix_path) using defaults
[0.247s] Level 5:colcon.colcon_core.verb:set package 'nav_pkg' build argument 'cmake_args' from command line to 'None'
[0.247s] Level 5:colcon.colcon_core.verb:set package 'nav_pkg' build argument 'cmake_target' from command line to 'None'
[0.247s] Level 5:colcon.colcon_core.verb:set package 'nav_pkg' build argument 'cmake_target_skip_unavailable' from command line to 'False'
[0.247s] Level 5:colcon.colcon_core.verb:set package 'nav_pkg' build argument 'cmake_clean_cache' from command line to 'False'
[0.247s] Level 5:colcon.colcon_core.verb:set package 'nav_pkg' build argument 'cmake_clean_first' from command line to 'False'
[0.247s] Level 5:colcon.colcon_core.verb:set package 'nav_pkg' build argument 'cmake_force_configure' from command line to 'False'
[0.247s] Level 5:colcon.colcon_core.verb:set package 'nav_pkg' build argument 'ament_cmake_args' from command line to 'None'
[0.247s] Level 5:colcon.colcon_core.verb:set package 'nav_pkg' build argument 'catkin_cmake_args' from command line to 'None'
[0.247s] Level 5:colcon.colcon_core.verb:set package 'nav_pkg' build argument 'catkin_skip_building_tests' from command line to 'False'
[0.247s] DEBUG:colcon.colcon_core.verb:Building package 'nav_pkg' with the following arguments: {'ament_cmake_args': None, 'build_base': '/home/argo/Downloads/robot_wss/build/nav_pkg', 'catkin_cmake_args': None, 'catkin_skip_building_tests': False, 'cmake_args': None, 'cmake_clean_cache': False, 'cmake_clean_first': False, 'cmake_force_configure': False, 'cmake_target': None, 'cmake_target_skip_unavailable': False, 'install_base': '/home/argo/Downloads/robot_wss/install/nav_pkg', 'merge_install': False, 'path': '/home/argo/Downloads/robot_wss/src/nav_pkg', 'symlink_install': False, 'test_result_base': None}
[0.247s] Level 5:colcon.colcon_core.verb:set package 'robot_control_pkg' build argument 'cmake_args' from command line to 'None'
[0.247s] Level 5:colcon.colcon_core.verb:set package 'robot_control_pkg' build argument 'cmake_target' from command line to 'None'
[0.247s] Level 5:colcon.colcon_core.verb:set package 'robot_control_pkg' build argument 'cmake_target_skip_unavailable' from command line to 'False'
[0.247s] Level 5:colcon.colcon_core.verb:set package 'robot_control_pkg' build argument 'cmake_clean_cache' from command line to 'False'
[0.247s] Level 5:colcon.colcon_core.verb:set package 'robot_control_pkg' build argument 'cmake_clean_first' from command line to 'False'
[0.247s] Level 5:colcon.colcon_core.verb:set package 'robot_control_pkg' build argument 'cmake_force_configure' from command line to 'False'
[0.247s] Level 5:colcon.colcon_core.verb:set package 'robot_control_pkg' build argument 'ament_cmake_args' from command line to 'None'
[0.247s] Level 5:colcon.colcon_core.verb:set package 'robot_control_pkg' build argument 'catkin_cmake_args' from command line to 'None'
[0.247s] Level 5:colcon.colcon_core.verb:set package 'robot_control_pkg' build argument 'catkin_skip_building_tests' from command line to 'False'
[0.247s] DEBUG:colcon.colcon_core.verb:Building package 'robot_control_pkg' with the following arguments: {'ament_cmake_args': None, 'build_base': '/home/argo/Downloads/robot_wss/build/robot_control_pkg', 'catkin_cmake_args': None, 'catkin_skip_building_tests': False, 'cmake_args': None, 'cmake_clean_cache': False, 'cmake_clean_first': False, 'cmake_force_configure': False, 'cmake_target': None, 'cmake_target_skip_unavailable': False, 'install_base': '/home/argo/Downloads/robot_wss/install/robot_control_pkg', 'merge_install': False, 'path': '/home/argo/Downloads/robot_wss/src/robot_control_pkg', 'symlink_install': False, 'test_result_base': None}
[0.248s] Level 5:colcon.colcon_core.verb:set package 'rplidar_ros' build argument 'cmake_args' from command line to 'None'
[0.248s] Level 5:colcon.colcon_core.verb:set package 'rplidar_ros' build argument 'cmake_target' from command line to 'None'
[0.248s] Level 5:colcon.colcon_core.verb:set package 'rplidar_ros' build argument 'cmake_target_skip_unavailable' from command line to 'False'
[0.248s] Level 5:colcon.colcon_core.verb:set package 'rplidar_ros' build argument 'cmake_clean_cache' from command line to 'False'
[0.248s] Level 5:colcon.colcon_core.verb:set package 'rplidar_ros' build argument 'cmake_clean_first' from command line to 'False'
[0.248s] Level 5:colcon.colcon_core.verb:set package 'rplidar_ros' build argument 'cmake_force_configure' from command line to 'False'
[0.248s] Level 5:colcon.colcon_core.verb:set package 'rplidar_ros' build argument 'ament_cmake_args' from command line to 'None'
[0.248s] Level 5:colcon.colcon_core.verb:set package 'rplidar_ros' build argument 'catkin_cmake_args' from command line to 'None'
[0.248s] Level 5:colcon.colcon_core.verb:set package 'rplidar_ros' build argument 'catkin_skip_building_tests' from command line to 'False'
[0.248s] DEBUG:colcon.colcon_core.verb:Building package 'rplidar_ros' with the following arguments: {'ament_cmake_args': None, 'build_base': '/home/argo/Downloads/robot_wss/build/rplidar_ros', 'catkin_cmake_args': None, 'catkin_skip_building_tests': False, 'cmake_args': None, 'cmake_clean_cache': False, 'cmake_clean_first': False, 'cmake_force_configure': False, 'cmake_target': None, 'cmake_target_skip_unavailable': False, 'install_base': '/home/argo/Downloads/robot_wss/install/rplidar_ros', 'merge_install': False, 'path': '/home/argo/Downloads/robot_wss/src/rplidar_ros', 'symlink_install': False, 'test_result_base': None}
[0.248s] Level 5:colcon.colcon_core.verb:set package 'simulation_pkg' build argument 'cmake_args' from command line to 'None'
[0.248s] Level 5:colcon.colcon_core.verb:set package 'simulation_pkg' build argument 'cmake_target' from command line to 'None'
[0.248s] Level 5:colcon.colcon_core.verb:set package 'simulation_pkg' build argument 'cmake_target_skip_unavailable' from command line to 'False'
[0.248s] Level 5:colcon.colcon_core.verb:set package 'simulation_pkg' build argument 'cmake_clean_cache' from command line to 'False'
[0.248s] Level 5:colcon.colcon_core.verb:set package 'simulation_pkg' build argument 'cmake_clean_first' from command line to 'False'
[0.248s] Level 5:colcon.colcon_core.verb:set package 'simulation_pkg' build argument 'cmake_force_configure' from command line to 'False'
[0.248s] Level 5:colcon.colcon_core.verb:set package 'simulation_pkg' build argument 'ament_cmake_args' from command line to 'None'
[0.248s] Level 5:colcon.colcon_core.verb:set package 'simulation_pkg' build argument 'catkin_cmake_args' from command line to 'None'
[0.248s] Level 5:colcon.colcon_core.verb:set package 'simulation_pkg' build argument 'catkin_skip_building_tests' from command line to 'False'
[0.248s] DEBUG:colcon.colcon_core.verb:Building package 'simulation_pkg' with the following arguments: {'ament_cmake_args': None, 'build_base': '/home/argo/Downloads/robot_wss/build/simulation_pkg', 'catkin_cmake_args': None, 'catkin_skip_building_tests': False, 'cmake_args': None, 'cmake_clean_cache': False, 'cmake_clean_first': False, 'cmake_force_configure': False, 'cmake_target': None, 'cmake_target_skip_unavailable': False, 'install_base': '/home/argo/Downloads/robot_wss/install/simulation_pkg', 'merge_install': False, 'path': '/home/argo/Downloads/robot_wss/src/simulation_pkg', 'symlink_install': False, 'test_result_base': None}
[0.249s] Level 5:colcon.colcon_core.verb:set package 'slam_pkg' build argument 'cmake_args' from command line to 'None'
[0.249s] Level 5:colcon.colcon_core.verb:set package 'slam_pkg' build argument 'cmake_target' from command line to 'None'
[0.249s] Level 5:colcon.colcon_core.verb:set package 'slam_pkg' build argument 'cmake_target_skip_unavailable' from command line to 'False'
[0.249s] Level 5:colcon.colcon_core.verb:set package 'slam_pkg' build argument 'cmake_clean_cache' from command line to 'False'
[0.249s] Level 5:colcon.colcon_core.verb:set package 'slam_pkg' build argument 'cmake_clean_first' from command line to 'False'
[0.249s] Level 5:colcon.colcon_core.verb:set package 'slam_pkg' build argument 'cmake_force_configure' from command line to 'False'
[0.249s] Level 5:colcon.colcon_core.verb:set package 'slam_pkg' build argument 'ament_cmake_args' from command line to 'None'
[0.249s] Level 5:colcon.colcon_core.verb:set package 'slam_pkg' build argument 'catkin_cmake_args' from command line to 'None'
[0.249s] Level 5:colcon.colcon_core.verb:set package 'slam_pkg' build argument 'catkin_skip_building_tests' from command line to 'False'
[0.249s] DEBUG:colcon.colcon_core.verb:Building package 'slam_pkg' with the following arguments: {'ament_cmake_args': None, 'build_base': '/home/argo/Downloads/robot_wss/build/slam_pkg', 'catkin_cmake_args': None, 'catkin_skip_building_tests': False, 'cmake_args': None, 'cmake_clean_cache': False, 'cmake_clean_first': False, 'cmake_force_configure': False, 'cmake_target': None, 'cmake_target_skip_unavailable': False, 'install_base': '/home/argo/Downloads/robot_wss/install/slam_pkg', 'merge_install': False, 'path': '/home/argo/Downloads/robot_wss/src/slam_pkg', 'symlink_install': False, 'test_result_base': None}
[0.249s] Level 5:colcon.colcon_core.verb:set package 'twist_stamper' build argument 'cmake_args' from command line to 'None'
[0.249s] Level 5:colcon.colcon_core.verb:set package 'twist_stamper' build argument 'cmake_target' from command line to 'None'
[0.249s] Level 5:colcon.colcon_core.verb:set package 'twist_stamper' build argument 'cmake_target_skip_unavailable' from command line to 'False'
[0.249s] Level 5:colcon.colcon_core.verb:set package 'twist_stamper' build argument 'cmake_clean_cache' from command line to 'False'
[0.249s] Level 5:colcon.colcon_core.verb:set package 'twist_stamper' build argument 'cmake_clean_first' from command line to 'False'
[0.249s] Level 5:colcon.colcon_core.verb:set package 'twist_stamper' build argument 'cmake_force_configure' from command line to 'False'
[0.249s] Level 5:colcon.colcon_core.verb:set package 'twist_stamper' build argument 'ament_cmake_args' from command line to 'None'
[0.249s] Level 5:colcon.colcon_core.verb:set package 'twist_stamper' build argument 'catkin_cmake_args' from command line to 'None'
[0.249s] Level 5:colcon.colcon_core.verb:set package 'twist_stamper' build argument 'catkin_skip_building_tests' from command line to 'False'
[0.249s] DEBUG:colcon.colcon_core.verb:Building package 'twist_stamper' with the following arguments: {'ament_cmake_args': None, 'build_base': '/home/argo/Downloads/robot_wss/build/twist_stamper', 'catkin_cmake_args': None, 'catkin_skip_building_tests': False, 'cmake_args': None, 'cmake_clean_cache': False, 'cmake_clean_first': False, 'cmake_force_configure': False, 'cmake_target': None, 'cmake_target_skip_unavailable': False, 'install_base': '/home/argo/Downloads/robot_wss/install/twist_stamper', 'merge_install': False, 'path': '/home/argo/Downloads/robot_wss/src/twist_stamper-main', 'symlink_install': False, 'test_result_base': None}
[0.249s] INFO:colcon.colcon_core.executor:Executing jobs using 'parallel' executor
[0.250s] DEBUG:colcon.colcon_parallel_executor.executor.parallel:run_until_complete
[0.250s] INFO:colcon.colcon_ros.task.ament_python.build:Building ROS package in '/home/argo/Downloads/robot_wss/src/nav_pkg' with build type 'ament_python'
[0.250s] Level 1:colcon.colcon_core.shell:create_environment_hook('nav_pkg', 'ament_prefix_path')
[0.252s] INFO:colcon.colcon_core.plugin_system:Skipping extension 'colcon_core.shell.bat': Not used on non-Windows systems
[0.252s] INFO:colcon.colcon_core.shell:Creating environment hook '/home/argo/Downloads/robot_wss/install/nav_pkg/share/nav_pkg/hook/ament_prefix_path.ps1'
[0.253s] INFO:colcon.colcon_core.shell:Creating environment descriptor '/home/argo/Downloads/robot_wss/install/nav_pkg/share/nav_pkg/hook/ament_prefix_path.dsv'
[0.253s] INFO:colcon.colcon_core.shell:Creating environment hook '/home/argo/Downloads/robot_wss/install/nav_pkg/share/nav_pkg/hook/ament_prefix_path.sh'
[0.254s] INFO:colcon.colcon_core.shell:Skip shell extension 'powershell' for command environment: Not usable outside of PowerShell
[0.254s] DEBUG:colcon.colcon_core.shell:Skip shell extension 'dsv' for command environment
[0.259s] INFO:colcon.colcon_ros.task.ament_cmake.build:Building ROS package in '/home/argo/Downloads/robot_wss/src/robot_control_pkg' with build type 'ament_cmake'
[0.259s] INFO:colcon.colcon_cmake.task.cmake.build:Building CMake package in '/home/argo/Downloads/robot_wss/src/robot_control_pkg'
[0.259s] INFO:colcon.colcon_core.shell:Skip shell extension 'powershell' for command environment: Not usable outside of PowerShell
[0.259s] DEBUG:colcon.colcon_core.shell:Skip shell extension 'dsv' for command environment
[0.264s] INFO:colcon.colcon_ros.task.ament_cmake.build:Building ROS package in '/home/argo/Downloads/robot_wss/src/rplidar_ros' with build type 'ament_cmake'
[0.264s] INFO:colcon.colcon_cmake.task.cmake.build:Building CMake package in '/home/argo/Downloads/robot_wss/src/rplidar_ros'
[0.264s] INFO:colcon.colcon_core.shell:Skip shell extension 'powershell' for command environment: Not usable outside of PowerShell
[0.264s] DEBUG:colcon.colcon_core.shell:Skip shell extension 'dsv' for command environment
[0.268s] INFO:colcon.colcon_ros.task.ament_python.build:Building ROS package in '/home/argo/Downloads/robot_wss/src/simulation_pkg' with build type 'ament_python'
[0.268s] Level 1:colcon.colcon_core.shell:create_environment_hook('simulation_pkg', 'ament_prefix_path')
[0.268s] INFO:colcon.colcon_core.shell:Creating environment hook '/home/argo/Downloads/robot_wss/install/simulation_pkg/share/simulation_pkg/hook/ament_prefix_path.ps1'
[0.269s] INFO:colcon.colcon_core.shell:Creating environment descriptor '/home/argo/Downloads/robot_wss/install/simulation_pkg/share/simulation_pkg/hook/ament_prefix_path.dsv'
[0.269s] INFO:colcon.colcon_core.shell:Creating environment hook '/home/argo/Downloads/robot_wss/install/simulation_pkg/share/simulation_pkg/hook/ament_prefix_path.sh'
[0.269s] INFO:colcon.colcon_core.shell:Skip shell extension 'powershell' for command environment: Not usable outside of PowerShell
[0.269s] DEBUG:colcon.colcon_core.shell:Skip shell extension 'dsv' for command environment
[0.477s] INFO:colcon.colcon_core.task.python.build:Building Python package in '/home/argo/Downloads/robot_wss/src/nav_pkg'
[0.477s] INFO:colcon.colcon_core.shell:Skip shell extension 'powershell' for command environment: Not usable outside of PowerShell
[0.477s] DEBUG:colcon.colcon_core.shell:Skip shell extension 'dsv' for command environment
[0.483s] DEBUG:colcon.colcon_core.event_handler.log_command:Invoking command in '/home/argo/Downloads/robot_wss/build/robot_control_pkg': CMAKE_PREFIX_PATH=${CMAKE_PREFIX_PATH}:/opt/ros/jazzy DEBUGINFOD_URLS=https://debuginfod.ubuntu.com /usr/bin/cmake --build /home/argo/Downloads/robot_wss/build/robot_control_pkg -- -j4 -l4
[0.486s] DEBUG:colcon.colcon_core.event_handler.log_command:Invoking command in '/home/argo/Downloads/robot_wss/build/rplidar_ros': CMAKE_PREFIX_PATH=${CMAKE_PREFIX_PATH}:/opt/ros/jazzy DEBUGINFOD_URLS=https://debuginfod.ubuntu.com /usr/bin/cmake --build /home/argo/Downloads/robot_wss/build/rplidar_ros -- -j4 -l4
[0.716s] INFO:colcon.colcon_core.task.python.build:Building Python package in '/home/argo/Downloads/robot_wss/src/simulation_pkg'
[0.716s] INFO:colcon.colcon_core.shell:Skip shell extension 'powershell' for command environment: Not usable outside of PowerShell
[0.716s] DEBUG:colcon.colcon_core.shell:Skip shell extension 'dsv' for command environment
[0.722s] DEBUG:colcon.colcon_core.event_handler.log_command:Invoked command in '/home/argo/Downloads/robot_wss/build/robot_control_pkg' returned '0': CMAKE_PREFIX_PATH=${CMAKE_PREFIX_PATH}:/opt/ros/jazzy DEBUGINFOD_URLS=https://debuginfod.ubuntu.com /usr/bin/cmake --build /home/argo/Downloads/robot_wss/build/robot_control_pkg -- -j4 -l4
[0.732s] DEBUG:colcon.colcon_core.event_handler.log_command:Invoking command in '/home/argo/Downloads/robot_wss/build/robot_control_pkg': CMAKE_PREFIX_PATH=${CMAKE_PREFIX_PATH}:/opt/ros/jazzy DEBUGINFOD_URLS=https://debuginfod.ubuntu.com /usr/bin/cmake --install /home/argo/Downloads/robot_wss/build/robot_control_pkg
[0.733s] DEBUG:colcon.colcon_core.event_handler.log_command:Invoked command in '/home/argo/Downloads/robot_wss/build/rplidar_ros' returned '0': CMAKE_PREFIX_PATH=${CMAKE_PREFIX_PATH}:/opt/ros/jazzy DEBUGINFOD_URLS=https://debuginfod.ubuntu.com /usr/bin/cmake --build /home/argo/Downloads/robot_wss/build/rplidar_ros -- -j4 -l4
[0.733s] DEBUG:colcon.colcon_core.event_handler.log_command:Invoking command in '/home/argo/Downloads/robot_wss/build/rplidar_ros': CMAKE_PREFIX_PATH=${CMAKE_PREFIX_PATH}:/opt/ros/jazzy DEBUGINFOD_URLS=https://debuginfod.ubuntu.com /usr/bin/cmake --install /home/argo/Downloads/robot_wss/build/rplidar_ros
[0.749s] Level 1:colcon.colcon_core.environment:create_environment_scripts_only(rplidar_ros)
[0.753s] Level 1:colcon.colcon_core.environment:checking '/home/argo/Downloads/robot_wss/install/rplidar_ros' for CMake module files
[0.754s] Level 1:colcon.colcon_core.environment:checking '/home/argo/Downloads/robot_wss/install/rplidar_ros' for CMake config files
[0.754s] Level 1:colcon.colcon_core.shell:create_environment_hook('rplidar_ros', 'cmake_prefix_path')
[0.754s] INFO:colcon.colcon_core.shell:Creating environment hook '/home/argo/Downloads/robot_wss/install/rplidar_ros/share/rplidar_ros/hook/cmake_prefix_path.ps1'
[0.757s] DEBUG:colcon.colcon_core.event_handler.log_command:Invoked command in '/home/argo/Downloads/robot_wss/build/rplidar_ros' returned '0': CMAKE_PREFIX_PATH=${CMAKE_PREFIX_PATH}:/opt/ros/jazzy DEBUGINFOD_URLS=https://debuginfod.ubuntu.com /usr/bin/cmake --install /home/argo/Downloads/robot_wss/build/rplidar_ros
[0.757s] INFO:colcon.colcon_core.shell:Creating environment descriptor '/home/argo/Downloads/robot_wss/install/rplidar_ros/share/rplidar_ros/hook/cmake_prefix_path.dsv'
[0.757s] INFO:colcon.colcon_core.shell:Creating environment hook '/home/argo/Downloads/robot_wss/install/rplidar_ros/share/rplidar_ros/hook/cmake_prefix_path.sh'
[0.758s] Level 1:colcon.colcon_core.environment:checking '/home/argo/Downloads/robot_wss/install/rplidar_ros/lib'
[0.758s] Level 1:colcon.colcon_core.environment:checking '/home/argo/Downloads/robot_wss/install/rplidar_ros/bin'
[0.758s] Level 1:colcon.colcon_core.environment:checking '/home/argo/Downloads/robot_wss/install/rplidar_ros/lib/pkgconfig/rplidar_ros.pc'
[0.758s] Level 1:colcon.colcon_core.environment:checking '/home/argo/Downloads/robot_wss/install/rplidar_ros/lib/python3.12/site-packages'
[0.758s] Level 1:colcon.colcon_core.environment:checking '/home/argo/Downloads/robot_wss/install/rplidar_ros/bin'
[0.759s] INFO:colcon.colcon_core.shell:Creating package script '/home/argo/Downloads/robot_wss/install/rplidar_ros/share/rplidar_ros/package.ps1'
[0.759s] INFO:colcon.colcon_core.shell:Creating package descriptor '/home/argo/Downloads/robot_wss/install/rplidar_ros/share/rplidar_ros/package.dsv'
[0.761s] INFO:colcon.colcon_core.shell:Creating package script '/home/argo/Downloads/robot_wss/install/rplidar_ros/share/rplidar_ros/package.sh'
[0.762s] INFO:colcon.colcon_core.shell:Creating package script '/home/argo/Downloads/robot_wss/install/rplidar_ros/share/rplidar_ros/package.bash'
[0.762s] INFO:colcon.colcon_core.shell:Creating package script '/home/argo/Downloads/robot_wss/install/rplidar_ros/share/rplidar_ros/package.zsh'
[0.763s] Level 1:colcon.colcon_core.environment:create_file_with_runtime_dependencies(/home/argo/Downloads/robot_wss/install/rplidar_ros/share/colcon-core/packages/rplidar_ros)
[0.763s] Level 1:colcon.colcon_core.environment:create_environment_scripts_only(rplidar_ros)
[0.763s] Level 1:colcon.colcon_core.environment:checking '/home/argo/Downloads/robot_wss/install/rplidar_ros' for CMake module files
[0.766s] Level 1:colcon.colcon_core.environment:checking '/home/argo/Downloads/robot_wss/install/rplidar_ros' for CMake config files
[0.766s] Level 1:colcon.colcon_core.shell:create_environment_hook('rplidar_ros', 'cmake_prefix_path')
[0.767s] INFO:colcon.colcon_core.shell:Creating environment hook '/home/argo/Downloads/robot_wss/install/rplidar_ros/share/rplidar_ros/hook/cmake_prefix_path.ps1'
[0.767s] INFO:colcon.colcon_core.shell:Creating environment descriptor '/home/argo/Downloads/robot_wss/install/rplidar_ros/share/rplidar_ros/hook/cmake_prefix_path.dsv'
[0.767s] INFO:colcon.colcon_core.shell:Creating environment hook '/home/argo/Downloads/robot_wss/install/rplidar_ros/share/rplidar_ros/hook/cmake_prefix_path.sh'
[0.768s] Level 1:colcon.colcon_core.environment:checking '/home/argo/Downloads/robot_wss/install/rplidar_ros/lib'
[0.768s] Level 1:colcon.colcon_core.environment:checking '/home/argo/Downloads/robot_wss/install/rplidar_ros/bin'
[0.768s] Level 1:colcon.colcon_core.environment:checking '/home/argo/Downloads/robot_wss/install/rplidar_ros/lib/pkgconfig/rplidar_ros.pc'
[0.768s] Level 1:colcon.colcon_core.environment:checking '/home/argo/Downloads/robot_wss/install/rplidar_ros/lib/python3.12/site-packages'
[0.769s] Level 1:colcon.colcon_core.environment:checking '/home/argo/Downloads/robot_wss/install/rplidar_ros/bin'
[0.769s] INFO:colcon.colcon_core.shell:Creating package script '/home/argo/Downloads/robot_wss/install/rplidar_ros/share/rplidar_ros/package.ps1'
[0.770s] INFO:colcon.colcon_core.shell:Creating package descriptor '/home/argo/Downloads/robot_wss/install/rplidar_ros/share/rplidar_ros/package.dsv'
[0.771s] INFO:colcon.colcon_core.shell:Creating package script '/home/argo/Downloads/robot_wss/install/rplidar_ros/share/rplidar_ros/package.sh'
[0.771s] INFO:colcon.colcon_core.shell:Creating package script '/home/argo/Downloads/robot_wss/install/rplidar_ros/share/rplidar_ros/package.bash'
[0.771s] INFO:colcon.colcon_core.shell:Creating package script '/home/argo/Downloads/robot_wss/install/rplidar_ros/share/rplidar_ros/package.zsh'
[0.772s] Level 1:colcon.colcon_core.environment:create_file_with_runtime_dependencies(/home/argo/Downloads/robot_wss/install/rplidar_ros/share/colcon-core/packages/rplidar_ros)
[0.772s] INFO:colcon.colcon_ros.task.ament_python.build:Building ROS package in '/home/argo/Downloads/robot_wss/src/slam_pkg' with build type 'ament_python'
[0.772s] Level 1:colcon.colcon_core.shell:create_environment_hook('slam_pkg', 'ament_prefix_path')
[0.772s] INFO:colcon.colcon_core.shell:Creating environment hook '/home/argo/Downloads/robot_wss/install/slam_pkg/share/slam_pkg/hook/ament_prefix_path.ps1'
[0.773s] INFO:colcon.colcon_core.shell:Creating environment descriptor '/home/argo/Downloads/robot_wss/install/slam_pkg/share/slam_pkg/hook/ament_prefix_path.dsv'
[0.773s] INFO:colcon.colcon_core.shell:Creating environment hook '/home/argo/Downloads/robot_wss/install/slam_pkg/share/slam_pkg/hook/ament_prefix_path.sh'
[0.774s] INFO:colcon.colcon_core.shell:Skip shell extension 'powershell' for command environment: Not usable outside of PowerShell
[0.774s] DEBUG:colcon.colcon_core.shell:Skip shell extension 'dsv' for command environment
[0.780s] Level 1:colcon.colcon_core.environment:create_environment_scripts_only(robot_control_pkg)
[0.780s] Level 1:colcon.colcon_core.environment:checking '/home/argo/Downloads/robot_wss/install/robot_control_pkg' for CMake module files
[0.781s] Level 1:colcon.colcon_core.environment:checking '/home/argo/Downloads/robot_wss/install/robot_control_pkg' for CMake config files
[0.781s] Level 1:colcon.colcon_core.shell:create_environment_hook('robot_control_pkg', 'cmake_prefix_path')
[0.781s] INFO:colcon.colcon_core.shell:Creating environment hook '/home/argo/Downloads/robot_wss/install/robot_control_pkg/share/robot_control_pkg/hook/cmake_prefix_path.ps1'
[0.781s] INFO:colcon.colcon_core.shell:Creating environment descriptor '/home/argo/Downloads/robot_wss/install/robot_control_pkg/share/robot_control_pkg/hook/cmake_prefix_path.dsv'
[0.782s] DEBUG:colcon.colcon_core.event_handler.log_command:Invoked command in '/home/argo/Downloads/robot_wss/build/robot_control_pkg' returned '0': CMAKE_PREFIX_PATH=${CMAKE_PREFIX_PATH}:/opt/ros/jazzy DEBUGINFOD_URLS=https://debuginfod.ubuntu.com /usr/bin/cmake --install /home/argo/Downloads/robot_wss/build/robot_control_pkg
[0.784s] INFO:colcon.colcon_core.shell:Creating environment hook '/home/argo/Downloads/robot_wss/install/robot_control_pkg/share/robot_control_pkg/hook/cmake_prefix_path.sh'
[0.784s] Level 1:colcon.colcon_core.environment:checking '/home/argo/Downloads/robot_wss/install/robot_control_pkg/lib'
[0.785s] Level 1:colcon.colcon_core.shell:create_environment_hook('robot_control_pkg', 'ld_library_path_lib')
[0.785s] INFO:colcon.colcon_core.shell:Creating environment hook '/home/argo/Downloads/robot_wss/install/robot_control_pkg/share/robot_control_pkg/hook/ld_library_path_lib.ps1'
[0.785s] INFO:colcon.colcon_core.shell:Creating environment descriptor '/home/argo/Downloads/robot_wss/install/robot_control_pkg/share/robot_control_pkg/hook/ld_library_path_lib.dsv'
[0.786s] INFO:colcon.colcon_core.shell:Creating environment hook '/home/argo/Downloads/robot_wss/install/robot_control_pkg/share/robot_control_pkg/hook/ld_library_path_lib.sh'
[0.786s] Level 1:colcon.colcon_core.environment:checking '/home/argo/Downloads/robot_wss/install/robot_control_pkg/bin'
[0.786s] Level 1:colcon.colcon_core.environment:checking '/home/argo/Downloads/robot_wss/install/robot_control_pkg/lib/pkgconfig/robot_control_pkg.pc'
[0.786s] Level 1:colcon.colcon_core.environment:checking '/home/argo/Downloads/robot_wss/install/robot_control_pkg/lib/python3.12/site-packages'
[0.787s] Level 1:colcon.colcon_core.environment:checking '/home/argo/Downloads/robot_wss/install/robot_control_pkg/bin'
[0.787s] INFO:colcon.colcon_core.shell:Creating package script '/home/argo/Downloads/robot_wss/install/robot_control_pkg/share/robot_control_pkg/package.ps1'
[0.787s] INFO:colcon.colcon_core.shell:Creating package descriptor '/home/argo/Downloads/robot_wss/install/robot_control_pkg/share/robot_control_pkg/package.dsv'
[0.788s] INFO:colcon.colcon_core.shell:Creating package script '/home/argo/Downloads/robot_wss/install/robot_control_pkg/share/robot_control_pkg/package.sh'
[0.788s] INFO:colcon.colcon_core.shell:Creating package script '/home/argo/Downloads/robot_wss/install/robot_control_pkg/share/robot_control_pkg/package.bash'
[0.789s] INFO:colcon.colcon_core.shell:Creating package script '/home/argo/Downloads/robot_wss/install/robot_control_pkg/share/robot_control_pkg/package.zsh'
[0.789s] Level 1:colcon.colcon_core.environment:create_file_with_runtime_dependencies(/home/argo/Downloads/robot_wss/install/robot_control_pkg/share/colcon-core/packages/robot_control_pkg)
[0.790s] Level 1:colcon.colcon_core.environment:create_environment_scripts_only(robot_control_pkg)
[0.790s] Level 1:colcon.colcon_core.environment:checking '/home/argo/Downloads/robot_wss/install/robot_control_pkg' for CMake module files
[0.790s] Level 1:colcon.colcon_core.environment:checking '/home/argo/Downloads/robot_wss/install/robot_control_pkg' for CMake config files
[0.790s] Level 1:colcon.colcon_core.shell:create_environment_hook('robot_control_pkg', 'cmake_prefix_path')
[0.791s] INFO:colcon.colcon_core.shell:Creating environment hook '/home/argo/Downloads/robot_wss/install/robot_control_pkg/share/robot_control_pkg/hook/cmake_prefix_path.ps1'
[0.791s] INFO:colcon.colcon_core.shell:Creating environment descriptor '/home/argo/Downloads/robot_wss/install/robot_control_pkg/share/robot_control_pkg/hook/cmake_prefix_path.dsv'
[0.791s] INFO:colcon.colcon_core.shell:Creating environment hook '/home/argo/Downloads/robot_wss/install/robot_control_pkg/share/robot_control_pkg/hook/cmake_prefix_path.sh'
[0.792s] Level 1:colcon.colcon_core.environment:checking '/home/argo/Downloads/robot_wss/install/robot_control_pkg/lib'
[0.792s] Level 1:colcon.colcon_core.shell:create_environment_hook('robot_control_pkg', 'ld_library_path_lib')
[0.792s] INFO:colcon.colcon_core.shell:Creating environment hook '/home/argo/Downloads/robot_wss/install/robot_control_pkg/share/robot_control_pkg/hook/ld_library_path_lib.ps1'
[0.793s] INFO:colcon.colcon_core.shell:Creating environment descriptor '/home/argo/Downloads/robot_wss/install/robot_control_pkg/share/robot_control_pkg/hook/ld_library_path_lib.dsv'
[0.793s] INFO:colcon.colcon_core.shell:Creating environment hook '/home/argo/Downloads/robot_wss/install/robot_control_pkg/share/robot_control_pkg/hook/ld_library_path_lib.sh'
[0.793s] Level 1:colcon.colcon_core.environment:checking '/home/argo/Downloads/robot_wss/install/robot_control_pkg/bin'
[0.794s] Level 1:colcon.colcon_core.environment:checking '/home/argo/Downloads/robot_wss/install/robot_control_pkg/lib/pkgconfig/robot_control_pkg.pc'
[0.794s] Level 1:colcon.colcon_core.environment:checking '/home/argo/Downloads/robot_wss/install/robot_control_pkg/lib/python3.12/site-packages'
[0.794s] Level 1:colcon.colcon_core.environment:checking '/home/argo/Downloads/robot_wss/install/robot_control_pkg/bin'
[0.794s] INFO:colcon.colcon_core.shell:Creating package script '/home/argo/Downloads/robot_wss/install/robot_control_pkg/share/robot_control_pkg/package.ps1'
[0.795s] INFO:colcon.colcon_core.shell:Creating package descriptor '/home/argo/Downloads/robot_wss/install/robot_control_pkg/share/robot_control_pkg/package.dsv'
[0.796s] INFO:colcon.colcon_core.shell:Creating package script '/home/argo/Downloads/robot_wss/install/robot_control_pkg/share/robot_control_pkg/package.sh'
[0.796s] INFO:colcon.colcon_core.shell:Creating package script '/home/argo/Downloads/robot_wss/install/robot_control_pkg/share/robot_control_pkg/package.bash'
[0.796s] INFO:colcon.colcon_core.shell:Creating package script '/home/argo/Downloads/robot_wss/install/robot_control_pkg/share/robot_control_pkg/package.zsh'
[0.797s] Level 1:colcon.colcon_core.environment:create_file_with_runtime_dependencies(/home/argo/Downloads/robot_wss/install/robot_control_pkg/share/colcon-core/packages/robot_control_pkg)
[0.797s] INFO:colcon.colcon_ros.task.ament_python.build:Building ROS package in '/home/argo/Downloads/robot_wss/src/twist_stamper-main' with build type 'ament_python'
[0.798s] Level 1:colcon.colcon_core.shell:create_environment_hook('twist_stamper', 'ament_prefix_path')
[0.798s] INFO:colcon.colcon_core.shell:Creating environment hook '/home/argo/Downloads/robot_wss/install/twist_stamper/share/twist_stamper/hook/ament_prefix_path.ps1'
[0.798s] INFO:colcon.colcon_core.shell:Creating environment descriptor '/home/argo/Downloads/robot_wss/install/twist_stamper/share/twist_stamper/hook/ament_prefix_path.dsv'
[0.799s] INFO:colcon.colcon_core.shell:Creating environment hook '/home/argo/Downloads/robot_wss/install/twist_stamper/share/twist_stamper/hook/ament_prefix_path.sh'
[0.799s] INFO:colcon.colcon_core.shell:Skip shell extension 'powershell' for command environment: Not usable outside of PowerShell
[0.799s] DEBUG:colcon.colcon_core.shell:Skip shell extension 'dsv' for command environment
[1.032s] INFO:colcon.colcon_core.task.python.build:Building Python package in '/home/argo/Downloads/robot_wss/src/slam_pkg'
[1.033s] INFO:colcon.colcon_core.shell:Skip shell extension 'powershell' for command environment: Not usable outside of PowerShell
[1.033s] DEBUG:colcon.colcon_core.shell:Skip shell extension 'dsv' for command environment
[1.251s] INFO:colcon.colcon_core.task.python.build:Building Python package in '/home/argo/Downloads/robot_wss/src/twist_stamper-main'
[1.252s] INFO:colcon.colcon_core.shell:Skip shell extension 'powershell' for command environment: Not usable outside of PowerShell
[1.252s] DEBUG:colcon.colcon_core.shell:Skip shell extension 'dsv' for command environment
[1.336s] DEBUG:colcon.colcon_core.event_handler.log_command:Invoking command in '/home/argo/Downloads/robot_wss/src/nav_pkg': DEBUGINFOD_URLS=https://debuginfod.ubuntu.com PYTHONPATH=/home/argo/Downloads/robot_wss/build/nav_pkg/prefix_override:/usr/lib/python3/dist-packages/colcon_core/task/python/colcon_distutils_commands:/home/argo/Downloads/robot_wss/install/nav_pkg/lib/python3.12/site-packages:${PYTHONPATH} /usr/bin/python3 -W ignore:setup.py install is deprecated -W ignore:easy_install command is deprecated setup.py egg_info --egg-base ../../build/nav_pkg build --build-base /home/argo/Downloads/robot_wss/build/nav_pkg/build install --record /home/argo/Downloads/robot_wss/build/nav_pkg/install.log --single-version-externally-managed install_data
[1.341s] DEBUG:colcon.colcon_core.event_handler.log_command:Invoking command in '/home/argo/Downloads/robot_wss/src/simulation_pkg': DEBUGINFOD_URLS=https://debuginfod.ubuntu.com PYTHONPATH=/home/argo/Downloads/robot_wss/build/simulation_pkg/prefix_override:/usr/lib/python3/dist-packages/colcon_core/task/python/colcon_distutils_commands:/home/argo/Downloads/robot_wss/install/simulation_pkg/lib/python3.12/site-packages:${PYTHONPATH} /usr/bin/python3 -W ignore:setup.py install is deprecated -W ignore:easy_install command is deprecated setup.py egg_info --egg-base ../../build/simulation_pkg build --build-base /home/argo/Downloads/robot_wss/build/simulation_pkg/build install --record /home/argo/Downloads/robot_wss/build/simulation_pkg/install.log --single-version-externally-managed install_data
[1.849s] DEBUG:colcon.colcon_core.event_handler.log_command:Invoking command in '/home/argo/Downloads/robot_wss/src/slam_pkg': DEBUGINFOD_URLS=https://debuginfod.ubuntu.com PYTHONPATH=/home/argo/Downloads/robot_wss/build/slam_pkg/prefix_override:/usr/lib/python3/dist-packages/colcon_core/task/python/colcon_distutils_commands:/home/argo/Downloads/robot_wss/install/slam_pkg/lib/python3.12/site-packages:${PYTHONPATH} /usr/bin/python3 -W ignore:setup.py install is deprecated -W ignore:easy_install command is deprecated setup.py egg_info --egg-base ../../build/slam_pkg build --build-base /home/argo/Downloads/robot_wss/build/slam_pkg/build install --record /home/argo/Downloads/robot_wss/build/slam_pkg/install.log --single-version-externally-managed install_data
[1.941s] Level 1:colcon.colcon_core.environment:checking '/home/argo/Downloads/robot_wss/install/simulation_pkg' for CMake module files
[1.942s] Level 1:colcon.colcon_core.environment:checking '/home/argo/Downloads/robot_wss/install/simulation_pkg' for CMake config files
[1.943s] Level 1:colcon.colcon_core.environment:checking '/home/argo/Downloads/robot_wss/install/simulation_pkg/lib'
[1.943s] Level 1:colcon.colcon_core.environment:checking '/home/argo/Downloads/robot_wss/install/simulation_pkg/bin'
[1.943s] DEBUG:colcon.colcon_core.event_handler.log_command:Invoked command in '/home/argo/Downloads/robot_wss/src/simulation_pkg' returned '0': DEBUGINFOD_URLS=https://debuginfod.ubuntu.com PYTHONPATH=/home/argo/Downloads/robot_wss/build/simulation_pkg/prefix_override:/usr/lib/python3/dist-packages/colcon_core/task/python/colcon_distutils_commands:/home/argo/Downloads/robot_wss/install/simulation_pkg/lib/python3.12/site-packages:${PYTHONPATH} /usr/bin/python3 -W ignore:setup.py install is deprecated -W ignore:easy_install command is deprecated setup.py egg_info --egg-base ../../build/simulation_pkg build --build-base /home/argo/Downloads/robot_wss/build/simulation_pkg/build install --record /home/argo/Downloads/robot_wss/build/simulation_pkg/install.log --single-version-externally-managed install_data
[1.943s] Level 1:colcon.colcon_core.environment:checking '/home/argo/Downloads/robot_wss/install/simulation_pkg/lib/pkgconfig/simulation_pkg.pc'
[1.943s] Level 1:colcon.colcon_core.environment:checking '/home/argo/Downloads/robot_wss/install/simulation_pkg/lib/python3.12/site-packages'
[1.943s] Level 1:colcon.colcon_core.shell:create_environment_hook('simulation_pkg', 'pythonpath')
[1.944s] INFO:colcon.colcon_core.shell:Creating environment hook '/home/argo/Downloads/robot_wss/install/simulation_pkg/share/simulation_pkg/hook/pythonpath.ps1'
[1.944s] INFO:colcon.colcon_core.shell:Creating environment descriptor '/home/argo/Downloads/robot_wss/install/simulation_pkg/share/simulation_pkg/hook/pythonpath.dsv'
[1.944s] INFO:colcon.colcon_core.shell:Creating environment hook '/home/argo/Downloads/robot_wss/install/simulation_pkg/share/simulation_pkg/hook/pythonpath.sh'
[1.945s] Level 1:colcon.colcon_core.environment:checking '/home/argo/Downloads/robot_wss/install/simulation_pkg/bin'
[1.945s] Level 1:colcon.colcon_core.environment:create_environment_scripts_only(simulation_pkg)
[1.945s] INFO:colcon.colcon_core.shell:Creating package script '/home/argo/Downloads/robot_wss/install/simulation_pkg/share/simulation_pkg/package.ps1'
[1.946s] INFO:colcon.colcon_core.shell:Creating package descriptor '/home/argo/Downloads/robot_wss/install/simulation_pkg/share/simulation_pkg/package.dsv'
[1.947s] INFO:colcon.colcon_core.shell:Creating package script '/home/argo/Downloads/robot_wss/install/simulation_pkg/share/simulation_pkg/package.sh'
[1.947s] INFO:colcon.colcon_core.shell:Creating package script '/home/argo/Downloads/robot_wss/install/simulation_pkg/share/simulation_pkg/package.bash'
[1.947s] INFO:colcon.colcon_core.shell:Creating package script '/home/argo/Downloads/robot_wss/install/simulation_pkg/share/simulation_pkg/package.zsh'
[1.947s] Level 1:colcon.colcon_core.environment:create_file_with_runtime_dependencies(/home/argo/Downloads/robot_wss/install/simulation_pkg/share/colcon-core/packages/simulation_pkg)
[1.953s] DEBUG:colcon.colcon_core.event_handler.log_command:Invoking command in '/home/argo/Downloads/robot_wss/src/twist_stamper-main': DEBUGINFOD_URLS=https://debuginfod.ubuntu.com PYTHONPATH=/home/argo/Downloads/robot_wss/build/twist_stamper/prefix_override:/usr/lib/python3/dist-packages/colcon_core/task/python/colcon_distutils_commands:/home/argo/Downloads/robot_wss/install/twist_stamper/lib/python3.12/site-packages:${PYTHONPATH} /usr/bin/python3 -W ignore:setup.py install is deprecated -W ignore:easy_install command is deprecated setup.py egg_info --egg-base ../../build/twist_stamper build --build-base /home/argo/Downloads/robot_wss/build/twist_stamper/build install --record /home/argo/Downloads/robot_wss/build/twist_stamper/install.log --single-version-externally-managed install_data
[1.970s] Level 1:colcon.colcon_core.environment:checking '/home/argo/Downloads/robot_wss/install/nav_pkg' for CMake module files
[1.971s] DEBUG:colcon.colcon_core.event_handler.log_command:Invoked command in '/home/argo/Downloads/robot_wss/src/nav_pkg' returned '0': DEBUGINFOD_URLS=https://debuginfod.ubuntu.com PYTHONPATH=/home/argo/Downloads/robot_wss/build/nav_pkg/prefix_override:/usr/lib/python3/dist-packages/colcon_core/task/python/colcon_distutils_commands:/home/argo/Downloads/robot_wss/install/nav_pkg/lib/python3.12/site-packages:${PYTHONPATH} /usr/bin/python3 -W ignore:setup.py install is deprecated -W ignore:easy_install command is deprecated setup.py egg_info --egg-base ../../build/nav_pkg build --build-base /home/argo/Downloads/robot_wss/build/nav_pkg/build install --record /home/argo/Downloads/robot_wss/build/nav_pkg/install.log --single-version-externally-managed install_data
[1.971s] Level 1:colcon.colcon_core.environment:checking '/home/argo/Downloads/robot_wss/install/nav_pkg' for CMake config files
[1.972s] Level 1:colcon.colcon_core.environment:checking '/home/argo/Downloads/robot_wss/install/nav_pkg/lib'
[1.972s] Level 1:colcon.colcon_core.environment:checking '/home/argo/Downloads/robot_wss/install/nav_pkg/bin'
[1.972s] Level 1:colcon.colcon_core.environment:checking '/home/argo/Downloads/robot_wss/install/nav_pkg/lib/pkgconfig/nav_pkg.pc'
[1.972s] Level 1:colcon.colcon_core.environment:checking '/home/argo/Downloads/robot_wss/install/nav_pkg/lib/python3.12/site-packages'
[1.972s] Level 1:colcon.colcon_core.shell:create_environment_hook('nav_pkg', 'pythonpath')
[1.972s] INFO:colcon.colcon_core.shell:Creating environment hook '/home/argo/Downloads/robot_wss/install/nav_pkg/share/nav_pkg/hook/pythonpath.ps1'
[1.973s] INFO:colcon.colcon_core.shell:Creating environment descriptor '/home/argo/Downloads/robot_wss/install/nav_pkg/share/nav_pkg/hook/pythonpath.dsv'
[1.973s] INFO:colcon.colcon_core.shell:Creating environment hook '/home/argo/Downloads/robot_wss/install/nav_pkg/share/nav_pkg/hook/pythonpath.sh'
[1.974s] Level 1:colcon.colcon_core.environment:checking '/home/argo/Downloads/robot_wss/install/nav_pkg/bin'
[1.974s] Level 1:colcon.colcon_core.environment:create_environment_scripts_only(nav_pkg)
[1.974s] INFO:colcon.colcon_core.shell:Creating package script '/home/argo/Downloads/robot_wss/install/nav_pkg/share/nav_pkg/package.ps1'
[1.975s] INFO:colcon.colcon_core.shell:Creating package descriptor '/home/argo/Downloads/robot_wss/install/nav_pkg/share/nav_pkg/package.dsv'
[1.975s] INFO:colcon.colcon_core.shell:Creating package script '/home/argo/Downloads/robot_wss/install/nav_pkg/share/nav_pkg/package.sh'
[1.976s] INFO:colcon.colcon_core.shell:Creating package script '/home/argo/Downloads/robot_wss/install/nav_pkg/share/nav_pkg/package.bash'
[1.976s] INFO:colcon.colcon_core.shell:Creating package script '/home/argo/Downloads/robot_wss/install/nav_pkg/share/nav_pkg/package.zsh'
[1.976s] Level 1:colcon.colcon_core.environment:create_file_with_runtime_dependencies(/home/argo/Downloads/robot_wss/install/nav_pkg/share/colcon-core/packages/nav_pkg)
[2.408s] Level 1:colcon.colcon_core.environment:checking '/home/argo/Downloads/robot_wss/install/slam_pkg' for CMake module files
[2.409s] DEBUG:colcon.colcon_core.event_handler.log_command:Invoked command in '/home/argo/Downloads/robot_wss/src/slam_pkg' returned '0': DEBUGINFOD_URLS=https://debuginfod.ubuntu.com PYTHONPATH=/home/argo/Downloads/robot_wss/build/slam_pkg/prefix_override:/usr/lib/python3/dist-packages/colcon_core/task/python/colcon_distutils_commands:/home/argo/Downloads/robot_wss/install/slam_pkg/lib/python3.12/site-packages:${PYTHONPATH} /usr/bin/python3 -W ignore:setup.py install is deprecated -W ignore:easy_install command is deprecated setup.py egg_info --egg-base ../../build/slam_pkg build --build-base /home/argo/Downloads/robot_wss/build/slam_pkg/build install --record /home/argo/Downloads/robot_wss/build/slam_pkg/install.log --single-version-externally-managed install_data
[2.409s] Level 1:colcon.colcon_core.environment:checking '/home/argo/Downloads/robot_wss/install/slam_pkg' for CMake config files
[2.410s] Level 1:colcon.colcon_core.environment:checking '/home/argo/Downloads/robot_wss/install/slam_pkg/lib'
[2.410s] Level 1:colcon.colcon_core.environment:checking '/home/argo/Downloads/robot_wss/install/slam_pkg/bin'
[2.410s] Level 1:colcon.colcon_core.environment:checking '/home/argo/Downloads/robot_wss/install/slam_pkg/lib/pkgconfig/slam_pkg.pc'
[2.410s] Level 1:colcon.colcon_core.environment:checking '/home/argo/Downloads/robot_wss/install/slam_pkg/lib/python3.12/site-packages'
[2.410s] Level 1:colcon.colcon_core.shell:create_environment_hook('slam_pkg', 'pythonpath')
[2.410s] INFO:colcon.colcon_core.shell:Creating environment hook '/home/argo/Downloads/robot_wss/install/slam_pkg/share/slam_pkg/hook/pythonpath.ps1'
[2.411s] INFO:colcon.colcon_core.shell:Creating environment descriptor '/home/argo/Downloads/robot_wss/install/slam_pkg/share/slam_pkg/hook/pythonpath.dsv'
[2.411s] INFO:colcon.colcon_core.shell:Creating environment hook '/home/argo/Downloads/robot_wss/install/slam_pkg/share/slam_pkg/hook/pythonpath.sh'
[2.411s] Level 1:colcon.colcon_core.environment:checking '/home/argo/Downloads/robot_wss/install/slam_pkg/bin'
[2.412s] Level 1:colcon.colcon_core.environment:create_environment_scripts_only(slam_pkg)
[2.412s] INFO:colcon.colcon_core.shell:Creating package script '/home/argo/Downloads/robot_wss/install/slam_pkg/share/slam_pkg/package.ps1'
[2.412s] INFO:colcon.colcon_core.shell:Creating package descriptor '/home/argo/Downloads/robot_wss/install/slam_pkg/share/slam_pkg/package.dsv'
[2.413s] INFO:colcon.colcon_core.shell:Creating package script '/home/argo/Downloads/robot_wss/install/slam_pkg/share/slam_pkg/package.sh'
[2.413s] INFO:colcon.colcon_core.shell:Creating package script '/home/argo/Downloads/robot_wss/install/slam_pkg/share/slam_pkg/package.bash'
[2.413s] INFO:colcon.colcon_core.shell:Creating package script '/home/argo/Downloads/robot_wss/install/slam_pkg/share/slam_pkg/package.zsh'
[2.414s] Level 1:colcon.colcon_core.environment:create_file_with_runtime_dependencies(/home/argo/Downloads/robot_wss/install/slam_pkg/share/colcon-core/packages/slam_pkg)
[2.505s] Level 1:colcon.colcon_core.environment:checking '/home/argo/Downloads/robot_wss/install/twist_stamper' for CMake module files
[2.505s] DEBUG:colcon.colcon_core.event_handler.log_command:Invoked command in '/home/argo/Downloads/robot_wss/src/twist_stamper-main' returned '0': DEBUGINFOD_URLS=https://debuginfod.ubuntu.com PYTHONPATH=/home/argo/Downloads/robot_wss/build/twist_stamper/prefix_override:/usr/lib/python3/dist-packages/colcon_core/task/python/colcon_distutils_commands:/home/argo/Downloads/robot_wss/install/twist_stamper/lib/python3.12/site-packages:${PYTHONPATH} /usr/bin/python3 -W ignore:setup.py install is deprecated -W ignore:easy_install command is deprecated setup.py egg_info --egg-base ../../build/twist_stamper build --build-base /home/argo/Downloads/robot_wss/build/twist_stamper/build install --record /home/argo/Downloads/robot_wss/build/twist_stamper/install.log --single-version-externally-managed install_data
[2.506s] Level 1:colcon.colcon_core.environment:checking '/home/argo/Downloads/robot_wss/install/twist_stamper' for CMake config files
[2.506s] Level 1:colcon.colcon_core.environment:checking '/home/argo/Downloads/robot_wss/install/twist_stamper/lib'
[2.506s] Level 1:colcon.colcon_core.environment:checking '/home/argo/Downloads/robot_wss/install/twist_stamper/bin'
[2.506s] Level 1:colcon.colcon_core.environment:checking '/home/argo/Downloads/robot_wss/install/twist_stamper/lib/pkgconfig/twist_stamper.pc'
[2.507s] Level 1:colcon.colcon_core.environment:checking '/home/argo/Downloads/robot_wss/install/twist_stamper/lib/python3.12/site-packages'
[2.507s] Level 1:colcon.colcon_core.shell:create_environment_hook('twist_stamper', 'pythonpath')
[2.507s] INFO:colcon.colcon_core.shell:Creating environment hook '/home/argo/Downloads/robot_wss/install/twist_stamper/share/twist_stamper/hook/pythonpath.ps1'
[2.507s] INFO:colcon.colcon_core.shell:Creating environment descriptor '/home/argo/Downloads/robot_wss/install/twist_stamper/share/twist_stamper/hook/pythonpath.dsv'
[2.508s] INFO:colcon.colcon_core.shell:Creating environment hook '/home/argo/Downloads/robot_wss/install/twist_stamper/share/twist_stamper/hook/pythonpath.sh'
[2.508s] Level 1:colcon.colcon_core.environment:checking '/home/argo/Downloads/robot_wss/install/twist_stamper/bin'
[2.508s] Level 1:colcon.colcon_core.environment:create_environment_scripts_only(twist_stamper)
[2.508s] INFO:colcon.colcon_core.shell:Creating package script '/home/argo/Downloads/robot_wss/install/twist_stamper/share/twist_stamper/package.ps1'
[2.509s] INFO:colcon.colcon_core.shell:Creating package descriptor '/home/argo/Downloads/robot_wss/install/twist_stamper/share/twist_stamper/package.dsv'
[2.509s] INFO:colcon.colcon_core.shell:Creating package script '/home/argo/Downloads/robot_wss/install/twist_stamper/share/twist_stamper/package.sh'
[2.510s] INFO:colcon.colcon_core.shell:Creating package script '/home/argo/Downloads/robot_wss/install/twist_stamper/share/twist_stamper/package.bash'
[2.510s] INFO:colcon.colcon_core.shell:Creating package script '/home/argo/Downloads/robot_wss/install/twist_stamper/share/twist_stamper/package.zsh'
[2.510s] Level 1:colcon.colcon_core.environment:create_file_with_runtime_dependencies(/home/argo/Downloads/robot_wss/install/twist_stamper/share/colcon-core/packages/twist_stamper)
[2.510s] DEBUG:colcon.colcon_parallel_executor.executor.parallel:closing loop
[2.510s] DEBUG:colcon.colcon_parallel_executor.executor.parallel:loop closed
[2.511s] DEBUG:colcon.colcon_parallel_executor.executor.parallel:run_until_complete finished with '0'
[2.511s] DEBUG:colcon.colcon_core.event_reactor:joining thread
[2.518s] INFO:colcon.colcon_core.plugin_system:Skipping extension 'colcon_notification.desktop_notification.terminal_notifier': Not used on non-Darwin systems
[2.518s] INFO:colcon.colcon_core.plugin_system:Skipping extension 'colcon_notification.desktop_notification.win32': Not used on non-Windows systems
[2.518s] INFO:colcon.colcon_notification.desktop_notification:Sending desktop notification using 'notify2'
[2.531s] DEBUG:colcon.colcon_core.event_reactor:joined thread
[2.532s] INFO:colcon.colcon_core.shell:Creating prefix script '/home/argo/Downloads/robot_wss/install/local_setup.ps1'
[2.532s] INFO:colcon.colcon_core.shell:Creating prefix util module '/home/argo/Downloads/robot_wss/install/_local_setup_util_ps1.py'
[2.534s] INFO:colcon.colcon_core.shell:Creating prefix chain script '/home/argo/Downloads/robot_wss/install/setup.ps1'
[2.535s] INFO:colcon.colcon_core.shell:Creating prefix script '/home/argo/Downloads/robot_wss/install/local_setup.sh'
[2.535s] INFO:colcon.colcon_core.shell:Creating prefix util module '/home/argo/Downloads/robot_wss/install/_local_setup_util_sh.py'
[2.536s] INFO:colcon.colcon_core.shell:Creating prefix chain script '/home/argo/Downloads/robot_wss/install/setup.sh'
[2.537s] INFO:colcon.colcon_core.shell:Creating prefix script '/home/argo/Downloads/robot_wss/install/local_setup.bash'
[2.537s] INFO:colcon.colcon_core.shell:Creating prefix chain script '/home/argo/Downloads/robot_wss/install/setup.bash'
[2.538s] INFO:colcon.colcon_core.shell:Creating prefix script '/home/argo/Downloads/robot_wss/install/local_setup.zsh'
[2.538s] INFO:colcon.colcon_core.shell:Creating prefix chain script '/home/argo/Downloads/robot_wss/install/setup.zsh'
